2023-05-17 10:18:06.805 [main] WARN  [DuplicateJsonObjectContextCustomizerFactory$DuplicateJsonObjectContextCustomizer:78] : 

Found multiple occurrences of org.json.JSONObject on the class path:

	jar:file:/C:/Users/염석천/.gradle/caches/modules-2/files-2.1/org.json/json/20220924/5aa95e7688f76c664af205c5937620f02688dfbc/json-20220924.jar!/org/json/JSONObject.class
	jar:file:/C:/Users/염석천/.gradle/caches/modules-2/files-2.1/com.vaadin.external.google/android-json/0.0.20131108.vaadin1/fa26d351fe62a6a17f5cda1287c1c6110dec413f/android-json-0.0.20131108.vaadin1.jar!/org/json/JSONObject.class

You may wish to exclude one of them to ensure predictable runtime behavior
 
2023-05-17 10:18:11.853 [main] WARN  [deprecation:626] : HHH90000021: Encountered deprecated setting [javax.persistence.sharedCache.mode], use [jakarta.persistence.sharedCache.mode] instead 
2023-05-17 10:18:14.630 [main] WARN  [LocalVariableTableParameterNameDiscoverer:123] : Using deprecated '-debug' fallback for parameter name resolution. Compile the affected code with '-parameters' instead or avoid its introspection: com.garamgaebi.GaramgaebiServer.domain.ice_breaking.repository.ProgramGameroomRepository 
2023-05-17 10:18:15.129 [main] WARN  [LocalVariableTableParameterNameDiscoverer:123] : Using deprecated '-debug' fallback for parameter name resolution. Compile the affected code with '-parameters' instead or avoid its introspection: com.garamgaebi.GaramgaebiServer.domain.ice_breaking.repository.GameRoomMemberRepository 
2023-05-17 10:18:15.192 [main] WARN  [LocalVariableTableParameterNameDiscoverer:123] : Using deprecated '-debug' fallback for parameter name resolution. Compile the affected code with '-parameters' instead or avoid its introspection: com.garamgaebi.GaramgaebiServer.domain.member.repository.MemberRepository 
2023-05-17 10:18:16.401 [main] WARN  [LocalVariableTableParameterNameDiscoverer:123] : Using deprecated '-debug' fallback for parameter name resolution. Compile the affected code with '-parameters' instead or avoid its introspection: com.garamgaebi.GaramgaebiServer.domain.apply.repository.ApplyRepository 
2023-05-17 10:18:16.567 [main] WARN  [LocalVariableTableParameterNameDiscoverer:123] : Using deprecated '-debug' fallback for parameter name resolution. Compile the affected code with '-parameters' instead or avoid its introspection: com.garamgaebi.GaramgaebiServer.domain.program.repository.ProgramRepository 
2023-05-17 10:18:17.353 [main] WARN  [LocalVariableTableParameterNameDiscoverer:123] : Using deprecated '-debug' fallback for parameter name resolution. Compile the affected code with '-parameters' instead or avoid its introspection: com.garamgaebi.GaramgaebiServer.domain.member.repository.MemberRolesRepository 
2023-05-17 10:18:17.431 [main] WARN  [LocalVariableTableParameterNameDiscoverer:123] : Using deprecated '-debug' fallback for parameter name resolution. Compile the affected code with '-parameters' instead or avoid its introspection: com.garamgaebi.GaramgaebiServer.domain.notification.repository.MemberNotificationRepository 
2023-05-17 10:18:17.476 [main] WARN  [LocalVariableTableParameterNameDiscoverer:123] : Using deprecated '-debug' fallback for parameter name resolution. Compile the affected code with '-parameters' instead or avoid its introspection: com.garamgaebi.GaramgaebiServer.domain.notification.repository.NotificationRepository 
2023-05-17 10:18:17.780 [main] WARN  [LocalVariableTableParameterNameDiscoverer:123] : Using deprecated '-debug' fallback for parameter name resolution. Compile the affected code with '-parameters' instead or avoid its introspection: com.garamgaebi.GaramgaebiServer.global.security.SecurityConfig 
2023-05-17 10:18:18.020 [main] WARN  [LocalVariableTableParameterNameDiscoverer:123] : Using deprecated '-debug' fallback for parameter name resolution. Compile the affected code with '-parameters' instead or avoid its introspection: com.garamgaebi.GaramgaebiServer.domain.ice_breaking.repository.GameRepository 
2023-05-17 10:18:18.408 [main] WARN  [JpaBaseConfiguration$JpaWebConfiguration:227] : spring.jpa.open-in-view is enabled by default. Therefore, database queries may be performed during view rendering. Explicitly configure spring.jpa.open-in-view to disable this warning 
2023-05-17 10:18:21.264 [main] WARN  [ThymeleafAutoConfiguration$DefaultTemplateResolverConfiguration:101] : Cannot find template location: classpath:/templates/ (please add some templates, check your Thymeleaf configuration, or set spring.thymeleaf.check-template-location=false) 
2023-05-17 10:18:22.791 [SpringApplicationShutdownHook] WARN  [SqlExceptionHelper:133] : SQL Error: 90121, SQLState: 90121 
2023-05-17 10:18:22.795 [SpringApplicationShutdownHook] WARN  [SqlExceptionHelper:133] : SQL Error: 90121, SQLState: 90121 
2023-05-17 10:18:22.797 [SpringApplicationShutdownHook] WARN  [DisposableBeanAdapter:208] : Invocation of destroy method failed on bean with name 'entityManagerFactory': org.hibernate.exception.JDBCConnectionException: Unable to release JDBC Connection used for DDL execution 
2023-05-17 10:19:14.470 [main] WARN  [DuplicateJsonObjectContextCustomizerFactory$DuplicateJsonObjectContextCustomizer:78] : 

Found multiple occurrences of org.json.JSONObject on the class path:

	jar:file:/C:/Users/염석천/.gradle/caches/modules-2/files-2.1/org.json/json/20220924/5aa95e7688f76c664af205c5937620f02688dfbc/json-20220924.jar!/org/json/JSONObject.class
	jar:file:/C:/Users/염석천/.gradle/caches/modules-2/files-2.1/com.vaadin.external.google/android-json/0.0.20131108.vaadin1/fa26d351fe62a6a17f5cda1287c1c6110dec413f/android-json-0.0.20131108.vaadin1.jar!/org/json/JSONObject.class

You may wish to exclude one of them to ensure predictable runtime behavior
 
2023-05-17 10:19:18.831 [main] WARN  [deprecation:626] : HHH90000021: Encountered deprecated setting [javax.persistence.sharedCache.mode], use [jakarta.persistence.sharedCache.mode] instead 
2023-05-17 10:19:21.428 [main] WARN  [LocalVariableTableParameterNameDiscoverer:123] : Using deprecated '-debug' fallback for parameter name resolution. Compile the affected code with '-parameters' instead or avoid its introspection: com.garamgaebi.GaramgaebiServer.domain.ice_breaking.repository.ProgramGameroomRepository 
2023-05-17 10:19:21.858 [main] WARN  [LocalVariableTableParameterNameDiscoverer:123] : Using deprecated '-debug' fallback for parameter name resolution. Compile the affected code with '-parameters' instead or avoid its introspection: com.garamgaebi.GaramgaebiServer.domain.ice_breaking.repository.GameRoomMemberRepository 
2023-05-17 10:19:21.895 [main] WARN  [LocalVariableTableParameterNameDiscoverer:123] : Using deprecated '-debug' fallback for parameter name resolution. Compile the affected code with '-parameters' instead or avoid its introspection: com.garamgaebi.GaramgaebiServer.domain.member.repository.MemberRepository 
2023-05-17 10:19:22.735 [main] WARN  [LocalVariableTableParameterNameDiscoverer:123] : Using deprecated '-debug' fallback for parameter name resolution. Compile the affected code with '-parameters' instead or avoid its introspection: com.garamgaebi.GaramgaebiServer.domain.apply.repository.ApplyRepository 
2023-05-17 10:19:22.887 [main] WARN  [LocalVariableTableParameterNameDiscoverer:123] : Using deprecated '-debug' fallback for parameter name resolution. Compile the affected code with '-parameters' instead or avoid its introspection: com.garamgaebi.GaramgaebiServer.domain.program.repository.ProgramRepository 
2023-05-17 10:19:23.631 [main] WARN  [LocalVariableTableParameterNameDiscoverer:123] : Using deprecated '-debug' fallback for parameter name resolution. Compile the affected code with '-parameters' instead or avoid its introspection: com.garamgaebi.GaramgaebiServer.domain.member.repository.MemberRolesRepository 
2023-05-17 10:19:23.705 [main] WARN  [LocalVariableTableParameterNameDiscoverer:123] : Using deprecated '-debug' fallback for parameter name resolution. Compile the affected code with '-parameters' instead or avoid its introspection: com.garamgaebi.GaramgaebiServer.domain.notification.repository.MemberNotificationRepository 
2023-05-17 10:19:23.734 [main] WARN  [LocalVariableTableParameterNameDiscoverer:123] : Using deprecated '-debug' fallback for parameter name resolution. Compile the affected code with '-parameters' instead or avoid its introspection: com.garamgaebi.GaramgaebiServer.domain.notification.repository.NotificationRepository 
2023-05-17 10:19:24.020 [main] WARN  [LocalVariableTableParameterNameDiscoverer:123] : Using deprecated '-debug' fallback for parameter name resolution. Compile the affected code with '-parameters' instead or avoid its introspection: com.garamgaebi.GaramgaebiServer.global.security.SecurityConfig 
2023-05-17 10:19:24.230 [main] WARN  [LocalVariableTableParameterNameDiscoverer:123] : Using deprecated '-debug' fallback for parameter name resolution. Compile the affected code with '-parameters' instead or avoid its introspection: com.garamgaebi.GaramgaebiServer.domain.ice_breaking.repository.GameRepository 
2023-05-17 10:19:24.587 [main] WARN  [JpaBaseConfiguration$JpaWebConfiguration:227] : spring.jpa.open-in-view is enabled by default. Therefore, database queries may be performed during view rendering. Explicitly configure spring.jpa.open-in-view to disable this warning 
2023-05-17 10:19:27.620 [main] WARN  [ThymeleafAutoConfiguration$DefaultTemplateResolverConfiguration:101] : Cannot find template location: classpath:/templates/ (please add some templates, check your Thymeleaf configuration, or set spring.thymeleaf.check-template-location=false) 
2023-05-17 10:19:28.849 [SpringApplicationShutdownHook] WARN  [SqlExceptionHelper:133] : SQL Error: 90121, SQLState: 90121 
2023-05-17 10:19:28.851 [SpringApplicationShutdownHook] WARN  [SqlExceptionHelper:133] : SQL Error: 90121, SQLState: 90121 
2023-05-17 10:19:28.852 [SpringApplicationShutdownHook] WARN  [DisposableBeanAdapter:208] : Invocation of destroy method failed on bean with name 'entityManagerFactory': org.hibernate.exception.JDBCConnectionException: Unable to release JDBC Connection used for DDL execution 
2023-05-17 10:21:19.304 [main] WARN  [DuplicateJsonObjectContextCustomizerFactory$DuplicateJsonObjectContextCustomizer:78] : 

Found multiple occurrences of org.json.JSONObject on the class path:

	jar:file:/C:/Users/염석천/.gradle/caches/modules-2/files-2.1/org.json/json/20220924/5aa95e7688f76c664af205c5937620f02688dfbc/json-20220924.jar!/org/json/JSONObject.class
	jar:file:/C:/Users/염석천/.gradle/caches/modules-2/files-2.1/com.vaadin.external.google/android-json/0.0.20131108.vaadin1/fa26d351fe62a6a17f5cda1287c1c6110dec413f/android-json-0.0.20131108.vaadin1.jar!/org/json/JSONObject.class

You may wish to exclude one of them to ensure predictable runtime behavior
 
2023-05-17 10:21:23.764 [main] WARN  [deprecation:626] : HHH90000021: Encountered deprecated setting [javax.persistence.sharedCache.mode], use [jakarta.persistence.sharedCache.mode] instead 
2023-05-17 10:21:26.220 [main] WARN  [LocalVariableTableParameterNameDiscoverer:123] : Using deprecated '-debug' fallback for parameter name resolution. Compile the affected code with '-parameters' instead or avoid its introspection: com.garamgaebi.GaramgaebiServer.domain.ice_breaking.repository.ProgramGameroomRepository 
2023-05-17 10:21:26.632 [main] WARN  [LocalVariableTableParameterNameDiscoverer:123] : Using deprecated '-debug' fallback for parameter name resolution. Compile the affected code with '-parameters' instead or avoid its introspection: com.garamgaebi.GaramgaebiServer.domain.ice_breaking.repository.GameRoomMemberRepository 
2023-05-17 10:21:26.671 [main] WARN  [LocalVariableTableParameterNameDiscoverer:123] : Using deprecated '-debug' fallback for parameter name resolution. Compile the affected code with '-parameters' instead or avoid its introspection: com.garamgaebi.GaramgaebiServer.domain.member.repository.MemberRepository 
2023-05-17 10:21:27.867 [main] WARN  [LocalVariableTableParameterNameDiscoverer:123] : Using deprecated '-debug' fallback for parameter name resolution. Compile the affected code with '-parameters' instead or avoid its introspection: com.garamgaebi.GaramgaebiServer.domain.apply.repository.ApplyRepository 
2023-05-17 10:21:28.097 [main] WARN  [LocalVariableTableParameterNameDiscoverer:123] : Using deprecated '-debug' fallback for parameter name resolution. Compile the affected code with '-parameters' instead or avoid its introspection: com.garamgaebi.GaramgaebiServer.domain.program.repository.ProgramRepository 
2023-05-17 10:21:28.843 [main] WARN  [LocalVariableTableParameterNameDiscoverer:123] : Using deprecated '-debug' fallback for parameter name resolution. Compile the affected code with '-parameters' instead or avoid its introspection: com.garamgaebi.GaramgaebiServer.domain.member.repository.MemberRolesRepository 
2023-05-17 10:21:28.924 [main] WARN  [LocalVariableTableParameterNameDiscoverer:123] : Using deprecated '-debug' fallback for parameter name resolution. Compile the affected code with '-parameters' instead or avoid its introspection: com.garamgaebi.GaramgaebiServer.domain.notification.repository.MemberNotificationRepository 
2023-05-17 10:21:28.956 [main] WARN  [LocalVariableTableParameterNameDiscoverer:123] : Using deprecated '-debug' fallback for parameter name resolution. Compile the affected code with '-parameters' instead or avoid its introspection: com.garamgaebi.GaramgaebiServer.domain.notification.repository.NotificationRepository 
2023-05-17 10:21:29.215 [main] WARN  [LocalVariableTableParameterNameDiscoverer:123] : Using deprecated '-debug' fallback for parameter name resolution. Compile the affected code with '-parameters' instead or avoid its introspection: com.garamgaebi.GaramgaebiServer.global.security.SecurityConfig 
2023-05-17 10:21:29.433 [main] WARN  [LocalVariableTableParameterNameDiscoverer:123] : Using deprecated '-debug' fallback for parameter name resolution. Compile the affected code with '-parameters' instead or avoid its introspection: com.garamgaebi.GaramgaebiServer.domain.ice_breaking.repository.GameRepository 
2023-05-17 10:21:29.784 [main] WARN  [JpaBaseConfiguration$JpaWebConfiguration:227] : spring.jpa.open-in-view is enabled by default. Therefore, database queries may be performed during view rendering. Explicitly configure spring.jpa.open-in-view to disable this warning 
2023-05-17 10:21:32.779 [main] WARN  [ThymeleafAutoConfiguration$DefaultTemplateResolverConfiguration:101] : Cannot find template location: classpath:/templates/ (please add some templates, check your Thymeleaf configuration, or set spring.thymeleaf.check-template-location=false) 
2023-05-17 10:21:33.962 [SpringApplicationShutdownHook] WARN  [SqlExceptionHelper:133] : SQL Error: 90121, SQLState: 90121 
2023-05-17 10:21:33.964 [SpringApplicationShutdownHook] WARN  [SqlExceptionHelper:133] : SQL Error: 90121, SQLState: 90121 
2023-05-17 10:21:33.965 [SpringApplicationShutdownHook] WARN  [DisposableBeanAdapter:208] : Invocation of destroy method failed on bean with name 'entityManagerFactory': org.hibernate.exception.JDBCConnectionException: Unable to release JDBC Connection used for DDL execution 
