2023-05-17 10:18:06.840 [main] INFO  [NetworkingServiceTest:51] : Starting NetworkingServiceTest using Java 17.0.2 with PID 21716 (started by 염석천 in C:\Users\염석천\Server) 
2023-05-17 10:18:06.844 [main] INFO  [NetworkingServiceTest:636] : The following 2 profiles are active: "test", "garamgaebi" 
2023-05-17 10:18:08.477 [main] INFO  [RepositoryConfigurationDelegate:294] : Multiple Spring Data modules found, entering strict repository configuration mode 
2023-05-17 10:18:08.478 [main] INFO  [RepositoryConfigurationDelegate:138] : Bootstrapping Spring Data JPA repositories in DEFAULT mode. 
2023-05-17 10:18:08.844 [main] INFO  [RepositoryConfigurationDelegate:208] : Finished Spring Data repository scanning in 352 ms. Found 13 JPA repository interfaces. 
2023-05-17 10:18:08.853 [main] INFO  [RepositoryConfigurationDelegate:294] : Multiple Spring Data modules found, entering strict repository configuration mode 
2023-05-17 10:18:08.854 [main] INFO  [RepositoryConfigurationDelegate:138] : Bootstrapping Spring Data Redis repositories in DEFAULT mode. 
2023-05-17 10:18:08.881 [main] INFO  [RepositoryConfigurationDelegate:208] : Finished Spring Data repository scanning in 1 ms. Found 0 Redis repository interfaces. 
2023-05-17 10:18:09.383 [main] INFO  [RepositoryConfigurationDelegate:294] : Multiple Spring Data modules found, entering strict repository configuration mode 
2023-05-17 10:18:09.384 [main] INFO  [RepositoryConfigurationDelegate:138] : Bootstrapping Spring Data Redis repositories in DEFAULT mode. 
2023-05-17 10:18:09.420 [main] INFO  [RepositoryConfigurationExtensionSupport:320] : Spring Data Redis - Could not safely identify store assignment for repository candidate interface com.garamgaebi.GaramgaebiServer.domain.admin.program.repository.AdminPresentationRepository; If you want this repository to be a Redis repository, consider annotating your entities with one of these annotations: org.springframework.data.redis.core.RedisHash (preferred), or consider extending one of the following types with your repository: org.springframework.data.keyvalue.repository.KeyValueRepository 
2023-05-17 10:18:09.421 [main] INFO  [RepositoryConfigurationExtensionSupport:320] : Spring Data Redis - Could not safely identify store assignment for repository candidate interface com.garamgaebi.GaramgaebiServer.domain.admin.program.repository.AdminProgramRepository; If you want this repository to be a Redis repository, consider annotating your entities with one of these annotations: org.springframework.data.redis.core.RedisHash (preferred), or consider extending one of the following types with your repository: org.springframework.data.keyvalue.repository.KeyValueRepository 
2023-05-17 10:18:09.423 [main] INFO  [RepositoryConfigurationExtensionSupport:320] : Spring Data Redis - Could not safely identify store assignment for repository candidate interface com.garamgaebi.GaramgaebiServer.domain.apply.repository.ApplyRepository; If you want this repository to be a Redis repository, consider annotating your entities with one of these annotations: org.springframework.data.redis.core.RedisHash (preferred), or consider extending one of the following types with your repository: org.springframework.data.keyvalue.repository.KeyValueRepository 
2023-05-17 10:18:09.424 [main] INFO  [RepositoryConfigurationExtensionSupport:320] : Spring Data Redis - Could not safely identify store assignment for repository candidate interface com.garamgaebi.GaramgaebiServer.domain.ice_breaking.repository.GameRepository; If you want this repository to be a Redis repository, consider annotating your entities with one of these annotations: org.springframework.data.redis.core.RedisHash (preferred), or consider extending one of the following types with your repository: org.springframework.data.keyvalue.repository.KeyValueRepository 
2023-05-17 10:18:09.424 [main] INFO  [RepositoryConfigurationExtensionSupport:320] : Spring Data Redis - Could not safely identify store assignment for repository candidate interface com.garamgaebi.GaramgaebiServer.domain.ice_breaking.repository.GameRoomMemberRepository; If you want this repository to be a Redis repository, consider annotating your entities with one of these annotations: org.springframework.data.redis.core.RedisHash (preferred), or consider extending one of the following types with your repository: org.springframework.data.keyvalue.repository.KeyValueRepository 
2023-05-17 10:18:09.424 [main] INFO  [RepositoryConfigurationExtensionSupport:320] : Spring Data Redis - Could not safely identify store assignment for repository candidate interface com.garamgaebi.GaramgaebiServer.domain.ice_breaking.repository.IceBreakingImagesRepository; If you want this repository to be a Redis repository, consider annotating your entities with one of these annotations: org.springframework.data.redis.core.RedisHash (preferred), or consider extending one of the following types with your repository: org.springframework.data.keyvalue.repository.KeyValueRepository 
2023-05-17 10:18:09.425 [main] INFO  [RepositoryConfigurationExtensionSupport:320] : Spring Data Redis - Could not safely identify store assignment for repository candidate interface com.garamgaebi.GaramgaebiServer.domain.ice_breaking.repository.ProgramGameroomRepository; If you want this repository to be a Redis repository, consider annotating your entities with one of these annotations: org.springframework.data.redis.core.RedisHash (preferred), or consider extending one of the following types with your repository: org.springframework.data.keyvalue.repository.KeyValueRepository 
2023-05-17 10:18:09.426 [main] INFO  [RepositoryConfigurationExtensionSupport:320] : Spring Data Redis - Could not safely identify store assignment for repository candidate interface com.garamgaebi.GaramgaebiServer.domain.member.repository.MemberQuitRepository; If you want this repository to be a Redis repository, consider annotating your entities with one of these annotations: org.springframework.data.redis.core.RedisHash (preferred), or consider extending one of the following types with your repository: org.springframework.data.keyvalue.repository.KeyValueRepository 
2023-05-17 10:18:09.427 [main] INFO  [RepositoryConfigurationExtensionSupport:320] : Spring Data Redis - Could not safely identify store assignment for repository candidate interface com.garamgaebi.GaramgaebiServer.domain.member.repository.MemberRepository; If you want this repository to be a Redis repository, consider annotating your entities with one of these annotations: org.springframework.data.redis.core.RedisHash (preferred), or consider extending one of the following types with your repository: org.springframework.data.keyvalue.repository.KeyValueRepository 
2023-05-17 10:18:09.429 [main] INFO  [RepositoryConfigurationExtensionSupport:320] : Spring Data Redis - Could not safely identify store assignment for repository candidate interface com.garamgaebi.GaramgaebiServer.domain.member.repository.MemberRolesRepository; If you want this repository to be a Redis repository, consider annotating your entities with one of these annotations: org.springframework.data.redis.core.RedisHash (preferred), or consider extending one of the following types with your repository: org.springframework.data.keyvalue.repository.KeyValueRepository 
2023-05-17 10:18:09.429 [main] INFO  [RepositoryConfigurationExtensionSupport:320] : Spring Data Redis - Could not safely identify store assignment for repository candidate interface com.garamgaebi.GaramgaebiServer.domain.notification.repository.MemberNotificationRepository; If you want this repository to be a Redis repository, consider annotating your entities with one of these annotations: org.springframework.data.redis.core.RedisHash (preferred), or consider extending one of the following types with your repository: org.springframework.data.keyvalue.repository.KeyValueRepository 
2023-05-17 10:18:09.430 [main] INFO  [RepositoryConfigurationExtensionSupport:320] : Spring Data Redis - Could not safely identify store assignment for repository candidate interface com.garamgaebi.GaramgaebiServer.domain.notification.repository.NotificationRepository; If you want this repository to be a Redis repository, consider annotating your entities with one of these annotations: org.springframework.data.redis.core.RedisHash (preferred), or consider extending one of the following types with your repository: org.springframework.data.keyvalue.repository.KeyValueRepository 
2023-05-17 10:18:09.430 [main] INFO  [RepositoryConfigurationExtensionSupport:320] : Spring Data Redis - Could not safely identify store assignment for repository candidate interface com.garamgaebi.GaramgaebiServer.domain.program.repository.ProgramRepository; If you want this repository to be a Redis repository, consider annotating your entities with one of these annotations: org.springframework.data.redis.core.RedisHash (preferred), or consider extending one of the following types with your repository: org.springframework.data.keyvalue.repository.KeyValueRepository 
2023-05-17 10:18:09.430 [main] INFO  [RepositoryConfigurationDelegate:208] : Finished Spring Data repository scanning in 45 ms. Found 0 Redis repository interfaces. 
2023-05-17 10:18:09.999 [main] INFO  [EnableEncryptablePropertiesBeanFactoryPostProcessor:44] : Post-processing PropertySource instances 
2023-05-17 10:18:10.001 [main] INFO  [EncryptablePropertySourceConverter:105] : Skipping PropertySource configurationProperties [class org.springframework.boot.context.properties.source.ConfigurationPropertySourcesPropertySource 
2023-05-17 10:18:10.011 [main] INFO  [EncryptablePropertySourceConverter:110] : Converting PropertySource test [org.springframework.core.env.MapPropertySource] to EncryptableMapPropertySourceWrapper 
2023-05-17 10:18:10.011 [main] INFO  [EncryptablePropertySourceConverter:110] : Converting PropertySource Inlined Test Properties [org.springframework.core.env.MapPropertySource] to EncryptableMapPropertySourceWrapper 
2023-05-17 10:18:10.012 [main] INFO  [EncryptablePropertySourceConverter:110] : Converting PropertySource active-test-profiles [org.springframework.core.env.MapPropertySource] to EncryptableMapPropertySourceWrapper 
2023-05-17 10:18:10.013 [main] INFO  [EncryptablePropertySourceConverter:105] : Skipping PropertySource servletConfigInitParams [class org.springframework.core.env.PropertySource$StubPropertySource 
2023-05-17 10:18:10.013 [main] INFO  [EncryptablePropertySourceConverter:110] : Converting PropertySource servletContextInitParams [org.springframework.web.context.support.ServletContextPropertySource] to EncryptableEnumerablePropertySourceWrapper 
2023-05-17 10:18:10.014 [main] INFO  [EncryptablePropertySourceConverter:110] : Converting PropertySource systemProperties [org.springframework.core.env.PropertiesPropertySource] to EncryptableMapPropertySourceWrapper 
2023-05-17 10:18:10.014 [main] INFO  [EncryptablePropertySourceConverter:110] : Converting PropertySource systemEnvironment [org.springframework.boot.env.SystemEnvironmentPropertySourceEnvironmentPostProcessor$OriginAwareSystemEnvironmentPropertySource] to EncryptableSystemEnvironmentPropertySourceWrapper 
2023-05-17 10:18:10.015 [main] INFO  [EncryptablePropertySourceConverter:110] : Converting PropertySource random [org.springframework.boot.env.RandomValuePropertySource] to EncryptablePropertySourceWrapper 
2023-05-17 10:18:10.016 [main] INFO  [EncryptablePropertySourceConverter:110] : Converting PropertySource Config resource 'class path resource [application-garamgaebi.properties]' via location 'optional:classpath:/' [org.springframework.boot.env.OriginTrackedMapPropertySource] to EncryptableMapPropertySourceWrapper 
2023-05-17 10:18:10.016 [main] INFO  [EncryptablePropertySourceConverter:110] : Converting PropertySource Config resource 'class path resource [application-test.properties]' via location 'optional:classpath:/' [org.springframework.boot.env.OriginTrackedMapPropertySource] to EncryptableMapPropertySourceWrapper 
2023-05-17 10:18:10.016 [main] INFO  [EncryptablePropertySourceConverter:110] : Converting PropertySource Config resource 'class path resource [application.properties]' via location 'optional:classpath:/' [org.springframework.boot.env.OriginTrackedMapPropertySource] to EncryptableMapPropertySourceWrapper 
2023-05-17 10:18:10.016 [main] INFO  [EncryptablePropertySourceConverter:110] : Converting PropertySource class path resource [application.properties] [org.springframework.core.env.CompositePropertySource] to EncryptableEnumerablePropertySourceWrapper 
2023-05-17 10:18:10.027 [main] INFO  [EncryptablePropertySourceBeanFactoryPostProcessor:83] : Loading Encryptable Property Source 'EncryptedProperties' 
2023-05-17 10:18:10.031 [main] INFO  [EncryptablePropertySourceBeanFactoryPostProcessor:86] : Created Encryptable Property Source 'EncryptedProperties' from locations: [classpath:application.properties] 
2023-05-17 10:18:10.617 [main] INFO  [DefaultLazyPropertyFilter:45] : Property Filter custom Bean not found with name 'encryptablePropertyFilter'. Initializing Default Property Filter 
2023-05-17 10:18:10.634 [main] INFO  [DefaultLazyPropertyResolver:46] : Property Resolver custom Bean not found with name 'encryptablePropertyResolver'. Initializing Default Property Resolver 
2023-05-17 10:18:10.639 [main] INFO  [DefaultLazyPropertyDetector:44] : Property Detector custom Bean not found with name 'encryptablePropertyDetector'. Initializing Default Property Detector 
2023-05-17 10:18:10.899 [main] INFO  [HikariDataSource:110] : HikariPool-1 - Starting... 
2023-05-17 10:18:11.304 [main] INFO  [HikariPool:565] : HikariPool-1 - Added connection conn0: url=jdbc:h2:mem:testdb user=SA 
2023-05-17 10:18:11.309 [main] INFO  [HikariDataSource:123] : HikariPool-1 - Start completed. 
2023-05-17 10:18:11.379 [main] INFO  [LogHelper:31] : HHH000204: Processing PersistenceUnitInfo [name: default] 
2023-05-17 10:18:11.488 [main] INFO  [Version:44] : HHH000412: Hibernate ORM core version 6.1.6.Final 
2023-05-17 10:18:12.108 [main] INFO  [SQL dialect:66] : HHH000400: Using dialect: org.hibernate.dialect.H2Dialect 
2023-05-17 10:18:13.946 [main] INFO  [JtaPlatformInitiator:51] : HHH000490: Using JtaPlatform implementation: [org.hibernate.engine.transaction.jta.platform.internal.NoJtaPlatform] 
2023-05-17 10:18:13.964 [main] INFO  [LocalContainerEntityManagerFactoryBean:437] : Initialized JPA EntityManagerFactory for persistence unit 'default' 
2023-05-17 10:18:15.315 [main] INFO  [DefaultLazyEncryptor:41] : Found Custom Encryptor Bean org.jasypt.encryption.pbe.PooledPBEStringEncryptor@1ccfa4b8 with name: jasyptStringEncryptor 
2023-05-17 10:18:20.658 [main] INFO  [DefaultSecurityFilterChain:54] : Will secure any request with [org.springframework.security.web.session.DisableEncodeUrlFilter@51768401, org.springframework.security.web.context.request.async.WebAsyncManagerIntegrationFilter@52a7c9de, org.springframework.security.web.context.SecurityContextHolderFilter@63f562b8, org.springframework.security.web.header.HeaderWriterFilter@671275fe, org.springframework.security.web.authentication.logout.LogoutFilter@15971523, com.garamgaebi.GaramgaebiServer.global.security.JwtAuthenticationFilter@717616da, org.springframework.security.web.savedrequest.RequestCacheAwareFilter@6a6a701f, org.springframework.security.web.servletapi.SecurityContextHolderAwareRequestFilter@73dc387, org.springframework.security.web.authentication.AnonymousAuthenticationFilter@6f677c34, org.springframework.security.web.session.SessionManagementFilter@44cea6bb, org.springframework.security.web.access.ExceptionTranslationFilter@59ed8460, org.springframework.security.web.access.intercept.AuthorizationFilter@1f583c44] 
2023-05-17 10:18:21.613 [main] INFO  [H2ConsoleAutoConfiguration:88] : H2 console available at '/h2-console'. Database available at 'jdbc:h2:mem:testdb' 
2023-05-17 10:18:21.723 [main] INFO  [StdSchedulerFactory:1184] : Using default implementation for ThreadExecutor 
2023-05-17 10:18:21.751 [main] INFO  [SchedulerSignalerImpl:61] : Initialized Scheduler Signaller of type: class org.quartz.core.SchedulerSignalerImpl 
2023-05-17 10:18:21.754 [main] INFO  [QuartzScheduler:240] : Quartz Scheduler v.2.2.1 created. 
2023-05-17 10:18:21.758 [main] INFO  [RAMJobStore:155] : RAMJobStore initialized. 
2023-05-17 10:18:21.761 [main] INFO  [QuartzScheduler:305] : Scheduler meta-data: Quartz Scheduler (v2.2.1) 'quartzScheduler' with instanceId 'NON_CLUSTERED'
  Scheduler class: 'org.quartz.core.QuartzScheduler' - running locally.
  NOT STARTED.
  Currently in standby mode.
  Number of jobs executed: 0
  Using thread pool 'org.quartz.simpl.SimpleThreadPool' - with 10 threads.
  Using job-store 'org.quartz.simpl.RAMJobStore' - which does not support persistence. and is not clustered.
 
2023-05-17 10:18:21.761 [main] INFO  [StdSchedulerFactory:1339] : Quartz scheduler 'quartzScheduler' initialized from an externally provided properties instance. 
2023-05-17 10:18:21.762 [main] INFO  [StdSchedulerFactory:1343] : Quartz scheduler version: 2.2.1 
2023-05-17 10:18:21.763 [main] INFO  [QuartzScheduler:2311] : JobFactory set to: org.springframework.scheduling.quartz.SpringBeanJobFactory@108b47b4 
2023-05-17 10:18:21.878 [main] INFO  [SimpleBrokerMessageHandler:117] : Starting... 
2023-05-17 10:18:21.881 [main] INFO  [SimpleBrokerMessageHandler:117] : BrokerAvailabilityEvent[available=true, SimpleBrokerMessageHandler [org.springframework.messaging.simp.broker.DefaultSubscriptionRegistry@2966d68]] 
2023-05-17 10:18:21.890 [main] INFO  [SimpleBrokerMessageHandler:117] : Started. 
2023-05-17 10:18:21.892 [main] INFO  [SchedulerFactoryBean:729] : Starting Quartz Scheduler now 
2023-05-17 10:18:21.894 [main] INFO  [QuartzScheduler:575] : Scheduler quartzScheduler_$_NON_CLUSTERED started. 
2023-05-17 10:18:21.913 [main] INFO  [NetworkingServiceTest:57] : Started NetworkingServiceTest in 15.784 seconds (process running for 18.144) 
2023-05-17 10:18:22.638 [SpringApplicationShutdownHook] INFO  [SimpleBrokerMessageHandler:117] : Stopping... 
2023-05-17 10:18:22.638 [SpringApplicationShutdownHook] INFO  [SimpleBrokerMessageHandler:117] : BrokerAvailabilityEvent[available=false, SimpleBrokerMessageHandler [org.springframework.messaging.simp.broker.DefaultSubscriptionRegistry@2966d68]] 
2023-05-17 10:18:22.639 [SpringApplicationShutdownHook] INFO  [SimpleBrokerMessageHandler:117] : Stopped. 
2023-05-17 10:18:22.639 [SpringApplicationShutdownHook] INFO  [QuartzScheduler:613] : Scheduler quartzScheduler_$_NON_CLUSTERED paused. 
2023-05-17 10:18:22.640 [SpringApplicationShutdownHook] INFO  [SchedulerFactoryBean:847] : Shutting down Quartz Scheduler 
2023-05-17 10:18:22.641 [SpringApplicationShutdownHook] INFO  [QuartzScheduler:694] : Scheduler quartzScheduler_$_NON_CLUSTERED shutting down. 
2023-05-17 10:18:22.641 [SpringApplicationShutdownHook] INFO  [QuartzScheduler:613] : Scheduler quartzScheduler_$_NON_CLUSTERED paused. 
2023-05-17 10:18:22.641 [SpringApplicationShutdownHook] INFO  [QuartzScheduler:771] : Scheduler quartzScheduler_$_NON_CLUSTERED shutdown complete. 
2023-05-17 10:18:22.786 [SpringApplicationShutdownHook] INFO  [LocalContainerEntityManagerFactoryBean:650] : Closing JPA EntityManagerFactory for persistence unit 'default' 
2023-05-17 10:18:22.787 [SpringApplicationShutdownHook] INFO  [SchemaDropperImpl$DelayedDropActionImpl:585] : HHH000477: Starting delayed evictData of schema as part of SessionFactory shut-down' 
2023-05-17 10:18:22.798 [SpringApplicationShutdownHook] INFO  [HikariDataSource:350] : HikariPool-1 - Shutdown initiated... 
2023-05-17 10:18:22.800 [SpringApplicationShutdownHook] INFO  [HikariDataSource:352] : HikariPool-1 - Shutdown completed. 
2023-05-17 10:19:14.490 [main] INFO  [NetworkingServiceTest:51] : Starting NetworkingServiceTest using Java 17.0.2 with PID 13652 (started by 염석천 in C:\Users\염석천\Server) 
2023-05-17 10:19:14.492 [main] INFO  [NetworkingServiceTest:636] : The following 2 profiles are active: "test", "garamgaebi" 
2023-05-17 10:19:15.813 [main] INFO  [RepositoryConfigurationDelegate:294] : Multiple Spring Data modules found, entering strict repository configuration mode 
2023-05-17 10:19:15.814 [main] INFO  [RepositoryConfigurationDelegate:138] : Bootstrapping Spring Data JPA repositories in DEFAULT mode. 
2023-05-17 10:19:16.110 [main] INFO  [RepositoryConfigurationDelegate:208] : Finished Spring Data repository scanning in 284 ms. Found 13 JPA repository interfaces. 
2023-05-17 10:19:16.118 [main] INFO  [RepositoryConfigurationDelegate:294] : Multiple Spring Data modules found, entering strict repository configuration mode 
2023-05-17 10:19:16.118 [main] INFO  [RepositoryConfigurationDelegate:138] : Bootstrapping Spring Data Redis repositories in DEFAULT mode. 
2023-05-17 10:19:16.135 [main] INFO  [RepositoryConfigurationDelegate:208] : Finished Spring Data repository scanning in 2 ms. Found 0 Redis repository interfaces. 
2023-05-17 10:19:16.603 [main] INFO  [RepositoryConfigurationDelegate:294] : Multiple Spring Data modules found, entering strict repository configuration mode 
2023-05-17 10:19:16.604 [main] INFO  [RepositoryConfigurationDelegate:138] : Bootstrapping Spring Data Redis repositories in DEFAULT mode. 
2023-05-17 10:19:16.631 [main] INFO  [RepositoryConfigurationExtensionSupport:320] : Spring Data Redis - Could not safely identify store assignment for repository candidate interface com.garamgaebi.GaramgaebiServer.domain.admin.program.repository.AdminPresentationRepository; If you want this repository to be a Redis repository, consider annotating your entities with one of these annotations: org.springframework.data.redis.core.RedisHash (preferred), or consider extending one of the following types with your repository: org.springframework.data.keyvalue.repository.KeyValueRepository 
2023-05-17 10:19:16.632 [main] INFO  [RepositoryConfigurationExtensionSupport:320] : Spring Data Redis - Could not safely identify store assignment for repository candidate interface com.garamgaebi.GaramgaebiServer.domain.admin.program.repository.AdminProgramRepository; If you want this repository to be a Redis repository, consider annotating your entities with one of these annotations: org.springframework.data.redis.core.RedisHash (preferred), or consider extending one of the following types with your repository: org.springframework.data.keyvalue.repository.KeyValueRepository 
2023-05-17 10:19:16.633 [main] INFO  [RepositoryConfigurationExtensionSupport:320] : Spring Data Redis - Could not safely identify store assignment for repository candidate interface com.garamgaebi.GaramgaebiServer.domain.apply.repository.ApplyRepository; If you want this repository to be a Redis repository, consider annotating your entities with one of these annotations: org.springframework.data.redis.core.RedisHash (preferred), or consider extending one of the following types with your repository: org.springframework.data.keyvalue.repository.KeyValueRepository 
2023-05-17 10:19:16.634 [main] INFO  [RepositoryConfigurationExtensionSupport:320] : Spring Data Redis - Could not safely identify store assignment for repository candidate interface com.garamgaebi.GaramgaebiServer.domain.ice_breaking.repository.GameRepository; If you want this repository to be a Redis repository, consider annotating your entities with one of these annotations: org.springframework.data.redis.core.RedisHash (preferred), or consider extending one of the following types with your repository: org.springframework.data.keyvalue.repository.KeyValueRepository 
2023-05-17 10:19:16.635 [main] INFO  [RepositoryConfigurationExtensionSupport:320] : Spring Data Redis - Could not safely identify store assignment for repository candidate interface com.garamgaebi.GaramgaebiServer.domain.ice_breaking.repository.GameRoomMemberRepository; If you want this repository to be a Redis repository, consider annotating your entities with one of these annotations: org.springframework.data.redis.core.RedisHash (preferred), or consider extending one of the following types with your repository: org.springframework.data.keyvalue.repository.KeyValueRepository 
2023-05-17 10:19:16.636 [main] INFO  [RepositoryConfigurationExtensionSupport:320] : Spring Data Redis - Could not safely identify store assignment for repository candidate interface com.garamgaebi.GaramgaebiServer.domain.ice_breaking.repository.IceBreakingImagesRepository; If you want this repository to be a Redis repository, consider annotating your entities with one of these annotations: org.springframework.data.redis.core.RedisHash (preferred), or consider extending one of the following types with your repository: org.springframework.data.keyvalue.repository.KeyValueRepository 
2023-05-17 10:19:16.637 [main] INFO  [RepositoryConfigurationExtensionSupport:320] : Spring Data Redis - Could not safely identify store assignment for repository candidate interface com.garamgaebi.GaramgaebiServer.domain.ice_breaking.repository.ProgramGameroomRepository; If you want this repository to be a Redis repository, consider annotating your entities with one of these annotations: org.springframework.data.redis.core.RedisHash (preferred), or consider extending one of the following types with your repository: org.springframework.data.keyvalue.repository.KeyValueRepository 
2023-05-17 10:19:16.638 [main] INFO  [RepositoryConfigurationExtensionSupport:320] : Spring Data Redis - Could not safely identify store assignment for repository candidate interface com.garamgaebi.GaramgaebiServer.domain.member.repository.MemberQuitRepository; If you want this repository to be a Redis repository, consider annotating your entities with one of these annotations: org.springframework.data.redis.core.RedisHash (preferred), or consider extending one of the following types with your repository: org.springframework.data.keyvalue.repository.KeyValueRepository 
2023-05-17 10:19:16.640 [main] INFO  [RepositoryConfigurationExtensionSupport:320] : Spring Data Redis - Could not safely identify store assignment for repository candidate interface com.garamgaebi.GaramgaebiServer.domain.member.repository.MemberRepository; If you want this repository to be a Redis repository, consider annotating your entities with one of these annotations: org.springframework.data.redis.core.RedisHash (preferred), or consider extending one of the following types with your repository: org.springframework.data.keyvalue.repository.KeyValueRepository 
2023-05-17 10:19:16.641 [main] INFO  [RepositoryConfigurationExtensionSupport:320] : Spring Data Redis - Could not safely identify store assignment for repository candidate interface com.garamgaebi.GaramgaebiServer.domain.member.repository.MemberRolesRepository; If you want this repository to be a Redis repository, consider annotating your entities with one of these annotations: org.springframework.data.redis.core.RedisHash (preferred), or consider extending one of the following types with your repository: org.springframework.data.keyvalue.repository.KeyValueRepository 
2023-05-17 10:19:16.642 [main] INFO  [RepositoryConfigurationExtensionSupport:320] : Spring Data Redis - Could not safely identify store assignment for repository candidate interface com.garamgaebi.GaramgaebiServer.domain.notification.repository.MemberNotificationRepository; If you want this repository to be a Redis repository, consider annotating your entities with one of these annotations: org.springframework.data.redis.core.RedisHash (preferred), or consider extending one of the following types with your repository: org.springframework.data.keyvalue.repository.KeyValueRepository 
2023-05-17 10:19:16.642 [main] INFO  [RepositoryConfigurationExtensionSupport:320] : Spring Data Redis - Could not safely identify store assignment for repository candidate interface com.garamgaebi.GaramgaebiServer.domain.notification.repository.NotificationRepository; If you want this repository to be a Redis repository, consider annotating your entities with one of these annotations: org.springframework.data.redis.core.RedisHash (preferred), or consider extending one of the following types with your repository: org.springframework.data.keyvalue.repository.KeyValueRepository 
2023-05-17 10:19:16.643 [main] INFO  [RepositoryConfigurationExtensionSupport:320] : Spring Data Redis - Could not safely identify store assignment for repository candidate interface com.garamgaebi.GaramgaebiServer.domain.program.repository.ProgramRepository; If you want this repository to be a Redis repository, consider annotating your entities with one of these annotations: org.springframework.data.redis.core.RedisHash (preferred), or consider extending one of the following types with your repository: org.springframework.data.keyvalue.repository.KeyValueRepository 
2023-05-17 10:19:16.652 [main] INFO  [RepositoryConfigurationDelegate:208] : Finished Spring Data repository scanning in 47 ms. Found 0 Redis repository interfaces. 
2023-05-17 10:19:17.215 [main] INFO  [EnableEncryptablePropertiesBeanFactoryPostProcessor:44] : Post-processing PropertySource instances 
2023-05-17 10:19:17.217 [main] INFO  [EncryptablePropertySourceConverter:105] : Skipping PropertySource configurationProperties [class org.springframework.boot.context.properties.source.ConfigurationPropertySourcesPropertySource 
2023-05-17 10:19:17.221 [main] INFO  [EncryptablePropertySourceConverter:110] : Converting PropertySource test [org.springframework.core.env.MapPropertySource] to EncryptableMapPropertySourceWrapper 
2023-05-17 10:19:17.222 [main] INFO  [EncryptablePropertySourceConverter:110] : Converting PropertySource Inlined Test Properties [org.springframework.core.env.MapPropertySource] to EncryptableMapPropertySourceWrapper 
2023-05-17 10:19:17.222 [main] INFO  [EncryptablePropertySourceConverter:110] : Converting PropertySource active-test-profiles [org.springframework.core.env.MapPropertySource] to EncryptableMapPropertySourceWrapper 
2023-05-17 10:19:17.223 [main] INFO  [EncryptablePropertySourceConverter:105] : Skipping PropertySource servletConfigInitParams [class org.springframework.core.env.PropertySource$StubPropertySource 
2023-05-17 10:19:17.224 [main] INFO  [EncryptablePropertySourceConverter:110] : Converting PropertySource servletContextInitParams [org.springframework.web.context.support.ServletContextPropertySource] to EncryptableEnumerablePropertySourceWrapper 
2023-05-17 10:19:17.224 [main] INFO  [EncryptablePropertySourceConverter:110] : Converting PropertySource systemProperties [org.springframework.core.env.PropertiesPropertySource] to EncryptableMapPropertySourceWrapper 
2023-05-17 10:19:17.225 [main] INFO  [EncryptablePropertySourceConverter:110] : Converting PropertySource systemEnvironment [org.springframework.boot.env.SystemEnvironmentPropertySourceEnvironmentPostProcessor$OriginAwareSystemEnvironmentPropertySource] to EncryptableSystemEnvironmentPropertySourceWrapper 
2023-05-17 10:19:17.225 [main] INFO  [EncryptablePropertySourceConverter:110] : Converting PropertySource random [org.springframework.boot.env.RandomValuePropertySource] to EncryptablePropertySourceWrapper 
2023-05-17 10:19:17.225 [main] INFO  [EncryptablePropertySourceConverter:110] : Converting PropertySource Config resource 'class path resource [application-garamgaebi.properties]' via location 'optional:classpath:/' [org.springframework.boot.env.OriginTrackedMapPropertySource] to EncryptableMapPropertySourceWrapper 
2023-05-17 10:19:17.226 [main] INFO  [EncryptablePropertySourceConverter:110] : Converting PropertySource Config resource 'class path resource [application-test.properties]' via location 'optional:classpath:/' [org.springframework.boot.env.OriginTrackedMapPropertySource] to EncryptableMapPropertySourceWrapper 
2023-05-17 10:19:17.226 [main] INFO  [EncryptablePropertySourceConverter:110] : Converting PropertySource Config resource 'class path resource [application.properties]' via location 'optional:classpath:/' [org.springframework.boot.env.OriginTrackedMapPropertySource] to EncryptableMapPropertySourceWrapper 
2023-05-17 10:19:17.226 [main] INFO  [EncryptablePropertySourceConverter:110] : Converting PropertySource class path resource [application.properties] [org.springframework.core.env.CompositePropertySource] to EncryptableEnumerablePropertySourceWrapper 
2023-05-17 10:19:17.237 [main] INFO  [EncryptablePropertySourceBeanFactoryPostProcessor:83] : Loading Encryptable Property Source 'EncryptedProperties' 
2023-05-17 10:19:17.250 [main] INFO  [EncryptablePropertySourceBeanFactoryPostProcessor:86] : Created Encryptable Property Source 'EncryptedProperties' from locations: [classpath:application.properties] 
2023-05-17 10:19:17.738 [main] INFO  [DefaultLazyPropertyFilter:45] : Property Filter custom Bean not found with name 'encryptablePropertyFilter'. Initializing Default Property Filter 
2023-05-17 10:19:17.753 [main] INFO  [DefaultLazyPropertyResolver:46] : Property Resolver custom Bean not found with name 'encryptablePropertyResolver'. Initializing Default Property Resolver 
2023-05-17 10:19:17.757 [main] INFO  [DefaultLazyPropertyDetector:44] : Property Detector custom Bean not found with name 'encryptablePropertyDetector'. Initializing Default Property Detector 
2023-05-17 10:19:17.998 [main] INFO  [HikariDataSource:110] : HikariPool-1 - Starting... 
2023-05-17 10:19:18.339 [main] INFO  [HikariPool:565] : HikariPool-1 - Added connection conn0: url=jdbc:h2:mem:testdb user=SA 
2023-05-17 10:19:18.343 [main] INFO  [HikariDataSource:123] : HikariPool-1 - Start completed. 
2023-05-17 10:19:18.409 [main] INFO  [LogHelper:31] : HHH000204: Processing PersistenceUnitInfo [name: default] 
2023-05-17 10:19:18.500 [main] INFO  [Version:44] : HHH000412: Hibernate ORM core version 6.1.6.Final 
2023-05-17 10:19:19.066 [main] INFO  [SQL dialect:66] : HHH000400: Using dialect: org.hibernate.dialect.H2Dialect 
2023-05-17 10:19:20.684 [main] INFO  [JtaPlatformInitiator:51] : HHH000490: Using JtaPlatform implementation: [org.hibernate.engine.transaction.jta.platform.internal.NoJtaPlatform] 
2023-05-17 10:19:20.698 [main] INFO  [LocalContainerEntityManagerFactoryBean:437] : Initialized JPA EntityManagerFactory for persistence unit 'default' 
2023-05-17 10:19:21.967 [main] INFO  [DefaultLazyEncryptor:41] : Found Custom Encryptor Bean org.jasypt.encryption.pbe.PooledPBEStringEncryptor@538c90bf with name: jasyptStringEncryptor 
2023-05-17 10:19:27.104 [main] INFO  [DefaultSecurityFilterChain:54] : Will secure any request with [org.springframework.security.web.session.DisableEncodeUrlFilter@543982ac, org.springframework.security.web.context.request.async.WebAsyncManagerIntegrationFilter@52647605, org.springframework.security.web.context.SecurityContextHolderFilter@5572f9d1, org.springframework.security.web.header.HeaderWriterFilter@4c601487, org.springframework.security.web.authentication.logout.LogoutFilter@33cdd, com.garamgaebi.GaramgaebiServer.global.security.JwtAuthenticationFilter@28e5320e, org.springframework.security.web.savedrequest.RequestCacheAwareFilter@6307382, org.springframework.security.web.servletapi.SecurityContextHolderAwareRequestFilter@2111c3cc, org.springframework.security.web.authentication.AnonymousAuthenticationFilter@76ce2e7, org.springframework.security.web.session.SessionManagementFilter@78cbb140, org.springframework.security.web.access.ExceptionTranslationFilter@447d91ef, org.springframework.security.web.access.intercept.AuthorizationFilter@48c8a84d] 
2023-05-17 10:19:27.925 [main] INFO  [H2ConsoleAutoConfiguration:88] : H2 console available at '/h2-console'. Database available at 'jdbc:h2:mem:testdb' 
2023-05-17 10:19:28.017 [main] INFO  [StdSchedulerFactory:1184] : Using default implementation for ThreadExecutor 
2023-05-17 10:19:28.039 [main] INFO  [SchedulerSignalerImpl:61] : Initialized Scheduler Signaller of type: class org.quartz.core.SchedulerSignalerImpl 
2023-05-17 10:19:28.042 [main] INFO  [QuartzScheduler:240] : Quartz Scheduler v.2.2.1 created. 
2023-05-17 10:19:28.043 [main] INFO  [RAMJobStore:155] : RAMJobStore initialized. 
2023-05-17 10:19:28.045 [main] INFO  [QuartzScheduler:305] : Scheduler meta-data: Quartz Scheduler (v2.2.1) 'quartzScheduler' with instanceId 'NON_CLUSTERED'
  Scheduler class: 'org.quartz.core.QuartzScheduler' - running locally.
  NOT STARTED.
  Currently in standby mode.
  Number of jobs executed: 0
  Using thread pool 'org.quartz.simpl.SimpleThreadPool' - with 10 threads.
  Using job-store 'org.quartz.simpl.RAMJobStore' - which does not support persistence. and is not clustered.
 
2023-05-17 10:19:28.045 [main] INFO  [StdSchedulerFactory:1339] : Quartz scheduler 'quartzScheduler' initialized from an externally provided properties instance. 
2023-05-17 10:19:28.046 [main] INFO  [StdSchedulerFactory:1343] : Quartz scheduler version: 2.2.1 
2023-05-17 10:19:28.046 [main] INFO  [QuartzScheduler:2311] : JobFactory set to: org.springframework.scheduling.quartz.SpringBeanJobFactory@785d3dc3 
2023-05-17 10:19:28.120 [main] INFO  [SimpleBrokerMessageHandler:117] : Starting... 
2023-05-17 10:19:28.122 [main] INFO  [SimpleBrokerMessageHandler:117] : BrokerAvailabilityEvent[available=true, SimpleBrokerMessageHandler [org.springframework.messaging.simp.broker.DefaultSubscriptionRegistry@559b4958]] 
2023-05-17 10:19:28.124 [main] INFO  [SimpleBrokerMessageHandler:117] : Started. 
2023-05-17 10:19:28.125 [main] INFO  [SchedulerFactoryBean:729] : Starting Quartz Scheduler now 
2023-05-17 10:19:28.125 [main] INFO  [QuartzScheduler:575] : Scheduler quartzScheduler_$_NON_CLUSTERED started. 
2023-05-17 10:19:28.143 [main] INFO  [NetworkingServiceTest:57] : Started NetworkingServiceTest in 14.261 seconds (process running for 16.025) 
2023-05-17 10:19:28.711 [SpringApplicationShutdownHook] INFO  [SimpleBrokerMessageHandler:117] : Stopping... 
2023-05-17 10:19:28.711 [SpringApplicationShutdownHook] INFO  [SimpleBrokerMessageHandler:117] : BrokerAvailabilityEvent[available=false, SimpleBrokerMessageHandler [org.springframework.messaging.simp.broker.DefaultSubscriptionRegistry@559b4958]] 
2023-05-17 10:19:28.711 [SpringApplicationShutdownHook] INFO  [SimpleBrokerMessageHandler:117] : Stopped. 
2023-05-17 10:19:28.712 [SpringApplicationShutdownHook] INFO  [QuartzScheduler:613] : Scheduler quartzScheduler_$_NON_CLUSTERED paused. 
2023-05-17 10:19:28.712 [SpringApplicationShutdownHook] INFO  [SchedulerFactoryBean:847] : Shutting down Quartz Scheduler 
2023-05-17 10:19:28.712 [SpringApplicationShutdownHook] INFO  [QuartzScheduler:694] : Scheduler quartzScheduler_$_NON_CLUSTERED shutting down. 
2023-05-17 10:19:28.713 [SpringApplicationShutdownHook] INFO  [QuartzScheduler:613] : Scheduler quartzScheduler_$_NON_CLUSTERED paused. 
2023-05-17 10:19:28.713 [SpringApplicationShutdownHook] INFO  [QuartzScheduler:771] : Scheduler quartzScheduler_$_NON_CLUSTERED shutdown complete. 
2023-05-17 10:19:28.844 [SpringApplicationShutdownHook] INFO  [LocalContainerEntityManagerFactoryBean:650] : Closing JPA EntityManagerFactory for persistence unit 'default' 
2023-05-17 10:19:28.846 [SpringApplicationShutdownHook] INFO  [SchemaDropperImpl$DelayedDropActionImpl:585] : HHH000477: Starting delayed evictData of schema as part of SessionFactory shut-down' 
2023-05-17 10:19:28.853 [SpringApplicationShutdownHook] INFO  [HikariDataSource:350] : HikariPool-1 - Shutdown initiated... 
2023-05-17 10:19:28.855 [SpringApplicationShutdownHook] INFO  [HikariDataSource:352] : HikariPool-1 - Shutdown completed. 
2023-05-17 10:21:19.327 [main] INFO  [NetworkingServiceTest:51] : Starting NetworkingServiceTest using Java 17.0.2 with PID 11756 (started by 염석천 in C:\Users\염석천\Server) 
2023-05-17 10:21:19.329 [main] INFO  [NetworkingServiceTest:636] : The following 2 profiles are active: "test", "garamgaebi" 
2023-05-17 10:21:20.716 [main] INFO  [RepositoryConfigurationDelegate:294] : Multiple Spring Data modules found, entering strict repository configuration mode 
2023-05-17 10:21:20.717 [main] INFO  [RepositoryConfigurationDelegate:138] : Bootstrapping Spring Data JPA repositories in DEFAULT mode. 
2023-05-17 10:21:21.061 [main] INFO  [RepositoryConfigurationDelegate:208] : Finished Spring Data repository scanning in 330 ms. Found 13 JPA repository interfaces. 
2023-05-17 10:21:21.069 [main] INFO  [RepositoryConfigurationDelegate:294] : Multiple Spring Data modules found, entering strict repository configuration mode 
2023-05-17 10:21:21.069 [main] INFO  [RepositoryConfigurationDelegate:138] : Bootstrapping Spring Data Redis repositories in DEFAULT mode. 
2023-05-17 10:21:21.086 [main] INFO  [RepositoryConfigurationDelegate:208] : Finished Spring Data repository scanning in 2 ms. Found 0 Redis repository interfaces. 
2023-05-17 10:21:21.564 [main] INFO  [RepositoryConfigurationDelegate:294] : Multiple Spring Data modules found, entering strict repository configuration mode 
2023-05-17 10:21:21.565 [main] INFO  [RepositoryConfigurationDelegate:138] : Bootstrapping Spring Data Redis repositories in DEFAULT mode. 
2023-05-17 10:21:21.595 [main] INFO  [RepositoryConfigurationExtensionSupport:320] : Spring Data Redis - Could not safely identify store assignment for repository candidate interface com.garamgaebi.GaramgaebiServer.domain.admin.program.repository.AdminPresentationRepository; If you want this repository to be a Redis repository, consider annotating your entities with one of these annotations: org.springframework.data.redis.core.RedisHash (preferred), or consider extending one of the following types with your repository: org.springframework.data.keyvalue.repository.KeyValueRepository 
2023-05-17 10:21:21.597 [main] INFO  [RepositoryConfigurationExtensionSupport:320] : Spring Data Redis - Could not safely identify store assignment for repository candidate interface com.garamgaebi.GaramgaebiServer.domain.admin.program.repository.AdminProgramRepository; If you want this repository to be a Redis repository, consider annotating your entities with one of these annotations: org.springframework.data.redis.core.RedisHash (preferred), or consider extending one of the following types with your repository: org.springframework.data.keyvalue.repository.KeyValueRepository 
2023-05-17 10:21:21.598 [main] INFO  [RepositoryConfigurationExtensionSupport:320] : Spring Data Redis - Could not safely identify store assignment for repository candidate interface com.garamgaebi.GaramgaebiServer.domain.apply.repository.ApplyRepository; If you want this repository to be a Redis repository, consider annotating your entities with one of these annotations: org.springframework.data.redis.core.RedisHash (preferred), or consider extending one of the following types with your repository: org.springframework.data.keyvalue.repository.KeyValueRepository 
2023-05-17 10:21:21.598 [main] INFO  [RepositoryConfigurationExtensionSupport:320] : Spring Data Redis - Could not safely identify store assignment for repository candidate interface com.garamgaebi.GaramgaebiServer.domain.ice_breaking.repository.GameRepository; If you want this repository to be a Redis repository, consider annotating your entities with one of these annotations: org.springframework.data.redis.core.RedisHash (preferred), or consider extending one of the following types with your repository: org.springframework.data.keyvalue.repository.KeyValueRepository 
2023-05-17 10:21:21.600 [main] INFO  [RepositoryConfigurationExtensionSupport:320] : Spring Data Redis - Could not safely identify store assignment for repository candidate interface com.garamgaebi.GaramgaebiServer.domain.ice_breaking.repository.GameRoomMemberRepository; If you want this repository to be a Redis repository, consider annotating your entities with one of these annotations: org.springframework.data.redis.core.RedisHash (preferred), or consider extending one of the following types with your repository: org.springframework.data.keyvalue.repository.KeyValueRepository 
2023-05-17 10:21:21.600 [main] INFO  [RepositoryConfigurationExtensionSupport:320] : Spring Data Redis - Could not safely identify store assignment for repository candidate interface com.garamgaebi.GaramgaebiServer.domain.ice_breaking.repository.IceBreakingImagesRepository; If you want this repository to be a Redis repository, consider annotating your entities with one of these annotations: org.springframework.data.redis.core.RedisHash (preferred), or consider extending one of the following types with your repository: org.springframework.data.keyvalue.repository.KeyValueRepository 
2023-05-17 10:21:21.601 [main] INFO  [RepositoryConfigurationExtensionSupport:320] : Spring Data Redis - Could not safely identify store assignment for repository candidate interface com.garamgaebi.GaramgaebiServer.domain.ice_breaking.repository.ProgramGameroomRepository; If you want this repository to be a Redis repository, consider annotating your entities with one of these annotations: org.springframework.data.redis.core.RedisHash (preferred), or consider extending one of the following types with your repository: org.springframework.data.keyvalue.repository.KeyValueRepository 
2023-05-17 10:21:21.602 [main] INFO  [RepositoryConfigurationExtensionSupport:320] : Spring Data Redis - Could not safely identify store assignment for repository candidate interface com.garamgaebi.GaramgaebiServer.domain.member.repository.MemberQuitRepository; If you want this repository to be a Redis repository, consider annotating your entities with one of these annotations: org.springframework.data.redis.core.RedisHash (preferred), or consider extending one of the following types with your repository: org.springframework.data.keyvalue.repository.KeyValueRepository 
2023-05-17 10:21:21.604 [main] INFO  [RepositoryConfigurationExtensionSupport:320] : Spring Data Redis - Could not safely identify store assignment for repository candidate interface com.garamgaebi.GaramgaebiServer.domain.member.repository.MemberRepository; If you want this repository to be a Redis repository, consider annotating your entities with one of these annotations: org.springframework.data.redis.core.RedisHash (preferred), or consider extending one of the following types with your repository: org.springframework.data.keyvalue.repository.KeyValueRepository 
2023-05-17 10:21:21.606 [main] INFO  [RepositoryConfigurationExtensionSupport:320] : Spring Data Redis - Could not safely identify store assignment for repository candidate interface com.garamgaebi.GaramgaebiServer.domain.member.repository.MemberRolesRepository; If you want this repository to be a Redis repository, consider annotating your entities with one of these annotations: org.springframework.data.redis.core.RedisHash (preferred), or consider extending one of the following types with your repository: org.springframework.data.keyvalue.repository.KeyValueRepository 
2023-05-17 10:21:21.606 [main] INFO  [RepositoryConfigurationExtensionSupport:320] : Spring Data Redis - Could not safely identify store assignment for repository candidate interface com.garamgaebi.GaramgaebiServer.domain.notification.repository.MemberNotificationRepository; If you want this repository to be a Redis repository, consider annotating your entities with one of these annotations: org.springframework.data.redis.core.RedisHash (preferred), or consider extending one of the following types with your repository: org.springframework.data.keyvalue.repository.KeyValueRepository 
2023-05-17 10:21:21.606 [main] INFO  [RepositoryConfigurationExtensionSupport:320] : Spring Data Redis - Could not safely identify store assignment for repository candidate interface com.garamgaebi.GaramgaebiServer.domain.notification.repository.NotificationRepository; If you want this repository to be a Redis repository, consider annotating your entities with one of these annotations: org.springframework.data.redis.core.RedisHash (preferred), or consider extending one of the following types with your repository: org.springframework.data.keyvalue.repository.KeyValueRepository 
2023-05-17 10:21:21.606 [main] INFO  [RepositoryConfigurationExtensionSupport:320] : Spring Data Redis - Could not safely identify store assignment for repository candidate interface com.garamgaebi.GaramgaebiServer.domain.program.repository.ProgramRepository; If you want this repository to be a Redis repository, consider annotating your entities with one of these annotations: org.springframework.data.redis.core.RedisHash (preferred), or consider extending one of the following types with your repository: org.springframework.data.keyvalue.repository.KeyValueRepository 
2023-05-17 10:21:21.607 [main] INFO  [RepositoryConfigurationDelegate:208] : Finished Spring Data repository scanning in 42 ms. Found 0 Redis repository interfaces. 
2023-05-17 10:21:22.139 [main] INFO  [EnableEncryptablePropertiesBeanFactoryPostProcessor:44] : Post-processing PropertySource instances 
2023-05-17 10:21:22.140 [main] INFO  [EncryptablePropertySourceConverter:105] : Skipping PropertySource configurationProperties [class org.springframework.boot.context.properties.source.ConfigurationPropertySourcesPropertySource 
2023-05-17 10:21:22.144 [main] INFO  [EncryptablePropertySourceConverter:110] : Converting PropertySource test [org.springframework.core.env.MapPropertySource] to EncryptableMapPropertySourceWrapper 
2023-05-17 10:21:22.145 [main] INFO  [EncryptablePropertySourceConverter:110] : Converting PropertySource Inlined Test Properties [org.springframework.core.env.MapPropertySource] to EncryptableMapPropertySourceWrapper 
2023-05-17 10:21:22.145 [main] INFO  [EncryptablePropertySourceConverter:110] : Converting PropertySource active-test-profiles [org.springframework.core.env.MapPropertySource] to EncryptableMapPropertySourceWrapper 
2023-05-17 10:21:22.145 [main] INFO  [EncryptablePropertySourceConverter:105] : Skipping PropertySource servletConfigInitParams [class org.springframework.core.env.PropertySource$StubPropertySource 
2023-05-17 10:21:22.146 [main] INFO  [EncryptablePropertySourceConverter:110] : Converting PropertySource servletContextInitParams [org.springframework.web.context.support.ServletContextPropertySource] to EncryptableEnumerablePropertySourceWrapper 
2023-05-17 10:21:22.146 [main] INFO  [EncryptablePropertySourceConverter:110] : Converting PropertySource systemProperties [org.springframework.core.env.PropertiesPropertySource] to EncryptableMapPropertySourceWrapper 
2023-05-17 10:21:22.147 [main] INFO  [EncryptablePropertySourceConverter:110] : Converting PropertySource systemEnvironment [org.springframework.boot.env.SystemEnvironmentPropertySourceEnvironmentPostProcessor$OriginAwareSystemEnvironmentPropertySource] to EncryptableSystemEnvironmentPropertySourceWrapper 
2023-05-17 10:21:22.147 [main] INFO  [EncryptablePropertySourceConverter:110] : Converting PropertySource random [org.springframework.boot.env.RandomValuePropertySource] to EncryptablePropertySourceWrapper 
2023-05-17 10:21:22.148 [main] INFO  [EncryptablePropertySourceConverter:110] : Converting PropertySource Config resource 'class path resource [application-garamgaebi.properties]' via location 'optional:classpath:/' [org.springframework.boot.env.OriginTrackedMapPropertySource] to EncryptableMapPropertySourceWrapper 
2023-05-17 10:21:22.149 [main] INFO  [EncryptablePropertySourceConverter:110] : Converting PropertySource Config resource 'class path resource [application-test.properties]' via location 'optional:classpath:/' [org.springframework.boot.env.OriginTrackedMapPropertySource] to EncryptableMapPropertySourceWrapper 
2023-05-17 10:21:22.149 [main] INFO  [EncryptablePropertySourceConverter:110] : Converting PropertySource Config resource 'class path resource [application.properties]' via location 'optional:classpath:/' [org.springframework.boot.env.OriginTrackedMapPropertySource] to EncryptableMapPropertySourceWrapper 
2023-05-17 10:21:22.149 [main] INFO  [EncryptablePropertySourceConverter:110] : Converting PropertySource class path resource [application.properties] [org.springframework.core.env.CompositePropertySource] to EncryptableEnumerablePropertySourceWrapper 
2023-05-17 10:21:22.160 [main] INFO  [EncryptablePropertySourceBeanFactoryPostProcessor:83] : Loading Encryptable Property Source 'EncryptedProperties' 
2023-05-17 10:21:22.165 [main] INFO  [EncryptablePropertySourceBeanFactoryPostProcessor:86] : Created Encryptable Property Source 'EncryptedProperties' from locations: [classpath:application.properties] 
2023-05-17 10:21:22.649 [main] INFO  [DefaultLazyPropertyFilter:45] : Property Filter custom Bean not found with name 'encryptablePropertyFilter'. Initializing Default Property Filter 
2023-05-17 10:21:22.664 [main] INFO  [DefaultLazyPropertyResolver:46] : Property Resolver custom Bean not found with name 'encryptablePropertyResolver'. Initializing Default Property Resolver 
2023-05-17 10:21:22.667 [main] INFO  [DefaultLazyPropertyDetector:44] : Property Detector custom Bean not found with name 'encryptablePropertyDetector'. Initializing Default Property Detector 
2023-05-17 10:21:22.908 [main] INFO  [HikariDataSource:110] : HikariPool-1 - Starting... 
2023-05-17 10:21:23.281 [main] INFO  [HikariPool:565] : HikariPool-1 - Added connection conn0: url=jdbc:h2:mem:testdb user=SA 
2023-05-17 10:21:23.285 [main] INFO  [HikariDataSource:123] : HikariPool-1 - Start completed. 
2023-05-17 10:21:23.352 [main] INFO  [LogHelper:31] : HHH000204: Processing PersistenceUnitInfo [name: default] 
2023-05-17 10:21:23.447 [main] INFO  [Version:44] : HHH000412: Hibernate ORM core version 6.1.6.Final 
2023-05-17 10:21:24.011 [main] INFO  [SQL dialect:66] : HHH000400: Using dialect: org.hibernate.dialect.H2Dialect 
2023-05-17 10:21:25.624 [main] INFO  [JtaPlatformInitiator:51] : HHH000490: Using JtaPlatform implementation: [org.hibernate.engine.transaction.jta.platform.internal.NoJtaPlatform] 
2023-05-17 10:21:25.637 [main] INFO  [LocalContainerEntityManagerFactoryBean:437] : Initialized JPA EntityManagerFactory for persistence unit 'default' 
2023-05-17 10:21:26.767 [main] INFO  [DefaultLazyEncryptor:41] : Found Custom Encryptor Bean org.jasypt.encryption.pbe.PooledPBEStringEncryptor@79f14c56 with name: jasyptStringEncryptor 
2023-05-17 10:21:32.281 [main] INFO  [DefaultSecurityFilterChain:54] : Will secure any request with [org.springframework.security.web.session.DisableEncodeUrlFilter@4591a080, org.springframework.security.web.context.request.async.WebAsyncManagerIntegrationFilter@48799b86, org.springframework.security.web.context.SecurityContextHolderFilter@1a4e3cbb, org.springframework.security.web.header.HeaderWriterFilter@78bbc584, org.springframework.security.web.authentication.logout.LogoutFilter@7c53d3c, com.garamgaebi.GaramgaebiServer.global.security.JwtAuthenticationFilter@464c18c8, org.springframework.security.web.savedrequest.RequestCacheAwareFilter@36f9d1c3, org.springframework.security.web.servletapi.SecurityContextHolderAwareRequestFilter@28a4d87f, org.springframework.security.web.authentication.AnonymousAuthenticationFilter@6b0c851b, org.springframework.security.web.session.SessionManagementFilter@346c568d, org.springframework.security.web.access.ExceptionTranslationFilter@59a9769e, org.springframework.security.web.access.intercept.AuthorizationFilter@61bb5770] 
2023-05-17 10:21:33.113 [main] INFO  [H2ConsoleAutoConfiguration:88] : H2 console available at '/h2-console'. Database available at 'jdbc:h2:mem:testdb' 
2023-05-17 10:21:33.191 [main] INFO  [StdSchedulerFactory:1184] : Using default implementation for ThreadExecutor 
2023-05-17 10:21:33.208 [main] INFO  [SchedulerSignalerImpl:61] : Initialized Scheduler Signaller of type: class org.quartz.core.SchedulerSignalerImpl 
2023-05-17 10:21:33.210 [main] INFO  [QuartzScheduler:240] : Quartz Scheduler v.2.2.1 created. 
2023-05-17 10:21:33.212 [main] INFO  [RAMJobStore:155] : RAMJobStore initialized. 
2023-05-17 10:21:33.213 [main] INFO  [QuartzScheduler:305] : Scheduler meta-data: Quartz Scheduler (v2.2.1) 'quartzScheduler' with instanceId 'NON_CLUSTERED'
  Scheduler class: 'org.quartz.core.QuartzScheduler' - running locally.
  NOT STARTED.
  Currently in standby mode.
  Number of jobs executed: 0
  Using thread pool 'org.quartz.simpl.SimpleThreadPool' - with 10 threads.
  Using job-store 'org.quartz.simpl.RAMJobStore' - which does not support persistence. and is not clustered.
 
2023-05-17 10:21:33.214 [main] INFO  [StdSchedulerFactory:1339] : Quartz scheduler 'quartzScheduler' initialized from an externally provided properties instance. 
2023-05-17 10:21:33.215 [main] INFO  [StdSchedulerFactory:1343] : Quartz scheduler version: 2.2.1 
2023-05-17 10:21:33.215 [main] INFO  [QuartzScheduler:2311] : JobFactory set to: org.springframework.scheduling.quartz.SpringBeanJobFactory@396d5c73 
2023-05-17 10:21:33.291 [main] INFO  [SimpleBrokerMessageHandler:117] : Starting... 
2023-05-17 10:21:33.293 [main] INFO  [SimpleBrokerMessageHandler:117] : BrokerAvailabilityEvent[available=true, SimpleBrokerMessageHandler [org.springframework.messaging.simp.broker.DefaultSubscriptionRegistry@26772e54]] 
2023-05-17 10:21:33.296 [main] INFO  [SimpleBrokerMessageHandler:117] : Started. 
2023-05-17 10:21:33.296 [main] INFO  [SchedulerFactoryBean:729] : Starting Quartz Scheduler now 
2023-05-17 10:21:33.297 [main] INFO  [QuartzScheduler:575] : Scheduler quartzScheduler_$_NON_CLUSTERED started. 
2023-05-17 10:21:33.306 [main] INFO  [NetworkingServiceTest:57] : Started NetworkingServiceTest in 14.654 seconds (process running for 16.529) 
2023-05-17 10:21:33.827 [SpringApplicationShutdownHook] INFO  [SimpleBrokerMessageHandler:117] : Stopping... 
2023-05-17 10:21:33.828 [SpringApplicationShutdownHook] INFO  [SimpleBrokerMessageHandler:117] : BrokerAvailabilityEvent[available=false, SimpleBrokerMessageHandler [org.springframework.messaging.simp.broker.DefaultSubscriptionRegistry@26772e54]] 
2023-05-17 10:21:33.828 [SpringApplicationShutdownHook] INFO  [SimpleBrokerMessageHandler:117] : Stopped. 
2023-05-17 10:21:33.828 [SpringApplicationShutdownHook] INFO  [QuartzScheduler:613] : Scheduler quartzScheduler_$_NON_CLUSTERED paused. 
2023-05-17 10:21:33.829 [SpringApplicationShutdownHook] INFO  [SchedulerFactoryBean:847] : Shutting down Quartz Scheduler 
2023-05-17 10:21:33.829 [SpringApplicationShutdownHook] INFO  [QuartzScheduler:694] : Scheduler quartzScheduler_$_NON_CLUSTERED shutting down. 
2023-05-17 10:21:33.830 [SpringApplicationShutdownHook] INFO  [QuartzScheduler:613] : Scheduler quartzScheduler_$_NON_CLUSTERED paused. 
2023-05-17 10:21:33.830 [SpringApplicationShutdownHook] INFO  [QuartzScheduler:771] : Scheduler quartzScheduler_$_NON_CLUSTERED shutdown complete. 
2023-05-17 10:21:33.958 [SpringApplicationShutdownHook] INFO  [LocalContainerEntityManagerFactoryBean:650] : Closing JPA EntityManagerFactory for persistence unit 'default' 
2023-05-17 10:21:33.959 [SpringApplicationShutdownHook] INFO  [SchemaDropperImpl$DelayedDropActionImpl:585] : HHH000477: Starting delayed evictData of schema as part of SessionFactory shut-down' 
2023-05-17 10:21:33.966 [SpringApplicationShutdownHook] INFO  [HikariDataSource:350] : HikariPool-1 - Shutdown initiated... 
2023-05-17 10:21:33.968 [SpringApplicationShutdownHook] INFO  [HikariDataSource:352] : HikariPool-1 - Shutdown completed. 
