[35m2023-02-19 22:47:28.890[0;39m [34m[main][0;39m [32mINFO [0;39m [36m[GaramgaebiServerApplication:51][0;39m : Starting GaramgaebiServerApplication using Java 17.0.2 with PID 21368 (C:\Users\염석천\Server\out\production\classes started by 염석천 in C:\Users\염석천\Server) 
[35m2023-02-19 22:47:28.894[0;39m [34m[main][0;39m [32mINFO [0;39m [36m[GaramgaebiServerApplication:636][0;39m : The following 1 profile is active: "garamgaebi" 
[35m2023-02-19 22:47:29.961[0;39m [34m[main][0;39m [32mINFO [0;39m [36m[RepositoryConfigurationDelegate:294][0;39m : Multiple Spring Data modules found, entering strict repository configuration mode 
[35m2023-02-19 22:47:29.962[0;39m [34m[main][0;39m [32mINFO [0;39m [36m[RepositoryConfigurationDelegate:138][0;39m : Bootstrapping Spring Data Redis repositories in DEFAULT mode. 
[35m2023-02-19 22:47:29.991[0;39m [34m[main][0;39m [32mINFO [0;39m [36m[RepositoryConfigurationDelegate:208][0;39m : Finished Spring Data repository scanning in 7 ms. Found 0 Redis repository interfaces. 
[35m2023-02-19 22:47:30.003[0;39m [34m[main][0;39m [32mINFO [0;39m [36m[RepositoryConfigurationDelegate:294][0;39m : Multiple Spring Data modules found, entering strict repository configuration mode 
[35m2023-02-19 22:47:30.004[0;39m [34m[main][0;39m [32mINFO [0;39m [36m[RepositoryConfigurationDelegate:138][0;39m : Bootstrapping Spring Data JPA repositories in DEFAULT mode. 
[35m2023-02-19 22:47:30.277[0;39m [34m[main][0;39m [32mINFO [0;39m [36m[RepositoryConfigurationDelegate:208][0;39m : Finished Spring Data repository scanning in 270 ms. Found 13 JPA repository interfaces. 
[35m2023-02-19 22:47:30.695[0;39m [34m[main][0;39m [32mINFO [0;39m [36m[RepositoryConfigurationDelegate:294][0;39m : Multiple Spring Data modules found, entering strict repository configuration mode 
[35m2023-02-19 22:47:30.696[0;39m [34m[main][0;39m [32mINFO [0;39m [36m[RepositoryConfigurationDelegate:138][0;39m : Bootstrapping Spring Data Redis repositories in DEFAULT mode. 
[35m2023-02-19 22:47:30.726[0;39m [34m[main][0;39m [32mINFO [0;39m [36m[RepositoryConfigurationExtensionSupport:320][0;39m : Spring Data Redis - Could not safely identify store assignment for repository candidate interface com.garamgaebi.GaramgaebiServer.domain.admin.program.repository.AdminPresentationRepository; If you want this repository to be a Redis repository, consider annotating your entities with one of these annotations: org.springframework.data.redis.core.RedisHash (preferred), or consider extending one of the following types with your repository: org.springframework.data.keyvalue.repository.KeyValueRepository 
[35m2023-02-19 22:47:30.727[0;39m [34m[main][0;39m [32mINFO [0;39m [36m[RepositoryConfigurationExtensionSupport:320][0;39m : Spring Data Redis - Could not safely identify store assignment for repository candidate interface com.garamgaebi.GaramgaebiServer.domain.admin.program.repository.AdminProgramRepository; If you want this repository to be a Redis repository, consider annotating your entities with one of these annotations: org.springframework.data.redis.core.RedisHash (preferred), or consider extending one of the following types with your repository: org.springframework.data.keyvalue.repository.KeyValueRepository 
[35m2023-02-19 22:47:30.727[0;39m [34m[main][0;39m [32mINFO [0;39m [36m[RepositoryConfigurationExtensionSupport:320][0;39m : Spring Data Redis - Could not safely identify store assignment for repository candidate interface com.garamgaebi.GaramgaebiServer.domain.apply.repository.ApplyRepository; If you want this repository to be a Redis repository, consider annotating your entities with one of these annotations: org.springframework.data.redis.core.RedisHash (preferred), or consider extending one of the following types with your repository: org.springframework.data.keyvalue.repository.KeyValueRepository 
[35m2023-02-19 22:47:30.728[0;39m [34m[main][0;39m [32mINFO [0;39m [36m[RepositoryConfigurationExtensionSupport:320][0;39m : Spring Data Redis - Could not safely identify store assignment for repository candidate interface com.garamgaebi.GaramgaebiServer.domain.ice_breaking.repository.GameRepository; If you want this repository to be a Redis repository, consider annotating your entities with one of these annotations: org.springframework.data.redis.core.RedisHash (preferred), or consider extending one of the following types with your repository: org.springframework.data.keyvalue.repository.KeyValueRepository 
[35m2023-02-19 22:47:30.728[0;39m [34m[main][0;39m [32mINFO [0;39m [36m[RepositoryConfigurationExtensionSupport:320][0;39m : Spring Data Redis - Could not safely identify store assignment for repository candidate interface com.garamgaebi.GaramgaebiServer.domain.ice_breaking.repository.GameRoomMemberRepository; If you want this repository to be a Redis repository, consider annotating your entities with one of these annotations: org.springframework.data.redis.core.RedisHash (preferred), or consider extending one of the following types with your repository: org.springframework.data.keyvalue.repository.KeyValueRepository 
[35m2023-02-19 22:47:30.728[0;39m [34m[main][0;39m [32mINFO [0;39m [36m[RepositoryConfigurationExtensionSupport:320][0;39m : Spring Data Redis - Could not safely identify store assignment for repository candidate interface com.garamgaebi.GaramgaebiServer.domain.ice_breaking.repository.IceBreakingImagesRepository; If you want this repository to be a Redis repository, consider annotating your entities with one of these annotations: org.springframework.data.redis.core.RedisHash (preferred), or consider extending one of the following types with your repository: org.springframework.data.keyvalue.repository.KeyValueRepository 
[35m2023-02-19 22:47:30.729[0;39m [34m[main][0;39m [32mINFO [0;39m [36m[RepositoryConfigurationExtensionSupport:320][0;39m : Spring Data Redis - Could not safely identify store assignment for repository candidate interface com.garamgaebi.GaramgaebiServer.domain.ice_breaking.repository.ProgramGameroomRepository; If you want this repository to be a Redis repository, consider annotating your entities with one of these annotations: org.springframework.data.redis.core.RedisHash (preferred), or consider extending one of the following types with your repository: org.springframework.data.keyvalue.repository.KeyValueRepository 
[35m2023-02-19 22:47:30.730[0;39m [34m[main][0;39m [32mINFO [0;39m [36m[RepositoryConfigurationExtensionSupport:320][0;39m : Spring Data Redis - Could not safely identify store assignment for repository candidate interface com.garamgaebi.GaramgaebiServer.domain.member.repository.MemberQuitRepository; If you want this repository to be a Redis repository, consider annotating your entities with one of these annotations: org.springframework.data.redis.core.RedisHash (preferred), or consider extending one of the following types with your repository: org.springframework.data.keyvalue.repository.KeyValueRepository 
[35m2023-02-19 22:47:30.731[0;39m [34m[main][0;39m [32mINFO [0;39m [36m[RepositoryConfigurationExtensionSupport:320][0;39m : Spring Data Redis - Could not safely identify store assignment for repository candidate interface com.garamgaebi.GaramgaebiServer.domain.member.repository.MemberRepository; If you want this repository to be a Redis repository, consider annotating your entities with one of these annotations: org.springframework.data.redis.core.RedisHash (preferred), or consider extending one of the following types with your repository: org.springframework.data.keyvalue.repository.KeyValueRepository 
[35m2023-02-19 22:47:30.732[0;39m [34m[main][0;39m [32mINFO [0;39m [36m[RepositoryConfigurationExtensionSupport:320][0;39m : Spring Data Redis - Could not safely identify store assignment for repository candidate interface com.garamgaebi.GaramgaebiServer.domain.member.repository.MemberRolesRepository; If you want this repository to be a Redis repository, consider annotating your entities with one of these annotations: org.springframework.data.redis.core.RedisHash (preferred), or consider extending one of the following types with your repository: org.springframework.data.keyvalue.repository.KeyValueRepository 
[35m2023-02-19 22:47:30.733[0;39m [34m[main][0;39m [32mINFO [0;39m [36m[RepositoryConfigurationExtensionSupport:320][0;39m : Spring Data Redis - Could not safely identify store assignment for repository candidate interface com.garamgaebi.GaramgaebiServer.domain.notification.repository.MemberNotificationRepository; If you want this repository to be a Redis repository, consider annotating your entities with one of these annotations: org.springframework.data.redis.core.RedisHash (preferred), or consider extending one of the following types with your repository: org.springframework.data.keyvalue.repository.KeyValueRepository 
[35m2023-02-19 22:47:30.733[0;39m [34m[main][0;39m [32mINFO [0;39m [36m[RepositoryConfigurationExtensionSupport:320][0;39m : Spring Data Redis - Could not safely identify store assignment for repository candidate interface com.garamgaebi.GaramgaebiServer.domain.notification.repository.NotificationRepository; If you want this repository to be a Redis repository, consider annotating your entities with one of these annotations: org.springframework.data.redis.core.RedisHash (preferred), or consider extending one of the following types with your repository: org.springframework.data.keyvalue.repository.KeyValueRepository 
[35m2023-02-19 22:47:30.734[0;39m [34m[main][0;39m [32mINFO [0;39m [36m[RepositoryConfigurationExtensionSupport:320][0;39m : Spring Data Redis - Could not safely identify store assignment for repository candidate interface com.garamgaebi.GaramgaebiServer.domain.program.repository.ProgramRepository; If you want this repository to be a Redis repository, consider annotating your entities with one of these annotations: org.springframework.data.redis.core.RedisHash (preferred), or consider extending one of the following types with your repository: org.springframework.data.keyvalue.repository.KeyValueRepository 
[35m2023-02-19 22:47:30.734[0;39m [34m[main][0;39m [32mINFO [0;39m [36m[RepositoryConfigurationDelegate:208][0;39m : Finished Spring Data repository scanning in 37 ms. Found 0 Redis repository interfaces. 
[35m2023-02-19 22:47:31.713[0;39m [34m[main][0;39m [32mINFO [0;39m [36m[TomcatWebServer:108][0;39m : Tomcat initialized with port(s): 8080 (http) 
[35m2023-02-19 22:47:31.728[0;39m [34m[main][0;39m [32mINFO [0;39m [36m[StandardService:173][0;39m : Starting service [Tomcat] 
[35m2023-02-19 22:47:31.728[0;39m [34m[main][0;39m [32mINFO [0;39m [36m[StandardEngine:173][0;39m : Starting Servlet engine: [Apache Tomcat/10.1.4] 
[35m2023-02-19 22:47:31.824[0;39m [34m[main][0;39m [32mINFO [0;39m [36m[[/]:173][0;39m : Initializing Spring embedded WebApplicationContext 
[35m2023-02-19 22:47:31.825[0;39m [34m[main][0;39m [32mINFO [0;39m [36m[ServletWebServerApplicationContext:291][0;39m : Root WebApplicationContext: initialization completed in 2871 ms 
[35m2023-02-19 22:47:32.066[0;39m [34m[main][0;39m [32mINFO [0;39m [36m[HikariDataSource:110][0;39m : HikariPool-1 - Starting... 
[35m2023-02-19 22:47:32.580[0;39m [34m[main][0;39m [32mINFO [0;39m [36m[PoolBase:536][0;39m : HikariPool-1 - Driver does not support get/set network timeout for connections. (Receiver class net.sf.log4jdbc.sql.jdbcapi.ConnectionSpy does not define or inherit an implementation of the resolved method 'abstract int getNetworkTimeout()' of interface java.sql.Connection.) 
[35m2023-02-19 22:47:32.583[0;39m [34m[main][0;39m [32mINFO [0;39m [36m[HikariPool:565][0;39m : HikariPool-1 - Added connection net.sf.log4jdbc.sql.jdbcapi.ConnectionSpy@5bde6148 
[35m2023-02-19 22:47:32.588[0;39m [34m[main][0;39m [32mINFO [0;39m [36m[HikariDataSource:123][0;39m : HikariPool-1 - Start completed. 
[35m2023-02-19 22:47:32.647[0;39m [34m[main][0;39m [32mINFO [0;39m [36m[LogHelper:31][0;39m : HHH000204: Processing PersistenceUnitInfo [name: default] 
[35m2023-02-19 22:47:32.782[0;39m [34m[main][0;39m [32mINFO [0;39m [36m[Version:44][0;39m : HHH000412: Hibernate ORM core version 6.1.6.Final 
[35m2023-02-19 22:47:33.322[0;39m [34m[main][0;39m [32mINFO [0;39m [36m[SQL dialect:66][0;39m : HHH000400: Using dialect: org.hibernate.dialect.MySQLDialect 
[35m2023-02-19 22:47:34.555[0;39m [34m[main][0;39m [32mINFO [0;39m [36m[JtaPlatformInitiator:51][0;39m : HHH000490: Using JtaPlatform implementation: [org.hibernate.engine.transaction.jta.platform.internal.NoJtaPlatform] 
[35m2023-02-19 22:47:34.570[0;39m [34m[main][0;39m [32mINFO [0;39m [36m[LocalContainerEntityManagerFactoryBean:437][0;39m : Initialized JPA EntityManagerFactory for persistence unit 'default' 
[35m2023-02-19 22:47:37.149[0;39m [34m[main][0;39m [32mINFO [0;39m [36m[StdSchedulerFactory:1184][0;39m : Using default implementation for ThreadExecutor 
[35m2023-02-19 22:47:37.152[0;39m [34m[main][0;39m [32mINFO [0;39m [36m[SimpleThreadPool:268][0;39m : Job execution threads will use class loader of thread: main 
[35m2023-02-19 22:47:37.165[0;39m [34m[main][0;39m [32mINFO [0;39m [36m[SchedulerSignalerImpl:61][0;39m : Initialized Scheduler Signaller of type: class org.quartz.core.SchedulerSignalerImpl 
[35m2023-02-19 22:47:37.167[0;39m [34m[main][0;39m [32mINFO [0;39m [36m[QuartzScheduler:240][0;39m : Quartz Scheduler v.2.2.1 created. 
[35m2023-02-19 22:47:37.168[0;39m [34m[main][0;39m [32mINFO [0;39m [36m[RAMJobStore:155][0;39m : RAMJobStore initialized. 
[35m2023-02-19 22:47:37.170[0;39m [34m[main][0;39m [32mINFO [0;39m [36m[QuartzScheduler:305][0;39m : Scheduler meta-data: Quartz Scheduler (v2.2.1) 'DefaultQuartzScheduler' with instanceId 'NON_CLUSTERED'
  Scheduler class: 'org.quartz.core.QuartzScheduler' - running locally.
  NOT STARTED.
  Currently in standby mode.
  Number of jobs executed: 0
  Using thread pool 'org.quartz.simpl.SimpleThreadPool' - with 10 threads.
  Using job-store 'org.quartz.simpl.RAMJobStore' - which does not support persistence. and is not clustered.
 
[35m2023-02-19 22:47:37.170[0;39m [34m[main][0;39m [32mINFO [0;39m [36m[StdSchedulerFactory:1339][0;39m : Quartz scheduler 'DefaultQuartzScheduler' initialized from default resource file in Quartz package: 'quartz.properties' 
[35m2023-02-19 22:47:37.170[0;39m [34m[main][0;39m [32mINFO [0;39m [36m[StdSchedulerFactory:1343][0;39m : Quartz scheduler version: 2.2.1 
[35m2023-02-19 22:47:37.170[0;39m [34m[main][0;39m [32mINFO [0;39m [36m[QuartzScheduler:575][0;39m : Scheduler DefaultQuartzScheduler_$_NON_CLUSTERED started. 
[35m2023-02-19 22:47:38.992[0;39m [34m[main][0;39m [32mINFO [0;39m [36m[DefaultSecurityFilterChain:54][0;39m : Will secure any request with [org.springframework.security.web.session.DisableEncodeUrlFilter@24fc59e3, org.springframework.security.web.context.request.async.WebAsyncManagerIntegrationFilter@406efe63, org.springframework.security.web.context.SecurityContextHolderFilter@1465d125, org.springframework.security.web.header.HeaderWriterFilter@5ee29735, org.springframework.security.web.authentication.logout.LogoutFilter@1ec14586, com.garamgaebi.GaramgaebiServer.global.security.JwtAuthenticationFilter@41eab601, org.springframework.security.web.savedrequest.RequestCacheAwareFilter@47dfbba3, org.springframework.security.web.servletapi.SecurityContextHolderAwareRequestFilter@3460165f, org.springframework.security.web.authentication.AnonymousAuthenticationFilter@1f0695ae, org.springframework.security.web.session.SessionManagementFilter@50e7ee70, org.springframework.security.web.access.ExceptionTranslationFilter@70bfc7d5, org.springframework.security.web.access.intercept.AuthorizationFilter@3c72031c] 
[35m2023-02-19 22:47:39.450[0;39m [34m[main][0;39m [32mINFO [0;39m [36m[StdSchedulerFactory:1184][0;39m : Using default implementation for ThreadExecutor 
[35m2023-02-19 22:47:39.451[0;39m [34m[main][0;39m [32mINFO [0;39m [36m[SchedulerSignalerImpl:61][0;39m : Initialized Scheduler Signaller of type: class org.quartz.core.SchedulerSignalerImpl 
[35m2023-02-19 22:47:39.452[0;39m [34m[main][0;39m [32mINFO [0;39m [36m[QuartzScheduler:240][0;39m : Quartz Scheduler v.2.2.1 created. 
[35m2023-02-19 22:47:39.452[0;39m [34m[main][0;39m [32mINFO [0;39m [36m[RAMJobStore:155][0;39m : RAMJobStore initialized. 
[35m2023-02-19 22:47:39.452[0;39m [34m[main][0;39m [32mINFO [0;39m [36m[QuartzScheduler:305][0;39m : Scheduler meta-data: Quartz Scheduler (v2.2.1) 'quartzScheduler' with instanceId 'NON_CLUSTERED'
  Scheduler class: 'org.quartz.core.QuartzScheduler' - running locally.
  NOT STARTED.
  Currently in standby mode.
  Number of jobs executed: 0
  Using thread pool 'org.quartz.simpl.SimpleThreadPool' - with 10 threads.
  Using job-store 'org.quartz.simpl.RAMJobStore' - which does not support persistence. and is not clustered.
 
[35m2023-02-19 22:47:39.452[0;39m [34m[main][0;39m [32mINFO [0;39m [36m[StdSchedulerFactory:1339][0;39m : Quartz scheduler 'quartzScheduler' initialized from an externally provided properties instance. 
[35m2023-02-19 22:47:39.452[0;39m [34m[main][0;39m [32mINFO [0;39m [36m[StdSchedulerFactory:1343][0;39m : Quartz scheduler version: 2.2.1 
[35m2023-02-19 22:47:39.453[0;39m [34m[main][0;39m [32mINFO [0;39m [36m[QuartzScheduler:2311][0;39m : JobFactory set to: org.springframework.scheduling.quartz.SpringBeanJobFactory@1eecc98c 
[35m2023-02-19 22:47:39.533[0;39m [34m[main][0;39m [32mINFO [0;39m [36m[TomcatWebServer:220][0;39m : Tomcat started on port(s): 8080 (http) with context path '' 
[35m2023-02-19 22:47:39.535[0;39m [34m[main][0;39m [32mINFO [0;39m [36m[SimpleBrokerMessageHandler:117][0;39m : Starting... 
[35m2023-02-19 22:47:39.536[0;39m [34m[main][0;39m [32mINFO [0;39m [36m[SimpleBrokerMessageHandler:117][0;39m : BrokerAvailabilityEvent[available=true, SimpleBrokerMessageHandler [org.springframework.messaging.simp.broker.DefaultSubscriptionRegistry@8019a5]] 
[35m2023-02-19 22:47:39.536[0;39m [34m[main][0;39m [32mINFO [0;39m [36m[SimpleBrokerMessageHandler:117][0;39m : Started. 
[35m2023-02-19 22:47:39.537[0;39m [34m[main][0;39m [32mINFO [0;39m [36m[SchedulerFactoryBean:729][0;39m : Starting Quartz Scheduler now 
[35m2023-02-19 22:47:39.537[0;39m [34m[main][0;39m [32mINFO [0;39m [36m[QuartzScheduler:575][0;39m : Scheduler quartzScheduler_$_NON_CLUSTERED started. 
[35m2023-02-19 22:47:39.544[0;39m [34m[main][0;39m [32mINFO [0;39m [36m[GaramgaebiServerApplication:57][0;39m : Started GaramgaebiServerApplication in 11.35 seconds (process running for 12.248) 
[35m2023-02-19 22:48:16.916[0;39m [34m[http-nio-8080-exec-1][0;39m [32mINFO [0;39m [36m[[/]:173][0;39m : Initializing Spring DispatcherServlet 'dispatcherServlet' 
[35m2023-02-19 22:48:16.916[0;39m [34m[http-nio-8080-exec-1][0;39m [32mINFO [0;39m [36m[DispatcherServlet:532][0;39m : Initializing Servlet 'dispatcherServlet' 
[35m2023-02-19 22:48:16.919[0;39m [34m[http-nio-8080-exec-1][0;39m [32mINFO [0;39m [36m[DispatcherServlet:554][0;39m : Completed initialization in 3 ms 
[35m2023-02-19 22:48:16.964[0;39m [34m[http-nio-8080-exec-1][0;39m [32mINFO [0;39m [36m[JwtTokenProvider:105][0;39m : Expired JWT Token 
io.jsonwebtoken.ExpiredJwtException: JWT expired at 2023-02-19T12:31:52Z. Current time: 2023-02-19T13:48:16Z, a difference of 4584963 milliseconds.  Allowed clock skew: 0 milliseconds.
	at io.jsonwebtoken.impl.DefaultJwtParser.parse(DefaultJwtParser.java:427)
	at io.jsonwebtoken.impl.DefaultJwtParser.parse(DefaultJwtParser.java:529)
	at io.jsonwebtoken.impl.DefaultJwtParser.parseClaimsJws(DefaultJwtParser.java:589)
	at io.jsonwebtoken.impl.ImmutableJwtParser.parseClaimsJws(ImmutableJwtParser.java:173)
	at com.garamgaebi.GaramgaebiServer.global.security.JwtTokenProvider.validateToken(JwtTokenProvider.java:99)
	at com.garamgaebi.GaramgaebiServer.global.security.JwtAuthenticationFilter.doFilter(JwtAuthenticationFilter.java:36)
	at org.springframework.security.web.FilterChainProxy$VirtualFilterChain.doFilter(FilterChainProxy.java:374)
	at org.springframework.security.web.authentication.logout.LogoutFilter.doFilter(LogoutFilter.java:107)
	at org.springframework.security.web.authentication.logout.LogoutFilter.doFilter(LogoutFilter.java:93)
	at org.springframework.security.web.FilterChainProxy$VirtualFilterChain.doFilter(FilterChainProxy.java:374)
	at org.springframework.security.web.header.HeaderWriterFilter.doHeadersAfter(HeaderWriterFilter.java:90)
	at org.springframework.security.web.header.HeaderWriterFilter.doFilterInternal(HeaderWriterFilter.java:75)
	at org.springframework.web.filter.OncePerRequestFilter.doFilter(OncePerRequestFilter.java:116)
	at org.springframework.security.web.FilterChainProxy$VirtualFilterChain.doFilter(FilterChainProxy.java:374)
	at org.springframework.security.web.context.SecurityContextHolderFilter.doFilter(SecurityContextHolderFilter.java:82)
	at org.springframework.security.web.context.SecurityContextHolderFilter.doFilter(SecurityContextHolderFilter.java:69)
	at org.springframework.security.web.FilterChainProxy$VirtualFilterChain.doFilter(FilterChainProxy.java:374)
	at org.springframework.security.web.context.request.async.WebAsyncManagerIntegrationFilter.doFilterInternal(WebAsyncManagerIntegrationFilter.java:62)
	at org.springframework.web.filter.OncePerRequestFilter.doFilter(OncePerRequestFilter.java:116)
	at org.springframework.security.web.FilterChainProxy$VirtualFilterChain.doFilter(FilterChainProxy.java:374)
	at org.springframework.security.web.session.DisableEncodeUrlFilter.doFilterInternal(DisableEncodeUrlFilter.java:42)
	at org.springframework.web.filter.OncePerRequestFilter.doFilter(OncePerRequestFilter.java:116)
	at org.springframework.security.web.FilterChainProxy$VirtualFilterChain.doFilter(FilterChainProxy.java:374)
	at org.springframework.security.web.FilterChainProxy.doFilterInternal(FilterChainProxy.java:233)
	at org.springframework.security.web.FilterChainProxy.doFilter(FilterChainProxy.java:191)
	at org.springframework.web.filter.DelegatingFilterProxy.invokeDelegate(DelegatingFilterProxy.java:351)
	at org.springframework.web.filter.DelegatingFilterProxy.doFilter(DelegatingFilterProxy.java:267)
	at org.apache.catalina.core.ApplicationFilterChain.internalDoFilter(ApplicationFilterChain.java:185)
	at org.apache.catalina.core.ApplicationFilterChain.doFilter(ApplicationFilterChain.java:158)
	at org.springframework.web.filter.RequestContextFilter.doFilterInternal(RequestContextFilter.java:100)
	at org.springframework.web.filter.OncePerRequestFilter.doFilter(OncePerRequestFilter.java:116)
	at org.apache.catalina.core.ApplicationFilterChain.internalDoFilter(ApplicationFilterChain.java:185)
	at org.apache.catalina.core.ApplicationFilterChain.doFilter(ApplicationFilterChain.java:158)
	at org.springframework.web.filter.FormContentFilter.doFilterInternal(FormContentFilter.java:93)
	at org.springframework.web.filter.OncePerRequestFilter.doFilter(OncePerRequestFilter.java:116)
	at org.apache.catalina.core.ApplicationFilterChain.internalDoFilter(ApplicationFilterChain.java:185)
	at org.apache.catalina.core.ApplicationFilterChain.doFilter(ApplicationFilterChain.java:158)
	at org.springframework.web.filter.CharacterEncodingFilter.doFilterInternal(CharacterEncodingFilter.java:201)
	at org.springframework.web.filter.OncePerRequestFilter.doFilter(OncePerRequestFilter.java:116)
	at org.apache.catalina.core.ApplicationFilterChain.internalDoFilter(ApplicationFilterChain.java:185)
	at org.apache.catalina.core.ApplicationFilterChain.doFilter(ApplicationFilterChain.java:158)
	at org.apache.catalina.core.StandardWrapperValve.invoke(StandardWrapperValve.java:177)
	at org.apache.catalina.core.StandardContextValve.invoke(StandardContextValve.java:97)
	at org.apache.catalina.authenticator.AuthenticatorBase.invoke(AuthenticatorBase.java:542)
	at org.apache.catalina.core.StandardHostValve.invoke(StandardHostValve.java:119)
	at org.apache.catalina.valves.ErrorReportValve.invoke(ErrorReportValve.java:92)
	at org.apache.catalina.core.StandardEngineValve.invoke(StandardEngineValve.java:78)
	at org.apache.catalina.connector.CoyoteAdapter.service(CoyoteAdapter.java:357)
	at org.apache.coyote.http11.Http11Processor.service(Http11Processor.java:400)
	at org.apache.coyote.AbstractProcessorLight.process(AbstractProcessorLight.java:65)
	at org.apache.coyote.AbstractProtocol$ConnectionHandler.process(AbstractProtocol.java:859)
	at org.apache.tomcat.util.net.NioEndpoint$SocketProcessor.doRun(NioEndpoint.java:1734)
	at org.apache.tomcat.util.net.SocketProcessorBase.run(SocketProcessorBase.java:52)
	at org.apache.tomcat.util.threads.ThreadPoolExecutor.runWorker(ThreadPoolExecutor.java:1191)
	at org.apache.tomcat.util.threads.ThreadPoolExecutor$Worker.run(ThreadPoolExecutor.java:659)
	at org.apache.tomcat.util.threads.TaskThread$WrappingRunnable.run(TaskThread.java:61)
	at java.base/java.lang.Thread.run(Thread.java:833)
[35m2023-02-19 22:48:37.357[0;39m [34m[MessageBroker-1][0;39m [32mINFO [0;39m [36m[WebSocketMessageBrokerStats:128][0;39m : WebSocketSession[0 current WS(0)-HttpStream(0)-HttpPoll(0), 0 total, 0 closed abnormally (0 connect failure, 0 send limit, 0 transport error)], stompSubProtocol[processed CONNECT(0)-CONNECTED(0)-DISCONNECT(0)], stompBrokerRelay[null], inboundChannel[pool size = 0, active threads = 0, queued tasks = 0, completed tasks = 0], outboundChannel[pool size = 0, active threads = 0, queued tasks = 0, completed tasks = 0], sockJsScheduler[pool size = 1, active threads = 1, queued tasks = 0, completed tasks = 0] 
[35m2023-02-19 22:52:01.268[0;39m [34m[SpringApplicationShutdownHook][0;39m [32mINFO [0;39m [36m[SimpleBrokerMessageHandler:117][0;39m : Stopping... 
[35m2023-02-19 22:52:01.268[0;39m [34m[SpringApplicationShutdownHook][0;39m [32mINFO [0;39m [36m[SimpleBrokerMessageHandler:117][0;39m : BrokerAvailabilityEvent[available=false, SimpleBrokerMessageHandler [org.springframework.messaging.simp.broker.DefaultSubscriptionRegistry@8019a5]] 
[35m2023-02-19 22:52:01.269[0;39m [34m[SpringApplicationShutdownHook][0;39m [32mINFO [0;39m [36m[SimpleBrokerMessageHandler:117][0;39m : Stopped. 
[35m2023-02-19 22:52:01.269[0;39m [34m[SpringApplicationShutdownHook][0;39m [32mINFO [0;39m [36m[QuartzScheduler:613][0;39m : Scheduler quartzScheduler_$_NON_CLUSTERED paused. 
[35m2023-02-19 22:52:01.296[0;39m [34m[SpringApplicationShutdownHook][0;39m [32mINFO [0;39m [36m[SchedulerFactoryBean:847][0;39m : Shutting down Quartz Scheduler 
[35m2023-02-19 22:52:01.296[0;39m [34m[SpringApplicationShutdownHook][0;39m [32mINFO [0;39m [36m[QuartzScheduler:694][0;39m : Scheduler quartzScheduler_$_NON_CLUSTERED shutting down. 
[35m2023-02-19 22:52:01.296[0;39m [34m[SpringApplicationShutdownHook][0;39m [32mINFO [0;39m [36m[QuartzScheduler:613][0;39m : Scheduler quartzScheduler_$_NON_CLUSTERED paused. 
[35m2023-02-19 22:52:01.296[0;39m [34m[SpringApplicationShutdownHook][0;39m [32mINFO [0;39m [36m[QuartzScheduler:771][0;39m : Scheduler quartzScheduler_$_NON_CLUSTERED shutdown complete. 
[35m2023-02-19 22:52:01.431[0;39m [34m[SpringApplicationShutdownHook][0;39m [32mINFO [0;39m [36m[LocalContainerEntityManagerFactoryBean:650][0;39m : Closing JPA EntityManagerFactory for persistence unit 'default' 
[35m2023-02-19 22:52:01.434[0;39m [34m[SpringApplicationShutdownHook][0;39m [32mINFO [0;39m [36m[HikariDataSource:350][0;39m : HikariPool-1 - Shutdown initiated... 
[35m2023-02-19 22:52:01.444[0;39m [34m[SpringApplicationShutdownHook][0;39m [32mINFO [0;39m [36m[HikariDataSource:352][0;39m : HikariPool-1 - Shutdown completed. 
[35m2023-02-19 23:24:06.090[0;39m [34m[main][0;39m [32mINFO [0;39m [36m[GaramgaebiServerApplication:51][0;39m : Starting GaramgaebiServerApplication using Java 17.0.2 with PID 4452 (C:\Users\염석천\Server\out\production\classes started by 염석천 in C:\Users\염석천\Server) 
[35m2023-02-19 23:24:06.095[0;39m [34m[main][0;39m [32mINFO [0;39m [36m[GaramgaebiServerApplication:636][0;39m : The following 1 profile is active: "garamgaebi" 
[35m2023-02-19 23:24:07.256[0;39m [34m[main][0;39m [32mINFO [0;39m [36m[RepositoryConfigurationDelegate:294][0;39m : Multiple Spring Data modules found, entering strict repository configuration mode 
[35m2023-02-19 23:24:07.257[0;39m [34m[main][0;39m [32mINFO [0;39m [36m[RepositoryConfigurationDelegate:138][0;39m : Bootstrapping Spring Data JPA repositories in DEFAULT mode. 
[35m2023-02-19 23:24:07.572[0;39m [34m[main][0;39m [32mINFO [0;39m [36m[RepositoryConfigurationDelegate:208][0;39m : Finished Spring Data repository scanning in 301 ms. Found 13 JPA repository interfaces. 
[35m2023-02-19 23:24:07.587[0;39m [34m[main][0;39m [32mINFO [0;39m [36m[RepositoryConfigurationDelegate:294][0;39m : Multiple Spring Data modules found, entering strict repository configuration mode 
[35m2023-02-19 23:24:07.587[0;39m [34m[main][0;39m [32mINFO [0;39m [36m[RepositoryConfigurationDelegate:138][0;39m : Bootstrapping Spring Data Redis repositories in DEFAULT mode. 
[35m2023-02-19 23:24:07.603[0;39m [34m[main][0;39m [32mINFO [0;39m [36m[RepositoryConfigurationDelegate:208][0;39m : Finished Spring Data repository scanning in 1 ms. Found 0 Redis repository interfaces. 
[35m2023-02-19 23:24:07.985[0;39m [34m[main][0;39m [32mINFO [0;39m [36m[RepositoryConfigurationDelegate:294][0;39m : Multiple Spring Data modules found, entering strict repository configuration mode 
[35m2023-02-19 23:24:07.986[0;39m [34m[main][0;39m [32mINFO [0;39m [36m[RepositoryConfigurationDelegate:138][0;39m : Bootstrapping Spring Data Redis repositories in DEFAULT mode. 
[35m2023-02-19 23:24:08.016[0;39m [34m[main][0;39m [32mINFO [0;39m [36m[RepositoryConfigurationExtensionSupport:320][0;39m : Spring Data Redis - Could not safely identify store assignment for repository candidate interface com.garamgaebi.GaramgaebiServer.domain.admin.program.repository.AdminPresentationRepository; If you want this repository to be a Redis repository, consider annotating your entities with one of these annotations: org.springframework.data.redis.core.RedisHash (preferred), or consider extending one of the following types with your repository: org.springframework.data.keyvalue.repository.KeyValueRepository 
[35m2023-02-19 23:24:08.017[0;39m [34m[main][0;39m [32mINFO [0;39m [36m[RepositoryConfigurationExtensionSupport:320][0;39m : Spring Data Redis - Could not safely identify store assignment for repository candidate interface com.garamgaebi.GaramgaebiServer.domain.admin.program.repository.AdminProgramRepository; If you want this repository to be a Redis repository, consider annotating your entities with one of these annotations: org.springframework.data.redis.core.RedisHash (preferred), or consider extending one of the following types with your repository: org.springframework.data.keyvalue.repository.KeyValueRepository 
[35m2023-02-19 23:24:08.017[0;39m [34m[main][0;39m [32mINFO [0;39m [36m[RepositoryConfigurationExtensionSupport:320][0;39m : Spring Data Redis - Could not safely identify store assignment for repository candidate interface com.garamgaebi.GaramgaebiServer.domain.apply.repository.ApplyRepository; If you want this repository to be a Redis repository, consider annotating your entities with one of these annotations: org.springframework.data.redis.core.RedisHash (preferred), or consider extending one of the following types with your repository: org.springframework.data.keyvalue.repository.KeyValueRepository 
[35m2023-02-19 23:24:08.017[0;39m [34m[main][0;39m [32mINFO [0;39m [36m[RepositoryConfigurationExtensionSupport:320][0;39m : Spring Data Redis - Could not safely identify store assignment for repository candidate interface com.garamgaebi.GaramgaebiServer.domain.ice_breaking.repository.GameRepository; If you want this repository to be a Redis repository, consider annotating your entities with one of these annotations: org.springframework.data.redis.core.RedisHash (preferred), or consider extending one of the following types with your repository: org.springframework.data.keyvalue.repository.KeyValueRepository 
[35m2023-02-19 23:24:08.018[0;39m [34m[main][0;39m [32mINFO [0;39m [36m[RepositoryConfigurationExtensionSupport:320][0;39m : Spring Data Redis - Could not safely identify store assignment for repository candidate interface com.garamgaebi.GaramgaebiServer.domain.ice_breaking.repository.GameRoomMemberRepository; If you want this repository to be a Redis repository, consider annotating your entities with one of these annotations: org.springframework.data.redis.core.RedisHash (preferred), or consider extending one of the following types with your repository: org.springframework.data.keyvalue.repository.KeyValueRepository 
[35m2023-02-19 23:24:08.018[0;39m [34m[main][0;39m [32mINFO [0;39m [36m[RepositoryConfigurationExtensionSupport:320][0;39m : Spring Data Redis - Could not safely identify store assignment for repository candidate interface com.garamgaebi.GaramgaebiServer.domain.ice_breaking.repository.IceBreakingImagesRepository; If you want this repository to be a Redis repository, consider annotating your entities with one of these annotations: org.springframework.data.redis.core.RedisHash (preferred), or consider extending one of the following types with your repository: org.springframework.data.keyvalue.repository.KeyValueRepository 
[35m2023-02-19 23:24:08.019[0;39m [34m[main][0;39m [32mINFO [0;39m [36m[RepositoryConfigurationExtensionSupport:320][0;39m : Spring Data Redis - Could not safely identify store assignment for repository candidate interface com.garamgaebi.GaramgaebiServer.domain.ice_breaking.repository.ProgramGameroomRepository; If you want this repository to be a Redis repository, consider annotating your entities with one of these annotations: org.springframework.data.redis.core.RedisHash (preferred), or consider extending one of the following types with your repository: org.springframework.data.keyvalue.repository.KeyValueRepository 
[35m2023-02-19 23:24:08.019[0;39m [34m[main][0;39m [32mINFO [0;39m [36m[RepositoryConfigurationExtensionSupport:320][0;39m : Spring Data Redis - Could not safely identify store assignment for repository candidate interface com.garamgaebi.GaramgaebiServer.domain.member.repository.MemberQuitRepository; If you want this repository to be a Redis repository, consider annotating your entities with one of these annotations: org.springframework.data.redis.core.RedisHash (preferred), or consider extending one of the following types with your repository: org.springframework.data.keyvalue.repository.KeyValueRepository 
[35m2023-02-19 23:24:08.020[0;39m [34m[main][0;39m [32mINFO [0;39m [36m[RepositoryConfigurationExtensionSupport:320][0;39m : Spring Data Redis - Could not safely identify store assignment for repository candidate interface com.garamgaebi.GaramgaebiServer.domain.member.repository.MemberRepository; If you want this repository to be a Redis repository, consider annotating your entities with one of these annotations: org.springframework.data.redis.core.RedisHash (preferred), or consider extending one of the following types with your repository: org.springframework.data.keyvalue.repository.KeyValueRepository 
[35m2023-02-19 23:24:08.021[0;39m [34m[main][0;39m [32mINFO [0;39m [36m[RepositoryConfigurationExtensionSupport:320][0;39m : Spring Data Redis - Could not safely identify store assignment for repository candidate interface com.garamgaebi.GaramgaebiServer.domain.member.repository.MemberRolesRepository; If you want this repository to be a Redis repository, consider annotating your entities with one of these annotations: org.springframework.data.redis.core.RedisHash (preferred), or consider extending one of the following types with your repository: org.springframework.data.keyvalue.repository.KeyValueRepository 
[35m2023-02-19 23:24:08.021[0;39m [34m[main][0;39m [32mINFO [0;39m [36m[RepositoryConfigurationExtensionSupport:320][0;39m : Spring Data Redis - Could not safely identify store assignment for repository candidate interface com.garamgaebi.GaramgaebiServer.domain.notification.repository.MemberNotificationRepository; If you want this repository to be a Redis repository, consider annotating your entities with one of these annotations: org.springframework.data.redis.core.RedisHash (preferred), or consider extending one of the following types with your repository: org.springframework.data.keyvalue.repository.KeyValueRepository 
[35m2023-02-19 23:24:08.021[0;39m [34m[main][0;39m [32mINFO [0;39m [36m[RepositoryConfigurationExtensionSupport:320][0;39m : Spring Data Redis - Could not safely identify store assignment for repository candidate interface com.garamgaebi.GaramgaebiServer.domain.notification.repository.NotificationRepository; If you want this repository to be a Redis repository, consider annotating your entities with one of these annotations: org.springframework.data.redis.core.RedisHash (preferred), or consider extending one of the following types with your repository: org.springframework.data.keyvalue.repository.KeyValueRepository 
[35m2023-02-19 23:24:08.021[0;39m [34m[main][0;39m [32mINFO [0;39m [36m[RepositoryConfigurationExtensionSupport:320][0;39m : Spring Data Redis - Could not safely identify store assignment for repository candidate interface com.garamgaebi.GaramgaebiServer.domain.program.repository.ProgramRepository; If you want this repository to be a Redis repository, consider annotating your entities with one of these annotations: org.springframework.data.redis.core.RedisHash (preferred), or consider extending one of the following types with your repository: org.springframework.data.keyvalue.repository.KeyValueRepository 
[35m2023-02-19 23:24:08.022[0;39m [34m[main][0;39m [32mINFO [0;39m [36m[RepositoryConfigurationDelegate:208][0;39m : Finished Spring Data repository scanning in 35 ms. Found 0 Redis repository interfaces. 
[35m2023-02-19 23:24:08.978[0;39m [34m[main][0;39m [32mINFO [0;39m [36m[TomcatWebServer:108][0;39m : Tomcat initialized with port(s): 8080 (http) 
[35m2023-02-19 23:24:08.993[0;39m [34m[main][0;39m [32mINFO [0;39m [36m[StandardService:173][0;39m : Starting service [Tomcat] 
[35m2023-02-19 23:24:08.993[0;39m [34m[main][0;39m [32mINFO [0;39m [36m[StandardEngine:173][0;39m : Starting Servlet engine: [Apache Tomcat/10.1.4] 
[35m2023-02-19 23:24:09.080[0;39m [34m[main][0;39m [32mINFO [0;39m [36m[[/]:173][0;39m : Initializing Spring embedded WebApplicationContext 
[35m2023-02-19 23:24:09.081[0;39m [34m[main][0;39m [32mINFO [0;39m [36m[ServletWebServerApplicationContext:291][0;39m : Root WebApplicationContext: initialization completed in 2935 ms 
[35m2023-02-19 23:24:09.293[0;39m [34m[main][0;39m [32mINFO [0;39m [36m[HikariDataSource:110][0;39m : HikariPool-1 - Starting... 
[35m2023-02-19 23:24:09.706[0;39m [34m[main][0;39m [32mINFO [0;39m [36m[PoolBase:536][0;39m : HikariPool-1 - Driver does not support get/set network timeout for connections. (Receiver class net.sf.log4jdbc.sql.jdbcapi.ConnectionSpy does not define or inherit an implementation of the resolved method 'abstract int getNetworkTimeout()' of interface java.sql.Connection.) 
[35m2023-02-19 23:24:09.709[0;39m [34m[main][0;39m [32mINFO [0;39m [36m[HikariPool:565][0;39m : HikariPool-1 - Added connection net.sf.log4jdbc.sql.jdbcapi.ConnectionSpy@64665781 
[35m2023-02-19 23:24:09.712[0;39m [34m[main][0;39m [32mINFO [0;39m [36m[HikariDataSource:123][0;39m : HikariPool-1 - Start completed. 
[35m2023-02-19 23:24:09.760[0;39m [34m[main][0;39m [32mINFO [0;39m [36m[LogHelper:31][0;39m : HHH000204: Processing PersistenceUnitInfo [name: default] 
[35m2023-02-19 23:24:09.851[0;39m [34m[main][0;39m [32mINFO [0;39m [36m[Version:44][0;39m : HHH000412: Hibernate ORM core version 6.1.6.Final 
[35m2023-02-19 23:24:10.386[0;39m [34m[main][0;39m [32mINFO [0;39m [36m[SQL dialect:66][0;39m : HHH000400: Using dialect: org.hibernate.dialect.MySQLDialect 
[35m2023-02-19 23:24:11.639[0;39m [34m[main][0;39m [32mINFO [0;39m [36m[JtaPlatformInitiator:51][0;39m : HHH000490: Using JtaPlatform implementation: [org.hibernate.engine.transaction.jta.platform.internal.NoJtaPlatform] 
[35m2023-02-19 23:24:11.654[0;39m [34m[main][0;39m [32mINFO [0;39m [36m[LocalContainerEntityManagerFactoryBean:437][0;39m : Initialized JPA EntityManagerFactory for persistence unit 'default' 
[35m2023-02-19 23:24:14.502[0;39m [34m[main][0;39m [32mINFO [0;39m [36m[StdSchedulerFactory:1184][0;39m : Using default implementation for ThreadExecutor 
[35m2023-02-19 23:24:14.507[0;39m [34m[main][0;39m [32mINFO [0;39m [36m[SimpleThreadPool:268][0;39m : Job execution threads will use class loader of thread: main 
[35m2023-02-19 23:24:14.523[0;39m [34m[main][0;39m [32mINFO [0;39m [36m[SchedulerSignalerImpl:61][0;39m : Initialized Scheduler Signaller of type: class org.quartz.core.SchedulerSignalerImpl 
[35m2023-02-19 23:24:14.525[0;39m [34m[main][0;39m [32mINFO [0;39m [36m[QuartzScheduler:240][0;39m : Quartz Scheduler v.2.2.1 created. 
[35m2023-02-19 23:24:14.526[0;39m [34m[main][0;39m [32mINFO [0;39m [36m[RAMJobStore:155][0;39m : RAMJobStore initialized. 
[35m2023-02-19 23:24:14.527[0;39m [34m[main][0;39m [32mINFO [0;39m [36m[QuartzScheduler:305][0;39m : Scheduler meta-data: Quartz Scheduler (v2.2.1) 'DefaultQuartzScheduler' with instanceId 'NON_CLUSTERED'
  Scheduler class: 'org.quartz.core.QuartzScheduler' - running locally.
  NOT STARTED.
  Currently in standby mode.
  Number of jobs executed: 0
  Using thread pool 'org.quartz.simpl.SimpleThreadPool' - with 10 threads.
  Using job-store 'org.quartz.simpl.RAMJobStore' - which does not support persistence. and is not clustered.
 
[35m2023-02-19 23:24:14.528[0;39m [34m[main][0;39m [32mINFO [0;39m [36m[StdSchedulerFactory:1339][0;39m : Quartz scheduler 'DefaultQuartzScheduler' initialized from default resource file in Quartz package: 'quartz.properties' 
[35m2023-02-19 23:24:14.528[0;39m [34m[main][0;39m [32mINFO [0;39m [36m[StdSchedulerFactory:1343][0;39m : Quartz scheduler version: 2.2.1 
[35m2023-02-19 23:24:14.528[0;39m [34m[main][0;39m [32mINFO [0;39m [36m[QuartzScheduler:575][0;39m : Scheduler DefaultQuartzScheduler_$_NON_CLUSTERED started. 
[35m2023-02-19 23:24:16.467[0;39m [34m[main][0;39m [32mINFO [0;39m [36m[DefaultSecurityFilterChain:54][0;39m : Will secure any request with [org.springframework.security.web.session.DisableEncodeUrlFilter@785d194d, org.springframework.security.web.context.request.async.WebAsyncManagerIntegrationFilter@6c249eb5, org.springframework.security.web.context.SecurityContextHolderFilter@4be2f788, org.springframework.security.web.header.HeaderWriterFilter@45ee48e7, org.springframework.security.web.authentication.logout.LogoutFilter@65dfce2f, com.garamgaebi.GaramgaebiServer.global.security.JwtAuthenticationFilter@1ad7892, org.springframework.security.web.savedrequest.RequestCacheAwareFilter@7f77131b, org.springframework.security.web.servletapi.SecurityContextHolderAwareRequestFilter@6a9781fd, org.springframework.security.web.authentication.AnonymousAuthenticationFilter@7d9c448f, org.springframework.security.web.session.SessionManagementFilter@5fdd9b96, org.springframework.security.web.access.ExceptionTranslationFilter@4e0d2ddd, org.springframework.security.web.access.intercept.AuthorizationFilter@5ddc077b] 
[35m2023-02-19 23:24:16.912[0;39m [34m[main][0;39m [32mINFO [0;39m [36m[StdSchedulerFactory:1184][0;39m : Using default implementation for ThreadExecutor 
[35m2023-02-19 23:24:16.913[0;39m [34m[main][0;39m [32mINFO [0;39m [36m[SchedulerSignalerImpl:61][0;39m : Initialized Scheduler Signaller of type: class org.quartz.core.SchedulerSignalerImpl 
[35m2023-02-19 23:24:16.914[0;39m [34m[main][0;39m [32mINFO [0;39m [36m[QuartzScheduler:240][0;39m : Quartz Scheduler v.2.2.1 created. 
[35m2023-02-19 23:24:16.914[0;39m [34m[main][0;39m [32mINFO [0;39m [36m[RAMJobStore:155][0;39m : RAMJobStore initialized. 
[35m2023-02-19 23:24:16.914[0;39m [34m[main][0;39m [32mINFO [0;39m [36m[QuartzScheduler:305][0;39m : Scheduler meta-data: Quartz Scheduler (v2.2.1) 'quartzScheduler' with instanceId 'NON_CLUSTERED'
  Scheduler class: 'org.quartz.core.QuartzScheduler' - running locally.
  NOT STARTED.
  Currently in standby mode.
  Number of jobs executed: 0
  Using thread pool 'org.quartz.simpl.SimpleThreadPool' - with 10 threads.
  Using job-store 'org.quartz.simpl.RAMJobStore' - which does not support persistence. and is not clustered.
 
[35m2023-02-19 23:24:16.914[0;39m [34m[main][0;39m [32mINFO [0;39m [36m[StdSchedulerFactory:1339][0;39m : Quartz scheduler 'quartzScheduler' initialized from an externally provided properties instance. 
[35m2023-02-19 23:24:16.914[0;39m [34m[main][0;39m [32mINFO [0;39m [36m[StdSchedulerFactory:1343][0;39m : Quartz scheduler version: 2.2.1 
[35m2023-02-19 23:24:16.915[0;39m [34m[main][0;39m [32mINFO [0;39m [36m[QuartzScheduler:2311][0;39m : JobFactory set to: org.springframework.scheduling.quartz.SpringBeanJobFactory@5fee6979 
[35m2023-02-19 23:24:16.997[0;39m [34m[main][0;39m [32mINFO [0;39m [36m[TomcatWebServer:220][0;39m : Tomcat started on port(s): 8080 (http) with context path '' 
[35m2023-02-19 23:24:17.000[0;39m [34m[main][0;39m [32mINFO [0;39m [36m[SimpleBrokerMessageHandler:117][0;39m : Starting... 
[35m2023-02-19 23:24:17.001[0;39m [34m[main][0;39m [32mINFO [0;39m [36m[SimpleBrokerMessageHandler:117][0;39m : BrokerAvailabilityEvent[available=true, SimpleBrokerMessageHandler [org.springframework.messaging.simp.broker.DefaultSubscriptionRegistry@4474a287]] 
[35m2023-02-19 23:24:17.001[0;39m [34m[main][0;39m [32mINFO [0;39m [36m[SimpleBrokerMessageHandler:117][0;39m : Started. 
[35m2023-02-19 23:24:17.001[0;39m [34m[main][0;39m [32mINFO [0;39m [36m[SchedulerFactoryBean:729][0;39m : Starting Quartz Scheduler now 
[35m2023-02-19 23:24:17.001[0;39m [34m[main][0;39m [32mINFO [0;39m [36m[QuartzScheduler:575][0;39m : Scheduler quartzScheduler_$_NON_CLUSTERED started. 
[35m2023-02-19 23:24:17.009[0;39m [34m[main][0;39m [32mINFO [0;39m [36m[GaramgaebiServerApplication:57][0;39m : Started GaramgaebiServerApplication in 11.624 seconds (process running for 12.718) 
[35m2023-02-19 23:24:19.203[0;39m [34m[SpringApplicationShutdownHook][0;39m [32mINFO [0;39m [36m[SimpleBrokerMessageHandler:117][0;39m : Stopping... 
[35m2023-02-19 23:24:19.203[0;39m [34m[SpringApplicationShutdownHook][0;39m [32mINFO [0;39m [36m[SimpleBrokerMessageHandler:117][0;39m : BrokerAvailabilityEvent[available=false, SimpleBrokerMessageHandler [org.springframework.messaging.simp.broker.DefaultSubscriptionRegistry@4474a287]] 
[35m2023-02-19 23:24:19.204[0;39m [34m[SpringApplicationShutdownHook][0;39m [32mINFO [0;39m [36m[SimpleBrokerMessageHandler:117][0;39m : Stopped. 
[35m2023-02-19 23:24:19.204[0;39m [34m[SpringApplicationShutdownHook][0;39m [32mINFO [0;39m [36m[QuartzScheduler:613][0;39m : Scheduler quartzScheduler_$_NON_CLUSTERED paused. 
[35m2023-02-19 23:24:19.227[0;39m [34m[SpringApplicationShutdownHook][0;39m [32mINFO [0;39m [36m[SchedulerFactoryBean:847][0;39m : Shutting down Quartz Scheduler 
[35m2023-02-19 23:24:19.227[0;39m [34m[SpringApplicationShutdownHook][0;39m [32mINFO [0;39m [36m[QuartzScheduler:694][0;39m : Scheduler quartzScheduler_$_NON_CLUSTERED shutting down. 
[35m2023-02-19 23:24:19.227[0;39m [34m[SpringApplicationShutdownHook][0;39m [32mINFO [0;39m [36m[QuartzScheduler:613][0;39m : Scheduler quartzScheduler_$_NON_CLUSTERED paused. 
[35m2023-02-19 23:24:19.227[0;39m [34m[SpringApplicationShutdownHook][0;39m [32mINFO [0;39m [36m[QuartzScheduler:771][0;39m : Scheduler quartzScheduler_$_NON_CLUSTERED shutdown complete. 
[35m2023-02-19 23:24:19.352[0;39m [34m[SpringApplicationShutdownHook][0;39m [32mINFO [0;39m [36m[LocalContainerEntityManagerFactoryBean:650][0;39m : Closing JPA EntityManagerFactory for persistence unit 'default' 
[35m2023-02-19 23:24:19.354[0;39m [34m[SpringApplicationShutdownHook][0;39m [32mINFO [0;39m [36m[HikariDataSource:350][0;39m : HikariPool-1 - Shutdown initiated... 
[35m2023-02-19 23:24:19.361[0;39m [34m[SpringApplicationShutdownHook][0;39m [32mINFO [0;39m [36m[HikariDataSource:352][0;39m : HikariPool-1 - Shutdown completed. 
[35m2023-02-19 23:51:29.900[0;39m [34m[main][0;39m [32mINFO [0;39m [36m[GaramgaebiServerApplication:51][0;39m : Starting GaramgaebiServerApplication using Java 17.0.2 with PID 6376 (C:\Users\염석천\Server\out\production\classes started by 염석천 in C:\Users\염석천\Server) 
[35m2023-02-19 23:51:29.904[0;39m [34m[main][0;39m [32mINFO [0;39m [36m[GaramgaebiServerApplication:636][0;39m : The following 1 profile is active: "garamgaebi" 
[35m2023-02-19 23:51:30.946[0;39m [34m[main][0;39m [32mINFO [0;39m [36m[RepositoryConfigurationDelegate:294][0;39m : Multiple Spring Data modules found, entering strict repository configuration mode 
[35m2023-02-19 23:51:30.946[0;39m [34m[main][0;39m [32mINFO [0;39m [36m[RepositoryConfigurationDelegate:138][0;39m : Bootstrapping Spring Data JPA repositories in DEFAULT mode. 
[35m2023-02-19 23:51:31.253[0;39m [34m[main][0;39m [32mINFO [0;39m [36m[RepositoryConfigurationDelegate:208][0;39m : Finished Spring Data repository scanning in 295 ms. Found 13 JPA repository interfaces. 
[35m2023-02-19 23:51:31.261[0;39m [34m[main][0;39m [32mINFO [0;39m [36m[RepositoryConfigurationDelegate:294][0;39m : Multiple Spring Data modules found, entering strict repository configuration mode 
[35m2023-02-19 23:51:31.262[0;39m [34m[main][0;39m [32mINFO [0;39m [36m[RepositoryConfigurationDelegate:138][0;39m : Bootstrapping Spring Data Redis repositories in DEFAULT mode. 
[35m2023-02-19 23:51:31.286[0;39m [34m[main][0;39m [32mINFO [0;39m [36m[RepositoryConfigurationDelegate:208][0;39m : Finished Spring Data repository scanning in 1 ms. Found 0 Redis repository interfaces. 
[35m2023-02-19 23:51:31.668[0;39m [34m[main][0;39m [32mINFO [0;39m [36m[RepositoryConfigurationDelegate:294][0;39m : Multiple Spring Data modules found, entering strict repository configuration mode 
[35m2023-02-19 23:51:31.669[0;39m [34m[main][0;39m [32mINFO [0;39m [36m[RepositoryConfigurationDelegate:138][0;39m : Bootstrapping Spring Data Redis repositories in DEFAULT mode. 
[35m2023-02-19 23:51:31.699[0;39m [34m[main][0;39m [32mINFO [0;39m [36m[RepositoryConfigurationExtensionSupport:320][0;39m : Spring Data Redis - Could not safely identify store assignment for repository candidate interface com.garamgaebi.GaramgaebiServer.domain.admin.program.repository.AdminPresentationRepository; If you want this repository to be a Redis repository, consider annotating your entities with one of these annotations: org.springframework.data.redis.core.RedisHash (preferred), or consider extending one of the following types with your repository: org.springframework.data.keyvalue.repository.KeyValueRepository 
[35m2023-02-19 23:51:31.700[0;39m [34m[main][0;39m [32mINFO [0;39m [36m[RepositoryConfigurationExtensionSupport:320][0;39m : Spring Data Redis - Could not safely identify store assignment for repository candidate interface com.garamgaebi.GaramgaebiServer.domain.admin.program.repository.AdminProgramRepository; If you want this repository to be a Redis repository, consider annotating your entities with one of these annotations: org.springframework.data.redis.core.RedisHash (preferred), or consider extending one of the following types with your repository: org.springframework.data.keyvalue.repository.KeyValueRepository 
[35m2023-02-19 23:51:31.700[0;39m [34m[main][0;39m [32mINFO [0;39m [36m[RepositoryConfigurationExtensionSupport:320][0;39m : Spring Data Redis - Could not safely identify store assignment for repository candidate interface com.garamgaebi.GaramgaebiServer.domain.apply.repository.ApplyRepository; If you want this repository to be a Redis repository, consider annotating your entities with one of these annotations: org.springframework.data.redis.core.RedisHash (preferred), or consider extending one of the following types with your repository: org.springframework.data.keyvalue.repository.KeyValueRepository 
[35m2023-02-19 23:51:31.701[0;39m [34m[main][0;39m [32mINFO [0;39m [36m[RepositoryConfigurationExtensionSupport:320][0;39m : Spring Data Redis - Could not safely identify store assignment for repository candidate interface com.garamgaebi.GaramgaebiServer.domain.ice_breaking.repository.GameRepository; If you want this repository to be a Redis repository, consider annotating your entities with one of these annotations: org.springframework.data.redis.core.RedisHash (preferred), or consider extending one of the following types with your repository: org.springframework.data.keyvalue.repository.KeyValueRepository 
[35m2023-02-19 23:51:31.702[0;39m [34m[main][0;39m [32mINFO [0;39m [36m[RepositoryConfigurationExtensionSupport:320][0;39m : Spring Data Redis - Could not safely identify store assignment for repository candidate interface com.garamgaebi.GaramgaebiServer.domain.ice_breaking.repository.GameRoomMemberRepository; If you want this repository to be a Redis repository, consider annotating your entities with one of these annotations: org.springframework.data.redis.core.RedisHash (preferred), or consider extending one of the following types with your repository: org.springframework.data.keyvalue.repository.KeyValueRepository 
[35m2023-02-19 23:51:31.702[0;39m [34m[main][0;39m [32mINFO [0;39m [36m[RepositoryConfigurationExtensionSupport:320][0;39m : Spring Data Redis - Could not safely identify store assignment for repository candidate interface com.garamgaebi.GaramgaebiServer.domain.ice_breaking.repository.IceBreakingImagesRepository; If you want this repository to be a Redis repository, consider annotating your entities with one of these annotations: org.springframework.data.redis.core.RedisHash (preferred), or consider extending one of the following types with your repository: org.springframework.data.keyvalue.repository.KeyValueRepository 
[35m2023-02-19 23:51:31.703[0;39m [34m[main][0;39m [32mINFO [0;39m [36m[RepositoryConfigurationExtensionSupport:320][0;39m : Spring Data Redis - Could not safely identify store assignment for repository candidate interface com.garamgaebi.GaramgaebiServer.domain.ice_breaking.repository.ProgramGameroomRepository; If you want this repository to be a Redis repository, consider annotating your entities with one of these annotations: org.springframework.data.redis.core.RedisHash (preferred), or consider extending one of the following types with your repository: org.springframework.data.keyvalue.repository.KeyValueRepository 
[35m2023-02-19 23:51:31.703[0;39m [34m[main][0;39m [32mINFO [0;39m [36m[RepositoryConfigurationExtensionSupport:320][0;39m : Spring Data Redis - Could not safely identify store assignment for repository candidate interface com.garamgaebi.GaramgaebiServer.domain.member.repository.MemberQuitRepository; If you want this repository to be a Redis repository, consider annotating your entities with one of these annotations: org.springframework.data.redis.core.RedisHash (preferred), or consider extending one of the following types with your repository: org.springframework.data.keyvalue.repository.KeyValueRepository 
[35m2023-02-19 23:51:31.705[0;39m [34m[main][0;39m [32mINFO [0;39m [36m[RepositoryConfigurationExtensionSupport:320][0;39m : Spring Data Redis - Could not safely identify store assignment for repository candidate interface com.garamgaebi.GaramgaebiServer.domain.member.repository.MemberRepository; If you want this repository to be a Redis repository, consider annotating your entities with one of these annotations: org.springframework.data.redis.core.RedisHash (preferred), or consider extending one of the following types with your repository: org.springframework.data.keyvalue.repository.KeyValueRepository 
[35m2023-02-19 23:51:31.705[0;39m [34m[main][0;39m [32mINFO [0;39m [36m[RepositoryConfigurationExtensionSupport:320][0;39m : Spring Data Redis - Could not safely identify store assignment for repository candidate interface com.garamgaebi.GaramgaebiServer.domain.member.repository.MemberRolesRepository; If you want this repository to be a Redis repository, consider annotating your entities with one of these annotations: org.springframework.data.redis.core.RedisHash (preferred), or consider extending one of the following types with your repository: org.springframework.data.keyvalue.repository.KeyValueRepository 
[35m2023-02-19 23:51:31.706[0;39m [34m[main][0;39m [32mINFO [0;39m [36m[RepositoryConfigurationExtensionSupport:320][0;39m : Spring Data Redis - Could not safely identify store assignment for repository candidate interface com.garamgaebi.GaramgaebiServer.domain.notification.repository.MemberNotificationRepository; If you want this repository to be a Redis repository, consider annotating your entities with one of these annotations: org.springframework.data.redis.core.RedisHash (preferred), or consider extending one of the following types with your repository: org.springframework.data.keyvalue.repository.KeyValueRepository 
[35m2023-02-19 23:51:31.707[0;39m [34m[main][0;39m [32mINFO [0;39m [36m[RepositoryConfigurationExtensionSupport:320][0;39m : Spring Data Redis - Could not safely identify store assignment for repository candidate interface com.garamgaebi.GaramgaebiServer.domain.notification.repository.NotificationRepository; If you want this repository to be a Redis repository, consider annotating your entities with one of these annotations: org.springframework.data.redis.core.RedisHash (preferred), or consider extending one of the following types with your repository: org.springframework.data.keyvalue.repository.KeyValueRepository 
[35m2023-02-19 23:51:31.707[0;39m [34m[main][0;39m [32mINFO [0;39m [36m[RepositoryConfigurationExtensionSupport:320][0;39m : Spring Data Redis - Could not safely identify store assignment for repository candidate interface com.garamgaebi.GaramgaebiServer.domain.program.repository.ProgramRepository; If you want this repository to be a Redis repository, consider annotating your entities with one of these annotations: org.springframework.data.redis.core.RedisHash (preferred), or consider extending one of the following types with your repository: org.springframework.data.keyvalue.repository.KeyValueRepository 
[35m2023-02-19 23:51:31.707[0;39m [34m[main][0;39m [32mINFO [0;39m [36m[RepositoryConfigurationDelegate:208][0;39m : Finished Spring Data repository scanning in 38 ms. Found 0 Redis repository interfaces. 
[35m2023-02-19 23:51:32.690[0;39m [34m[main][0;39m [32mINFO [0;39m [36m[TomcatWebServer:108][0;39m : Tomcat initialized with port(s): 8080 (http) 
[35m2023-02-19 23:51:32.704[0;39m [34m[main][0;39m [32mINFO [0;39m [36m[StandardService:173][0;39m : Starting service [Tomcat] 
[35m2023-02-19 23:51:32.704[0;39m [34m[main][0;39m [32mINFO [0;39m [36m[StandardEngine:173][0;39m : Starting Servlet engine: [Apache Tomcat/10.1.4] 
[35m2023-02-19 23:51:32.791[0;39m [34m[main][0;39m [32mINFO [0;39m [36m[[/]:173][0;39m : Initializing Spring embedded WebApplicationContext 
[35m2023-02-19 23:51:32.792[0;39m [34m[main][0;39m [32mINFO [0;39m [36m[ServletWebServerApplicationContext:291][0;39m : Root WebApplicationContext: initialization completed in 2827 ms 
[35m2023-02-19 23:51:33.015[0;39m [34m[main][0;39m [32mINFO [0;39m [36m[HikariDataSource:110][0;39m : HikariPool-1 - Starting... 
[35m2023-02-19 23:51:33.590[0;39m [34m[main][0;39m [32mINFO [0;39m [36m[PoolBase:536][0;39m : HikariPool-1 - Driver does not support get/set network timeout for connections. (Receiver class net.sf.log4jdbc.sql.jdbcapi.ConnectionSpy does not define or inherit an implementation of the resolved method 'abstract int getNetworkTimeout()' of interface java.sql.Connection.) 
[35m2023-02-19 23:51:33.592[0;39m [34m[main][0;39m [32mINFO [0;39m [36m[HikariPool:565][0;39m : HikariPool-1 - Added connection net.sf.log4jdbc.sql.jdbcapi.ConnectionSpy@4045fd1f 
[35m2023-02-19 23:51:33.596[0;39m [34m[main][0;39m [32mINFO [0;39m [36m[HikariDataSource:123][0;39m : HikariPool-1 - Start completed. 
[35m2023-02-19 23:51:33.646[0;39m [34m[main][0;39m [32mINFO [0;39m [36m[LogHelper:31][0;39m : HHH000204: Processing PersistenceUnitInfo [name: default] 
[35m2023-02-19 23:51:33.729[0;39m [34m[main][0;39m [32mINFO [0;39m [36m[Version:44][0;39m : HHH000412: Hibernate ORM core version 6.1.6.Final 
[35m2023-02-19 23:51:34.239[0;39m [34m[main][0;39m [32mINFO [0;39m [36m[SQL dialect:66][0;39m : HHH000400: Using dialect: org.hibernate.dialect.MySQLDialect 
[35m2023-02-19 23:51:35.458[0;39m [34m[main][0;39m [32mINFO [0;39m [36m[JtaPlatformInitiator:51][0;39m : HHH000490: Using JtaPlatform implementation: [org.hibernate.engine.transaction.jta.platform.internal.NoJtaPlatform] 
[35m2023-02-19 23:51:35.472[0;39m [34m[main][0;39m [32mINFO [0;39m [36m[LocalContainerEntityManagerFactoryBean:437][0;39m : Initialized JPA EntityManagerFactory for persistence unit 'default' 
[35m2023-02-19 23:51:38.055[0;39m [34m[main][0;39m [32mINFO [0;39m [36m[StdSchedulerFactory:1184][0;39m : Using default implementation for ThreadExecutor 
[35m2023-02-19 23:51:38.059[0;39m [34m[main][0;39m [32mINFO [0;39m [36m[SimpleThreadPool:268][0;39m : Job execution threads will use class loader of thread: main 
[35m2023-02-19 23:51:38.074[0;39m [34m[main][0;39m [32mINFO [0;39m [36m[SchedulerSignalerImpl:61][0;39m : Initialized Scheduler Signaller of type: class org.quartz.core.SchedulerSignalerImpl 
[35m2023-02-19 23:51:38.076[0;39m [34m[main][0;39m [32mINFO [0;39m [36m[QuartzScheduler:240][0;39m : Quartz Scheduler v.2.2.1 created. 
[35m2023-02-19 23:51:38.077[0;39m [34m[main][0;39m [32mINFO [0;39m [36m[RAMJobStore:155][0;39m : RAMJobStore initialized. 
[35m2023-02-19 23:51:38.078[0;39m [34m[main][0;39m [32mINFO [0;39m [36m[QuartzScheduler:305][0;39m : Scheduler meta-data: Quartz Scheduler (v2.2.1) 'DefaultQuartzScheduler' with instanceId 'NON_CLUSTERED'
  Scheduler class: 'org.quartz.core.QuartzScheduler' - running locally.
  NOT STARTED.
  Currently in standby mode.
  Number of jobs executed: 0
  Using thread pool 'org.quartz.simpl.SimpleThreadPool' - with 10 threads.
  Using job-store 'org.quartz.simpl.RAMJobStore' - which does not support persistence. and is not clustered.
 
[35m2023-02-19 23:51:38.079[0;39m [34m[main][0;39m [32mINFO [0;39m [36m[StdSchedulerFactory:1339][0;39m : Quartz scheduler 'DefaultQuartzScheduler' initialized from default resource file in Quartz package: 'quartz.properties' 
[35m2023-02-19 23:51:38.079[0;39m [34m[main][0;39m [32mINFO [0;39m [36m[StdSchedulerFactory:1343][0;39m : Quartz scheduler version: 2.2.1 
[35m2023-02-19 23:51:38.079[0;39m [34m[main][0;39m [32mINFO [0;39m [36m[QuartzScheduler:575][0;39m : Scheduler DefaultQuartzScheduler_$_NON_CLUSTERED started. 
[35m2023-02-19 23:51:40.232[0;39m [34m[main][0;39m [32mINFO [0;39m [36m[DefaultSecurityFilterChain:54][0;39m : Will secure any request with [org.springframework.security.web.session.DisableEncodeUrlFilter@6fd364a3, org.springframework.security.web.context.request.async.WebAsyncManagerIntegrationFilter@62b26bef, org.springframework.security.web.context.SecurityContextHolderFilter@785d194d, org.springframework.security.web.header.HeaderWriterFilter@65dfce2f, org.springframework.security.web.authentication.logout.LogoutFilter@5c991516, com.garamgaebi.GaramgaebiServer.global.security.JwtAuthenticationFilter@7262e23e, org.springframework.security.web.savedrequest.RequestCacheAwareFilter@6d1bbd00, org.springframework.security.web.servletapi.SecurityContextHolderAwareRequestFilter@16bee5fe, org.springframework.security.web.authentication.AnonymousAuthenticationFilter@56e7f92f, org.springframework.security.web.session.SessionManagementFilter@44c073bd, org.springframework.security.web.access.ExceptionTranslationFilter@1b018f9, org.springframework.security.web.access.intercept.AuthorizationFilter@4e125be1] 
[35m2023-02-19 23:51:40.679[0;39m [34m[main][0;39m [32mINFO [0;39m [36m[StdSchedulerFactory:1184][0;39m : Using default implementation for ThreadExecutor 
[35m2023-02-19 23:51:40.680[0;39m [34m[main][0;39m [32mINFO [0;39m [36m[SchedulerSignalerImpl:61][0;39m : Initialized Scheduler Signaller of type: class org.quartz.core.SchedulerSignalerImpl 
[35m2023-02-19 23:51:40.681[0;39m [34m[main][0;39m [32mINFO [0;39m [36m[QuartzScheduler:240][0;39m : Quartz Scheduler v.2.2.1 created. 
[35m2023-02-19 23:51:40.681[0;39m [34m[main][0;39m [32mINFO [0;39m [36m[RAMJobStore:155][0;39m : RAMJobStore initialized. 
[35m2023-02-19 23:51:40.682[0;39m [34m[main][0;39m [32mINFO [0;39m [36m[QuartzScheduler:305][0;39m : Scheduler meta-data: Quartz Scheduler (v2.2.1) 'quartzScheduler' with instanceId 'NON_CLUSTERED'
  Scheduler class: 'org.quartz.core.QuartzScheduler' - running locally.
  NOT STARTED.
  Currently in standby mode.
  Number of jobs executed: 0
  Using thread pool 'org.quartz.simpl.SimpleThreadPool' - with 10 threads.
  Using job-store 'org.quartz.simpl.RAMJobStore' - which does not support persistence. and is not clustered.
 
[35m2023-02-19 23:51:40.682[0;39m [34m[main][0;39m [32mINFO [0;39m [36m[StdSchedulerFactory:1339][0;39m : Quartz scheduler 'quartzScheduler' initialized from an externally provided properties instance. 
[35m2023-02-19 23:51:40.682[0;39m [34m[main][0;39m [32mINFO [0;39m [36m[StdSchedulerFactory:1343][0;39m : Quartz scheduler version: 2.2.1 
[35m2023-02-19 23:51:40.682[0;39m [34m[main][0;39m [32mINFO [0;39m [36m[QuartzScheduler:2311][0;39m : JobFactory set to: org.springframework.scheduling.quartz.SpringBeanJobFactory@42542698 
[35m2023-02-19 23:51:40.777[0;39m [34m[main][0;39m [32mINFO [0;39m [36m[TomcatWebServer:220][0;39m : Tomcat started on port(s): 8080 (http) with context path '' 
[35m2023-02-19 23:51:40.779[0;39m [34m[main][0;39m [32mINFO [0;39m [36m[SimpleBrokerMessageHandler:117][0;39m : Starting... 
[35m2023-02-19 23:51:40.780[0;39m [34m[main][0;39m [32mINFO [0;39m [36m[SimpleBrokerMessageHandler:117][0;39m : BrokerAvailabilityEvent[available=true, SimpleBrokerMessageHandler [org.springframework.messaging.simp.broker.DefaultSubscriptionRegistry@7fb3e6b0]] 
[35m2023-02-19 23:51:40.780[0;39m [34m[main][0;39m [32mINFO [0;39m [36m[SimpleBrokerMessageHandler:117][0;39m : Started. 
[35m2023-02-19 23:51:40.781[0;39m [34m[main][0;39m [32mINFO [0;39m [36m[SchedulerFactoryBean:729][0;39m : Starting Quartz Scheduler now 
[35m2023-02-19 23:51:40.781[0;39m [34m[main][0;39m [32mINFO [0;39m [36m[QuartzScheduler:575][0;39m : Scheduler quartzScheduler_$_NON_CLUSTERED started. 
[35m2023-02-19 23:51:40.790[0;39m [34m[main][0;39m [32mINFO [0;39m [36m[GaramgaebiServerApplication:57][0;39m : Started GaramgaebiServerApplication in 11.67 seconds (process running for 13.039) 
[35m2023-02-19 23:52:36.472[0;39m [34m[http-nio-8080-exec-3][0;39m [32mINFO [0;39m [36m[Http11Processor:175][0;39m : Error parsing HTTP request header
 Note: further occurrences of HTTP request parsing errors will be logged at DEBUG level. 
java.lang.IllegalArgumentException: Invalid character found in method name [0x160x030x010x000xf70x010x000x000xf30x030x030xb8b0x8b'0x13@c0x9a0x05sF0xd80xdfn0xd0rdaB4/0xbf90x7f00xf4U0xc2*0xbc0xee0x89 ]. HTTP method names must be tokens
	at org.apache.coyote.http11.Http11InputBuffer.parseRequestLine(Http11InputBuffer.java:419)
	at org.apache.coyote.http11.Http11Processor.service(Http11Processor.java:272)
	at org.apache.coyote.AbstractProcessorLight.process(AbstractProcessorLight.java:65)
	at org.apache.coyote.AbstractProtocol$ConnectionHandler.process(AbstractProtocol.java:859)
	at org.apache.tomcat.util.net.NioEndpoint$SocketProcessor.doRun(NioEndpoint.java:1734)
	at org.apache.tomcat.util.net.SocketProcessorBase.run(SocketProcessorBase.java:52)
	at org.apache.tomcat.util.threads.ThreadPoolExecutor.runWorker(ThreadPoolExecutor.java:1191)
	at org.apache.tomcat.util.threads.ThreadPoolExecutor$Worker.run(ThreadPoolExecutor.java:659)
	at org.apache.tomcat.util.threads.TaskThread$WrappingRunnable.run(TaskThread.java:61)
	at java.base/java.lang.Thread.run(Thread.java:833)
[35m2023-02-19 23:52:38.297[0;39m [34m[MessageBroker-1][0;39m [32mINFO [0;39m [36m[WebSocketMessageBrokerStats:128][0;39m : WebSocketSession[0 current WS(0)-HttpStream(0)-HttpPoll(0), 0 total, 0 closed abnormally (0 connect failure, 0 send limit, 0 transport error)], stompSubProtocol[processed CONNECT(0)-CONNECTED(0)-DISCONNECT(0)], stompBrokerRelay[null], inboundChannel[pool size = 0, active threads = 0, queued tasks = 0, completed tasks = 0], outboundChannel[pool size = 0, active threads = 0, queued tasks = 0, completed tasks = 0], sockJsScheduler[pool size = 1, active threads = 1, queued tasks = 0, completed tasks = 0] 
[35m2023-02-19 23:52:51.669[0;39m [34m[http-nio-8080-exec-4][0;39m [32mINFO [0;39m [36m[[/]:173][0;39m : Initializing Spring DispatcherServlet 'dispatcherServlet' 
[35m2023-02-19 23:52:51.670[0;39m [34m[http-nio-8080-exec-4][0;39m [32mINFO [0;39m [36m[DispatcherServlet:532][0;39m : Initializing Servlet 'dispatcherServlet' 
[35m2023-02-19 23:52:51.671[0;39m [34m[http-nio-8080-exec-4][0;39m [32mINFO [0;39m [36m[DispatcherServlet:554][0;39m : Completed initialization in 1 ms 
[35m2023-02-19 23:52:51.875[0;39m [34m[http-nio-8080-exec-4][0;39m [32mINFO [0;39m [36m[RequestLogger:49][0;39m : request : {controller=com.garamgaebi.GaramgaebiServer.domain.admin.program.controller.AdminProgramController, http-method=POST, method=writeSeminar, request-uri=/admin/seminar, params={"seminarDto":{"title":"유료 세미나(연현)","date":[2023,5,17,14,30],"location":"가천관","fee":10000,"presentations":null}}} 
[35m2023-02-19 23:52:51.971[0;39m [34m[http-nio-8080-exec-4][0;39m [32mINFO [0;39m [36m[RequestLogger:58][0;39m : response : {"isSuccess":true,"code":200,"message":"요청에 성공하였습니다.","result":{"programIdx":18}} 
[35m2023-02-19 23:54:12.527[0;39m [34m[http-nio-8080-exec-7][0;39m [32mINFO [0;39m [36m[RequestLogger:49][0;39m : request : {controller=com.garamgaebi.GaramgaebiServer.domain.admin.program.controller.AdminProgramController, http-method=PATCH, method=openProgram, request-uri=/admin/program/18/open, params={"programIdx":18}} 
[35m2023-02-19 23:54:13.814[0;39m [34m[http-nio-8080-exec-7][0;39m [32mINFO [0;39m [36m[QuartzScheduler:575][0;39m : Scheduler DefaultQuartzScheduler_$_NON_CLUSTERED started. 
[35m2023-02-19 23:54:13.816[0;39m [34m[http-nio-8080-exec-7][0;39m [32mINFO [0;39m [36m[RequestLogger:58][0;39m : response : {"isSuccess":true,"code":200,"message":"요청에 성공하였습니다.","result":{"programIdx":18}} 
