[35m2023-02-19 22:47:33.312[0;39m [34m[main][0;39m [32mINFO [0;39m [36m[sqlonly:228][0;39m : SELECT @@character_set_database
 
[35m2023-02-19 22:47:37.089[0;39m [34m[main][0;39m [32mINFO [0;39m [36m[sqlonly:228][0;39m : select p1_0.program_idx,p1_0.date,p1_0.fee,p1_0.location,p1_0.program_type,p1_0.status,p1_0.title from Program p1_0 where p1_0.status='OPEN'
 
[35m2023-02-19 22:47:37.114[0;39m [34m[main][0;39m [32mINFO [0;39m [36m[resultsettable:610][0;39m : 
|------------|----------------------|------|---------|-------------|-------|--------|
|program_idx |date                  |fee   |location |program_type |status |title   |
|------------|----------------------|------|---------|-------------|-------|--------|
|1           |2023-03-25 09:00:00.0 |10000 |가천관      |SEMINAR      |OPEN   |유료 세미나1 |
|------------|----------------------|------|---------|-------------|-------|--------|
 
[35m2023-02-19 23:24:10.376[0;39m [34m[main][0;39m [32mINFO [0;39m [36m[sqlonly:228][0;39m : SELECT @@character_set_database
 
[35m2023-02-19 23:24:14.439[0;39m [34m[main][0;39m [32mINFO [0;39m [36m[sqlonly:228][0;39m : select p1_0.program_idx,p1_0.date,p1_0.fee,p1_0.location,p1_0.program_type,p1_0.status,p1_0.title from Program p1_0 where p1_0.status='OPEN'
 
[35m2023-02-19 23:24:14.467[0;39m [34m[main][0;39m [32mINFO [0;39m [36m[resultsettable:610][0;39m : 
|------------|----------------------|------|---------|-------------|-------|--------|
|program_idx |date                  |fee   |location |program_type |status |title   |
|------------|----------------------|------|---------|-------------|-------|--------|
|1           |2023-03-25 09:00:00.0 |10000 |가천관      |SEMINAR      |OPEN   |유료 세미나1 |
|------------|----------------------|------|---------|-------------|-------|--------|
 
[35m2023-02-19 23:51:34.229[0;39m [34m[main][0;39m [32mINFO [0;39m [36m[sqlonly:228][0;39m : SELECT @@character_set_database
 
[35m2023-02-19 23:51:37.992[0;39m [34m[main][0;39m [32mINFO [0;39m [36m[sqlonly:228][0;39m : select p1_0.program_idx,p1_0.date,p1_0.fee,p1_0.location,p1_0.program_type,p1_0.status,p1_0.title from Program p1_0 where p1_0.status='OPEN'
 
[35m2023-02-19 23:51:38.018[0;39m [34m[main][0;39m [32mINFO [0;39m [36m[resultsettable:610][0;39m : 
|------------|----------------------|------|---------|-------------|-------|--------|
|program_idx |date                  |fee   |location |program_type |status |title   |
|------------|----------------------|------|---------|-------------|-------|--------|
|1           |2023-03-25 09:00:00.0 |10000 |가천관      |SEMINAR      |OPEN   |유료 세미나1 |
|------------|----------------------|------|---------|-------------|-------|--------|
 
[35m2023-02-19 23:52:51.927[0;39m [34m[http-nio-8080-exec-4][0;39m [32mINFO [0;39m [36m[sqlonly:228][0;39m : insert into Program (date, fee, location, program_type, status, title) values ('05/17/2023 14:30:00.000', 10000, '가천관', 'SEMINAR', 'READY_TO_OPEN', '유료 세미나(연현)')
 
[35m2023-02-19 23:52:51.942[0;39m [34m[http-nio-8080-exec-4][0;39m [32mINFO [0;39m [36m[resultsettable:610][0;39m : 
|--------------|
|generated_key |
|--------------|
|18            |
|--------------|
 
[35m2023-02-19 23:54:12.543[0;39m [34m[http-nio-8080-exec-7][0;39m [32mINFO [0;39m [36m[sqlonly:228][0;39m : select p1_0.program_idx,p1_0.date,p1_0.fee,p1_0.location,p1_0.program_type,p1_0.status,p1_0.title from Program p1_0 where p1_0.program_idx=18
 
[35m2023-02-19 23:54:12.549[0;39m [34m[http-nio-8080-exec-7][0;39m [32mINFO [0;39m [36m[resultsettable:610][0;39m : 
|------------|----------------------|------|---------|-------------|--------------|-----------|
|program_idx |date                  |fee   |location |program_type |status        |title      |
|------------|----------------------|------|---------|-------------|--------------|-----------|
|18          |2023-05-17 14:30:00.0 |10000 |가천관      |SEMINAR      |READY_TO_OPEN |유료 세미나(연현) |
|------------|----------------------|------|---------|-------------|--------------|-----------|
 
[35m2023-02-19 23:54:12.561[0;39m [34m[http-nio-8080-exec-7][0;39m [32mINFO [0;39m [36m[sqlonly:228][0;39m : select m1_0.member_idx,m1_0.belong,m1_0.content,m1_0.created_at,m1_0.nickname,m1_0.profile_email,m1_0.profile_url,m1_0.social_email,m1_0.status,m1_0.uni_email,m1_0.updated_at from Member m1_0 where m1_0.status='ACTIVE'
 
[35m2023-02-19 23:54:12.571[0;39m [34m[http-nio-8080-exec-7][0;39m [32mINFO [0;39m [36m[resultsettable:610][0;39m : 
|-----------|-------|--------|----------------------|---------|---------------------|--------------------------------------------------------------------------------------|---------------------|-------|------------------------|----------------------|
|member_idx |belong |content |created_at            |nickname |profile_email        |profile_url                                                                           |social_email         |status |uni_email               |updated_at            |
|-----------|-------|--------|----------------------|---------|---------------------|--------------------------------------------------------------------------------------|---------------------|-------|------------------------|----------------------|
|2          |가천대학교  |hi루     |2023-02-10 13:32:20.0 |로로니니     |tjrcjs0705@gmail.com |https://garamgaebi-bucket.s3.ap-northeast-2.amazonaws.com/profile/Member2_Profile.png |social_email         |ACTIVE |uni_email               |2023-02-15 00:47:09.0 |
|3          |null   |null    |2023-02-18 02:04:22.0 |로로니니     |tjrcjs0705@naver.com |null                                                                                  |tjrcjs0705@naver.com |ACTIVE |tjrcjs0705@gachon.ac.kr |2023-02-18 02:04:22.0 |
|-----------|-------|--------|----------------------|---------|---------------------|--------------------------------------------------------------------------------------|---------------------|-------|------------------------|----------------------|
 
[35m2023-02-19 23:54:12.579[0;39m [34m[http-nio-8080-exec-7][0;39m [32mINFO [0;39m [36m[sqlonly:228][0;39m : select r1_0.Member_member_idx,r1_0.roles from Member_roles r1_0 where r1_0.Member_member_idx=3
 
[35m2023-02-19 23:54:12.586[0;39m [34m[http-nio-8080-exec-7][0;39m [32mINFO [0;39m [36m[resultsettable:610][0;39m : 
|------------------|------|
|member_member_idx |roles |
|------------------|------|
|3                 |USER  |
|------------------|------|
 
[35m2023-02-19 23:54:12.587[0;39m [34m[http-nio-8080-exec-7][0;39m [32mINFO [0;39m [36m[sqlonly:228][0;39m : select r1_0.Member_member_idx,r1_0.roles from Member_roles r1_0 where r1_0.Member_member_idx=2
 
[35m2023-02-19 23:54:12.589[0;39m [34m[http-nio-8080-exec-7][0;39m [32mINFO [0;39m [36m[resultsettable:610][0;39m : 
|------------------|------|
|member_member_idx |roles |
|------------------|------|
|------------------|------|
 
[35m2023-02-19 23:54:12.594[0;39m [34m[http-nio-8080-exec-7][0;39m [32mINFO [0;39m [36m[sqlonly:228][0;39m : select m1_0.member_idx,m1_0.member_notification_idx,m1_0.created_at,m1_0.is_read,m1_0.notification_idx from MemberNotification m1_0 where m1_0.member_idx=2
 
[35m2023-02-19 23:54:12.633[0;39m [34m[http-nio-8080-exec-7][0;39m [32mINFO [0;39m [36m[resultsettable:610][0;39m : 
|-----------|------------------------|----------------------|--------|-----------------|
|member_idx |member_notification_idx |created_at            |is_read |notification_idx |
|-----------|------------------------|----------------------|--------|-----------------|
|2          |34                      |2023-02-10 13:33:48.0 |false   |32               |
|2          |36                      |2023-02-10 14:25:05.0 |false   |33               |
|2          |38                      |2023-02-10 14:27:00.0 |false   |34               |
|2          |40                      |2023-02-10 14:27:54.0 |false   |35               |
|2          |42                      |2023-02-11 16:52:26.0 |false   |36               |
|2          |44                      |2023-02-11 16:54:17.0 |false   |37               |
|2          |46                      |2023-02-11 16:56:05.0 |false   |38               |
|2          |49                      |2023-02-11 17:10:22.0 |false   |40               |
|2          |51                      |2023-02-11 17:13:01.0 |false   |41               |
|2          |53                      |2023-02-11 17:17:11.0 |false   |42               |
|2          |61                      |2023-02-15 16:32:28.0 |false   |53               |
|2          |62                      |2023-02-15 20:21:13.0 |false   |54               |
|2          |63                      |2023-02-15 20:23:13.0 |false   |55               |
|2          |64                      |2023-02-15 20:24:02.0 |false   |56               |
|2          |65                      |2023-02-15 20:24:56.0 |false   |57               |
|2          |66                      |2023-02-15 20:26:11.0 |false   |58               |
|2          |67                      |2023-02-15 23:26:54.0 |false   |59               |
|-----------|------------------------|----------------------|--------|-----------------|
 
[35m2023-02-19 23:54:12.634[0;39m [34m[http-nio-8080-exec-7][0;39m [32mINFO [0;39m [36m[sqlonly:228][0;39m : select m1_0.member_idx,m1_0.member_notification_idx,m1_0.created_at,m1_0.is_read,m1_0.notification_idx from MemberNotification m1_0 where m1_0.member_idx=3
 
[35m2023-02-19 23:54:12.636[0;39m [34m[http-nio-8080-exec-7][0;39m [32mINFO [0;39m [36m[resultsettable:610][0;39m : 
|-----------|------------------------|-----------|--------|-----------------|
|member_idx |member_notification_idx |created_at |is_read |notification_idx |
|-----------|------------------------|-----------|--------|-----------------|
|-----------|------------------------|-----------|--------|-----------------|
 
[35m2023-02-19 23:54:12.638[0;39m [34m[http-nio-8080-exec-7][0;39m [32mINFO [0;39m [36m[sqlonly:228][0;39m : insert into Notification (content, notification_type, resource_idx, resource_type) values ('새로운 세미나가 오픈되었어요', 'COLLECTIONS', 18, 'SEMINAR')
 
[35m2023-02-19 23:54:12.659[0;39m [34m[http-nio-8080-exec-7][0;39m [32mINFO [0;39m [36m[resultsettable:610][0;39m : 
|--------------|
|generated_key |
|--------------|
|60            |
|--------------|
 
[35m2023-02-19 23:54:12.661[0;39m [34m[http-nio-8080-exec-7][0;39m [32mINFO [0;39m [36m[sqlonly:228][0;39m : select m1_0.member_idx,m1_0.member_fcm_idx,m1_0.created_at,m1_0.fcm_token from MemberFcm m1_0 where m1_0.member_idx=2
 
[35m2023-02-19 23:54:12.665[0;39m [34m[http-nio-8080-exec-7][0;39m [32mINFO [0;39m [36m[resultsettable:610][0;39m : 
|-----------|---------------|-----------|----------|
|member_idx |member_fcm_idx |created_at |fcm_token |
|-----------|---------------|-----------|----------|
|-----------|---------------|-----------|----------|
 
[35m2023-02-19 23:54:12.666[0;39m [34m[http-nio-8080-exec-7][0;39m [32mINFO [0;39m [36m[sqlonly:228][0;39m : select m1_0.member_idx,m1_0.member_fcm_idx,m1_0.created_at,m1_0.fcm_token from MemberFcm m1_0 where m1_0.member_idx=3
 
[35m2023-02-19 23:54:12.668[0;39m [34m[http-nio-8080-exec-7][0;39m [32mINFO [0;39m [36m[resultsettable:610][0;39m : 
|-----------|---------------|----------------------|--------------------------------------------------------------------------------------------------------------------------------------------------------------------|
|member_idx |member_fcm_idx |created_at            |fcm_token                                                                                                                                                           |
|-----------|---------------|----------------------|--------------------------------------------------------------------------------------------------------------------------------------------------------------------|
|3          |4              |2023-02-19 23:43:33.0 |fM_o7ahMSViNkLe7m0zy_l:APA91bFp516bkmNdS0X-8rfJLcpIXPiVY7yfU049Qs41J4TQHipU9y0VwldJV09Jsm6aIUpV5Qvyh-l9Uzp4ZS4y9Imqbpb9ykMxoLk_0TP5mzs2atNCDd6crXGE-7Bke2a6wL0qqRpT |
|-----------|---------------|----------------------|--------------------------------------------------------------------------------------------------------------------------------------------------------------------|
 
[35m2023-02-19 23:54:13.781[0;39m [34m[http-nio-8080-exec-7][0;39m [32mINFO [0;39m [36m[sqlonly:228][0;39m : insert into MemberNotification (member_idx, notification_idx) values (2, 60)
 
[35m2023-02-19 23:54:13.784[0;39m [34m[http-nio-8080-exec-7][0;39m [32mINFO [0;39m [36m[resultsettable:610][0;39m : 
|--------------|
|generated_key |
|--------------|
|68            |
|--------------|
 
[35m2023-02-19 23:54:13.786[0;39m [34m[http-nio-8080-exec-7][0;39m [32mINFO [0;39m [36m[sqlonly:228][0;39m : insert into MemberNotification (member_idx, notification_idx) values (3, 60)
 
[35m2023-02-19 23:54:13.788[0;39m [34m[http-nio-8080-exec-7][0;39m [32mINFO [0;39m [36m[resultsettable:610][0;39m : 
|--------------|
|generated_key |
|--------------|
|69            |
|--------------|
 
[35m2023-02-19 23:54:13.794[0;39m [34m[http-nio-8080-exec-7][0;39m [32mINFO [0;39m [36m[sqlonly:228][0;39m : update Program set date='05/17/2023 14:30:00.000', fee=10000, location='가천관', program_type='SEMINAR', status='OPEN', title='유료 세미나(연현)' where program_idx=18
 
