[35m2023-02-17 22:51:20.444[0;39m [34m[main][0;39m [33mWARN [0;39m [36m[DriverDataSource:70][0;39m : Registered driver with driverClassName=com.mysql.jdbc.Driver was not found, trying direct instantiation. 
[35m2023-02-17 22:51:20.922[0;39m [34m[main][0;39m [33mWARN [0;39m [36m[deprecation:626][0;39m : HHH90000021: Encountered deprecated setting [javax.persistence.sharedCache.mode], use [jakarta.persistence.sharedCache.mode] instead 
[35m2023-02-17 22:51:22.688[0;39m [34m[main][0;39m [33mWARN [0;39m [36m[JpaBaseConfiguration$JpaWebConfiguration:227][0;39m : spring.jpa.open-in-view is enabled by default. Therefore, database queries may be performed during view rendering. Explicitly configure spring.jpa.open-in-view to disable this warning 
[35m2023-02-18 01:58:21.946[0;39m [34m[main][0;39m [33mWARN [0;39m [36m[deprecation:626][0;39m : HHH90000021: Encountered deprecated setting [javax.persistence.sharedCache.mode], use [jakarta.persistence.sharedCache.mode] instead 
[35m2023-02-18 01:58:24.152[0;39m [34m[main][0;39m [33mWARN [0;39m [36m[LocalVariableTableParameterNameDiscoverer:123][0;39m : Using deprecated '-debug' fallback for parameter name resolution. Compile the affected code with '-parameters' instead or avoid its introspection: com.garamgaebi.GaramgaebiServer.domain.ice_breaking.repository.ProgramGameroomRepository 
[35m2023-02-18 01:58:24.519[0;39m [34m[main][0;39m [33mWARN [0;39m [36m[LocalVariableTableParameterNameDiscoverer:123][0;39m : Using deprecated '-debug' fallback for parameter name resolution. Compile the affected code with '-parameters' instead or avoid its introspection: com.garamgaebi.GaramgaebiServer.domain.ice_breaking.repository.GameRoomMemberRepository 
[35m2023-02-18 01:58:24.556[0;39m [34m[main][0;39m [33mWARN [0;39m [36m[LocalVariableTableParameterNameDiscoverer:123][0;39m : Using deprecated '-debug' fallback for parameter name resolution. Compile the affected code with '-parameters' instead or avoid its introspection: com.garamgaebi.GaramgaebiServer.domain.member.repository.MemberRepository 
[35m2023-02-18 01:58:25.234[0;39m [34m[main][0;39m [33mWARN [0;39m [36m[LocalVariableTableParameterNameDiscoverer:123][0;39m : Using deprecated '-debug' fallback for parameter name resolution. Compile the affected code with '-parameters' instead or avoid its introspection: com.garamgaebi.GaramgaebiServer.domain.apply.ApplyRepository 
[35m2023-02-18 01:58:25.371[0;39m [34m[main][0;39m [33mWARN [0;39m [36m[LocalVariableTableParameterNameDiscoverer:123][0;39m : Using deprecated '-debug' fallback for parameter name resolution. Compile the affected code with '-parameters' instead or avoid its introspection: com.garamgaebi.GaramgaebiServer.domain.program.repository.ProgramRepository 
[35m2023-02-18 01:58:25.987[0;39m [34m[main][0;39m [33mWARN [0;39m [36m[LocalVariableTableParameterNameDiscoverer:123][0;39m : Using deprecated '-debug' fallback for parameter name resolution. Compile the affected code with '-parameters' instead or avoid its introspection: com.garamgaebi.GaramgaebiServer.domain.member.repository.MemberRolesRepository 
[35m2023-02-18 01:58:26.107[0;39m [34m[main][0;39m [33mWARN [0;39m [36m[LocalVariableTableParameterNameDiscoverer:123][0;39m : Using deprecated '-debug' fallback for parameter name resolution. Compile the affected code with '-parameters' instead or avoid its introspection: com.garamgaebi.GaramgaebiServer.domain.notification.repository.MemberNotificationRepository 
[35m2023-02-18 01:58:26.374[0;39m [34m[main][0;39m [33mWARN [0;39m [36m[LocalVariableTableParameterNameDiscoverer:123][0;39m : Using deprecated '-debug' fallback for parameter name resolution. Compile the affected code with '-parameters' instead or avoid its introspection: com.garamgaebi.GaramgaebiServer.global.security.SecurityConfig 
[35m2023-02-18 01:58:26.694[0;39m [34m[main][0;39m [33mWARN [0;39m [36m[LocalVariableTableParameterNameDiscoverer:123][0;39m : Using deprecated '-debug' fallback for parameter name resolution. Compile the affected code with '-parameters' instead or avoid its introspection: com.garamgaebi.GaramgaebiServer.domain.ice_breaking.repository.GameRepository 
[35m2023-02-18 01:58:27.023[0;39m [34m[main][0;39m [33mWARN [0;39m [36m[JpaBaseConfiguration$JpaWebConfiguration:227][0;39m : spring.jpa.open-in-view is enabled by default. Therefore, database queries may be performed during view rendering. Explicitly configure spring.jpa.open-in-view to disable this warning 
[35m2023-02-18 02:01:00.918[0;39m [34m[http-nio-8080-exec-2][0;39m [33mWARN [0;39m [36m[LocalVariableTableParameterNameDiscoverer:123][0;39m : Using deprecated '-debug' fallback for parameter name resolution. Compile the affected code with '-parameters' instead or avoid its introspection: com.garamgaebi.GaramgaebiServer.domain.member.controller.MemberController 
[35m2023-02-18 02:01:01.116[0;39m [34m[http-nio-8080-exec-2][0;39m [33mWARN [0;39m [36m[SqlExceptionHelper:133][0;39m : SQL Error: 1364, SQLState: HY000 
[35m2023-02-18 02:03:47.337[0;39m [34m[http-nio-8080-exec-5][0;39m [33mWARN [0;39m [36m[SqlExceptionHelper:133][0;39m : SQL Error: 1364, SQLState: HY000 
[35m2023-02-18 02:05:09.301[0;39m [34m[http-nio-8080-exec-8][0;39m [33mWARN [0;39m [36m[PageNotFound:209][0;39m : Request method 'GET' is not supported 
2023-02-18 02:14:05.336 [main] WARN  [DuplicateJsonObjectContextCustomizerFactory$DuplicateJsonObjectContextCustomizer:78] : 

Found multiple occurrences of org.json.JSONObject on the class path:

	jar:file:/C:/Users/염석천/.gradle/caches/modules-2/files-2.1/org.json/json/20220924/5aa95e7688f76c664af205c5937620f02688dfbc/json-20220924.jar!/org/json/JSONObject.class
	jar:file:/C:/Users/염석천/.gradle/caches/modules-2/files-2.1/com.vaadin.external.google/android-json/0.0.20131108.vaadin1/fa26d351fe62a6a17f5cda1287c1c6110dec413f/android-json-0.0.20131108.vaadin1.jar!/org/json/JSONObject.class

You may wish to exclude one of them to ensure predictable runtime behavior
 
2023-02-18 02:14:09.861 [main] WARN  [deprecation:626] : HHH90000021: Encountered deprecated setting [javax.persistence.sharedCache.mode], use [jakarta.persistence.sharedCache.mode] instead 
2023-02-18 02:14:12.155 [main] WARN  [LocalVariableTableParameterNameDiscoverer:123] : Using deprecated '-debug' fallback for parameter name resolution. Compile the affected code with '-parameters' instead or avoid its introspection: com.garamgaebi.GaramgaebiServer.domain.ice_breaking.repository.ProgramGameroomRepository 
2023-02-18 02:14:12.549 [main] WARN  [LocalVariableTableParameterNameDiscoverer:123] : Using deprecated '-debug' fallback for parameter name resolution. Compile the affected code with '-parameters' instead or avoid its introspection: com.garamgaebi.GaramgaebiServer.domain.ice_breaking.repository.GameRoomMemberRepository 
2023-02-18 02:14:12.586 [main] WARN  [LocalVariableTableParameterNameDiscoverer:123] : Using deprecated '-debug' fallback for parameter name resolution. Compile the affected code with '-parameters' instead or avoid its introspection: com.garamgaebi.GaramgaebiServer.domain.member.repository.MemberRepository 
2023-02-18 02:14:13.308 [main] WARN  [LocalVariableTableParameterNameDiscoverer:123] : Using deprecated '-debug' fallback for parameter name resolution. Compile the affected code with '-parameters' instead or avoid its introspection: com.garamgaebi.GaramgaebiServer.domain.apply.ApplyRepository 
2023-02-18 02:14:13.470 [main] WARN  [LocalVariableTableParameterNameDiscoverer:123] : Using deprecated '-debug' fallback for parameter name resolution. Compile the affected code with '-parameters' instead or avoid its introspection: com.garamgaebi.GaramgaebiServer.domain.program.repository.ProgramRepository 
2023-02-18 02:14:14.134 [main] WARN  [LocalVariableTableParameterNameDiscoverer:123] : Using deprecated '-debug' fallback for parameter name resolution. Compile the affected code with '-parameters' instead or avoid its introspection: com.garamgaebi.GaramgaebiServer.domain.member.repository.MemberRolesRepository 
2023-02-18 02:14:14.254 [main] WARN  [LocalVariableTableParameterNameDiscoverer:123] : Using deprecated '-debug' fallback for parameter name resolution. Compile the affected code with '-parameters' instead or avoid its introspection: com.garamgaebi.GaramgaebiServer.domain.notification.repository.MemberNotificationRepository 
2023-02-18 02:14:14.541 [main] WARN  [LocalVariableTableParameterNameDiscoverer:123] : Using deprecated '-debug' fallback for parameter name resolution. Compile the affected code with '-parameters' instead or avoid its introspection: com.garamgaebi.GaramgaebiServer.global.security.SecurityConfig 
2023-02-18 02:14:14.878 [main] WARN  [LocalVariableTableParameterNameDiscoverer:123] : Using deprecated '-debug' fallback for parameter name resolution. Compile the affected code with '-parameters' instead or avoid its introspection: com.garamgaebi.GaramgaebiServer.domain.ice_breaking.repository.GameRepository 
2023-02-18 02:14:15.227 [main] WARN  [JpaBaseConfiguration$JpaWebConfiguration:227] : spring.jpa.open-in-view is enabled by default. Therefore, database queries may be performed during view rendering. Explicitly configure spring.jpa.open-in-view to disable this warning 
2023-02-18 02:15:27.617 [main] WARN  [DuplicateJsonObjectContextCustomizerFactory$DuplicateJsonObjectContextCustomizer:78] : 

Found multiple occurrences of org.json.JSONObject on the class path:

	jar:file:/C:/Users/염석천/.gradle/caches/modules-2/files-2.1/org.json/json/20220924/5aa95e7688f76c664af205c5937620f02688dfbc/json-20220924.jar!/org/json/JSONObject.class
	jar:file:/C:/Users/염석천/.gradle/caches/modules-2/files-2.1/com.vaadin.external.google/android-json/0.0.20131108.vaadin1/fa26d351fe62a6a17f5cda1287c1c6110dec413f/android-json-0.0.20131108.vaadin1.jar!/org/json/JSONObject.class

You may wish to exclude one of them to ensure predictable runtime behavior
 
2023-02-18 02:15:32.023 [main] WARN  [deprecation:626] : HHH90000021: Encountered deprecated setting [javax.persistence.sharedCache.mode], use [jakarta.persistence.sharedCache.mode] instead 
2023-02-18 02:15:34.286 [main] WARN  [LocalVariableTableParameterNameDiscoverer:123] : Using deprecated '-debug' fallback for parameter name resolution. Compile the affected code with '-parameters' instead or avoid its introspection: com.garamgaebi.GaramgaebiServer.domain.ice_breaking.repository.ProgramGameroomRepository 
2023-02-18 02:15:34.666 [main] WARN  [LocalVariableTableParameterNameDiscoverer:123] : Using deprecated '-debug' fallback for parameter name resolution. Compile the affected code with '-parameters' instead or avoid its introspection: com.garamgaebi.GaramgaebiServer.domain.ice_breaking.repository.GameRoomMemberRepository 
2023-02-18 02:15:34.732 [main] WARN  [LocalVariableTableParameterNameDiscoverer:123] : Using deprecated '-debug' fallback for parameter name resolution. Compile the affected code with '-parameters' instead or avoid its introspection: com.garamgaebi.GaramgaebiServer.domain.member.repository.MemberRepository 
2023-02-18 02:15:35.751 [main] WARN  [LocalVariableTableParameterNameDiscoverer:123] : Using deprecated '-debug' fallback for parameter name resolution. Compile the affected code with '-parameters' instead or avoid its introspection: com.garamgaebi.GaramgaebiServer.domain.apply.ApplyRepository 
2023-02-18 02:15:36.036 [main] WARN  [LocalVariableTableParameterNameDiscoverer:123] : Using deprecated '-debug' fallback for parameter name resolution. Compile the affected code with '-parameters' instead or avoid its introspection: com.garamgaebi.GaramgaebiServer.domain.program.repository.ProgramRepository 
2023-02-18 02:15:36.653 [main] WARN  [LocalVariableTableParameterNameDiscoverer:123] : Using deprecated '-debug' fallback for parameter name resolution. Compile the affected code with '-parameters' instead or avoid its introspection: com.garamgaebi.GaramgaebiServer.domain.member.repository.MemberRolesRepository 
2023-02-18 02:15:36.756 [main] WARN  [LocalVariableTableParameterNameDiscoverer:123] : Using deprecated '-debug' fallback for parameter name resolution. Compile the affected code with '-parameters' instead or avoid its introspection: com.garamgaebi.GaramgaebiServer.domain.notification.repository.MemberNotificationRepository 
2023-02-18 02:15:37.025 [main] WARN  [LocalVariableTableParameterNameDiscoverer:123] : Using deprecated '-debug' fallback for parameter name resolution. Compile the affected code with '-parameters' instead or avoid its introspection: com.garamgaebi.GaramgaebiServer.global.security.SecurityConfig 
2023-02-18 02:15:37.343 [main] WARN  [LocalVariableTableParameterNameDiscoverer:123] : Using deprecated '-debug' fallback for parameter name resolution. Compile the affected code with '-parameters' instead or avoid its introspection: com.garamgaebi.GaramgaebiServer.domain.ice_breaking.repository.GameRepository 
2023-02-18 02:15:37.714 [main] WARN  [JpaBaseConfiguration$JpaWebConfiguration:227] : spring.jpa.open-in-view is enabled by default. Therefore, database queries may be performed during view rendering. Explicitly configure spring.jpa.open-in-view to disable this warning 
2023-02-18 02:16:15.761 [main] WARN  [DuplicateJsonObjectContextCustomizerFactory$DuplicateJsonObjectContextCustomizer:78] : 

Found multiple occurrences of org.json.JSONObject on the class path:

	jar:file:/C:/Users/염석천/.gradle/caches/modules-2/files-2.1/org.json/json/20220924/5aa95e7688f76c664af205c5937620f02688dfbc/json-20220924.jar!/org/json/JSONObject.class
	jar:file:/C:/Users/염석천/.gradle/caches/modules-2/files-2.1/com.vaadin.external.google/android-json/0.0.20131108.vaadin1/fa26d351fe62a6a17f5cda1287c1c6110dec413f/android-json-0.0.20131108.vaadin1.jar!/org/json/JSONObject.class

You may wish to exclude one of them to ensure predictable runtime behavior
 
2023-02-18 02:16:19.660 [main] WARN  [deprecation:626] : HHH90000021: Encountered deprecated setting [javax.persistence.sharedCache.mode], use [jakarta.persistence.sharedCache.mode] instead 
2023-02-18 02:16:21.772 [main] WARN  [LocalVariableTableParameterNameDiscoverer:123] : Using deprecated '-debug' fallback for parameter name resolution. Compile the affected code with '-parameters' instead or avoid its introspection: com.garamgaebi.GaramgaebiServer.domain.ice_breaking.repository.ProgramGameroomRepository 
2023-02-18 02:16:22.151 [main] WARN  [LocalVariableTableParameterNameDiscoverer:123] : Using deprecated '-debug' fallback for parameter name resolution. Compile the affected code with '-parameters' instead or avoid its introspection: com.garamgaebi.GaramgaebiServer.domain.ice_breaking.repository.GameRoomMemberRepository 
2023-02-18 02:16:22.185 [main] WARN  [LocalVariableTableParameterNameDiscoverer:123] : Using deprecated '-debug' fallback for parameter name resolution. Compile the affected code with '-parameters' instead or avoid its introspection: com.garamgaebi.GaramgaebiServer.domain.member.repository.MemberRepository 
2023-02-18 02:16:22.805 [main] WARN  [LocalVariableTableParameterNameDiscoverer:123] : Using deprecated '-debug' fallback for parameter name resolution. Compile the affected code with '-parameters' instead or avoid its introspection: com.garamgaebi.GaramgaebiServer.domain.apply.ApplyRepository 
2023-02-18 02:16:22.972 [main] WARN  [LocalVariableTableParameterNameDiscoverer:123] : Using deprecated '-debug' fallback for parameter name resolution. Compile the affected code with '-parameters' instead or avoid its introspection: com.garamgaebi.GaramgaebiServer.domain.program.repository.ProgramRepository 
2023-02-18 02:16:23.587 [main] WARN  [LocalVariableTableParameterNameDiscoverer:123] : Using deprecated '-debug' fallback for parameter name resolution. Compile the affected code with '-parameters' instead or avoid its introspection: com.garamgaebi.GaramgaebiServer.domain.member.repository.MemberRolesRepository 
2023-02-18 02:16:23.685 [main] WARN  [LocalVariableTableParameterNameDiscoverer:123] : Using deprecated '-debug' fallback for parameter name resolution. Compile the affected code with '-parameters' instead or avoid its introspection: com.garamgaebi.GaramgaebiServer.domain.notification.repository.MemberNotificationRepository 
2023-02-18 02:16:23.945 [main] WARN  [LocalVariableTableParameterNameDiscoverer:123] : Using deprecated '-debug' fallback for parameter name resolution. Compile the affected code with '-parameters' instead or avoid its introspection: com.garamgaebi.GaramgaebiServer.global.security.SecurityConfig 
2023-02-18 02:16:24.253 [main] WARN  [LocalVariableTableParameterNameDiscoverer:123] : Using deprecated '-debug' fallback for parameter name resolution. Compile the affected code with '-parameters' instead or avoid its introspection: com.garamgaebi.GaramgaebiServer.domain.ice_breaking.repository.GameRepository 
2023-02-18 02:16:24.607 [main] WARN  [JpaBaseConfiguration$JpaWebConfiguration:227] : spring.jpa.open-in-view is enabled by default. Therefore, database queries may be performed during view rendering. Explicitly configure spring.jpa.open-in-view to disable this warning 
2023-02-18 02:17:13.684 [main] WARN  [DuplicateJsonObjectContextCustomizerFactory$DuplicateJsonObjectContextCustomizer:78] : 

Found multiple occurrences of org.json.JSONObject on the class path:

	jar:file:/C:/Users/염석천/.gradle/caches/modules-2/files-2.1/org.json/json/20220924/5aa95e7688f76c664af205c5937620f02688dfbc/json-20220924.jar!/org/json/JSONObject.class
	jar:file:/C:/Users/염석천/.gradle/caches/modules-2/files-2.1/com.vaadin.external.google/android-json/0.0.20131108.vaadin1/fa26d351fe62a6a17f5cda1287c1c6110dec413f/android-json-0.0.20131108.vaadin1.jar!/org/json/JSONObject.class

You may wish to exclude one of them to ensure predictable runtime behavior
 
2023-02-18 02:17:17.532 [main] WARN  [deprecation:626] : HHH90000021: Encountered deprecated setting [javax.persistence.sharedCache.mode], use [jakarta.persistence.sharedCache.mode] instead 
2023-02-18 02:17:19.626 [main] WARN  [LocalVariableTableParameterNameDiscoverer:123] : Using deprecated '-debug' fallback for parameter name resolution. Compile the affected code with '-parameters' instead or avoid its introspection: com.garamgaebi.GaramgaebiServer.domain.ice_breaking.repository.ProgramGameroomRepository 
2023-02-18 02:17:19.988 [main] WARN  [LocalVariableTableParameterNameDiscoverer:123] : Using deprecated '-debug' fallback for parameter name resolution. Compile the affected code with '-parameters' instead or avoid its introspection: com.garamgaebi.GaramgaebiServer.domain.ice_breaking.repository.GameRoomMemberRepository 
2023-02-18 02:17:20.027 [main] WARN  [LocalVariableTableParameterNameDiscoverer:123] : Using deprecated '-debug' fallback for parameter name resolution. Compile the affected code with '-parameters' instead or avoid its introspection: com.garamgaebi.GaramgaebiServer.domain.member.repository.MemberRepository 
2023-02-18 02:17:20.641 [main] WARN  [LocalVariableTableParameterNameDiscoverer:123] : Using deprecated '-debug' fallback for parameter name resolution. Compile the affected code with '-parameters' instead or avoid its introspection: com.garamgaebi.GaramgaebiServer.domain.apply.ApplyRepository 
2023-02-18 02:17:20.774 [main] WARN  [LocalVariableTableParameterNameDiscoverer:123] : Using deprecated '-debug' fallback for parameter name resolution. Compile the affected code with '-parameters' instead or avoid its introspection: com.garamgaebi.GaramgaebiServer.domain.program.repository.ProgramRepository 
2023-02-18 02:17:21.309 [main] WARN  [LocalVariableTableParameterNameDiscoverer:123] : Using deprecated '-debug' fallback for parameter name resolution. Compile the affected code with '-parameters' instead or avoid its introspection: com.garamgaebi.GaramgaebiServer.domain.member.repository.MemberRolesRepository 
2023-02-18 02:17:21.422 [main] WARN  [LocalVariableTableParameterNameDiscoverer:123] : Using deprecated '-debug' fallback for parameter name resolution. Compile the affected code with '-parameters' instead or avoid its introspection: com.garamgaebi.GaramgaebiServer.domain.notification.repository.MemberNotificationRepository 
2023-02-18 02:17:21.671 [main] WARN  [LocalVariableTableParameterNameDiscoverer:123] : Using deprecated '-debug' fallback for parameter name resolution. Compile the affected code with '-parameters' instead or avoid its introspection: com.garamgaebi.GaramgaebiServer.global.security.SecurityConfig 
2023-02-18 02:17:21.964 [main] WARN  [LocalVariableTableParameterNameDiscoverer:123] : Using deprecated '-debug' fallback for parameter name resolution. Compile the affected code with '-parameters' instead or avoid its introspection: com.garamgaebi.GaramgaebiServer.domain.ice_breaking.repository.GameRepository 
2023-02-18 02:17:22.288 [main] WARN  [JpaBaseConfiguration$JpaWebConfiguration:227] : spring.jpa.open-in-view is enabled by default. Therefore, database queries may be performed during view rendering. Explicitly configure spring.jpa.open-in-view to disable this warning 
2023-02-18 02:17:30.601 [main] WARN  [DuplicateJsonObjectContextCustomizerFactory$DuplicateJsonObjectContextCustomizer:78] : 

Found multiple occurrences of org.json.JSONObject on the class path:

	jar:file:/C:/Users/염석천/.gradle/caches/modules-2/files-2.1/org.json/json/20220924/5aa95e7688f76c664af205c5937620f02688dfbc/json-20220924.jar!/org/json/JSONObject.class
	jar:file:/C:/Users/염석천/.gradle/caches/modules-2/files-2.1/com.vaadin.external.google/android-json/0.0.20131108.vaadin1/fa26d351fe62a6a17f5cda1287c1c6110dec413f/android-json-0.0.20131108.vaadin1.jar!/org/json/JSONObject.class

You may wish to exclude one of them to ensure predictable runtime behavior
 
2023-02-18 02:17:34.474 [main] WARN  [deprecation:626] : HHH90000021: Encountered deprecated setting [javax.persistence.sharedCache.mode], use [jakarta.persistence.sharedCache.mode] instead 
2023-02-18 02:17:36.834 [main] WARN  [LocalVariableTableParameterNameDiscoverer:123] : Using deprecated '-debug' fallback for parameter name resolution. Compile the affected code with '-parameters' instead or avoid its introspection: com.garamgaebi.GaramgaebiServer.domain.ice_breaking.repository.ProgramGameroomRepository 
2023-02-18 02:17:37.255 [main] WARN  [LocalVariableTableParameterNameDiscoverer:123] : Using deprecated '-debug' fallback for parameter name resolution. Compile the affected code with '-parameters' instead or avoid its introspection: com.garamgaebi.GaramgaebiServer.domain.ice_breaking.repository.GameRoomMemberRepository 
2023-02-18 02:17:37.307 [main] WARN  [LocalVariableTableParameterNameDiscoverer:123] : Using deprecated '-debug' fallback for parameter name resolution. Compile the affected code with '-parameters' instead or avoid its introspection: com.garamgaebi.GaramgaebiServer.domain.member.repository.MemberRepository 
2023-02-18 02:17:37.967 [main] WARN  [LocalVariableTableParameterNameDiscoverer:123] : Using deprecated '-debug' fallback for parameter name resolution. Compile the affected code with '-parameters' instead or avoid its introspection: com.garamgaebi.GaramgaebiServer.domain.apply.ApplyRepository 
2023-02-18 02:17:38.113 [main] WARN  [LocalVariableTableParameterNameDiscoverer:123] : Using deprecated '-debug' fallback for parameter name resolution. Compile the affected code with '-parameters' instead or avoid its introspection: com.garamgaebi.GaramgaebiServer.domain.program.repository.ProgramRepository 
2023-02-18 02:17:38.694 [main] WARN  [LocalVariableTableParameterNameDiscoverer:123] : Using deprecated '-debug' fallback for parameter name resolution. Compile the affected code with '-parameters' instead or avoid its introspection: com.garamgaebi.GaramgaebiServer.domain.member.repository.MemberRolesRepository 
2023-02-18 02:17:38.815 [main] WARN  [LocalVariableTableParameterNameDiscoverer:123] : Using deprecated '-debug' fallback for parameter name resolution. Compile the affected code with '-parameters' instead or avoid its introspection: com.garamgaebi.GaramgaebiServer.domain.notification.repository.MemberNotificationRepository 
2023-02-18 02:17:39.059 [main] WARN  [LocalVariableTableParameterNameDiscoverer:123] : Using deprecated '-debug' fallback for parameter name resolution. Compile the affected code with '-parameters' instead or avoid its introspection: com.garamgaebi.GaramgaebiServer.global.security.SecurityConfig 
2023-02-18 02:17:39.391 [main] WARN  [LocalVariableTableParameterNameDiscoverer:123] : Using deprecated '-debug' fallback for parameter name resolution. Compile the affected code with '-parameters' instead or avoid its introspection: com.garamgaebi.GaramgaebiServer.domain.ice_breaking.repository.GameRepository 
2023-02-18 02:17:39.723 [main] WARN  [JpaBaseConfiguration$JpaWebConfiguration:227] : spring.jpa.open-in-view is enabled by default. Therefore, database queries may be performed during view rendering. Explicitly configure spring.jpa.open-in-view to disable this warning 
2023-02-18 02:19:58.511 [main] WARN  [DuplicateJsonObjectContextCustomizerFactory$DuplicateJsonObjectContextCustomizer:78] : 

Found multiple occurrences of org.json.JSONObject on the class path:

	jar:file:/C:/Users/염석천/.gradle/caches/modules-2/files-2.1/org.json/json/20220924/5aa95e7688f76c664af205c5937620f02688dfbc/json-20220924.jar!/org/json/JSONObject.class
	jar:file:/C:/Users/염석천/.gradle/caches/modules-2/files-2.1/com.vaadin.external.google/android-json/0.0.20131108.vaadin1/fa26d351fe62a6a17f5cda1287c1c6110dec413f/android-json-0.0.20131108.vaadin1.jar!/org/json/JSONObject.class

You may wish to exclude one of them to ensure predictable runtime behavior
 
2023-02-18 02:20:03.160 [main] WARN  [deprecation:626] : HHH90000021: Encountered deprecated setting [javax.persistence.sharedCache.mode], use [jakarta.persistence.sharedCache.mode] instead 
2023-02-18 02:20:05.513 [main] WARN  [LocalVariableTableParameterNameDiscoverer:123] : Using deprecated '-debug' fallback for parameter name resolution. Compile the affected code with '-parameters' instead or avoid its introspection: com.garamgaebi.GaramgaebiServer.domain.ice_breaking.repository.ProgramGameroomRepository 
2023-02-18 02:20:05.915 [main] WARN  [LocalVariableTableParameterNameDiscoverer:123] : Using deprecated '-debug' fallback for parameter name resolution. Compile the affected code with '-parameters' instead or avoid its introspection: com.garamgaebi.GaramgaebiServer.domain.ice_breaking.repository.GameRoomMemberRepository 
2023-02-18 02:20:05.962 [main] WARN  [LocalVariableTableParameterNameDiscoverer:123] : Using deprecated '-debug' fallback for parameter name resolution. Compile the affected code with '-parameters' instead or avoid its introspection: com.garamgaebi.GaramgaebiServer.domain.member.repository.MemberRepository 
2023-02-18 02:20:06.684 [main] WARN  [LocalVariableTableParameterNameDiscoverer:123] : Using deprecated '-debug' fallback for parameter name resolution. Compile the affected code with '-parameters' instead or avoid its introspection: com.garamgaebi.GaramgaebiServer.domain.apply.ApplyRepository 
2023-02-18 02:20:06.827 [main] WARN  [LocalVariableTableParameterNameDiscoverer:123] : Using deprecated '-debug' fallback for parameter name resolution. Compile the affected code with '-parameters' instead or avoid its introspection: com.garamgaebi.GaramgaebiServer.domain.program.repository.ProgramRepository 
2023-02-18 02:20:07.526 [main] WARN  [LocalVariableTableParameterNameDiscoverer:123] : Using deprecated '-debug' fallback for parameter name resolution. Compile the affected code with '-parameters' instead or avoid its introspection: com.garamgaebi.GaramgaebiServer.domain.member.repository.MemberRolesRepository 
2023-02-18 02:20:07.643 [main] WARN  [LocalVariableTableParameterNameDiscoverer:123] : Using deprecated '-debug' fallback for parameter name resolution. Compile the affected code with '-parameters' instead or avoid its introspection: com.garamgaebi.GaramgaebiServer.domain.notification.repository.MemberNotificationRepository 
2023-02-18 02:20:07.921 [main] WARN  [LocalVariableTableParameterNameDiscoverer:123] : Using deprecated '-debug' fallback for parameter name resolution. Compile the affected code with '-parameters' instead or avoid its introspection: com.garamgaebi.GaramgaebiServer.global.security.SecurityConfig 
2023-02-18 02:20:08.258 [main] WARN  [LocalVariableTableParameterNameDiscoverer:123] : Using deprecated '-debug' fallback for parameter name resolution. Compile the affected code with '-parameters' instead or avoid its introspection: com.garamgaebi.GaramgaebiServer.domain.ice_breaking.repository.GameRepository 
2023-02-18 02:20:08.604 [main] WARN  [JpaBaseConfiguration$JpaWebConfiguration:227] : spring.jpa.open-in-view is enabled by default. Therefore, database queries may be performed during view rendering. Explicitly configure spring.jpa.open-in-view to disable this warning 
2023-02-18 02:32:18.888 [main] WARN  [DuplicateJsonObjectContextCustomizerFactory$DuplicateJsonObjectContextCustomizer:78] : 

Found multiple occurrences of org.json.JSONObject on the class path:

	jar:file:/C:/Users/염석천/.gradle/caches/modules-2/files-2.1/org.json/json/20220924/5aa95e7688f76c664af205c5937620f02688dfbc/json-20220924.jar!/org/json/JSONObject.class
	jar:file:/C:/Users/염석천/.gradle/caches/modules-2/files-2.1/com.vaadin.external.google/android-json/0.0.20131108.vaadin1/fa26d351fe62a6a17f5cda1287c1c6110dec413f/android-json-0.0.20131108.vaadin1.jar!/org/json/JSONObject.class

You may wish to exclude one of them to ensure predictable runtime behavior
 
2023-02-18 02:32:23.304 [main] WARN  [deprecation:626] : HHH90000021: Encountered deprecated setting [javax.persistence.sharedCache.mode], use [jakarta.persistence.sharedCache.mode] instead 
2023-02-18 02:32:25.527 [main] WARN  [LocalVariableTableParameterNameDiscoverer:123] : Using deprecated '-debug' fallback for parameter name resolution. Compile the affected code with '-parameters' instead or avoid its introspection: com.garamgaebi.GaramgaebiServer.domain.ice_breaking.repository.ProgramGameroomRepository 
2023-02-18 02:32:25.909 [main] WARN  [LocalVariableTableParameterNameDiscoverer:123] : Using deprecated '-debug' fallback for parameter name resolution. Compile the affected code with '-parameters' instead or avoid its introspection: com.garamgaebi.GaramgaebiServer.domain.ice_breaking.repository.GameRoomMemberRepository 
2023-02-18 02:32:25.949 [main] WARN  [LocalVariableTableParameterNameDiscoverer:123] : Using deprecated '-debug' fallback for parameter name resolution. Compile the affected code with '-parameters' instead or avoid its introspection: com.garamgaebi.GaramgaebiServer.domain.member.repository.MemberRepository 
2023-02-18 02:32:26.664 [main] WARN  [LocalVariableTableParameterNameDiscoverer:123] : Using deprecated '-debug' fallback for parameter name resolution. Compile the affected code with '-parameters' instead or avoid its introspection: com.garamgaebi.GaramgaebiServer.domain.apply.ApplyRepository 
2023-02-18 02:32:26.794 [main] WARN  [LocalVariableTableParameterNameDiscoverer:123] : Using deprecated '-debug' fallback for parameter name resolution. Compile the affected code with '-parameters' instead or avoid its introspection: com.garamgaebi.GaramgaebiServer.domain.program.repository.ProgramRepository 
2023-02-18 02:32:27.443 [main] WARN  [LocalVariableTableParameterNameDiscoverer:123] : Using deprecated '-debug' fallback for parameter name resolution. Compile the affected code with '-parameters' instead or avoid its introspection: com.garamgaebi.GaramgaebiServer.domain.member.repository.MemberRolesRepository 
2023-02-18 02:32:27.552 [main] WARN  [LocalVariableTableParameterNameDiscoverer:123] : Using deprecated '-debug' fallback for parameter name resolution. Compile the affected code with '-parameters' instead or avoid its introspection: com.garamgaebi.GaramgaebiServer.domain.notification.repository.MemberNotificationRepository 
2023-02-18 02:32:27.830 [main] WARN  [LocalVariableTableParameterNameDiscoverer:123] : Using deprecated '-debug' fallback for parameter name resolution. Compile the affected code with '-parameters' instead or avoid its introspection: com.garamgaebi.GaramgaebiServer.global.security.SecurityConfig 
2023-02-18 02:32:28.162 [main] WARN  [LocalVariableTableParameterNameDiscoverer:123] : Using deprecated '-debug' fallback for parameter name resolution. Compile the affected code with '-parameters' instead or avoid its introspection: com.garamgaebi.GaramgaebiServer.domain.ice_breaking.repository.GameRepository 
2023-02-18 02:32:28.496 [main] WARN  [JpaBaseConfiguration$JpaWebConfiguration:227] : spring.jpa.open-in-view is enabled by default. Therefore, database queries may be performed during view rendering. Explicitly configure spring.jpa.open-in-view to disable this warning 
[35m2023-02-18 02:33:00.071[0;39m [34m[main][0;39m [33mWARN [0;39m [36m[deprecation:626][0;39m : HHH90000021: Encountered deprecated setting [javax.persistence.sharedCache.mode], use [jakarta.persistence.sharedCache.mode] instead 
[35m2023-02-18 02:33:01.746[0;39m [34m[main][0;39m [33mWARN [0;39m [36m[LocalVariableTableParameterNameDiscoverer:123][0;39m : Using deprecated '-debug' fallback for parameter name resolution. Compile the affected code with '-parameters' instead or avoid its introspection: com.garamgaebi.GaramgaebiServer.domain.ice_breaking.repository.ProgramGameroomRepository 
[35m2023-02-18 02:33:02.043[0;39m [34m[main][0;39m [33mWARN [0;39m [36m[LocalVariableTableParameterNameDiscoverer:123][0;39m : Using deprecated '-debug' fallback for parameter name resolution. Compile the affected code with '-parameters' instead or avoid its introspection: com.garamgaebi.GaramgaebiServer.domain.ice_breaking.repository.GameRoomMemberRepository 
[35m2023-02-18 02:33:02.076[0;39m [34m[main][0;39m [33mWARN [0;39m [36m[LocalVariableTableParameterNameDiscoverer:123][0;39m : Using deprecated '-debug' fallback for parameter name resolution. Compile the affected code with '-parameters' instead or avoid its introspection: com.garamgaebi.GaramgaebiServer.domain.member.repository.MemberRepository 
[35m2023-02-18 02:33:02.553[0;39m [34m[main][0;39m [33mWARN [0;39m [36m[LocalVariableTableParameterNameDiscoverer:123][0;39m : Using deprecated '-debug' fallback for parameter name resolution. Compile the affected code with '-parameters' instead or avoid its introspection: com.garamgaebi.GaramgaebiServer.domain.apply.ApplyRepository 
[35m2023-02-18 02:33:02.669[0;39m [34m[main][0;39m [33mWARN [0;39m [36m[LocalVariableTableParameterNameDiscoverer:123][0;39m : Using deprecated '-debug' fallback for parameter name resolution. Compile the affected code with '-parameters' instead or avoid its introspection: com.garamgaebi.GaramgaebiServer.domain.program.repository.ProgramRepository 
[35m2023-02-18 02:33:03.145[0;39m [34m[main][0;39m [33mWARN [0;39m [36m[LocalVariableTableParameterNameDiscoverer:123][0;39m : Using deprecated '-debug' fallback for parameter name resolution. Compile the affected code with '-parameters' instead or avoid its introspection: com.garamgaebi.GaramgaebiServer.domain.member.repository.MemberRolesRepository 
[35m2023-02-18 02:33:03.244[0;39m [34m[main][0;39m [33mWARN [0;39m [36m[LocalVariableTableParameterNameDiscoverer:123][0;39m : Using deprecated '-debug' fallback for parameter name resolution. Compile the affected code with '-parameters' instead or avoid its introspection: com.garamgaebi.GaramgaebiServer.domain.notification.repository.MemberNotificationRepository 
[35m2023-02-18 02:33:03.448[0;39m [34m[main][0;39m [33mWARN [0;39m [36m[LocalVariableTableParameterNameDiscoverer:123][0;39m : Using deprecated '-debug' fallback for parameter name resolution. Compile the affected code with '-parameters' instead or avoid its introspection: com.garamgaebi.GaramgaebiServer.global.security.SecurityConfig 
[35m2023-02-18 02:33:03.688[0;39m [34m[main][0;39m [33mWARN [0;39m [36m[LocalVariableTableParameterNameDiscoverer:123][0;39m : Using deprecated '-debug' fallback for parameter name resolution. Compile the affected code with '-parameters' instead or avoid its introspection: com.garamgaebi.GaramgaebiServer.domain.ice_breaking.repository.GameRepository 
[35m2023-02-18 02:33:03.964[0;39m [34m[main][0;39m [33mWARN [0;39m [36m[JpaBaseConfiguration$JpaWebConfiguration:227][0;39m : spring.jpa.open-in-view is enabled by default. Therefore, database queries may be performed during view rendering. Explicitly configure spring.jpa.open-in-view to disable this warning 
2023-02-18 02:36:02.630 [main] WARN  [DuplicateJsonObjectContextCustomizerFactory$DuplicateJsonObjectContextCustomizer:78] : 

Found multiple occurrences of org.json.JSONObject on the class path:

	jar:file:/C:/Users/염석천/.gradle/caches/modules-2/files-2.1/org.json/json/20220924/5aa95e7688f76c664af205c5937620f02688dfbc/json-20220924.jar!/org/json/JSONObject.class
	jar:file:/C:/Users/염석천/.gradle/caches/modules-2/files-2.1/com.vaadin.external.google/android-json/0.0.20131108.vaadin1/fa26d351fe62a6a17f5cda1287c1c6110dec413f/android-json-0.0.20131108.vaadin1.jar!/org/json/JSONObject.class

You may wish to exclude one of them to ensure predictable runtime behavior
 
2023-02-18 02:36:07.454 [main] WARN  [deprecation:626] : HHH90000021: Encountered deprecated setting [javax.persistence.sharedCache.mode], use [jakarta.persistence.sharedCache.mode] instead 
2023-02-18 02:36:09.621 [main] WARN  [LocalVariableTableParameterNameDiscoverer:123] : Using deprecated '-debug' fallback for parameter name resolution. Compile the affected code with '-parameters' instead or avoid its introspection: com.garamgaebi.GaramgaebiServer.domain.ice_breaking.repository.ProgramGameroomRepository 
2023-02-18 02:36:10.010 [main] WARN  [LocalVariableTableParameterNameDiscoverer:123] : Using deprecated '-debug' fallback for parameter name resolution. Compile the affected code with '-parameters' instead or avoid its introspection: com.garamgaebi.GaramgaebiServer.domain.ice_breaking.repository.GameRoomMemberRepository 
2023-02-18 02:36:10.044 [main] WARN  [LocalVariableTableParameterNameDiscoverer:123] : Using deprecated '-debug' fallback for parameter name resolution. Compile the affected code with '-parameters' instead or avoid its introspection: com.garamgaebi.GaramgaebiServer.domain.member.repository.MemberRepository 
2023-02-18 02:36:10.721 [main] WARN  [LocalVariableTableParameterNameDiscoverer:123] : Using deprecated '-debug' fallback for parameter name resolution. Compile the affected code with '-parameters' instead or avoid its introspection: com.garamgaebi.GaramgaebiServer.domain.apply.ApplyRepository 
2023-02-18 02:36:10.869 [main] WARN  [LocalVariableTableParameterNameDiscoverer:123] : Using deprecated '-debug' fallback for parameter name resolution. Compile the affected code with '-parameters' instead or avoid its introspection: com.garamgaebi.GaramgaebiServer.domain.program.repository.ProgramRepository 
2023-02-18 02:36:11.527 [main] WARN  [LocalVariableTableParameterNameDiscoverer:123] : Using deprecated '-debug' fallback for parameter name resolution. Compile the affected code with '-parameters' instead or avoid its introspection: com.garamgaebi.GaramgaebiServer.domain.member.repository.MemberRolesRepository 
2023-02-18 02:36:11.627 [main] WARN  [LocalVariableTableParameterNameDiscoverer:123] : Using deprecated '-debug' fallback for parameter name resolution. Compile the affected code with '-parameters' instead or avoid its introspection: com.garamgaebi.GaramgaebiServer.domain.notification.repository.MemberNotificationRepository 
2023-02-18 02:36:11.892 [main] WARN  [LocalVariableTableParameterNameDiscoverer:123] : Using deprecated '-debug' fallback for parameter name resolution. Compile the affected code with '-parameters' instead or avoid its introspection: com.garamgaebi.GaramgaebiServer.global.security.SecurityConfig 
2023-02-18 02:36:12.228 [main] WARN  [LocalVariableTableParameterNameDiscoverer:123] : Using deprecated '-debug' fallback for parameter name resolution. Compile the affected code with '-parameters' instead or avoid its introspection: com.garamgaebi.GaramgaebiServer.domain.ice_breaking.repository.GameRepository 
2023-02-18 02:36:12.593 [main] WARN  [JpaBaseConfiguration$JpaWebConfiguration:227] : spring.jpa.open-in-view is enabled by default. Therefore, database queries may be performed during view rendering. Explicitly configure spring.jpa.open-in-view to disable this warning 
2023-02-18 02:53:10.733 [main] WARN  [DuplicateJsonObjectContextCustomizerFactory$DuplicateJsonObjectContextCustomizer:78] : 

Found multiple occurrences of org.json.JSONObject on the class path:

	jar:file:/C:/Users/염석천/.gradle/caches/modules-2/files-2.1/org.json/json/20220924/5aa95e7688f76c664af205c5937620f02688dfbc/json-20220924.jar!/org/json/JSONObject.class
	jar:file:/C:/Users/염석천/.gradle/caches/modules-2/files-2.1/com.vaadin.external.google/android-json/0.0.20131108.vaadin1/fa26d351fe62a6a17f5cda1287c1c6110dec413f/android-json-0.0.20131108.vaadin1.jar!/org/json/JSONObject.class

You may wish to exclude one of them to ensure predictable runtime behavior
 
2023-02-18 02:53:15.571 [main] WARN  [deprecation:626] : HHH90000021: Encountered deprecated setting [javax.persistence.sharedCache.mode], use [jakarta.persistence.sharedCache.mode] instead 
2023-02-18 02:53:18.139 [main] WARN  [LocalVariableTableParameterNameDiscoverer:123] : Using deprecated '-debug' fallback for parameter name resolution. Compile the affected code with '-parameters' instead or avoid its introspection: com.garamgaebi.GaramgaebiServer.domain.ice_breaking.repository.ProgramGameroomRepository 
2023-02-18 02:53:18.554 [main] WARN  [LocalVariableTableParameterNameDiscoverer:123] : Using deprecated '-debug' fallback for parameter name resolution. Compile the affected code with '-parameters' instead or avoid its introspection: com.garamgaebi.GaramgaebiServer.domain.ice_breaking.repository.GameRoomMemberRepository 
2023-02-18 02:53:18.598 [main] WARN  [LocalVariableTableParameterNameDiscoverer:123] : Using deprecated '-debug' fallback for parameter name resolution. Compile the affected code with '-parameters' instead or avoid its introspection: com.garamgaebi.GaramgaebiServer.domain.member.repository.MemberRepository 
2023-02-18 02:53:19.350 [main] WARN  [LocalVariableTableParameterNameDiscoverer:123] : Using deprecated '-debug' fallback for parameter name resolution. Compile the affected code with '-parameters' instead or avoid its introspection: com.garamgaebi.GaramgaebiServer.domain.apply.ApplyRepository 
2023-02-18 02:53:19.512 [main] WARN  [LocalVariableTableParameterNameDiscoverer:123] : Using deprecated '-debug' fallback for parameter name resolution. Compile the affected code with '-parameters' instead or avoid its introspection: com.garamgaebi.GaramgaebiServer.domain.program.repository.ProgramRepository 
2023-02-18 02:53:20.216 [main] WARN  [LocalVariableTableParameterNameDiscoverer:123] : Using deprecated '-debug' fallback for parameter name resolution. Compile the affected code with '-parameters' instead or avoid its introspection: com.garamgaebi.GaramgaebiServer.domain.member.repository.MemberRolesRepository 
2023-02-18 02:53:20.322 [main] WARN  [LocalVariableTableParameterNameDiscoverer:123] : Using deprecated '-debug' fallback for parameter name resolution. Compile the affected code with '-parameters' instead or avoid its introspection: com.garamgaebi.GaramgaebiServer.domain.notification.repository.MemberNotificationRepository 
2023-02-18 02:53:20.589 [main] WARN  [LocalVariableTableParameterNameDiscoverer:123] : Using deprecated '-debug' fallback for parameter name resolution. Compile the affected code with '-parameters' instead or avoid its introspection: com.garamgaebi.GaramgaebiServer.global.security.SecurityConfig 
2023-02-18 02:53:20.928 [main] WARN  [LocalVariableTableParameterNameDiscoverer:123] : Using deprecated '-debug' fallback for parameter name resolution. Compile the affected code with '-parameters' instead or avoid its introspection: com.garamgaebi.GaramgaebiServer.domain.ice_breaking.repository.GameRepository 
2023-02-18 02:53:21.282 [main] WARN  [JpaBaseConfiguration$JpaWebConfiguration:227] : spring.jpa.open-in-view is enabled by default. Therefore, database queries may be performed during view rendering. Explicitly configure spring.jpa.open-in-view to disable this warning 
[35m2023-02-18 02:58:09.099[0;39m [34m[main][0;39m [33mWARN [0;39m [36m[deprecation:626][0;39m : HHH90000021: Encountered deprecated setting [javax.persistence.sharedCache.mode], use [jakarta.persistence.sharedCache.mode] instead 
[35m2023-02-18 02:58:10.899[0;39m [34m[main][0;39m [33mWARN [0;39m [36m[LocalVariableTableParameterNameDiscoverer:123][0;39m : Using deprecated '-debug' fallback for parameter name resolution. Compile the affected code with '-parameters' instead or avoid its introspection: com.garamgaebi.GaramgaebiServer.domain.ice_breaking.repository.ProgramGameroomRepository 
[35m2023-02-18 02:58:11.207[0;39m [34m[main][0;39m [33mWARN [0;39m [36m[LocalVariableTableParameterNameDiscoverer:123][0;39m : Using deprecated '-debug' fallback for parameter name resolution. Compile the affected code with '-parameters' instead or avoid its introspection: com.garamgaebi.GaramgaebiServer.domain.ice_breaking.repository.GameRoomMemberRepository 
[35m2023-02-18 02:58:11.238[0;39m [34m[main][0;39m [33mWARN [0;39m [36m[LocalVariableTableParameterNameDiscoverer:123][0;39m : Using deprecated '-debug' fallback for parameter name resolution. Compile the affected code with '-parameters' instead or avoid its introspection: com.garamgaebi.GaramgaebiServer.domain.member.repository.MemberRepository 
[35m2023-02-18 02:58:11.723[0;39m [34m[main][0;39m [33mWARN [0;39m [36m[LocalVariableTableParameterNameDiscoverer:123][0;39m : Using deprecated '-debug' fallback for parameter name resolution. Compile the affected code with '-parameters' instead or avoid its introspection: com.garamgaebi.GaramgaebiServer.domain.apply.ApplyRepository 
[35m2023-02-18 02:58:11.837[0;39m [34m[main][0;39m [33mWARN [0;39m [36m[LocalVariableTableParameterNameDiscoverer:123][0;39m : Using deprecated '-debug' fallback for parameter name resolution. Compile the affected code with '-parameters' instead or avoid its introspection: com.garamgaebi.GaramgaebiServer.domain.program.repository.ProgramRepository 
[35m2023-02-18 02:58:12.314[0;39m [34m[main][0;39m [33mWARN [0;39m [36m[LocalVariableTableParameterNameDiscoverer:123][0;39m : Using deprecated '-debug' fallback for parameter name resolution. Compile the affected code with '-parameters' instead or avoid its introspection: com.garamgaebi.GaramgaebiServer.domain.member.repository.MemberRolesRepository 
[35m2023-02-18 02:58:12.411[0;39m [34m[main][0;39m [33mWARN [0;39m [36m[LocalVariableTableParameterNameDiscoverer:123][0;39m : Using deprecated '-debug' fallback for parameter name resolution. Compile the affected code with '-parameters' instead or avoid its introspection: com.garamgaebi.GaramgaebiServer.domain.notification.repository.MemberNotificationRepository 
[35m2023-02-18 02:58:12.617[0;39m [34m[main][0;39m [33mWARN [0;39m [36m[LocalVariableTableParameterNameDiscoverer:123][0;39m : Using deprecated '-debug' fallback for parameter name resolution. Compile the affected code with '-parameters' instead or avoid its introspection: com.garamgaebi.GaramgaebiServer.global.security.SecurityConfig 
[35m2023-02-18 02:58:12.877[0;39m [34m[main][0;39m [33mWARN [0;39m [36m[LocalVariableTableParameterNameDiscoverer:123][0;39m : Using deprecated '-debug' fallback for parameter name resolution. Compile the affected code with '-parameters' instead or avoid its introspection: com.garamgaebi.GaramgaebiServer.domain.ice_breaking.repository.GameRepository 
[35m2023-02-18 02:58:13.137[0;39m [34m[main][0;39m [33mWARN [0;39m [36m[JpaBaseConfiguration$JpaWebConfiguration:227][0;39m : spring.jpa.open-in-view is enabled by default. Therefore, database queries may be performed during view rendering. Explicitly configure spring.jpa.open-in-view to disable this warning 
[35m2023-02-18 02:58:33.829[0;39m [34m[http-nio-8080-exec-1][0;39m [33mWARN [0;39m [36m[LocalVariableTableParameterNameDiscoverer:123][0;39m : Using deprecated '-debug' fallback for parameter name resolution. Compile the affected code with '-parameters' instead or avoid its introspection: com.garamgaebi.GaramgaebiServer.domain.member.controller.MemberController 
[35m2023-02-18 03:00:06.030[0;39m [34m[http-nio-8080-exec-5][0;39m [33mWARN [0;39m [36m[LocalVariableTableParameterNameDiscoverer:123][0;39m : Using deprecated '-debug' fallback for parameter name resolution. Compile the affected code with '-parameters' instead or avoid its introspection: com.garamgaebi.GaramgaebiServer.domain.program.controller.NetworkingController 
[35m2023-02-18 03:02:09.074[0;39m [34m[main][0;39m [33mWARN [0;39m [36m[deprecation:626][0;39m : HHH90000021: Encountered deprecated setting [javax.persistence.sharedCache.mode], use [jakarta.persistence.sharedCache.mode] instead 
[35m2023-02-18 03:02:10.895[0;39m [34m[main][0;39m [33mWARN [0;39m [36m[LocalVariableTableParameterNameDiscoverer:123][0;39m : Using deprecated '-debug' fallback for parameter name resolution. Compile the affected code with '-parameters' instead or avoid its introspection: com.garamgaebi.GaramgaebiServer.domain.ice_breaking.repository.ProgramGameroomRepository 
[35m2023-02-18 03:02:11.208[0;39m [34m[main][0;39m [33mWARN [0;39m [36m[LocalVariableTableParameterNameDiscoverer:123][0;39m : Using deprecated '-debug' fallback for parameter name resolution. Compile the affected code with '-parameters' instead or avoid its introspection: com.garamgaebi.GaramgaebiServer.domain.ice_breaking.repository.GameRoomMemberRepository 
[35m2023-02-18 03:02:11.239[0;39m [34m[main][0;39m [33mWARN [0;39m [36m[LocalVariableTableParameterNameDiscoverer:123][0;39m : Using deprecated '-debug' fallback for parameter name resolution. Compile the affected code with '-parameters' instead or avoid its introspection: com.garamgaebi.GaramgaebiServer.domain.member.repository.MemberRepository 
[35m2023-02-18 03:02:11.724[0;39m [34m[main][0;39m [33mWARN [0;39m [36m[LocalVariableTableParameterNameDiscoverer:123][0;39m : Using deprecated '-debug' fallback for parameter name resolution. Compile the affected code with '-parameters' instead or avoid its introspection: com.garamgaebi.GaramgaebiServer.domain.apply.ApplyRepository 
[35m2023-02-18 03:02:11.834[0;39m [34m[main][0;39m [33mWARN [0;39m [36m[LocalVariableTableParameterNameDiscoverer:123][0;39m : Using deprecated '-debug' fallback for parameter name resolution. Compile the affected code with '-parameters' instead or avoid its introspection: com.garamgaebi.GaramgaebiServer.domain.program.repository.ProgramRepository 
[35m2023-02-18 03:02:12.304[0;39m [34m[main][0;39m [33mWARN [0;39m [36m[LocalVariableTableParameterNameDiscoverer:123][0;39m : Using deprecated '-debug' fallback for parameter name resolution. Compile the affected code with '-parameters' instead or avoid its introspection: com.garamgaebi.GaramgaebiServer.domain.member.repository.MemberRolesRepository 
[35m2023-02-18 03:02:12.396[0;39m [34m[main][0;39m [33mWARN [0;39m [36m[LocalVariableTableParameterNameDiscoverer:123][0;39m : Using deprecated '-debug' fallback for parameter name resolution. Compile the affected code with '-parameters' instead or avoid its introspection: com.garamgaebi.GaramgaebiServer.domain.notification.repository.MemberNotificationRepository 
[35m2023-02-18 03:02:12.603[0;39m [34m[main][0;39m [33mWARN [0;39m [36m[LocalVariableTableParameterNameDiscoverer:123][0;39m : Using deprecated '-debug' fallback for parameter name resolution. Compile the affected code with '-parameters' instead or avoid its introspection: com.garamgaebi.GaramgaebiServer.global.security.SecurityConfig 
[35m2023-02-18 03:02:12.871[0;39m [34m[main][0;39m [33mWARN [0;39m [36m[LocalVariableTableParameterNameDiscoverer:123][0;39m : Using deprecated '-debug' fallback for parameter name resolution. Compile the affected code with '-parameters' instead or avoid its introspection: com.garamgaebi.GaramgaebiServer.domain.ice_breaking.repository.GameRepository 
[35m2023-02-18 03:02:13.169[0;39m [34m[main][0;39m [33mWARN [0;39m [36m[JpaBaseConfiguration$JpaWebConfiguration:227][0;39m : spring.jpa.open-in-view is enabled by default. Therefore, database queries may be performed during view rendering. Explicitly configure spring.jpa.open-in-view to disable this warning 
[35m2023-02-18 03:02:23.161[0;39m [34m[http-nio-8080-exec-1][0;39m [33mWARN [0;39m [36m[LocalVariableTableParameterNameDiscoverer:123][0;39m : Using deprecated '-debug' fallback for parameter name resolution. Compile the affected code with '-parameters' instead or avoid its introspection: com.garamgaebi.GaramgaebiServer.domain.program.controller.NetworkingController 
[35m2023-02-18 03:06:01.179[0;39m [34m[main][0;39m [33mWARN [0;39m [36m[deprecation:626][0;39m : HHH90000021: Encountered deprecated setting [javax.persistence.sharedCache.mode], use [jakarta.persistence.sharedCache.mode] instead 
[35m2023-02-18 03:06:03.263[0;39m [34m[main][0;39m [33mWARN [0;39m [36m[LocalVariableTableParameterNameDiscoverer:123][0;39m : Using deprecated '-debug' fallback for parameter name resolution. Compile the affected code with '-parameters' instead or avoid its introspection: com.garamgaebi.GaramgaebiServer.domain.ice_breaking.repository.ProgramGameroomRepository 
[35m2023-02-18 03:06:03.548[0;39m [34m[main][0;39m [33mWARN [0;39m [36m[LocalVariableTableParameterNameDiscoverer:123][0;39m : Using deprecated '-debug' fallback for parameter name resolution. Compile the affected code with '-parameters' instead or avoid its introspection: com.garamgaebi.GaramgaebiServer.domain.ice_breaking.repository.GameRoomMemberRepository 
[35m2023-02-18 03:06:03.581[0;39m [34m[main][0;39m [33mWARN [0;39m [36m[LocalVariableTableParameterNameDiscoverer:123][0;39m : Using deprecated '-debug' fallback for parameter name resolution. Compile the affected code with '-parameters' instead or avoid its introspection: com.garamgaebi.GaramgaebiServer.domain.member.repository.MemberRepository 
[35m2023-02-18 03:06:04.054[0;39m [34m[main][0;39m [33mWARN [0;39m [36m[LocalVariableTableParameterNameDiscoverer:123][0;39m : Using deprecated '-debug' fallback for parameter name resolution. Compile the affected code with '-parameters' instead or avoid its introspection: com.garamgaebi.GaramgaebiServer.domain.apply.ApplyRepository 
[35m2023-02-18 03:06:04.163[0;39m [34m[main][0;39m [33mWARN [0;39m [36m[LocalVariableTableParameterNameDiscoverer:123][0;39m : Using deprecated '-debug' fallback for parameter name resolution. Compile the affected code with '-parameters' instead or avoid its introspection: com.garamgaebi.GaramgaebiServer.domain.program.repository.ProgramRepository 
[35m2023-02-18 03:06:04.671[0;39m [34m[main][0;39m [33mWARN [0;39m [36m[LocalVariableTableParameterNameDiscoverer:123][0;39m : Using deprecated '-debug' fallback for parameter name resolution. Compile the affected code with '-parameters' instead or avoid its introspection: com.garamgaebi.GaramgaebiServer.domain.member.repository.MemberRolesRepository 
[35m2023-02-18 03:06:04.764[0;39m [34m[main][0;39m [33mWARN [0;39m [36m[LocalVariableTableParameterNameDiscoverer:123][0;39m : Using deprecated '-debug' fallback for parameter name resolution. Compile the affected code with '-parameters' instead or avoid its introspection: com.garamgaebi.GaramgaebiServer.domain.notification.repository.MemberNotificationRepository 
[35m2023-02-18 03:06:04.968[0;39m [34m[main][0;39m [33mWARN [0;39m [36m[LocalVariableTableParameterNameDiscoverer:123][0;39m : Using deprecated '-debug' fallback for parameter name resolution. Compile the affected code with '-parameters' instead or avoid its introspection: com.garamgaebi.GaramgaebiServer.global.security.SecurityConfig 
[35m2023-02-18 03:06:05.226[0;39m [34m[main][0;39m [33mWARN [0;39m [36m[LocalVariableTableParameterNameDiscoverer:123][0;39m : Using deprecated '-debug' fallback for parameter name resolution. Compile the affected code with '-parameters' instead or avoid its introspection: com.garamgaebi.GaramgaebiServer.domain.ice_breaking.repository.GameRepository 
[35m2023-02-18 03:06:05.480[0;39m [34m[main][0;39m [33mWARN [0;39m [36m[JpaBaseConfiguration$JpaWebConfiguration:227][0;39m : spring.jpa.open-in-view is enabled by default. Therefore, database queries may be performed during view rendering. Explicitly configure spring.jpa.open-in-view to disable this warning 
[35m2023-02-18 03:06:13.178[0;39m [34m[http-nio-8080-exec-3][0;39m [33mWARN [0;39m [36m[LocalVariableTableParameterNameDiscoverer:123][0;39m : Using deprecated '-debug' fallback for parameter name resolution. Compile the affected code with '-parameters' instead or avoid its introspection: com.garamgaebi.GaramgaebiServer.domain.program.controller.NetworkingController 
[35m2023-02-18 03:07:04.871[0;39m [34m[main][0;39m [33mWARN [0;39m [36m[deprecation:626][0;39m : HHH90000021: Encountered deprecated setting [javax.persistence.sharedCache.mode], use [jakarta.persistence.sharedCache.mode] instead 
[35m2023-02-18 03:07:06.661[0;39m [34m[main][0;39m [33mWARN [0;39m [36m[LocalVariableTableParameterNameDiscoverer:123][0;39m : Using deprecated '-debug' fallback for parameter name resolution. Compile the affected code with '-parameters' instead or avoid its introspection: com.garamgaebi.GaramgaebiServer.domain.ice_breaking.repository.ProgramGameroomRepository 
[35m2023-02-18 03:07:06.950[0;39m [34m[main][0;39m [33mWARN [0;39m [36m[LocalVariableTableParameterNameDiscoverer:123][0;39m : Using deprecated '-debug' fallback for parameter name resolution. Compile the affected code with '-parameters' instead or avoid its introspection: com.garamgaebi.GaramgaebiServer.domain.ice_breaking.repository.GameRoomMemberRepository 
[35m2023-02-18 03:07:06.983[0;39m [34m[main][0;39m [33mWARN [0;39m [36m[LocalVariableTableParameterNameDiscoverer:123][0;39m : Using deprecated '-debug' fallback for parameter name resolution. Compile the affected code with '-parameters' instead or avoid its introspection: com.garamgaebi.GaramgaebiServer.domain.member.repository.MemberRepository 
[35m2023-02-18 03:07:07.479[0;39m [34m[main][0;39m [33mWARN [0;39m [36m[LocalVariableTableParameterNameDiscoverer:123][0;39m : Using deprecated '-debug' fallback for parameter name resolution. Compile the affected code with '-parameters' instead or avoid its introspection: com.garamgaebi.GaramgaebiServer.domain.apply.ApplyRepository 
[35m2023-02-18 03:07:07.602[0;39m [34m[main][0;39m [33mWARN [0;39m [36m[LocalVariableTableParameterNameDiscoverer:123][0;39m : Using deprecated '-debug' fallback for parameter name resolution. Compile the affected code with '-parameters' instead or avoid its introspection: com.garamgaebi.GaramgaebiServer.domain.program.repository.ProgramRepository 
[35m2023-02-18 03:07:08.072[0;39m [34m[main][0;39m [33mWARN [0;39m [36m[LocalVariableTableParameterNameDiscoverer:123][0;39m : Using deprecated '-debug' fallback for parameter name resolution. Compile the affected code with '-parameters' instead or avoid its introspection: com.garamgaebi.GaramgaebiServer.domain.member.repository.MemberRolesRepository 
[35m2023-02-18 03:07:08.169[0;39m [34m[main][0;39m [33mWARN [0;39m [36m[LocalVariableTableParameterNameDiscoverer:123][0;39m : Using deprecated '-debug' fallback for parameter name resolution. Compile the affected code with '-parameters' instead or avoid its introspection: com.garamgaebi.GaramgaebiServer.domain.notification.repository.MemberNotificationRepository 
[35m2023-02-18 03:07:08.396[0;39m [34m[main][0;39m [33mWARN [0;39m [36m[LocalVariableTableParameterNameDiscoverer:123][0;39m : Using deprecated '-debug' fallback for parameter name resolution. Compile the affected code with '-parameters' instead or avoid its introspection: com.garamgaebi.GaramgaebiServer.global.security.SecurityConfig 
[35m2023-02-18 03:07:08.676[0;39m [34m[main][0;39m [33mWARN [0;39m [36m[LocalVariableTableParameterNameDiscoverer:123][0;39m : Using deprecated '-debug' fallback for parameter name resolution. Compile the affected code with '-parameters' instead or avoid its introspection: com.garamgaebi.GaramgaebiServer.domain.ice_breaking.repository.GameRepository 
[35m2023-02-18 03:07:08.948[0;39m [34m[main][0;39m [33mWARN [0;39m [36m[JpaBaseConfiguration$JpaWebConfiguration:227][0;39m : spring.jpa.open-in-view is enabled by default. Therefore, database queries may be performed during view rendering. Explicitly configure spring.jpa.open-in-view to disable this warning 
[35m2023-02-18 03:07:20.850[0;39m [34m[http-nio-8080-exec-1][0;39m [33mWARN [0;39m [36m[LocalVariableTableParameterNameDiscoverer:123][0;39m : Using deprecated '-debug' fallback for parameter name resolution. Compile the affected code with '-parameters' instead or avoid its introspection: com.garamgaebi.GaramgaebiServer.domain.program.controller.NetworkingController 
