[35m2023-02-18 14:48:57.372[0;39m [34m[main][0;39m [32mINFO [0;39m [36m[GaramgaebiServerApplication:51][0;39m : Starting GaramgaebiServerApplication using Java 17.0.5 with PID 1365 (/Users/jodongjin/Desktop/UMC 3기/Garamgaebi/Garamgaebi-Server/build/classes/java/main started by jodongjin in /Users/jodongjin/Desktop/UMC 3기/Garamgaebi/Garamgaebi-Server) 
[35m2023-02-18 14:48:57.377[0;39m [34m[main][0;39m [32mINFO [0;39m [36m[GaramgaebiServerApplication:636][0;39m : The following 1 profile is active: "garamgaebi" 
[35m2023-02-18 14:48:57.783[0;39m [34m[main][0;39m [32mINFO [0;39m [36m[RepositoryConfigurationDelegate:294][0;39m : Multiple Spring Data modules found, entering strict repository configuration mode 
[35m2023-02-18 14:48:57.783[0;39m [34m[main][0;39m [32mINFO [0;39m [36m[RepositoryConfigurationDelegate:138][0;39m : Bootstrapping Spring Data JPA repositories in DEFAULT mode. 
[35m2023-02-18 14:48:57.904[0;39m [34m[main][0;39m [32mINFO [0;39m [36m[RepositoryConfigurationDelegate:208][0;39m : Finished Spring Data repository scanning in 115 ms. Found 13 JPA repository interfaces. 
[35m2023-02-18 14:48:57.908[0;39m [34m[main][0;39m [32mINFO [0;39m [36m[RepositoryConfigurationDelegate:294][0;39m : Multiple Spring Data modules found, entering strict repository configuration mode 
[35m2023-02-18 14:48:57.908[0;39m [34m[main][0;39m [32mINFO [0;39m [36m[RepositoryConfigurationDelegate:138][0;39m : Bootstrapping Spring Data Redis repositories in DEFAULT mode. 
[35m2023-02-18 14:48:57.916[0;39m [34m[main][0;39m [32mINFO [0;39m [36m[RepositoryConfigurationDelegate:208][0;39m : Finished Spring Data repository scanning in 1 ms. Found 0 Redis repository interfaces. 
[35m2023-02-18 14:48:58.093[0;39m [34m[main][0;39m [32mINFO [0;39m [36m[RepositoryConfigurationDelegate:294][0;39m : Multiple Spring Data modules found, entering strict repository configuration mode 
[35m2023-02-18 14:48:58.093[0;39m [34m[main][0;39m [32mINFO [0;39m [36m[RepositoryConfigurationDelegate:138][0;39m : Bootstrapping Spring Data Redis repositories in DEFAULT mode. 
[35m2023-02-18 14:48:58.106[0;39m [34m[main][0;39m [32mINFO [0;39m [36m[RepositoryConfigurationExtensionSupport:320][0;39m : Spring Data Redis - Could not safely identify store assignment for repository candidate interface com.garamgaebi.GaramgaebiServer.admin.program.repository.AdminPresentationRepository; If you want this repository to be a Redis repository, consider annotating your entities with one of these annotations: org.springframework.data.redis.core.RedisHash (preferred), or consider extending one of the following types with your repository: org.springframework.data.keyvalue.repository.KeyValueRepository 
[35m2023-02-18 14:48:58.106[0;39m [34m[main][0;39m [32mINFO [0;39m [36m[RepositoryConfigurationExtensionSupport:320][0;39m : Spring Data Redis - Could not safely identify store assignment for repository candidate interface com.garamgaebi.GaramgaebiServer.admin.program.repository.AdminProgramRepository; If you want this repository to be a Redis repository, consider annotating your entities with one of these annotations: org.springframework.data.redis.core.RedisHash (preferred), or consider extending one of the following types with your repository: org.springframework.data.keyvalue.repository.KeyValueRepository 
[35m2023-02-18 14:48:58.107[0;39m [34m[main][0;39m [32mINFO [0;39m [36m[RepositoryConfigurationExtensionSupport:320][0;39m : Spring Data Redis - Could not safely identify store assignment for repository candidate interface com.garamgaebi.GaramgaebiServer.domain.apply.ApplyRepository; If you want this repository to be a Redis repository, consider annotating your entities with one of these annotations: org.springframework.data.redis.core.RedisHash (preferred), or consider extending one of the following types with your repository: org.springframework.data.keyvalue.repository.KeyValueRepository 
[35m2023-02-18 14:48:58.107[0;39m [34m[main][0;39m [32mINFO [0;39m [36m[RepositoryConfigurationExtensionSupport:320][0;39m : Spring Data Redis - Could not safely identify store assignment for repository candidate interface com.garamgaebi.GaramgaebiServer.domain.ice_breaking.repository.GameRepository; If you want this repository to be a Redis repository, consider annotating your entities with one of these annotations: org.springframework.data.redis.core.RedisHash (preferred), or consider extending one of the following types with your repository: org.springframework.data.keyvalue.repository.KeyValueRepository 
[35m2023-02-18 14:48:58.107[0;39m [34m[main][0;39m [32mINFO [0;39m [36m[RepositoryConfigurationExtensionSupport:320][0;39m : Spring Data Redis - Could not safely identify store assignment for repository candidate interface com.garamgaebi.GaramgaebiServer.domain.ice_breaking.repository.GameRoomMemberRepository; If you want this repository to be a Redis repository, consider annotating your entities with one of these annotations: org.springframework.data.redis.core.RedisHash (preferred), or consider extending one of the following types with your repository: org.springframework.data.keyvalue.repository.KeyValueRepository 
[35m2023-02-18 14:48:58.107[0;39m [34m[main][0;39m [32mINFO [0;39m [36m[RepositoryConfigurationExtensionSupport:320][0;39m : Spring Data Redis - Could not safely identify store assignment for repository candidate interface com.garamgaebi.GaramgaebiServer.domain.ice_breaking.repository.IceBreakingImagesRepository; If you want this repository to be a Redis repository, consider annotating your entities with one of these annotations: org.springframework.data.redis.core.RedisHash (preferred), or consider extending one of the following types with your repository: org.springframework.data.keyvalue.repository.KeyValueRepository 
[35m2023-02-18 14:48:58.107[0;39m [34m[main][0;39m [32mINFO [0;39m [36m[RepositoryConfigurationExtensionSupport:320][0;39m : Spring Data Redis - Could not safely identify store assignment for repository candidate interface com.garamgaebi.GaramgaebiServer.domain.ice_breaking.repository.ProgramGameroomRepository; If you want this repository to be a Redis repository, consider annotating your entities with one of these annotations: org.springframework.data.redis.core.RedisHash (preferred), or consider extending one of the following types with your repository: org.springframework.data.keyvalue.repository.KeyValueRepository 
[35m2023-02-18 14:48:58.107[0;39m [34m[main][0;39m [32mINFO [0;39m [36m[RepositoryConfigurationExtensionSupport:320][0;39m : Spring Data Redis - Could not safely identify store assignment for repository candidate interface com.garamgaebi.GaramgaebiServer.domain.member.repository.MemberQuitRepository; If you want this repository to be a Redis repository, consider annotating your entities with one of these annotations: org.springframework.data.redis.core.RedisHash (preferred), or consider extending one of the following types with your repository: org.springframework.data.keyvalue.repository.KeyValueRepository 
[35m2023-02-18 14:48:58.108[0;39m [34m[main][0;39m [32mINFO [0;39m [36m[RepositoryConfigurationExtensionSupport:320][0;39m : Spring Data Redis - Could not safely identify store assignment for repository candidate interface com.garamgaebi.GaramgaebiServer.domain.member.repository.MemberRepository; If you want this repository to be a Redis repository, consider annotating your entities with one of these annotations: org.springframework.data.redis.core.RedisHash (preferred), or consider extending one of the following types with your repository: org.springframework.data.keyvalue.repository.KeyValueRepository 
[35m2023-02-18 14:48:58.108[0;39m [34m[main][0;39m [32mINFO [0;39m [36m[RepositoryConfigurationExtensionSupport:320][0;39m : Spring Data Redis - Could not safely identify store assignment for repository candidate interface com.garamgaebi.GaramgaebiServer.domain.member.repository.MemberRolesRepository; If you want this repository to be a Redis repository, consider annotating your entities with one of these annotations: org.springframework.data.redis.core.RedisHash (preferred), or consider extending one of the following types with your repository: org.springframework.data.keyvalue.repository.KeyValueRepository 
[35m2023-02-18 14:48:58.108[0;39m [34m[main][0;39m [32mINFO [0;39m [36m[RepositoryConfigurationExtensionSupport:320][0;39m : Spring Data Redis - Could not safely identify store assignment for repository candidate interface com.garamgaebi.GaramgaebiServer.domain.notification.repository.MemberNotificationRepository; If you want this repository to be a Redis repository, consider annotating your entities with one of these annotations: org.springframework.data.redis.core.RedisHash (preferred), or consider extending one of the following types with your repository: org.springframework.data.keyvalue.repository.KeyValueRepository 
[35m2023-02-18 14:48:58.108[0;39m [34m[main][0;39m [32mINFO [0;39m [36m[RepositoryConfigurationExtensionSupport:320][0;39m : Spring Data Redis - Could not safely identify store assignment for repository candidate interface com.garamgaebi.GaramgaebiServer.domain.notification.repository.NotificationRepository; If you want this repository to be a Redis repository, consider annotating your entities with one of these annotations: org.springframework.data.redis.core.RedisHash (preferred), or consider extending one of the following types with your repository: org.springframework.data.keyvalue.repository.KeyValueRepository 
[35m2023-02-18 14:48:58.108[0;39m [34m[main][0;39m [32mINFO [0;39m [36m[RepositoryConfigurationExtensionSupport:320][0;39m : Spring Data Redis - Could not safely identify store assignment for repository candidate interface com.garamgaebi.GaramgaebiServer.domain.program.repository.ProgramRepository; If you want this repository to be a Redis repository, consider annotating your entities with one of these annotations: org.springframework.data.redis.core.RedisHash (preferred), or consider extending one of the following types with your repository: org.springframework.data.keyvalue.repository.KeyValueRepository 
[35m2023-02-18 14:48:58.108[0;39m [34m[main][0;39m [32mINFO [0;39m [36m[RepositoryConfigurationDelegate:208][0;39m : Finished Spring Data repository scanning in 15 ms. Found 0 Redis repository interfaces. 
[35m2023-02-18 14:48:58.531[0;39m [34m[main][0;39m [32mINFO [0;39m [36m[TomcatWebServer:108][0;39m : Tomcat initialized with port(s): 8080 (http) 
[35m2023-02-18 14:48:58.537[0;39m [34m[main][0;39m [32mINFO [0;39m [36m[StandardService:173][0;39m : Starting service [Tomcat] 
[35m2023-02-18 14:48:58.538[0;39m [34m[main][0;39m [32mINFO [0;39m [36m[StandardEngine:173][0;39m : Starting Servlet engine: [Apache Tomcat/10.1.4] 
[35m2023-02-18 14:48:58.591[0;39m [34m[main][0;39m [32mINFO [0;39m [36m[[/]:173][0;39m : Initializing Spring embedded WebApplicationContext 
[35m2023-02-18 14:48:58.591[0;39m [34m[main][0;39m [32mINFO [0;39m [36m[ServletWebServerApplicationContext:291][0;39m : Root WebApplicationContext: initialization completed in 1185 ms 
[35m2023-02-18 14:48:58.685[0;39m [34m[main][0;39m [32mINFO [0;39m [36m[HikariDataSource:110][0;39m : HikariPool-1 - Starting... 
[35m2023-02-18 14:48:59.051[0;39m [34m[main][0;39m [32mINFO [0;39m [36m[HikariPool:565][0;39m : HikariPool-1 - Added connection com.mysql.cj.jdbc.ConnectionImpl@5256fbc 
[35m2023-02-18 14:48:59.052[0;39m [34m[main][0;39m [32mINFO [0;39m [36m[HikariDataSource:123][0;39m : HikariPool-1 - Start completed. 
[35m2023-02-18 14:48:59.076[0;39m [34m[main][0;39m [32mINFO [0;39m [36m[LogHelper:31][0;39m : HHH000204: Processing PersistenceUnitInfo [name: default] 
[35m2023-02-18 14:48:59.105[0;39m [34m[main][0;39m [32mINFO [0;39m [36m[Version:44][0;39m : HHH000412: Hibernate ORM core version 6.1.6.Final 
[35m2023-02-18 14:48:59.316[0;39m [34m[main][0;39m [32mINFO [0;39m [36m[SQL dialect:66][0;39m : HHH000400: Using dialect: org.hibernate.dialect.MySQLDialect 
[35m2023-02-18 14:48:59.868[0;39m [34m[main][0;39m [32mINFO [0;39m [36m[JtaPlatformInitiator:51][0;39m : HHH000490: Using JtaPlatform implementation: [org.hibernate.engine.transaction.jta.platform.internal.NoJtaPlatform] 
[35m2023-02-18 14:48:59.873[0;39m [34m[main][0;39m [32mINFO [0;39m [36m[LocalContainerEntityManagerFactoryBean:437][0;39m : Initialized JPA EntityManagerFactory for persistence unit 'default' 
[35m2023-02-18 14:49:01.163[0;39m [34m[main][0;39m [32mINFO [0;39m [36m[StdSchedulerFactory:1184][0;39m : Using default implementation for ThreadExecutor 
[35m2023-02-18 14:49:01.165[0;39m [34m[main][0;39m [32mINFO [0;39m [36m[SimpleThreadPool:268][0;39m : Job execution threads will use class loader of thread: main 
[35m2023-02-18 14:49:01.169[0;39m [34m[main][0;39m [32mINFO [0;39m [36m[SchedulerSignalerImpl:61][0;39m : Initialized Scheduler Signaller of type: class org.quartz.core.SchedulerSignalerImpl 
[35m2023-02-18 14:49:01.169[0;39m [34m[main][0;39m [32mINFO [0;39m [36m[QuartzScheduler:240][0;39m : Quartz Scheduler v.2.2.1 created. 
[35m2023-02-18 14:49:01.170[0;39m [34m[main][0;39m [32mINFO [0;39m [36m[RAMJobStore:155][0;39m : RAMJobStore initialized. 
[35m2023-02-18 14:49:01.170[0;39m [34m[main][0;39m [32mINFO [0;39m [36m[QuartzScheduler:305][0;39m : Scheduler meta-data: Quartz Scheduler (v2.2.1) 'DefaultQuartzScheduler' with instanceId 'NON_CLUSTERED'
  Scheduler class: 'org.quartz.core.QuartzScheduler' - running locally.
  NOT STARTED.
  Currently in standby mode.
  Number of jobs executed: 0
  Using thread pool 'org.quartz.simpl.SimpleThreadPool' - with 10 threads.
  Using job-store 'org.quartz.simpl.RAMJobStore' - which does not support persistence. and is not clustered.
 
[35m2023-02-18 14:49:01.170[0;39m [34m[main][0;39m [32mINFO [0;39m [36m[StdSchedulerFactory:1339][0;39m : Quartz scheduler 'DefaultQuartzScheduler' initialized from default resource file in Quartz package: 'quartz.properties' 
[35m2023-02-18 14:49:01.170[0;39m [34m[main][0;39m [32mINFO [0;39m [36m[StdSchedulerFactory:1343][0;39m : Quartz scheduler version: 2.2.1 
[35m2023-02-18 14:49:01.170[0;39m [34m[main][0;39m [32mINFO [0;39m [36m[QuartzScheduler:575][0;39m : Scheduler DefaultQuartzScheduler_$_NON_CLUSTERED started. 
[35m2023-02-18 14:49:01.175[0;39m [34m[main][0;39m [32mINFO [0;39m [36m[QuartzScheduler:575][0;39m : Scheduler DefaultQuartzScheduler_$_NON_CLUSTERED started. 
[35m2023-02-18 14:49:01.176[0;39m [34m[main][0;39m [32mINFO [0;39m [36m[QuartzScheduler:575][0;39m : Scheduler DefaultQuartzScheduler_$_NON_CLUSTERED started. 
[35m2023-02-18 14:49:01.176[0;39m [34m[main][0;39m [32mINFO [0;39m [36m[QuartzScheduler:575][0;39m : Scheduler DefaultQuartzScheduler_$_NON_CLUSTERED started. 
[35m2023-02-18 14:49:01.177[0;39m [34m[main][0;39m [32mINFO [0;39m [36m[QuartzScheduler:575][0;39m : Scheduler DefaultQuartzScheduler_$_NON_CLUSTERED started. 
[35m2023-02-18 14:49:01.736[0;39m [34m[main][0;39m [32mINFO [0;39m [36m[DefaultSecurityFilterChain:54][0;39m : Will secure any request with [org.springframework.security.web.session.DisableEncodeUrlFilter@1fbe8592, org.springframework.security.web.context.request.async.WebAsyncManagerIntegrationFilter@25ec2f46, org.springframework.security.web.context.SecurityContextHolderFilter@7aa146e5, org.springframework.security.web.header.HeaderWriterFilter@37d9db26, org.springframework.security.web.authentication.logout.LogoutFilter@7499553f, com.garamgaebi.GaramgaebiServer.global.security.JwtAuthenticationFilter@37890e3, org.springframework.security.web.savedrequest.RequestCacheAwareFilter@310d05c5, org.springframework.security.web.servletapi.SecurityContextHolderAwareRequestFilter@5437c315, org.springframework.security.web.authentication.AnonymousAuthenticationFilter@213031ce, org.springframework.security.web.session.SessionManagementFilter@e888636, org.springframework.security.web.access.ExceptionTranslationFilter@49b00b5, org.springframework.security.web.access.intercept.AuthorizationFilter@63ed5580] 
[35m2023-02-18 14:49:01.926[0;39m [34m[main][0;39m [32mINFO [0;39m [36m[StdSchedulerFactory:1184][0;39m : Using default implementation for ThreadExecutor 
[35m2023-02-18 14:49:01.926[0;39m [34m[main][0;39m [32mINFO [0;39m [36m[SchedulerSignalerImpl:61][0;39m : Initialized Scheduler Signaller of type: class org.quartz.core.SchedulerSignalerImpl 
[35m2023-02-18 14:49:01.926[0;39m [34m[main][0;39m [32mINFO [0;39m [36m[QuartzScheduler:240][0;39m : Quartz Scheduler v.2.2.1 created. 
[35m2023-02-18 14:49:01.926[0;39m [34m[main][0;39m [32mINFO [0;39m [36m[RAMJobStore:155][0;39m : RAMJobStore initialized. 
[35m2023-02-18 14:49:01.927[0;39m [34m[main][0;39m [32mINFO [0;39m [36m[QuartzScheduler:305][0;39m : Scheduler meta-data: Quartz Scheduler (v2.2.1) 'quartzScheduler' with instanceId 'NON_CLUSTERED'
  Scheduler class: 'org.quartz.core.QuartzScheduler' - running locally.
  NOT STARTED.
  Currently in standby mode.
  Number of jobs executed: 0
  Using thread pool 'org.quartz.simpl.SimpleThreadPool' - with 10 threads.
  Using job-store 'org.quartz.simpl.RAMJobStore' - which does not support persistence. and is not clustered.
 
[35m2023-02-18 14:49:01.927[0;39m [34m[main][0;39m [32mINFO [0;39m [36m[StdSchedulerFactory:1339][0;39m : Quartz scheduler 'quartzScheduler' initialized from an externally provided properties instance. 
[35m2023-02-18 14:49:01.927[0;39m [34m[main][0;39m [32mINFO [0;39m [36m[StdSchedulerFactory:1343][0;39m : Quartz scheduler version: 2.2.1 
[35m2023-02-18 14:49:01.927[0;39m [34m[main][0;39m [32mINFO [0;39m [36m[QuartzScheduler:2311][0;39m : JobFactory set to: org.springframework.scheduling.quartz.SpringBeanJobFactory@606be171 
[35m2023-02-18 14:49:01.967[0;39m [34m[main][0;39m [32mINFO [0;39m [36m[TomcatWebServer:220][0;39m : Tomcat started on port(s): 8080 (http) with context path '' 
[35m2023-02-18 14:49:01.969[0;39m [34m[main][0;39m [32mINFO [0;39m [36m[SimpleBrokerMessageHandler:117][0;39m : Starting... 
[35m2023-02-18 14:49:01.969[0;39m [34m[main][0;39m [32mINFO [0;39m [36m[SimpleBrokerMessageHandler:117][0;39m : BrokerAvailabilityEvent[available=true, SimpleBrokerMessageHandler [org.springframework.messaging.simp.broker.DefaultSubscriptionRegistry@50bb6465]] 
[35m2023-02-18 14:49:01.969[0;39m [34m[main][0;39m [32mINFO [0;39m [36m[SimpleBrokerMessageHandler:117][0;39m : Started. 
[35m2023-02-18 14:49:01.969[0;39m [34m[main][0;39m [32mINFO [0;39m [36m[SchedulerFactoryBean:729][0;39m : Starting Quartz Scheduler now 
[35m2023-02-18 14:49:01.969[0;39m [34m[main][0;39m [32mINFO [0;39m [36m[QuartzScheduler:575][0;39m : Scheduler quartzScheduler_$_NON_CLUSTERED started. 
[35m2023-02-18 14:49:01.975[0;39m [34m[main][0;39m [32mINFO [0;39m [36m[GaramgaebiServerApplication:57][0;39m : Started GaramgaebiServerApplication in 4.906 seconds (process running for 5.25) 
[35m2023-02-18 14:49:27.758[0;39m [34m[http-nio-8080-exec-2][0;39m [32mINFO [0;39m [36m[[/]:173][0;39m : Initializing Spring DispatcherServlet 'dispatcherServlet' 
[35m2023-02-18 14:49:27.758[0;39m [34m[http-nio-8080-exec-2][0;39m [32mINFO [0;39m [36m[DispatcherServlet:532][0;39m : Initializing Servlet 'dispatcherServlet' 
[35m2023-02-18 14:49:27.759[0;39m [34m[http-nio-8080-exec-2][0;39m [32mINFO [0;39m [36m[DispatcherServlet:554][0;39m : Completed initialization in 1 ms 
[35m2023-02-18 14:49:27.804[0;39m [34m[http-nio-8080-exec-2][0;39m [32mINFO [0;39m [36m[RequestLogger:49][0;39m : request : {controller=com.garamgaebi.GaramgaebiServer.domain.member.controller.MemberController, http-method=POST, method=login, request-uri=/member/login, params={"memberLoginReq":{"socialEmail":"kakao4@naver.com"}}} 
[35m2023-02-18 14:49:28.317[0;39m [34m[http-nio-8080-exec-2][0;39m [32mINFO [0;39m [36m[RequestLogger:58][0;39m : response : {"isSuccess":true,"code":200,"message":"요청에 성공하였습니다.","result":{"grantType":"Bearer","accessToken":"eyJhbGciOiJIUzI1NiJ9.eyJzdWIiOiJrYWthbzRAbmF2ZXIuY29tIiwiYXV0aCI6IlJPTEVfVVNFUiIsImV4cCI6MTY3NjcwMTE2OH0.36bH9R4TqB6aXba8gGl9UpvoaeqMZyIN3-iejlQzkJo","refreshToken":"eyJhbGciOiJIUzI1NiJ9.eyJleHAiOjE2NzczMDQxNjh9.WR2fGrG7zZ6mG3DGwk1J5hHpDalu47XIhoKbVyXGwXM","refreshTokenExpirationTime":604800000,"memberIdx":43}} 
[35m2023-02-18 14:49:38.079[0;39m [34m[http-nio-8080-exec-3][0;39m [32mINFO [0;39m [36m[RequestLogger:49][0;39m : request : {controller=com.garamgaebi.GaramgaebiServer.domain.ice_breaking.controller.GameController, http-method=POST, method=postMemberToGameRoom, request-uri=/game/member, params={"memberRoomReq":{"roomId":"2ca7d7a7-0e3a-4854-b1cd-e72dad08b994","memberIdx":55}}} 
[35m2023-02-18 14:49:38.189[0;39m [34m[http-nio-8080-exec-3][0;39m [32mINFO [0;39m [36m[ErrorResponseLogger:31][0;39m : response : {"headers":{},"body":{"isSuccess":false,"code":2001,"message":"존재하지 않는 회원입니다.","result":null},"statusCodeValue":200,"statusCode":"OK"} 
[35m2023-02-18 14:49:53.243[0;39m [34m[http-nio-8080-exec-4][0;39m [32mINFO [0;39m [36m[RequestLogger:49][0;39m : request : {controller=com.garamgaebi.GaramgaebiServer.domain.ice_breaking.controller.GameController, http-method=POST, method=postMemberToGameRoom, request-uri=/game/member, params={"memberRoomReq":{"roomId":"2ca7d7a7-0e3a-4854-b1cd-e72dad08b994","memberIdx":44}}} 
[35m2023-02-18 14:49:53.392[0;39m [34m[http-nio-8080-exec-4][0;39m [32mINFO [0;39m [36m[ErrorResponseLogger:31][0;39m : response : {"headers":{},"body":{"isSuccess":false,"code":2022,"message":"이미 입장한 방입니다.","result":null},"statusCodeValue":200,"statusCode":"OK"} 
[35m2023-02-18 14:50:01.274[0;39m [34m[MessageBroker-1][0;39m [32mINFO [0;39m [36m[WebSocketMessageBrokerStats:128][0;39m : WebSocketSession[0 current WS(0)-HttpStream(0)-HttpPoll(0), 0 total, 0 closed abnormally (0 connect failure, 0 send limit, 0 transport error)], stompSubProtocol[processed CONNECT(0)-CONNECTED(0)-DISCONNECT(0)], stompBrokerRelay[null], inboundChannel[pool size = 0, active threads = 0, queued tasks = 0, completed tasks = 0], outboundChannel[pool size = 0, active threads = 0, queued tasks = 0, completed tasks = 0], sockJsScheduler[pool size = 1, active threads = 1, queued tasks = 0, completed tasks = 0] 
[35m2023-02-18 14:51:52.703[0;39m [34m[SpringApplicationShutdownHook][0;39m [32mINFO [0;39m [36m[SimpleBrokerMessageHandler:117][0;39m : Stopping... 
[35m2023-02-18 14:51:52.703[0;39m [34m[SpringApplicationShutdownHook][0;39m [32mINFO [0;39m [36m[SimpleBrokerMessageHandler:117][0;39m : BrokerAvailabilityEvent[available=false, SimpleBrokerMessageHandler [org.springframework.messaging.simp.broker.DefaultSubscriptionRegistry@50bb6465]] 
[35m2023-02-18 14:51:52.703[0;39m [34m[SpringApplicationShutdownHook][0;39m [32mINFO [0;39m [36m[SimpleBrokerMessageHandler:117][0;39m : Stopped. 
[35m2023-02-18 14:51:52.703[0;39m [34m[SpringApplicationShutdownHook][0;39m [32mINFO [0;39m [36m[QuartzScheduler:613][0;39m : Scheduler quartzScheduler_$_NON_CLUSTERED paused. 
[35m2023-02-18 14:51:52.708[0;39m [34m[SpringApplicationShutdownHook][0;39m [32mINFO [0;39m [36m[SchedulerFactoryBean:847][0;39m : Shutting down Quartz Scheduler 
[35m2023-02-18 14:51:52.709[0;39m [34m[SpringApplicationShutdownHook][0;39m [32mINFO [0;39m [36m[QuartzScheduler:694][0;39m : Scheduler quartzScheduler_$_NON_CLUSTERED shutting down. 
[35m2023-02-18 14:51:52.709[0;39m [34m[SpringApplicationShutdownHook][0;39m [32mINFO [0;39m [36m[QuartzScheduler:613][0;39m : Scheduler quartzScheduler_$_NON_CLUSTERED paused. 
[35m2023-02-18 14:51:52.709[0;39m [34m[SpringApplicationShutdownHook][0;39m [32mINFO [0;39m [36m[QuartzScheduler:771][0;39m : Scheduler quartzScheduler_$_NON_CLUSTERED shutdown complete. 
[35m2023-02-18 14:51:52.826[0;39m [34m[SpringApplicationShutdownHook][0;39m [32mINFO [0;39m [36m[LocalContainerEntityManagerFactoryBean:650][0;39m : Closing JPA EntityManagerFactory for persistence unit 'default' 
[35m2023-02-18 14:51:52.827[0;39m [34m[SpringApplicationShutdownHook][0;39m [32mINFO [0;39m [36m[HikariDataSource:350][0;39m : HikariPool-1 - Shutdown initiated... 
[35m2023-02-18 14:51:52.981[0;39m [34m[SpringApplicationShutdownHook][0;39m [32mINFO [0;39m [36m[HikariDataSource:352][0;39m : HikariPool-1 - Shutdown completed. 
[35m2023-02-18 14:51:55.580[0;39m [34m[main][0;39m [32mINFO [0;39m [36m[GaramgaebiServerApplication:51][0;39m : Starting GaramgaebiServerApplication using Java 17.0.5 with PID 1433 (/Users/jodongjin/Desktop/UMC 3기/Garamgaebi/Garamgaebi-Server/build/classes/java/main started by jodongjin in /Users/jodongjin/Desktop/UMC 3기/Garamgaebi/Garamgaebi-Server) 
[35m2023-02-18 14:51:55.582[0;39m [34m[main][0;39m [32mINFO [0;39m [36m[GaramgaebiServerApplication:636][0;39m : The following 1 profile is active: "garamgaebi" 
[35m2023-02-18 14:51:55.883[0;39m [34m[main][0;39m [32mINFO [0;39m [36m[RepositoryConfigurationDelegate:294][0;39m : Multiple Spring Data modules found, entering strict repository configuration mode 
[35m2023-02-18 14:51:55.884[0;39m [34m[main][0;39m [32mINFO [0;39m [36m[RepositoryConfigurationDelegate:138][0;39m : Bootstrapping Spring Data JPA repositories in DEFAULT mode. 
[35m2023-02-18 14:51:55.978[0;39m [34m[main][0;39m [32mINFO [0;39m [36m[RepositoryConfigurationDelegate:208][0;39m : Finished Spring Data repository scanning in 90 ms. Found 13 JPA repository interfaces. 
[35m2023-02-18 14:51:55.981[0;39m [34m[main][0;39m [32mINFO [0;39m [36m[RepositoryConfigurationDelegate:294][0;39m : Multiple Spring Data modules found, entering strict repository configuration mode 
[35m2023-02-18 14:51:55.981[0;39m [34m[main][0;39m [32mINFO [0;39m [36m[RepositoryConfigurationDelegate:138][0;39m : Bootstrapping Spring Data Redis repositories in DEFAULT mode. 
[35m2023-02-18 14:51:55.986[0;39m [34m[main][0;39m [32mINFO [0;39m [36m[RepositoryConfigurationDelegate:208][0;39m : Finished Spring Data repository scanning in 1 ms. Found 0 Redis repository interfaces. 
[35m2023-02-18 14:51:56.121[0;39m [34m[main][0;39m [32mINFO [0;39m [36m[RepositoryConfigurationDelegate:294][0;39m : Multiple Spring Data modules found, entering strict repository configuration mode 
[35m2023-02-18 14:51:56.122[0;39m [34m[main][0;39m [32mINFO [0;39m [36m[RepositoryConfigurationDelegate:138][0;39m : Bootstrapping Spring Data Redis repositories in DEFAULT mode. 
[35m2023-02-18 14:51:56.133[0;39m [34m[main][0;39m [32mINFO [0;39m [36m[RepositoryConfigurationExtensionSupport:320][0;39m : Spring Data Redis - Could not safely identify store assignment for repository candidate interface com.garamgaebi.GaramgaebiServer.admin.program.repository.AdminPresentationRepository; If you want this repository to be a Redis repository, consider annotating your entities with one of these annotations: org.springframework.data.redis.core.RedisHash (preferred), or consider extending one of the following types with your repository: org.springframework.data.keyvalue.repository.KeyValueRepository 
[35m2023-02-18 14:51:56.133[0;39m [34m[main][0;39m [32mINFO [0;39m [36m[RepositoryConfigurationExtensionSupport:320][0;39m : Spring Data Redis - Could not safely identify store assignment for repository candidate interface com.garamgaebi.GaramgaebiServer.admin.program.repository.AdminProgramRepository; If you want this repository to be a Redis repository, consider annotating your entities with one of these annotations: org.springframework.data.redis.core.RedisHash (preferred), or consider extending one of the following types with your repository: org.springframework.data.keyvalue.repository.KeyValueRepository 
[35m2023-02-18 14:51:56.133[0;39m [34m[main][0;39m [32mINFO [0;39m [36m[RepositoryConfigurationExtensionSupport:320][0;39m : Spring Data Redis - Could not safely identify store assignment for repository candidate interface com.garamgaebi.GaramgaebiServer.domain.apply.ApplyRepository; If you want this repository to be a Redis repository, consider annotating your entities with one of these annotations: org.springframework.data.redis.core.RedisHash (preferred), or consider extending one of the following types with your repository: org.springframework.data.keyvalue.repository.KeyValueRepository 
[35m2023-02-18 14:51:56.134[0;39m [34m[main][0;39m [32mINFO [0;39m [36m[RepositoryConfigurationExtensionSupport:320][0;39m : Spring Data Redis - Could not safely identify store assignment for repository candidate interface com.garamgaebi.GaramgaebiServer.domain.ice_breaking.repository.GameRepository; If you want this repository to be a Redis repository, consider annotating your entities with one of these annotations: org.springframework.data.redis.core.RedisHash (preferred), or consider extending one of the following types with your repository: org.springframework.data.keyvalue.repository.KeyValueRepository 
[35m2023-02-18 14:51:56.134[0;39m [34m[main][0;39m [32mINFO [0;39m [36m[RepositoryConfigurationExtensionSupport:320][0;39m : Spring Data Redis - Could not safely identify store assignment for repository candidate interface com.garamgaebi.GaramgaebiServer.domain.ice_breaking.repository.GameRoomMemberRepository; If you want this repository to be a Redis repository, consider annotating your entities with one of these annotations: org.springframework.data.redis.core.RedisHash (preferred), or consider extending one of the following types with your repository: org.springframework.data.keyvalue.repository.KeyValueRepository 
[35m2023-02-18 14:51:56.134[0;39m [34m[main][0;39m [32mINFO [0;39m [36m[RepositoryConfigurationExtensionSupport:320][0;39m : Spring Data Redis - Could not safely identify store assignment for repository candidate interface com.garamgaebi.GaramgaebiServer.domain.ice_breaking.repository.IceBreakingImagesRepository; If you want this repository to be a Redis repository, consider annotating your entities with one of these annotations: org.springframework.data.redis.core.RedisHash (preferred), or consider extending one of the following types with your repository: org.springframework.data.keyvalue.repository.KeyValueRepository 
[35m2023-02-18 14:51:56.134[0;39m [34m[main][0;39m [32mINFO [0;39m [36m[RepositoryConfigurationExtensionSupport:320][0;39m : Spring Data Redis - Could not safely identify store assignment for repository candidate interface com.garamgaebi.GaramgaebiServer.domain.ice_breaking.repository.ProgramGameroomRepository; If you want this repository to be a Redis repository, consider annotating your entities with one of these annotations: org.springframework.data.redis.core.RedisHash (preferred), or consider extending one of the following types with your repository: org.springframework.data.keyvalue.repository.KeyValueRepository 
[35m2023-02-18 14:51:56.134[0;39m [34m[main][0;39m [32mINFO [0;39m [36m[RepositoryConfigurationExtensionSupport:320][0;39m : Spring Data Redis - Could not safely identify store assignment for repository candidate interface com.garamgaebi.GaramgaebiServer.domain.member.repository.MemberQuitRepository; If you want this repository to be a Redis repository, consider annotating your entities with one of these annotations: org.springframework.data.redis.core.RedisHash (preferred), or consider extending one of the following types with your repository: org.springframework.data.keyvalue.repository.KeyValueRepository 
[35m2023-02-18 14:51:56.135[0;39m [34m[main][0;39m [32mINFO [0;39m [36m[RepositoryConfigurationExtensionSupport:320][0;39m : Spring Data Redis - Could not safely identify store assignment for repository candidate interface com.garamgaebi.GaramgaebiServer.domain.member.repository.MemberRepository; If you want this repository to be a Redis repository, consider annotating your entities with one of these annotations: org.springframework.data.redis.core.RedisHash (preferred), or consider extending one of the following types with your repository: org.springframework.data.keyvalue.repository.KeyValueRepository 
[35m2023-02-18 14:51:56.135[0;39m [34m[main][0;39m [32mINFO [0;39m [36m[RepositoryConfigurationExtensionSupport:320][0;39m : Spring Data Redis - Could not safely identify store assignment for repository candidate interface com.garamgaebi.GaramgaebiServer.domain.member.repository.MemberRolesRepository; If you want this repository to be a Redis repository, consider annotating your entities with one of these annotations: org.springframework.data.redis.core.RedisHash (preferred), or consider extending one of the following types with your repository: org.springframework.data.keyvalue.repository.KeyValueRepository 
[35m2023-02-18 14:51:56.135[0;39m [34m[main][0;39m [32mINFO [0;39m [36m[RepositoryConfigurationExtensionSupport:320][0;39m : Spring Data Redis - Could not safely identify store assignment for repository candidate interface com.garamgaebi.GaramgaebiServer.domain.notification.repository.MemberNotificationRepository; If you want this repository to be a Redis repository, consider annotating your entities with one of these annotations: org.springframework.data.redis.core.RedisHash (preferred), or consider extending one of the following types with your repository: org.springframework.data.keyvalue.repository.KeyValueRepository 
[35m2023-02-18 14:51:56.135[0;39m [34m[main][0;39m [32mINFO [0;39m [36m[RepositoryConfigurationExtensionSupport:320][0;39m : Spring Data Redis - Could not safely identify store assignment for repository candidate interface com.garamgaebi.GaramgaebiServer.domain.notification.repository.NotificationRepository; If you want this repository to be a Redis repository, consider annotating your entities with one of these annotations: org.springframework.data.redis.core.RedisHash (preferred), or consider extending one of the following types with your repository: org.springframework.data.keyvalue.repository.KeyValueRepository 
[35m2023-02-18 14:51:56.135[0;39m [34m[main][0;39m [32mINFO [0;39m [36m[RepositoryConfigurationExtensionSupport:320][0;39m : Spring Data Redis - Could not safely identify store assignment for repository candidate interface com.garamgaebi.GaramgaebiServer.domain.program.repository.ProgramRepository; If you want this repository to be a Redis repository, consider annotating your entities with one of these annotations: org.springframework.data.redis.core.RedisHash (preferred), or consider extending one of the following types with your repository: org.springframework.data.keyvalue.repository.KeyValueRepository 
[35m2023-02-18 14:51:56.135[0;39m [34m[main][0;39m [32mINFO [0;39m [36m[RepositoryConfigurationDelegate:208][0;39m : Finished Spring Data repository scanning in 13 ms. Found 0 Redis repository interfaces. 
[35m2023-02-18 14:51:56.480[0;39m [34m[main][0;39m [32mINFO [0;39m [36m[TomcatWebServer:108][0;39m : Tomcat initialized with port(s): 8080 (http) 
[35m2023-02-18 14:51:56.485[0;39m [34m[main][0;39m [32mINFO [0;39m [36m[StandardService:173][0;39m : Starting service [Tomcat] 
[35m2023-02-18 14:51:56.485[0;39m [34m[main][0;39m [32mINFO [0;39m [36m[StandardEngine:173][0;39m : Starting Servlet engine: [Apache Tomcat/10.1.4] 
[35m2023-02-18 14:51:56.532[0;39m [34m[main][0;39m [32mINFO [0;39m [36m[[/]:173][0;39m : Initializing Spring embedded WebApplicationContext 
[35m2023-02-18 14:51:56.532[0;39m [34m[main][0;39m [32mINFO [0;39m [36m[ServletWebServerApplicationContext:291][0;39m : Root WebApplicationContext: initialization completed in 930 ms 
[35m2023-02-18 14:51:56.611[0;39m [34m[main][0;39m [32mINFO [0;39m [36m[HikariDataSource:110][0;39m : HikariPool-1 - Starting... 
[35m2023-02-18 14:51:56.929[0;39m [34m[main][0;39m [32mINFO [0;39m [36m[HikariPool:565][0;39m : HikariPool-1 - Added connection com.mysql.cj.jdbc.ConnectionImpl@210c1b9d 
[35m2023-02-18 14:51:56.930[0;39m [34m[main][0;39m [32mINFO [0;39m [36m[HikariDataSource:123][0;39m : HikariPool-1 - Start completed. 
[35m2023-02-18 14:51:56.954[0;39m [34m[main][0;39m [32mINFO [0;39m [36m[LogHelper:31][0;39m : HHH000204: Processing PersistenceUnitInfo [name: default] 
[35m2023-02-18 14:51:56.976[0;39m [34m[main][0;39m [32mINFO [0;39m [36m[Version:44][0;39m : HHH000412: Hibernate ORM core version 6.1.6.Final 
[35m2023-02-18 14:51:57.154[0;39m [34m[main][0;39m [32mINFO [0;39m [36m[SQL dialect:66][0;39m : HHH000400: Using dialect: org.hibernate.dialect.MySQLDialect 
[35m2023-02-18 14:51:57.623[0;39m [34m[main][0;39m [32mINFO [0;39m [36m[JtaPlatformInitiator:51][0;39m : HHH000490: Using JtaPlatform implementation: [org.hibernate.engine.transaction.jta.platform.internal.NoJtaPlatform] 
[35m2023-02-18 14:51:57.627[0;39m [34m[main][0;39m [32mINFO [0;39m [36m[LocalContainerEntityManagerFactoryBean:437][0;39m : Initialized JPA EntityManagerFactory for persistence unit 'default' 
[35m2023-02-18 14:51:58.710[0;39m [34m[main][0;39m [32mINFO [0;39m [36m[StdSchedulerFactory:1184][0;39m : Using default implementation for ThreadExecutor 
[35m2023-02-18 14:51:58.711[0;39m [34m[main][0;39m [32mINFO [0;39m [36m[SimpleThreadPool:268][0;39m : Job execution threads will use class loader of thread: main 
[35m2023-02-18 14:51:58.715[0;39m [34m[main][0;39m [32mINFO [0;39m [36m[SchedulerSignalerImpl:61][0;39m : Initialized Scheduler Signaller of type: class org.quartz.core.SchedulerSignalerImpl 
[35m2023-02-18 14:51:58.716[0;39m [34m[main][0;39m [32mINFO [0;39m [36m[QuartzScheduler:240][0;39m : Quartz Scheduler v.2.2.1 created. 
[35m2023-02-18 14:51:58.716[0;39m [34m[main][0;39m [32mINFO [0;39m [36m[RAMJobStore:155][0;39m : RAMJobStore initialized. 
[35m2023-02-18 14:51:58.716[0;39m [34m[main][0;39m [32mINFO [0;39m [36m[QuartzScheduler:305][0;39m : Scheduler meta-data: Quartz Scheduler (v2.2.1) 'DefaultQuartzScheduler' with instanceId 'NON_CLUSTERED'
  Scheduler class: 'org.quartz.core.QuartzScheduler' - running locally.
  NOT STARTED.
  Currently in standby mode.
  Number of jobs executed: 0
  Using thread pool 'org.quartz.simpl.SimpleThreadPool' - with 10 threads.
  Using job-store 'org.quartz.simpl.RAMJobStore' - which does not support persistence. and is not clustered.
 
[35m2023-02-18 14:51:58.716[0;39m [34m[main][0;39m [32mINFO [0;39m [36m[StdSchedulerFactory:1339][0;39m : Quartz scheduler 'DefaultQuartzScheduler' initialized from default resource file in Quartz package: 'quartz.properties' 
[35m2023-02-18 14:51:58.716[0;39m [34m[main][0;39m [32mINFO [0;39m [36m[StdSchedulerFactory:1343][0;39m : Quartz scheduler version: 2.2.1 
[35m2023-02-18 14:51:58.717[0;39m [34m[main][0;39m [32mINFO [0;39m [36m[QuartzScheduler:575][0;39m : Scheduler DefaultQuartzScheduler_$_NON_CLUSTERED started. 
[35m2023-02-18 14:51:58.721[0;39m [34m[main][0;39m [32mINFO [0;39m [36m[QuartzScheduler:575][0;39m : Scheduler DefaultQuartzScheduler_$_NON_CLUSTERED started. 
[35m2023-02-18 14:51:58.722[0;39m [34m[main][0;39m [32mINFO [0;39m [36m[QuartzScheduler:575][0;39m : Scheduler DefaultQuartzScheduler_$_NON_CLUSTERED started. 
[35m2023-02-18 14:51:58.722[0;39m [34m[main][0;39m [32mINFO [0;39m [36m[QuartzScheduler:575][0;39m : Scheduler DefaultQuartzScheduler_$_NON_CLUSTERED started. 
[35m2023-02-18 14:51:58.722[0;39m [34m[main][0;39m [32mINFO [0;39m [36m[QuartzScheduler:575][0;39m : Scheduler DefaultQuartzScheduler_$_NON_CLUSTERED started. 
[35m2023-02-18 14:51:59.206[0;39m [34m[main][0;39m [32mINFO [0;39m [36m[DefaultSecurityFilterChain:54][0;39m : Will secure any request with [org.springframework.security.web.session.DisableEncodeUrlFilter@393fe097, org.springframework.security.web.context.request.async.WebAsyncManagerIntegrationFilter@6ae91e0b, org.springframework.security.web.context.SecurityContextHolderFilter@13b85e31, org.springframework.security.web.header.HeaderWriterFilter@79bcaf78, org.springframework.security.web.authentication.logout.LogoutFilter@1a100769, com.garamgaebi.GaramgaebiServer.global.security.JwtAuthenticationFilter@6ec36f78, org.springframework.security.web.savedrequest.RequestCacheAwareFilter@cd14c09, org.springframework.security.web.servletapi.SecurityContextHolderAwareRequestFilter@eeb2e0c, org.springframework.security.web.authentication.AnonymousAuthenticationFilter@5b7b281, org.springframework.security.web.session.SessionManagementFilter@310d05c5, org.springframework.security.web.access.ExceptionTranslationFilter@346dec80, org.springframework.security.web.access.intercept.AuthorizationFilter@e9b227f] 
[35m2023-02-18 14:51:59.357[0;39m [34m[main][0;39m [32mINFO [0;39m [36m[StdSchedulerFactory:1184][0;39m : Using default implementation for ThreadExecutor 
[35m2023-02-18 14:51:59.357[0;39m [34m[main][0;39m [32mINFO [0;39m [36m[SchedulerSignalerImpl:61][0;39m : Initialized Scheduler Signaller of type: class org.quartz.core.SchedulerSignalerImpl 
[35m2023-02-18 14:51:59.357[0;39m [34m[main][0;39m [32mINFO [0;39m [36m[QuartzScheduler:240][0;39m : Quartz Scheduler v.2.2.1 created. 
[35m2023-02-18 14:51:59.357[0;39m [34m[main][0;39m [32mINFO [0;39m [36m[RAMJobStore:155][0;39m : RAMJobStore initialized. 
[35m2023-02-18 14:51:59.357[0;39m [34m[main][0;39m [32mINFO [0;39m [36m[QuartzScheduler:305][0;39m : Scheduler meta-data: Quartz Scheduler (v2.2.1) 'quartzScheduler' with instanceId 'NON_CLUSTERED'
  Scheduler class: 'org.quartz.core.QuartzScheduler' - running locally.
  NOT STARTED.
  Currently in standby mode.
  Number of jobs executed: 0
  Using thread pool 'org.quartz.simpl.SimpleThreadPool' - with 10 threads.
  Using job-store 'org.quartz.simpl.RAMJobStore' - which does not support persistence. and is not clustered.
 
[35m2023-02-18 14:51:59.358[0;39m [34m[main][0;39m [32mINFO [0;39m [36m[StdSchedulerFactory:1339][0;39m : Quartz scheduler 'quartzScheduler' initialized from an externally provided properties instance. 
[35m2023-02-18 14:51:59.358[0;39m [34m[main][0;39m [32mINFO [0;39m [36m[StdSchedulerFactory:1343][0;39m : Quartz scheduler version: 2.2.1 
[35m2023-02-18 14:51:59.358[0;39m [34m[main][0;39m [32mINFO [0;39m [36m[QuartzScheduler:2311][0;39m : JobFactory set to: org.springframework.scheduling.quartz.SpringBeanJobFactory@2d741755 
[35m2023-02-18 14:51:59.393[0;39m [34m[main][0;39m [32mINFO [0;39m [36m[TomcatWebServer:220][0;39m : Tomcat started on port(s): 8080 (http) with context path '' 
[35m2023-02-18 14:51:59.394[0;39m [34m[main][0;39m [32mINFO [0;39m [36m[SimpleBrokerMessageHandler:117][0;39m : Starting... 
[35m2023-02-18 14:51:59.395[0;39m [34m[main][0;39m [32mINFO [0;39m [36m[SimpleBrokerMessageHandler:117][0;39m : BrokerAvailabilityEvent[available=true, SimpleBrokerMessageHandler [org.springframework.messaging.simp.broker.DefaultSubscriptionRegistry@64fbc914]] 
[35m2023-02-18 14:51:59.395[0;39m [34m[main][0;39m [32mINFO [0;39m [36m[SimpleBrokerMessageHandler:117][0;39m : Started. 
[35m2023-02-18 14:51:59.395[0;39m [34m[main][0;39m [32mINFO [0;39m [36m[SchedulerFactoryBean:729][0;39m : Starting Quartz Scheduler now 
[35m2023-02-18 14:51:59.395[0;39m [34m[main][0;39m [32mINFO [0;39m [36m[QuartzScheduler:575][0;39m : Scheduler quartzScheduler_$_NON_CLUSTERED started. 
[35m2023-02-18 14:51:59.400[0;39m [34m[main][0;39m [32mINFO [0;39m [36m[GaramgaebiServerApplication:57][0;39m : Started GaramgaebiServerApplication in 4.03 seconds (process running for 4.487) 
[35m2023-02-18 14:52:01.543[0;39m [34m[http-nio-8080-exec-2][0;39m [32mINFO [0;39m [36m[[/]:173][0;39m : Initializing Spring DispatcherServlet 'dispatcherServlet' 
[35m2023-02-18 14:52:01.543[0;39m [34m[http-nio-8080-exec-2][0;39m [32mINFO [0;39m [36m[DispatcherServlet:532][0;39m : Initializing Servlet 'dispatcherServlet' 
[35m2023-02-18 14:52:01.544[0;39m [34m[http-nio-8080-exec-2][0;39m [32mINFO [0;39m [36m[DispatcherServlet:554][0;39m : Completed initialization in 1 ms 
[35m2023-02-18 14:52:01.773[0;39m [34m[http-nio-8080-exec-2][0;39m [32mINFO [0;39m [36m[RequestLogger:49][0;39m : request : {controller=com.garamgaebi.GaramgaebiServer.domain.ice_breaking.controller.GameController, http-method=POST, method=postMemberToGameRoom, request-uri=/game/member, params={"memberRoomReq":{"roomId":"2ca7d7a7-0e3a-4854-b1cd-e72dad08b994","memberIdx":44}}} 
[35m2023-02-18 14:52:02.001[0;39m [34m[http-nio-8080-exec-2][0;39m [32mINFO [0;39m [36m[RequestLogger:58][0;39m : response : {"isSuccess":true,"code":200,"message":"요청에 성공하였습니다.","result":{"message":"게임방 입장에 성공하였습니다.","currentImgIdx":35}} 
[35m2023-02-18 14:52:44.162[0;39m [34m[http-nio-8080-exec-3][0;39m [32mINFO [0;39m [36m[RequestLogger:49][0;39m : request : {controller=com.garamgaebi.GaramgaebiServer.domain.ice_breaking.controller.GameController, http-method=DELETE, method=deleteMemberFromGameRoom, request-uri=/game/member, params={"memberRoomReq":{"roomId":"2ca7d7a7-0e3a-4854-b1cd-e72dad08b994","memberIdx":44}}} 
[35m2023-02-18 14:52:44.336[0;39m [34m[http-nio-8080-exec-3][0;39m [32mINFO [0;39m [36m[RequestLogger:58][0;39m : response : {"isSuccess":true,"code":200,"message":"요청에 성공하였습니다.","result":{"message":"게임방 퇴장에 성공하였습니다.","currentImgIdx":0}} 
[35m2023-02-18 14:52:58.407[0;39m [34m[SpringApplicationShutdownHook][0;39m [32mINFO [0;39m [36m[SimpleBrokerMessageHandler:117][0;39m : Stopping... 
[35m2023-02-18 14:52:58.407[0;39m [34m[SpringApplicationShutdownHook][0;39m [32mINFO [0;39m [36m[SimpleBrokerMessageHandler:117][0;39m : BrokerAvailabilityEvent[available=false, SimpleBrokerMessageHandler [org.springframework.messaging.simp.broker.DefaultSubscriptionRegistry@64fbc914]] 
[35m2023-02-18 14:52:58.407[0;39m [34m[SpringApplicationShutdownHook][0;39m [32mINFO [0;39m [36m[SimpleBrokerMessageHandler:117][0;39m : Stopped. 
[35m2023-02-18 14:52:58.407[0;39m [34m[SpringApplicationShutdownHook][0;39m [32mINFO [0;39m [36m[QuartzScheduler:613][0;39m : Scheduler quartzScheduler_$_NON_CLUSTERED paused. 
[35m2023-02-18 14:52:58.413[0;39m [34m[SpringApplicationShutdownHook][0;39m [32mINFO [0;39m [36m[SchedulerFactoryBean:847][0;39m : Shutting down Quartz Scheduler 
[35m2023-02-18 14:52:58.413[0;39m [34m[SpringApplicationShutdownHook][0;39m [32mINFO [0;39m [36m[QuartzScheduler:694][0;39m : Scheduler quartzScheduler_$_NON_CLUSTERED shutting down. 
[35m2023-02-18 14:52:58.413[0;39m [34m[SpringApplicationShutdownHook][0;39m [32mINFO [0;39m [36m[QuartzScheduler:613][0;39m : Scheduler quartzScheduler_$_NON_CLUSTERED paused. 
[35m2023-02-18 14:52:58.413[0;39m [34m[SpringApplicationShutdownHook][0;39m [32mINFO [0;39m [36m[QuartzScheduler:771][0;39m : Scheduler quartzScheduler_$_NON_CLUSTERED shutdown complete. 
[35m2023-02-18 14:52:58.529[0;39m [34m[SpringApplicationShutdownHook][0;39m [32mINFO [0;39m [36m[LocalContainerEntityManagerFactoryBean:650][0;39m : Closing JPA EntityManagerFactory for persistence unit 'default' 
[35m2023-02-18 14:52:58.530[0;39m [34m[SpringApplicationShutdownHook][0;39m [32mINFO [0;39m [36m[HikariDataSource:350][0;39m : HikariPool-1 - Shutdown initiated... 
[35m2023-02-18 14:52:58.708[0;39m [34m[SpringApplicationShutdownHook][0;39m [32mINFO [0;39m [36m[HikariDataSource:352][0;39m : HikariPool-1 - Shutdown completed. 
