2023-05-15 15:39:06.637 [SpringApplicationShutdownHook] ERROR [SqlExceptionHelper:138] : Database is already closed (to disable automatic closing at VM shutdown, add ";DB_CLOSE_ON_EXIT=FALSE" to the db URL) [90121-214] 
2023-05-15 15:39:06.644 [SpringApplicationShutdownHook] ERROR [SqlExceptionHelper:138] : Database is already closed (to disable automatic closing at VM shutdown, add ";DB_CLOSE_ON_EXIT=FALSE" to the db URL) [90121-214] 
2023-05-15 15:42:57.895 [SpringApplicationShutdownHook] ERROR [SqlExceptionHelper:138] : Database is already closed (to disable automatic closing at VM shutdown, add ";DB_CLOSE_ON_EXIT=FALSE" to the db URL) [90121-214] 
2023-05-15 15:42:57.899 [SpringApplicationShutdownHook] ERROR [SqlExceptionHelper:138] : Database is already closed (to disable automatic closing at VM shutdown, add ";DB_CLOSE_ON_EXIT=FALSE" to the db URL) [90121-214] 
2023-05-15 15:51:14.712 [SpringApplicationShutdownHook] ERROR [SqlExceptionHelper:138] : Database is already closed (to disable automatic closing at VM shutdown, add ";DB_CLOSE_ON_EXIT=FALSE" to the db URL) [90121-214] 
2023-05-15 15:51:14.714 [SpringApplicationShutdownHook] ERROR [SqlExceptionHelper:138] : Database is already closed (to disable automatic closing at VM shutdown, add ";DB_CLOSE_ON_EXIT=FALSE" to the db URL) [90121-214] 
2023-05-15 15:52:27.080 [SpringApplicationShutdownHook] ERROR [SqlExceptionHelper:138] : Database is already closed (to disable automatic closing at VM shutdown, add ";DB_CLOSE_ON_EXIT=FALSE" to the db URL) [90121-214] 
2023-05-15 15:52:27.083 [SpringApplicationShutdownHook] ERROR [SqlExceptionHelper:138] : Database is already closed (to disable automatic closing at VM shutdown, add ";DB_CLOSE_ON_EXIT=FALSE" to the db URL) [90121-214] 
2023-05-15 15:55:49.061 [SpringApplicationShutdownHook] ERROR [SqlExceptionHelper:138] : Database is already closed (to disable automatic closing at VM shutdown, add ";DB_CLOSE_ON_EXIT=FALSE" to the db URL) [90121-214] 
2023-05-15 15:55:49.065 [SpringApplicationShutdownHook] ERROR [SqlExceptionHelper:138] : Database is already closed (to disable automatic closing at VM shutdown, add ";DB_CLOSE_ON_EXIT=FALSE" to the db URL) [90121-214] 
2023-05-15 15:58:03.167 [SpringApplicationShutdownHook] ERROR [SqlExceptionHelper:138] : Database is already closed (to disable automatic closing at VM shutdown, add ";DB_CLOSE_ON_EXIT=FALSE" to the db URL) [90121-214] 
2023-05-15 15:58:03.171 [SpringApplicationShutdownHook] ERROR [SqlExceptionHelper:138] : Database is already closed (to disable automatic closing at VM shutdown, add ";DB_CLOSE_ON_EXIT=FALSE" to the db URL) [90121-214] 
2023-05-15 16:25:59.846 [main] ERROR [SqlExceptionHelper:138] : NULL not allowed for column "CONTENT"; SQL statement:
insert into Member (member_idx, belong, created_at, identifier, nickname, uni_email, updated_at) values (default, ?, ?, ?, ?, ?, ?) [23502-214] 
2023-05-15 16:26:00.092 [SpringApplicationShutdownHook] ERROR [SqlExceptionHelper:138] : Database is already closed (to disable automatic closing at VM shutdown, add ";DB_CLOSE_ON_EXIT=FALSE" to the db URL) [90121-214] 
2023-05-15 16:26:00.094 [SpringApplicationShutdownHook] ERROR [SqlExceptionHelper:138] : Database is already closed (to disable automatic closing at VM shutdown, add ";DB_CLOSE_ON_EXIT=FALSE" to the db URL) [90121-214] 
2023-05-15 16:27:43.512 [main] ERROR [SqlExceptionHelper:138] : NULL not allowed for column "PROFILE_EMAIL"; SQL statement:
insert into Member (member_idx, belong, content, created_at, identifier, nickname, uni_email, updated_at) values (default, ?, ?, ?, ?, ?, ?, ?) [23502-214] 
2023-05-15 16:27:43.729 [SpringApplicationShutdownHook] ERROR [SqlExceptionHelper:138] : Database is already closed (to disable automatic closing at VM shutdown, add ";DB_CLOSE_ON_EXIT=FALSE" to the db URL) [90121-214] 
2023-05-15 16:27:43.730 [SpringApplicationShutdownHook] ERROR [SqlExceptionHelper:138] : Database is already closed (to disable automatic closing at VM shutdown, add ";DB_CLOSE_ON_EXIT=FALSE" to the db URL) [90121-214] 
2023-05-15 16:28:43.503 [SpringApplicationShutdownHook] ERROR [SqlExceptionHelper:138] : Database is already closed (to disable automatic closing at VM shutdown, add ";DB_CLOSE_ON_EXIT=FALSE" to the db URL) [90121-214] 
2023-05-15 16:28:43.506 [SpringApplicationShutdownHook] ERROR [SqlExceptionHelper:138] : Database is already closed (to disable automatic closing at VM shutdown, add ";DB_CLOSE_ON_EXIT=FALSE" to the db URL) [90121-214] 
2023-05-15 16:30:48.022 [SpringApplicationShutdownHook] ERROR [SqlExceptionHelper:138] : Database is already closed (to disable automatic closing at VM shutdown, add ";DB_CLOSE_ON_EXIT=FALSE" to the db URL) [90121-214] 
2023-05-15 16:30:48.025 [SpringApplicationShutdownHook] ERROR [SqlExceptionHelper:138] : Database is already closed (to disable automatic closing at VM shutdown, add ";DB_CLOSE_ON_EXIT=FALSE" to the db URL) [90121-214] 
2023-05-15 16:33:07.453 [SpringApplicationShutdownHook] ERROR [SqlExceptionHelper:138] : Database is already closed (to disable automatic closing at VM shutdown, add ";DB_CLOSE_ON_EXIT=FALSE" to the db URL) [90121-214] 
2023-05-15 16:33:07.457 [SpringApplicationShutdownHook] ERROR [SqlExceptionHelper:138] : Database is already closed (to disable automatic closing at VM shutdown, add ";DB_CLOSE_ON_EXIT=FALSE" to the db URL) [90121-214] 
2023-05-15 16:35:51.425 [SpringApplicationShutdownHook] ERROR [SqlExceptionHelper:138] : Database is already closed (to disable automatic closing at VM shutdown, add ";DB_CLOSE_ON_EXIT=FALSE" to the db URL) [90121-214] 
2023-05-15 16:35:51.428 [SpringApplicationShutdownHook] ERROR [SqlExceptionHelper:138] : Database is already closed (to disable automatic closing at VM shutdown, add ";DB_CLOSE_ON_EXIT=FALSE" to the db URL) [90121-214] 
2023-05-15 16:44:08.461 [SpringApplicationShutdownHook] ERROR [SqlExceptionHelper:138] : Database is already closed (to disable automatic closing at VM shutdown, add ";DB_CLOSE_ON_EXIT=FALSE" to the db URL) [90121-214] 
2023-05-15 16:44:08.464 [SpringApplicationShutdownHook] ERROR [SqlExceptionHelper:138] : Database is already closed (to disable automatic closing at VM shutdown, add ";DB_CLOSE_ON_EXIT=FALSE" to the db URL) [90121-214] 
2023-05-15 16:48:01.950 [SpringApplicationShutdownHook] ERROR [SqlExceptionHelper:138] : Database is already closed (to disable automatic closing at VM shutdown, add ";DB_CLOSE_ON_EXIT=FALSE" to the db URL) [90121-214] 
2023-05-15 16:48:01.955 [SpringApplicationShutdownHook] ERROR [SqlExceptionHelper:138] : Database is already closed (to disable automatic closing at VM shutdown, add ";DB_CLOSE_ON_EXIT=FALSE" to the db URL) [90121-214] 
2023-05-15 16:52:08.081 [SpringApplicationShutdownHook] ERROR [SqlExceptionHelper:138] : Database is already closed (to disable automatic closing at VM shutdown, add ";DB_CLOSE_ON_EXIT=FALSE" to the db URL) [90121-214] 
2023-05-15 16:52:08.086 [SpringApplicationShutdownHook] ERROR [SqlExceptionHelper:138] : Database is already closed (to disable automatic closing at VM shutdown, add ";DB_CLOSE_ON_EXIT=FALSE" to the db URL) [90121-214] 
