2023-05-15 15:38:47.036 [main] WARN  [DuplicateJsonObjectContextCustomizerFactory$DuplicateJsonObjectContextCustomizer:78] : 

Found multiple occurrences of org.json.JSONObject on the class path:

	jar:file:/C:/Users/염석천/.gradle/caches/modules-2/files-2.1/org.json/json/20220924/5aa95e7688f76c664af205c5937620f02688dfbc/json-20220924.jar!/org/json/JSONObject.class
	jar:file:/C:/Users/염석천/.gradle/caches/modules-2/files-2.1/com.vaadin.external.google/android-json/0.0.20131108.vaadin1/fa26d351fe62a6a17f5cda1287c1c6110dec413f/android-json-0.0.20131108.vaadin1.jar!/org/json/JSONObject.class

You may wish to exclude one of them to ensure predictable runtime behavior
 
2023-05-15 15:38:53.476 [main] WARN  [deprecation:626] : HHH90000021: Encountered deprecated setting [javax.persistence.sharedCache.mode], use [jakarta.persistence.sharedCache.mode] instead 
2023-05-15 15:38:56.469 [main] WARN  [LocalVariableTableParameterNameDiscoverer:123] : Using deprecated '-debug' fallback for parameter name resolution. Compile the affected code with '-parameters' instead or avoid its introspection: com.garamgaebi.GaramgaebiServer.domain.ice_breaking.repository.ProgramGameroomRepository 
2023-05-15 15:38:56.922 [main] WARN  [LocalVariableTableParameterNameDiscoverer:123] : Using deprecated '-debug' fallback for parameter name resolution. Compile the affected code with '-parameters' instead or avoid its introspection: com.garamgaebi.GaramgaebiServer.domain.ice_breaking.repository.GameRoomMemberRepository 
2023-05-15 15:38:56.977 [main] WARN  [LocalVariableTableParameterNameDiscoverer:123] : Using deprecated '-debug' fallback for parameter name resolution. Compile the affected code with '-parameters' instead or avoid its introspection: com.garamgaebi.GaramgaebiServer.domain.member.repository.MemberRepository 
2023-05-15 15:38:58.148 [main] WARN  [LocalVariableTableParameterNameDiscoverer:123] : Using deprecated '-debug' fallback for parameter name resolution. Compile the affected code with '-parameters' instead or avoid its introspection: com.garamgaebi.GaramgaebiServer.domain.apply.repository.ApplyRepository 
2023-05-15 15:38:58.344 [main] WARN  [LocalVariableTableParameterNameDiscoverer:123] : Using deprecated '-debug' fallback for parameter name resolution. Compile the affected code with '-parameters' instead or avoid its introspection: com.garamgaebi.GaramgaebiServer.domain.program.repository.ProgramRepository 
2023-05-15 15:38:59.250 [main] WARN  [LocalVariableTableParameterNameDiscoverer:123] : Using deprecated '-debug' fallback for parameter name resolution. Compile the affected code with '-parameters' instead or avoid its introspection: com.garamgaebi.GaramgaebiServer.domain.member.repository.MemberRolesRepository 
2023-05-15 15:38:59.351 [main] WARN  [LocalVariableTableParameterNameDiscoverer:123] : Using deprecated '-debug' fallback for parameter name resolution. Compile the affected code with '-parameters' instead or avoid its introspection: com.garamgaebi.GaramgaebiServer.domain.notification.repository.MemberNotificationRepository 
2023-05-15 15:38:59.390 [main] WARN  [LocalVariableTableParameterNameDiscoverer:123] : Using deprecated '-debug' fallback for parameter name resolution. Compile the affected code with '-parameters' instead or avoid its introspection: com.garamgaebi.GaramgaebiServer.domain.notification.repository.NotificationRepository 
2023-05-15 15:38:59.785 [main] WARN  [LocalVariableTableParameterNameDiscoverer:123] : Using deprecated '-debug' fallback for parameter name resolution. Compile the affected code with '-parameters' instead or avoid its introspection: com.garamgaebi.GaramgaebiServer.global.security.SecurityConfig 
2023-05-15 15:39:00.087 [main] WARN  [LocalVariableTableParameterNameDiscoverer:123] : Using deprecated '-debug' fallback for parameter name resolution. Compile the affected code with '-parameters' instead or avoid its introspection: com.garamgaebi.GaramgaebiServer.domain.ice_breaking.repository.GameRepository 
2023-05-15 15:39:00.518 [main] WARN  [JpaBaseConfiguration$JpaWebConfiguration:227] : spring.jpa.open-in-view is enabled by default. Therefore, database queries may be performed during view rendering. Explicitly configure spring.jpa.open-in-view to disable this warning 
2023-05-15 15:39:04.690 [main] WARN  [ThymeleafAutoConfiguration$DefaultTemplateResolverConfiguration:101] : Cannot find template location: classpath:/templates/ (please add some templates, check your Thymeleaf configuration, or set spring.thymeleaf.check-template-location=false) 
2023-05-15 15:39:06.636 [SpringApplicationShutdownHook] WARN  [SqlExceptionHelper:133] : SQL Error: 90121, SQLState: 90121 
2023-05-15 15:39:06.643 [SpringApplicationShutdownHook] WARN  [SqlExceptionHelper:133] : SQL Error: 90121, SQLState: 90121 
2023-05-15 15:39:06.645 [SpringApplicationShutdownHook] WARN  [DisposableBeanAdapter:208] : Invocation of destroy method failed on bean with name 'entityManagerFactory': org.hibernate.exception.JDBCConnectionException: Unable to release JDBC Connection used for DDL execution 
2023-05-15 15:42:36.604 [main] WARN  [DuplicateJsonObjectContextCustomizerFactory$DuplicateJsonObjectContextCustomizer:78] : 

Found multiple occurrences of org.json.JSONObject on the class path:

	jar:file:/C:/Users/염석천/.gradle/caches/modules-2/files-2.1/org.json/json/20220924/5aa95e7688f76c664af205c5937620f02688dfbc/json-20220924.jar!/org/json/JSONObject.class
	jar:file:/C:/Users/염석천/.gradle/caches/modules-2/files-2.1/com.vaadin.external.google/android-json/0.0.20131108.vaadin1/fa26d351fe62a6a17f5cda1287c1c6110dec413f/android-json-0.0.20131108.vaadin1.jar!/org/json/JSONObject.class

You may wish to exclude one of them to ensure predictable runtime behavior
 
2023-05-15 15:42:43.776 [main] WARN  [deprecation:626] : HHH90000021: Encountered deprecated setting [javax.persistence.sharedCache.mode], use [jakarta.persistence.sharedCache.mode] instead 
2023-05-15 15:42:46.817 [main] WARN  [LocalVariableTableParameterNameDiscoverer:123] : Using deprecated '-debug' fallback for parameter name resolution. Compile the affected code with '-parameters' instead or avoid its introspection: com.garamgaebi.GaramgaebiServer.domain.ice_breaking.repository.ProgramGameroomRepository 
2023-05-15 15:42:47.333 [main] WARN  [LocalVariableTableParameterNameDiscoverer:123] : Using deprecated '-debug' fallback for parameter name resolution. Compile the affected code with '-parameters' instead or avoid its introspection: com.garamgaebi.GaramgaebiServer.domain.ice_breaking.repository.GameRoomMemberRepository 
2023-05-15 15:42:47.388 [main] WARN  [LocalVariableTableParameterNameDiscoverer:123] : Using deprecated '-debug' fallback for parameter name resolution. Compile the affected code with '-parameters' instead or avoid its introspection: com.garamgaebi.GaramgaebiServer.domain.member.repository.MemberRepository 
2023-05-15 15:42:48.558 [main] WARN  [LocalVariableTableParameterNameDiscoverer:123] : Using deprecated '-debug' fallback for parameter name resolution. Compile the affected code with '-parameters' instead or avoid its introspection: com.garamgaebi.GaramgaebiServer.domain.apply.repository.ApplyRepository 
2023-05-15 15:42:48.738 [main] WARN  [LocalVariableTableParameterNameDiscoverer:123] : Using deprecated '-debug' fallback for parameter name resolution. Compile the affected code with '-parameters' instead or avoid its introspection: com.garamgaebi.GaramgaebiServer.domain.program.repository.ProgramRepository 
2023-05-15 15:42:49.708 [main] WARN  [LocalVariableTableParameterNameDiscoverer:123] : Using deprecated '-debug' fallback for parameter name resolution. Compile the affected code with '-parameters' instead or avoid its introspection: com.garamgaebi.GaramgaebiServer.domain.member.repository.MemberRolesRepository 
2023-05-15 15:42:49.831 [main] WARN  [LocalVariableTableParameterNameDiscoverer:123] : Using deprecated '-debug' fallback for parameter name resolution. Compile the affected code with '-parameters' instead or avoid its introspection: com.garamgaebi.GaramgaebiServer.domain.notification.repository.MemberNotificationRepository 
2023-05-15 15:42:49.867 [main] WARN  [LocalVariableTableParameterNameDiscoverer:123] : Using deprecated '-debug' fallback for parameter name resolution. Compile the affected code with '-parameters' instead or avoid its introspection: com.garamgaebi.GaramgaebiServer.domain.notification.repository.NotificationRepository 
2023-05-15 15:42:50.253 [main] WARN  [LocalVariableTableParameterNameDiscoverer:123] : Using deprecated '-debug' fallback for parameter name resolution. Compile the affected code with '-parameters' instead or avoid its introspection: com.garamgaebi.GaramgaebiServer.global.security.SecurityConfig 
2023-05-15 15:42:50.519 [main] WARN  [LocalVariableTableParameterNameDiscoverer:123] : Using deprecated '-debug' fallback for parameter name resolution. Compile the affected code with '-parameters' instead or avoid its introspection: com.garamgaebi.GaramgaebiServer.domain.ice_breaking.repository.GameRepository 
2023-05-15 15:42:51.085 [main] WARN  [JpaBaseConfiguration$JpaWebConfiguration:227] : spring.jpa.open-in-view is enabled by default. Therefore, database queries may be performed during view rendering. Explicitly configure spring.jpa.open-in-view to disable this warning 
2023-05-15 15:42:56.179 [main] WARN  [ThymeleafAutoConfiguration$DefaultTemplateResolverConfiguration:101] : Cannot find template location: classpath:/templates/ (please add some templates, check your Thymeleaf configuration, or set spring.thymeleaf.check-template-location=false) 
2023-05-15 15:42:57.894 [SpringApplicationShutdownHook] WARN  [SqlExceptionHelper:133] : SQL Error: 90121, SQLState: 90121 
2023-05-15 15:42:57.898 [SpringApplicationShutdownHook] WARN  [SqlExceptionHelper:133] : SQL Error: 90121, SQLState: 90121 
2023-05-15 15:42:57.900 [SpringApplicationShutdownHook] WARN  [DisposableBeanAdapter:208] : Invocation of destroy method failed on bean with name 'entityManagerFactory': org.hibernate.exception.JDBCConnectionException: Unable to release JDBC Connection used for DDL execution 
2023-05-15 15:50:52.163 [main] WARN  [DuplicateJsonObjectContextCustomizerFactory$DuplicateJsonObjectContextCustomizer:78] : 

Found multiple occurrences of org.json.JSONObject on the class path:

	jar:file:/C:/Users/염석천/.gradle/caches/modules-2/files-2.1/org.json/json/20220924/5aa95e7688f76c664af205c5937620f02688dfbc/json-20220924.jar!/org/json/JSONObject.class
	jar:file:/C:/Users/염석천/.gradle/caches/modules-2/files-2.1/com.vaadin.external.google/android-json/0.0.20131108.vaadin1/fa26d351fe62a6a17f5cda1287c1c6110dec413f/android-json-0.0.20131108.vaadin1.jar!/org/json/JSONObject.class

You may wish to exclude one of them to ensure predictable runtime behavior
 
2023-05-15 15:50:58.641 [main] WARN  [deprecation:626] : HHH90000021: Encountered deprecated setting [javax.persistence.sharedCache.mode], use [jakarta.persistence.sharedCache.mode] instead 
2023-05-15 15:51:03.720 [main] WARN  [LocalVariableTableParameterNameDiscoverer:123] : Using deprecated '-debug' fallback for parameter name resolution. Compile the affected code with '-parameters' instead or avoid its introspection: com.garamgaebi.GaramgaebiServer.domain.ice_breaking.repository.ProgramGameroomRepository 
2023-05-15 15:51:04.295 [main] WARN  [LocalVariableTableParameterNameDiscoverer:123] : Using deprecated '-debug' fallback for parameter name resolution. Compile the affected code with '-parameters' instead or avoid its introspection: com.garamgaebi.GaramgaebiServer.domain.ice_breaking.repository.GameRoomMemberRepository 
2023-05-15 15:51:04.346 [main] WARN  [LocalVariableTableParameterNameDiscoverer:123] : Using deprecated '-debug' fallback for parameter name resolution. Compile the affected code with '-parameters' instead or avoid its introspection: com.garamgaebi.GaramgaebiServer.domain.member.repository.MemberRepository 
2023-05-15 15:51:06.290 [main] WARN  [LocalVariableTableParameterNameDiscoverer:123] : Using deprecated '-debug' fallback for parameter name resolution. Compile the affected code with '-parameters' instead or avoid its introspection: com.garamgaebi.GaramgaebiServer.domain.apply.repository.ApplyRepository 
2023-05-15 15:51:06.509 [main] WARN  [LocalVariableTableParameterNameDiscoverer:123] : Using deprecated '-debug' fallback for parameter name resolution. Compile the affected code with '-parameters' instead or avoid its introspection: com.garamgaebi.GaramgaebiServer.domain.program.repository.ProgramRepository 
2023-05-15 15:51:07.562 [main] WARN  [LocalVariableTableParameterNameDiscoverer:123] : Using deprecated '-debug' fallback for parameter name resolution. Compile the affected code with '-parameters' instead or avoid its introspection: com.garamgaebi.GaramgaebiServer.domain.member.repository.MemberRolesRepository 
2023-05-15 15:51:07.688 [main] WARN  [LocalVariableTableParameterNameDiscoverer:123] : Using deprecated '-debug' fallback for parameter name resolution. Compile the affected code with '-parameters' instead or avoid its introspection: com.garamgaebi.GaramgaebiServer.domain.notification.repository.MemberNotificationRepository 
2023-05-15 15:51:07.736 [main] WARN  [LocalVariableTableParameterNameDiscoverer:123] : Using deprecated '-debug' fallback for parameter name resolution. Compile the affected code with '-parameters' instead or avoid its introspection: com.garamgaebi.GaramgaebiServer.domain.notification.repository.NotificationRepository 
2023-05-15 15:51:08.136 [main] WARN  [LocalVariableTableParameterNameDiscoverer:123] : Using deprecated '-debug' fallback for parameter name resolution. Compile the affected code with '-parameters' instead or avoid its introspection: com.garamgaebi.GaramgaebiServer.global.security.SecurityConfig 
2023-05-15 15:51:08.444 [main] WARN  [LocalVariableTableParameterNameDiscoverer:123] : Using deprecated '-debug' fallback for parameter name resolution. Compile the affected code with '-parameters' instead or avoid its introspection: com.garamgaebi.GaramgaebiServer.domain.ice_breaking.repository.GameRepository 
2023-05-15 15:51:08.961 [main] WARN  [JpaBaseConfiguration$JpaWebConfiguration:227] : spring.jpa.open-in-view is enabled by default. Therefore, database queries may be performed during view rendering. Explicitly configure spring.jpa.open-in-view to disable this warning 
2023-05-15 15:51:13.040 [main] WARN  [ThymeleafAutoConfiguration$DefaultTemplateResolverConfiguration:101] : Cannot find template location: classpath:/templates/ (please add some templates, check your Thymeleaf configuration, or set spring.thymeleaf.check-template-location=false) 
2023-05-15 15:51:14.711 [SpringApplicationShutdownHook] WARN  [SqlExceptionHelper:133] : SQL Error: 90121, SQLState: 90121 
2023-05-15 15:51:14.714 [SpringApplicationShutdownHook] WARN  [SqlExceptionHelper:133] : SQL Error: 90121, SQLState: 90121 
2023-05-15 15:51:14.716 [SpringApplicationShutdownHook] WARN  [DisposableBeanAdapter:208] : Invocation of destroy method failed on bean with name 'entityManagerFactory': org.hibernate.exception.JDBCConnectionException: Unable to release JDBC Connection used for DDL execution 
2023-05-15 15:52:04.352 [main] WARN  [DuplicateJsonObjectContextCustomizerFactory$DuplicateJsonObjectContextCustomizer:78] : 

Found multiple occurrences of org.json.JSONObject on the class path:

	jar:file:/C:/Users/염석천/.gradle/caches/modules-2/files-2.1/org.json/json/20220924/5aa95e7688f76c664af205c5937620f02688dfbc/json-20220924.jar!/org/json/JSONObject.class
	jar:file:/C:/Users/염석천/.gradle/caches/modules-2/files-2.1/com.vaadin.external.google/android-json/0.0.20131108.vaadin1/fa26d351fe62a6a17f5cda1287c1c6110dec413f/android-json-0.0.20131108.vaadin1.jar!/org/json/JSONObject.class

You may wish to exclude one of them to ensure predictable runtime behavior
 
2023-05-15 15:52:10.566 [main] WARN  [deprecation:626] : HHH90000021: Encountered deprecated setting [javax.persistence.sharedCache.mode], use [jakarta.persistence.sharedCache.mode] instead 
2023-05-15 15:52:13.562 [main] WARN  [LocalVariableTableParameterNameDiscoverer:123] : Using deprecated '-debug' fallback for parameter name resolution. Compile the affected code with '-parameters' instead or avoid its introspection: com.garamgaebi.GaramgaebiServer.domain.ice_breaking.repository.ProgramGameroomRepository 
2023-05-15 15:52:14.161 [main] WARN  [LocalVariableTableParameterNameDiscoverer:123] : Using deprecated '-debug' fallback for parameter name resolution. Compile the affected code with '-parameters' instead or avoid its introspection: com.garamgaebi.GaramgaebiServer.domain.ice_breaking.repository.GameRoomMemberRepository 
2023-05-15 15:52:14.218 [main] WARN  [LocalVariableTableParameterNameDiscoverer:123] : Using deprecated '-debug' fallback for parameter name resolution. Compile the affected code with '-parameters' instead or avoid its introspection: com.garamgaebi.GaramgaebiServer.domain.member.repository.MemberRepository 
2023-05-15 15:52:15.437 [main] WARN  [LocalVariableTableParameterNameDiscoverer:123] : Using deprecated '-debug' fallback for parameter name resolution. Compile the affected code with '-parameters' instead or avoid its introspection: com.garamgaebi.GaramgaebiServer.domain.apply.repository.ApplyRepository 
2023-05-15 15:52:15.668 [main] WARN  [LocalVariableTableParameterNameDiscoverer:123] : Using deprecated '-debug' fallback for parameter name resolution. Compile the affected code with '-parameters' instead or avoid its introspection: com.garamgaebi.GaramgaebiServer.domain.program.repository.ProgramRepository 
2023-05-15 15:52:16.742 [main] WARN  [LocalVariableTableParameterNameDiscoverer:123] : Using deprecated '-debug' fallback for parameter name resolution. Compile the affected code with '-parameters' instead or avoid its introspection: com.garamgaebi.GaramgaebiServer.domain.member.repository.MemberRolesRepository 
2023-05-15 15:52:16.884 [main] WARN  [LocalVariableTableParameterNameDiscoverer:123] : Using deprecated '-debug' fallback for parameter name resolution. Compile the affected code with '-parameters' instead or avoid its introspection: com.garamgaebi.GaramgaebiServer.domain.notification.repository.MemberNotificationRepository 
2023-05-15 15:52:16.936 [main] WARN  [LocalVariableTableParameterNameDiscoverer:123] : Using deprecated '-debug' fallback for parameter name resolution. Compile the affected code with '-parameters' instead or avoid its introspection: com.garamgaebi.GaramgaebiServer.domain.notification.repository.NotificationRepository 
2023-05-15 15:52:17.503 [main] WARN  [LocalVariableTableParameterNameDiscoverer:123] : Using deprecated '-debug' fallback for parameter name resolution. Compile the affected code with '-parameters' instead or avoid its introspection: com.garamgaebi.GaramgaebiServer.global.security.SecurityConfig 
2023-05-15 15:52:17.865 [main] WARN  [LocalVariableTableParameterNameDiscoverer:123] : Using deprecated '-debug' fallback for parameter name resolution. Compile the affected code with '-parameters' instead or avoid its introspection: com.garamgaebi.GaramgaebiServer.domain.ice_breaking.repository.GameRepository 
2023-05-15 15:52:18.691 [main] WARN  [JpaBaseConfiguration$JpaWebConfiguration:227] : spring.jpa.open-in-view is enabled by default. Therefore, database queries may be performed during view rendering. Explicitly configure spring.jpa.open-in-view to disable this warning 
2023-05-15 15:52:24.435 [main] WARN  [ThymeleafAutoConfiguration$DefaultTemplateResolverConfiguration:101] : Cannot find template location: classpath:/templates/ (please add some templates, check your Thymeleaf configuration, or set spring.thymeleaf.check-template-location=false) 
2023-05-15 15:52:27.079 [SpringApplicationShutdownHook] WARN  [SqlExceptionHelper:133] : SQL Error: 90121, SQLState: 90121 
2023-05-15 15:52:27.083 [SpringApplicationShutdownHook] WARN  [SqlExceptionHelper:133] : SQL Error: 90121, SQLState: 90121 
2023-05-15 15:52:27.085 [SpringApplicationShutdownHook] WARN  [DisposableBeanAdapter:208] : Invocation of destroy method failed on bean with name 'entityManagerFactory': org.hibernate.exception.JDBCConnectionException: Unable to release JDBC Connection used for DDL execution 
2023-05-15 15:55:23.042 [main] WARN  [DuplicateJsonObjectContextCustomizerFactory$DuplicateJsonObjectContextCustomizer:78] : 

Found multiple occurrences of org.json.JSONObject on the class path:

	jar:file:/C:/Users/염석천/.gradle/caches/modules-2/files-2.1/org.json/json/20220924/5aa95e7688f76c664af205c5937620f02688dfbc/json-20220924.jar!/org/json/JSONObject.class
	jar:file:/C:/Users/염석천/.gradle/caches/modules-2/files-2.1/com.vaadin.external.google/android-json/0.0.20131108.vaadin1/fa26d351fe62a6a17f5cda1287c1c6110dec413f/android-json-0.0.20131108.vaadin1.jar!/org/json/JSONObject.class

You may wish to exclude one of them to ensure predictable runtime behavior
 
2023-05-15 15:55:29.502 [main] WARN  [deprecation:626] : HHH90000021: Encountered deprecated setting [javax.persistence.sharedCache.mode], use [jakarta.persistence.sharedCache.mode] instead 
2023-05-15 15:55:32.789 [main] WARN  [LocalVariableTableParameterNameDiscoverer:123] : Using deprecated '-debug' fallback for parameter name resolution. Compile the affected code with '-parameters' instead or avoid its introspection: com.garamgaebi.GaramgaebiServer.domain.ice_breaking.repository.ProgramGameroomRepository 
2023-05-15 15:55:33.332 [main] WARN  [LocalVariableTableParameterNameDiscoverer:123] : Using deprecated '-debug' fallback for parameter name resolution. Compile the affected code with '-parameters' instead or avoid its introspection: com.garamgaebi.GaramgaebiServer.domain.ice_breaking.repository.GameRoomMemberRepository 
2023-05-15 15:55:33.408 [main] WARN  [LocalVariableTableParameterNameDiscoverer:123] : Using deprecated '-debug' fallback for parameter name resolution. Compile the affected code with '-parameters' instead or avoid its introspection: com.garamgaebi.GaramgaebiServer.domain.member.repository.MemberRepository 
2023-05-15 15:55:34.692 [main] WARN  [LocalVariableTableParameterNameDiscoverer:123] : Using deprecated '-debug' fallback for parameter name resolution. Compile the affected code with '-parameters' instead or avoid its introspection: com.garamgaebi.GaramgaebiServer.domain.apply.repository.ApplyRepository 
2023-05-15 15:55:34.917 [main] WARN  [LocalVariableTableParameterNameDiscoverer:123] : Using deprecated '-debug' fallback for parameter name resolution. Compile the affected code with '-parameters' instead or avoid its introspection: com.garamgaebi.GaramgaebiServer.domain.program.repository.ProgramRepository 
2023-05-15 15:55:36.979 [main] WARN  [LocalVariableTableParameterNameDiscoverer:123] : Using deprecated '-debug' fallback for parameter name resolution. Compile the affected code with '-parameters' instead or avoid its introspection: com.garamgaebi.GaramgaebiServer.domain.member.repository.MemberRolesRepository 
2023-05-15 15:55:37.105 [main] WARN  [LocalVariableTableParameterNameDiscoverer:123] : Using deprecated '-debug' fallback for parameter name resolution. Compile the affected code with '-parameters' instead or avoid its introspection: com.garamgaebi.GaramgaebiServer.domain.notification.repository.MemberNotificationRepository 
2023-05-15 15:55:37.138 [main] WARN  [LocalVariableTableParameterNameDiscoverer:123] : Using deprecated '-debug' fallback for parameter name resolution. Compile the affected code with '-parameters' instead or avoid its introspection: com.garamgaebi.GaramgaebiServer.domain.notification.repository.NotificationRepository 
2023-05-15 15:55:37.517 [main] WARN  [LocalVariableTableParameterNameDiscoverer:123] : Using deprecated '-debug' fallback for parameter name resolution. Compile the affected code with '-parameters' instead or avoid its introspection: com.garamgaebi.GaramgaebiServer.global.security.SecurityConfig 
2023-05-15 15:55:38.299 [main] WARN  [LocalVariableTableParameterNameDiscoverer:123] : Using deprecated '-debug' fallback for parameter name resolution. Compile the affected code with '-parameters' instead or avoid its introspection: com.garamgaebi.GaramgaebiServer.domain.ice_breaking.repository.GameRepository 
2023-05-15 15:55:38.740 [main] WARN  [JpaBaseConfiguration$JpaWebConfiguration:227] : spring.jpa.open-in-view is enabled by default. Therefore, database queries may be performed during view rendering. Explicitly configure spring.jpa.open-in-view to disable this warning 
2023-05-15 15:55:42.736 [main] WARN  [ThymeleafAutoConfiguration$DefaultTemplateResolverConfiguration:101] : Cannot find template location: classpath:/templates/ (please add some templates, check your Thymeleaf configuration, or set spring.thymeleaf.check-template-location=false) 
2023-05-15 15:55:49.060 [SpringApplicationShutdownHook] WARN  [SqlExceptionHelper:133] : SQL Error: 90121, SQLState: 90121 
2023-05-15 15:55:49.064 [SpringApplicationShutdownHook] WARN  [SqlExceptionHelper:133] : SQL Error: 90121, SQLState: 90121 
2023-05-15 15:55:49.066 [SpringApplicationShutdownHook] WARN  [DisposableBeanAdapter:208] : Invocation of destroy method failed on bean with name 'entityManagerFactory': org.hibernate.exception.JDBCConnectionException: Unable to release JDBC Connection used for DDL execution 
2023-05-15 15:57:41.954 [main] WARN  [DuplicateJsonObjectContextCustomizerFactory$DuplicateJsonObjectContextCustomizer:78] : 

Found multiple occurrences of org.json.JSONObject on the class path:

	jar:file:/C:/Users/염석천/.gradle/caches/modules-2/files-2.1/org.json/json/20220924/5aa95e7688f76c664af205c5937620f02688dfbc/json-20220924.jar!/org/json/JSONObject.class
	jar:file:/C:/Users/염석천/.gradle/caches/modules-2/files-2.1/com.vaadin.external.google/android-json/0.0.20131108.vaadin1/fa26d351fe62a6a17f5cda1287c1c6110dec413f/android-json-0.0.20131108.vaadin1.jar!/org/json/JSONObject.class

You may wish to exclude one of them to ensure predictable runtime behavior
 
2023-05-15 15:57:48.782 [main] WARN  [deprecation:626] : HHH90000021: Encountered deprecated setting [javax.persistence.sharedCache.mode], use [jakarta.persistence.sharedCache.mode] instead 
2023-05-15 15:57:51.731 [main] WARN  [LocalVariableTableParameterNameDiscoverer:123] : Using deprecated '-debug' fallback for parameter name resolution. Compile the affected code with '-parameters' instead or avoid its introspection: com.garamgaebi.GaramgaebiServer.domain.ice_breaking.repository.ProgramGameroomRepository 
2023-05-15 15:57:52.245 [main] WARN  [LocalVariableTableParameterNameDiscoverer:123] : Using deprecated '-debug' fallback for parameter name resolution. Compile the affected code with '-parameters' instead or avoid its introspection: com.garamgaebi.GaramgaebiServer.domain.ice_breaking.repository.GameRoomMemberRepository 
2023-05-15 15:57:52.296 [main] WARN  [LocalVariableTableParameterNameDiscoverer:123] : Using deprecated '-debug' fallback for parameter name resolution. Compile the affected code with '-parameters' instead or avoid its introspection: com.garamgaebi.GaramgaebiServer.domain.member.repository.MemberRepository 
2023-05-15 15:57:53.437 [main] WARN  [LocalVariableTableParameterNameDiscoverer:123] : Using deprecated '-debug' fallback for parameter name resolution. Compile the affected code with '-parameters' instead or avoid its introspection: com.garamgaebi.GaramgaebiServer.domain.apply.repository.ApplyRepository 
2023-05-15 15:57:53.626 [main] WARN  [LocalVariableTableParameterNameDiscoverer:123] : Using deprecated '-debug' fallback for parameter name resolution. Compile the affected code with '-parameters' instead or avoid its introspection: com.garamgaebi.GaramgaebiServer.domain.program.repository.ProgramRepository 
2023-05-15 15:57:54.475 [main] WARN  [LocalVariableTableParameterNameDiscoverer:123] : Using deprecated '-debug' fallback for parameter name resolution. Compile the affected code with '-parameters' instead or avoid its introspection: com.garamgaebi.GaramgaebiServer.domain.member.repository.MemberRolesRepository 
2023-05-15 15:57:54.586 [main] WARN  [LocalVariableTableParameterNameDiscoverer:123] : Using deprecated '-debug' fallback for parameter name resolution. Compile the affected code with '-parameters' instead or avoid its introspection: com.garamgaebi.GaramgaebiServer.domain.notification.repository.MemberNotificationRepository 
2023-05-15 15:57:54.627 [main] WARN  [LocalVariableTableParameterNameDiscoverer:123] : Using deprecated '-debug' fallback for parameter name resolution. Compile the affected code with '-parameters' instead or avoid its introspection: com.garamgaebi.GaramgaebiServer.domain.notification.repository.NotificationRepository 
2023-05-15 15:57:55.034 [main] WARN  [LocalVariableTableParameterNameDiscoverer:123] : Using deprecated '-debug' fallback for parameter name resolution. Compile the affected code with '-parameters' instead or avoid its introspection: com.garamgaebi.GaramgaebiServer.global.security.SecurityConfig 
2023-05-15 15:57:55.286 [main] WARN  [LocalVariableTableParameterNameDiscoverer:123] : Using deprecated '-debug' fallback for parameter name resolution. Compile the affected code with '-parameters' instead or avoid its introspection: com.garamgaebi.GaramgaebiServer.domain.ice_breaking.repository.GameRepository 
2023-05-15 15:57:55.729 [main] WARN  [JpaBaseConfiguration$JpaWebConfiguration:227] : spring.jpa.open-in-view is enabled by default. Therefore, database queries may be performed during view rendering. Explicitly configure spring.jpa.open-in-view to disable this warning 
2023-05-15 15:58:01.526 [main] WARN  [ThymeleafAutoConfiguration$DefaultTemplateResolverConfiguration:101] : Cannot find template location: classpath:/templates/ (please add some templates, check your Thymeleaf configuration, or set spring.thymeleaf.check-template-location=false) 
2023-05-15 15:58:03.166 [SpringApplicationShutdownHook] WARN  [SqlExceptionHelper:133] : SQL Error: 90121, SQLState: 90121 
2023-05-15 15:58:03.171 [SpringApplicationShutdownHook] WARN  [SqlExceptionHelper:133] : SQL Error: 90121, SQLState: 90121 
2023-05-15 15:58:03.173 [SpringApplicationShutdownHook] WARN  [DisposableBeanAdapter:208] : Invocation of destroy method failed on bean with name 'entityManagerFactory': org.hibernate.exception.JDBCConnectionException: Unable to release JDBC Connection used for DDL execution 
2023-05-15 16:25:40.395 [main] WARN  [DuplicateJsonObjectContextCustomizerFactory$DuplicateJsonObjectContextCustomizer:78] : 

Found multiple occurrences of org.json.JSONObject on the class path:

	jar:file:/C:/Users/염석천/.gradle/caches/modules-2/files-2.1/org.json/json/20220924/5aa95e7688f76c664af205c5937620f02688dfbc/json-20220924.jar!/org/json/JSONObject.class
	jar:file:/C:/Users/염석천/.gradle/caches/modules-2/files-2.1/com.vaadin.external.google/android-json/0.0.20131108.vaadin1/fa26d351fe62a6a17f5cda1287c1c6110dec413f/android-json-0.0.20131108.vaadin1.jar!/org/json/JSONObject.class

You may wish to exclude one of them to ensure predictable runtime behavior
 
2023-05-15 16:25:46.575 [main] WARN  [deprecation:626] : HHH90000021: Encountered deprecated setting [javax.persistence.sharedCache.mode], use [jakarta.persistence.sharedCache.mode] instead 
2023-05-15 16:25:49.711 [main] WARN  [LocalVariableTableParameterNameDiscoverer:123] : Using deprecated '-debug' fallback for parameter name resolution. Compile the affected code with '-parameters' instead or avoid its introspection: com.garamgaebi.GaramgaebiServer.domain.ice_breaking.repository.ProgramGameroomRepository 
2023-05-15 16:25:50.229 [main] WARN  [LocalVariableTableParameterNameDiscoverer:123] : Using deprecated '-debug' fallback for parameter name resolution. Compile the affected code with '-parameters' instead or avoid its introspection: com.garamgaebi.GaramgaebiServer.domain.ice_breaking.repository.GameRoomMemberRepository 
2023-05-15 16:25:50.287 [main] WARN  [LocalVariableTableParameterNameDiscoverer:123] : Using deprecated '-debug' fallback for parameter name resolution. Compile the affected code with '-parameters' instead or avoid its introspection: com.garamgaebi.GaramgaebiServer.domain.member.repository.MemberRepository 
2023-05-15 16:25:51.483 [main] WARN  [LocalVariableTableParameterNameDiscoverer:123] : Using deprecated '-debug' fallback for parameter name resolution. Compile the affected code with '-parameters' instead or avoid its introspection: com.garamgaebi.GaramgaebiServer.domain.apply.repository.ApplyRepository 
2023-05-15 16:25:51.696 [main] WARN  [LocalVariableTableParameterNameDiscoverer:123] : Using deprecated '-debug' fallback for parameter name resolution. Compile the affected code with '-parameters' instead or avoid its introspection: com.garamgaebi.GaramgaebiServer.domain.program.repository.ProgramRepository 
2023-05-15 16:25:52.656 [main] WARN  [LocalVariableTableParameterNameDiscoverer:123] : Using deprecated '-debug' fallback for parameter name resolution. Compile the affected code with '-parameters' instead or avoid its introspection: com.garamgaebi.GaramgaebiServer.domain.member.repository.MemberRolesRepository 
2023-05-15 16:25:52.763 [main] WARN  [LocalVariableTableParameterNameDiscoverer:123] : Using deprecated '-debug' fallback for parameter name resolution. Compile the affected code with '-parameters' instead or avoid its introspection: com.garamgaebi.GaramgaebiServer.domain.notification.repository.MemberNotificationRepository 
2023-05-15 16:25:52.796 [main] WARN  [LocalVariableTableParameterNameDiscoverer:123] : Using deprecated '-debug' fallback for parameter name resolution. Compile the affected code with '-parameters' instead or avoid its introspection: com.garamgaebi.GaramgaebiServer.domain.notification.repository.NotificationRepository 
2023-05-15 16:25:53.215 [main] WARN  [LocalVariableTableParameterNameDiscoverer:123] : Using deprecated '-debug' fallback for parameter name resolution. Compile the affected code with '-parameters' instead or avoid its introspection: com.garamgaebi.GaramgaebiServer.global.security.SecurityConfig 
2023-05-15 16:25:53.503 [main] WARN  [LocalVariableTableParameterNameDiscoverer:123] : Using deprecated '-debug' fallback for parameter name resolution. Compile the affected code with '-parameters' instead or avoid its introspection: com.garamgaebi.GaramgaebiServer.domain.ice_breaking.repository.GameRepository 
2023-05-15 16:25:53.938 [main] WARN  [JpaBaseConfiguration$JpaWebConfiguration:227] : spring.jpa.open-in-view is enabled by default. Therefore, database queries may be performed during view rendering. Explicitly configure spring.jpa.open-in-view to disable this warning 
2023-05-15 16:25:58.594 [main] WARN  [ThymeleafAutoConfiguration$DefaultTemplateResolverConfiguration:101] : Cannot find template location: classpath:/templates/ (please add some templates, check your Thymeleaf configuration, or set spring.thymeleaf.check-template-location=false) 
2023-05-15 16:25:59.844 [main] WARN  [SqlExceptionHelper:133] : SQL Error: 23502, SQLState: 23502 
2023-05-15 16:26:00.090 [SpringApplicationShutdownHook] WARN  [SqlExceptionHelper:133] : SQL Error: 90121, SQLState: 90121 
2023-05-15 16:26:00.093 [SpringApplicationShutdownHook] WARN  [SqlExceptionHelper:133] : SQL Error: 90121, SQLState: 90121 
2023-05-15 16:26:00.095 [SpringApplicationShutdownHook] WARN  [DisposableBeanAdapter:208] : Invocation of destroy method failed on bean with name 'entityManagerFactory': org.hibernate.exception.JDBCConnectionException: Unable to release JDBC Connection used for DDL execution 
2023-05-15 16:27:23.298 [main] WARN  [DuplicateJsonObjectContextCustomizerFactory$DuplicateJsonObjectContextCustomizer:78] : 

Found multiple occurrences of org.json.JSONObject on the class path:

	jar:file:/C:/Users/염석천/.gradle/caches/modules-2/files-2.1/org.json/json/20220924/5aa95e7688f76c664af205c5937620f02688dfbc/json-20220924.jar!/org/json/JSONObject.class
	jar:file:/C:/Users/염석천/.gradle/caches/modules-2/files-2.1/com.vaadin.external.google/android-json/0.0.20131108.vaadin1/fa26d351fe62a6a17f5cda1287c1c6110dec413f/android-json-0.0.20131108.vaadin1.jar!/org/json/JSONObject.class

You may wish to exclude one of them to ensure predictable runtime behavior
 
2023-05-15 16:27:29.320 [main] WARN  [deprecation:626] : HHH90000021: Encountered deprecated setting [javax.persistence.sharedCache.mode], use [jakarta.persistence.sharedCache.mode] instead 
2023-05-15 16:27:32.394 [main] WARN  [LocalVariableTableParameterNameDiscoverer:123] : Using deprecated '-debug' fallback for parameter name resolution. Compile the affected code with '-parameters' instead or avoid its introspection: com.garamgaebi.GaramgaebiServer.domain.ice_breaking.repository.ProgramGameroomRepository 
2023-05-15 16:27:32.938 [main] WARN  [LocalVariableTableParameterNameDiscoverer:123] : Using deprecated '-debug' fallback for parameter name resolution. Compile the affected code with '-parameters' instead or avoid its introspection: com.garamgaebi.GaramgaebiServer.domain.ice_breaking.repository.GameRoomMemberRepository 
2023-05-15 16:27:33.011 [main] WARN  [LocalVariableTableParameterNameDiscoverer:123] : Using deprecated '-debug' fallback for parameter name resolution. Compile the affected code with '-parameters' instead or avoid its introspection: com.garamgaebi.GaramgaebiServer.domain.member.repository.MemberRepository 
2023-05-15 16:27:34.252 [main] WARN  [LocalVariableTableParameterNameDiscoverer:123] : Using deprecated '-debug' fallback for parameter name resolution. Compile the affected code with '-parameters' instead or avoid its introspection: com.garamgaebi.GaramgaebiServer.domain.apply.repository.ApplyRepository 
2023-05-15 16:27:34.451 [main] WARN  [LocalVariableTableParameterNameDiscoverer:123] : Using deprecated '-debug' fallback for parameter name resolution. Compile the affected code with '-parameters' instead or avoid its introspection: com.garamgaebi.GaramgaebiServer.domain.program.repository.ProgramRepository 
2023-05-15 16:27:35.423 [main] WARN  [LocalVariableTableParameterNameDiscoverer:123] : Using deprecated '-debug' fallback for parameter name resolution. Compile the affected code with '-parameters' instead or avoid its introspection: com.garamgaebi.GaramgaebiServer.domain.member.repository.MemberRolesRepository 
2023-05-15 16:27:35.516 [main] WARN  [LocalVariableTableParameterNameDiscoverer:123] : Using deprecated '-debug' fallback for parameter name resolution. Compile the affected code with '-parameters' instead or avoid its introspection: com.garamgaebi.GaramgaebiServer.domain.notification.repository.MemberNotificationRepository 
2023-05-15 16:27:35.545 [main] WARN  [LocalVariableTableParameterNameDiscoverer:123] : Using deprecated '-debug' fallback for parameter name resolution. Compile the affected code with '-parameters' instead or avoid its introspection: com.garamgaebi.GaramgaebiServer.domain.notification.repository.NotificationRepository 
2023-05-15 16:27:35.901 [main] WARN  [LocalVariableTableParameterNameDiscoverer:123] : Using deprecated '-debug' fallback for parameter name resolution. Compile the affected code with '-parameters' instead or avoid its introspection: com.garamgaebi.GaramgaebiServer.global.security.SecurityConfig 
2023-05-15 16:27:36.156 [main] WARN  [LocalVariableTableParameterNameDiscoverer:123] : Using deprecated '-debug' fallback for parameter name resolution. Compile the affected code with '-parameters' instead or avoid its introspection: com.garamgaebi.GaramgaebiServer.domain.ice_breaking.repository.GameRepository 
2023-05-15 16:27:36.629 [main] WARN  [JpaBaseConfiguration$JpaWebConfiguration:227] : spring.jpa.open-in-view is enabled by default. Therefore, database queries may be performed during view rendering. Explicitly configure spring.jpa.open-in-view to disable this warning 
2023-05-15 16:27:41.288 [main] WARN  [ThymeleafAutoConfiguration$DefaultTemplateResolverConfiguration:101] : Cannot find template location: classpath:/templates/ (please add some templates, check your Thymeleaf configuration, or set spring.thymeleaf.check-template-location=false) 
2023-05-15 16:27:43.510 [main] WARN  [SqlExceptionHelper:133] : SQL Error: 23502, SQLState: 23502 
2023-05-15 16:27:43.727 [SpringApplicationShutdownHook] WARN  [SqlExceptionHelper:133] : SQL Error: 90121, SQLState: 90121 
2023-05-15 16:27:43.729 [SpringApplicationShutdownHook] WARN  [SqlExceptionHelper:133] : SQL Error: 90121, SQLState: 90121 
2023-05-15 16:27:43.732 [SpringApplicationShutdownHook] WARN  [DisposableBeanAdapter:208] : Invocation of destroy method failed on bean with name 'entityManagerFactory': org.hibernate.exception.JDBCConnectionException: Unable to release JDBC Connection used for DDL execution 
2023-05-15 16:28:23.897 [main] WARN  [DuplicateJsonObjectContextCustomizerFactory$DuplicateJsonObjectContextCustomizer:78] : 

Found multiple occurrences of org.json.JSONObject on the class path:

	jar:file:/C:/Users/염석천/.gradle/caches/modules-2/files-2.1/org.json/json/20220924/5aa95e7688f76c664af205c5937620f02688dfbc/json-20220924.jar!/org/json/JSONObject.class
	jar:file:/C:/Users/염석천/.gradle/caches/modules-2/files-2.1/com.vaadin.external.google/android-json/0.0.20131108.vaadin1/fa26d351fe62a6a17f5cda1287c1c6110dec413f/android-json-0.0.20131108.vaadin1.jar!/org/json/JSONObject.class

You may wish to exclude one of them to ensure predictable runtime behavior
 
2023-05-15 16:28:29.769 [main] WARN  [deprecation:626] : HHH90000021: Encountered deprecated setting [javax.persistence.sharedCache.mode], use [jakarta.persistence.sharedCache.mode] instead 
2023-05-15 16:28:32.848 [main] WARN  [LocalVariableTableParameterNameDiscoverer:123] : Using deprecated '-debug' fallback for parameter name resolution. Compile the affected code with '-parameters' instead or avoid its introspection: com.garamgaebi.GaramgaebiServer.domain.ice_breaking.repository.ProgramGameroomRepository 
2023-05-15 16:28:33.407 [main] WARN  [LocalVariableTableParameterNameDiscoverer:123] : Using deprecated '-debug' fallback for parameter name resolution. Compile the affected code with '-parameters' instead or avoid its introspection: com.garamgaebi.GaramgaebiServer.domain.ice_breaking.repository.GameRoomMemberRepository 
2023-05-15 16:28:33.478 [main] WARN  [LocalVariableTableParameterNameDiscoverer:123] : Using deprecated '-debug' fallback for parameter name resolution. Compile the affected code with '-parameters' instead or avoid its introspection: com.garamgaebi.GaramgaebiServer.domain.member.repository.MemberRepository 
2023-05-15 16:28:34.538 [main] WARN  [LocalVariableTableParameterNameDiscoverer:123] : Using deprecated '-debug' fallback for parameter name resolution. Compile the affected code with '-parameters' instead or avoid its introspection: com.garamgaebi.GaramgaebiServer.domain.apply.repository.ApplyRepository 
2023-05-15 16:28:34.783 [main] WARN  [LocalVariableTableParameterNameDiscoverer:123] : Using deprecated '-debug' fallback for parameter name resolution. Compile the affected code with '-parameters' instead or avoid its introspection: com.garamgaebi.GaramgaebiServer.domain.program.repository.ProgramRepository 
2023-05-15 16:28:35.821 [main] WARN  [LocalVariableTableParameterNameDiscoverer:123] : Using deprecated '-debug' fallback for parameter name resolution. Compile the affected code with '-parameters' instead or avoid its introspection: com.garamgaebi.GaramgaebiServer.domain.member.repository.MemberRolesRepository 
2023-05-15 16:28:35.990 [main] WARN  [LocalVariableTableParameterNameDiscoverer:123] : Using deprecated '-debug' fallback for parameter name resolution. Compile the affected code with '-parameters' instead or avoid its introspection: com.garamgaebi.GaramgaebiServer.domain.notification.repository.MemberNotificationRepository 
2023-05-15 16:28:36.045 [main] WARN  [LocalVariableTableParameterNameDiscoverer:123] : Using deprecated '-debug' fallback for parameter name resolution. Compile the affected code with '-parameters' instead or avoid its introspection: com.garamgaebi.GaramgaebiServer.domain.notification.repository.NotificationRepository 
2023-05-15 16:28:36.485 [main] WARN  [LocalVariableTableParameterNameDiscoverer:123] : Using deprecated '-debug' fallback for parameter name resolution. Compile the affected code with '-parameters' instead or avoid its introspection: com.garamgaebi.GaramgaebiServer.global.security.SecurityConfig 
2023-05-15 16:28:36.815 [main] WARN  [LocalVariableTableParameterNameDiscoverer:123] : Using deprecated '-debug' fallback for parameter name resolution. Compile the affected code with '-parameters' instead or avoid its introspection: com.garamgaebi.GaramgaebiServer.domain.ice_breaking.repository.GameRepository 
2023-05-15 16:28:37.340 [main] WARN  [JpaBaseConfiguration$JpaWebConfiguration:227] : spring.jpa.open-in-view is enabled by default. Therefore, database queries may be performed during view rendering. Explicitly configure spring.jpa.open-in-view to disable this warning 
2023-05-15 16:28:41.988 [main] WARN  [ThymeleafAutoConfiguration$DefaultTemplateResolverConfiguration:101] : Cannot find template location: classpath:/templates/ (please add some templates, check your Thymeleaf configuration, or set spring.thymeleaf.check-template-location=false) 
2023-05-15 16:28:43.502 [SpringApplicationShutdownHook] WARN  [SqlExceptionHelper:133] : SQL Error: 90121, SQLState: 90121 
2023-05-15 16:28:43.505 [SpringApplicationShutdownHook] WARN  [SqlExceptionHelper:133] : SQL Error: 90121, SQLState: 90121 
2023-05-15 16:28:43.507 [SpringApplicationShutdownHook] WARN  [DisposableBeanAdapter:208] : Invocation of destroy method failed on bean with name 'entityManagerFactory': org.hibernate.exception.JDBCConnectionException: Unable to release JDBC Connection used for DDL execution 
2023-05-15 16:30:27.264 [main] WARN  [DuplicateJsonObjectContextCustomizerFactory$DuplicateJsonObjectContextCustomizer:78] : 

Found multiple occurrences of org.json.JSONObject on the class path:

	jar:file:/C:/Users/염석천/.gradle/caches/modules-2/files-2.1/org.json/json/20220924/5aa95e7688f76c664af205c5937620f02688dfbc/json-20220924.jar!/org/json/JSONObject.class
	jar:file:/C:/Users/염석천/.gradle/caches/modules-2/files-2.1/com.vaadin.external.google/android-json/0.0.20131108.vaadin1/fa26d351fe62a6a17f5cda1287c1c6110dec413f/android-json-0.0.20131108.vaadin1.jar!/org/json/JSONObject.class

You may wish to exclude one of them to ensure predictable runtime behavior
 
2023-05-15 16:30:33.548 [main] WARN  [deprecation:626] : HHH90000021: Encountered deprecated setting [javax.persistence.sharedCache.mode], use [jakarta.persistence.sharedCache.mode] instead 
2023-05-15 16:30:36.762 [main] WARN  [LocalVariableTableParameterNameDiscoverer:123] : Using deprecated '-debug' fallback for parameter name resolution. Compile the affected code with '-parameters' instead or avoid its introspection: com.garamgaebi.GaramgaebiServer.domain.ice_breaking.repository.ProgramGameroomRepository 
2023-05-15 16:30:37.303 [main] WARN  [LocalVariableTableParameterNameDiscoverer:123] : Using deprecated '-debug' fallback for parameter name resolution. Compile the affected code with '-parameters' instead or avoid its introspection: com.garamgaebi.GaramgaebiServer.domain.ice_breaking.repository.GameRoomMemberRepository 
2023-05-15 16:30:37.370 [main] WARN  [LocalVariableTableParameterNameDiscoverer:123] : Using deprecated '-debug' fallback for parameter name resolution. Compile the affected code with '-parameters' instead or avoid its introspection: com.garamgaebi.GaramgaebiServer.domain.member.repository.MemberRepository 
2023-05-15 16:30:38.634 [main] WARN  [LocalVariableTableParameterNameDiscoverer:123] : Using deprecated '-debug' fallback for parameter name resolution. Compile the affected code with '-parameters' instead or avoid its introspection: com.garamgaebi.GaramgaebiServer.domain.apply.repository.ApplyRepository 
2023-05-15 16:30:38.884 [main] WARN  [LocalVariableTableParameterNameDiscoverer:123] : Using deprecated '-debug' fallback for parameter name resolution. Compile the affected code with '-parameters' instead or avoid its introspection: com.garamgaebi.GaramgaebiServer.domain.program.repository.ProgramRepository 
2023-05-15 16:30:40.132 [main] WARN  [LocalVariableTableParameterNameDiscoverer:123] : Using deprecated '-debug' fallback for parameter name resolution. Compile the affected code with '-parameters' instead or avoid its introspection: com.garamgaebi.GaramgaebiServer.domain.member.repository.MemberRolesRepository 
2023-05-15 16:30:40.326 [main] WARN  [LocalVariableTableParameterNameDiscoverer:123] : Using deprecated '-debug' fallback for parameter name resolution. Compile the affected code with '-parameters' instead or avoid its introspection: com.garamgaebi.GaramgaebiServer.domain.notification.repository.MemberNotificationRepository 
2023-05-15 16:30:40.386 [main] WARN  [LocalVariableTableParameterNameDiscoverer:123] : Using deprecated '-debug' fallback for parameter name resolution. Compile the affected code with '-parameters' instead or avoid its introspection: com.garamgaebi.GaramgaebiServer.domain.notification.repository.NotificationRepository 
2023-05-15 16:30:40.939 [main] WARN  [LocalVariableTableParameterNameDiscoverer:123] : Using deprecated '-debug' fallback for parameter name resolution. Compile the affected code with '-parameters' instead or avoid its introspection: com.garamgaebi.GaramgaebiServer.global.security.SecurityConfig 
2023-05-15 16:30:41.331 [main] WARN  [LocalVariableTableParameterNameDiscoverer:123] : Using deprecated '-debug' fallback for parameter name resolution. Compile the affected code with '-parameters' instead or avoid its introspection: com.garamgaebi.GaramgaebiServer.domain.ice_breaking.repository.GameRepository 
2023-05-15 16:30:41.836 [main] WARN  [JpaBaseConfiguration$JpaWebConfiguration:227] : spring.jpa.open-in-view is enabled by default. Therefore, database queries may be performed during view rendering. Explicitly configure spring.jpa.open-in-view to disable this warning 
2023-05-15 16:30:46.433 [main] WARN  [ThymeleafAutoConfiguration$DefaultTemplateResolverConfiguration:101] : Cannot find template location: classpath:/templates/ (please add some templates, check your Thymeleaf configuration, or set spring.thymeleaf.check-template-location=false) 
2023-05-15 16:30:48.021 [SpringApplicationShutdownHook] WARN  [SqlExceptionHelper:133] : SQL Error: 90121, SQLState: 90121 
2023-05-15 16:30:48.024 [SpringApplicationShutdownHook] WARN  [SqlExceptionHelper:133] : SQL Error: 90121, SQLState: 90121 
2023-05-15 16:30:48.026 [SpringApplicationShutdownHook] WARN  [DisposableBeanAdapter:208] : Invocation of destroy method failed on bean with name 'entityManagerFactory': org.hibernate.exception.JDBCConnectionException: Unable to release JDBC Connection used for DDL execution 
2023-05-15 16:32:43.114 [main] WARN  [DuplicateJsonObjectContextCustomizerFactory$DuplicateJsonObjectContextCustomizer:78] : 

Found multiple occurrences of org.json.JSONObject on the class path:

	jar:file:/C:/Users/염석천/.gradle/caches/modules-2/files-2.1/org.json/json/20220924/5aa95e7688f76c664af205c5937620f02688dfbc/json-20220924.jar!/org/json/JSONObject.class
	jar:file:/C:/Users/염석천/.gradle/caches/modules-2/files-2.1/com.vaadin.external.google/android-json/0.0.20131108.vaadin1/fa26d351fe62a6a17f5cda1287c1c6110dec413f/android-json-0.0.20131108.vaadin1.jar!/org/json/JSONObject.class

You may wish to exclude one of them to ensure predictable runtime behavior
 
2023-05-15 16:32:49.860 [main] WARN  [deprecation:626] : HHH90000021: Encountered deprecated setting [javax.persistence.sharedCache.mode], use [jakarta.persistence.sharedCache.mode] instead 
2023-05-15 16:32:53.628 [main] WARN  [LocalVariableTableParameterNameDiscoverer:123] : Using deprecated '-debug' fallback for parameter name resolution. Compile the affected code with '-parameters' instead or avoid its introspection: com.garamgaebi.GaramgaebiServer.domain.ice_breaking.repository.ProgramGameroomRepository 
2023-05-15 16:32:54.197 [main] WARN  [LocalVariableTableParameterNameDiscoverer:123] : Using deprecated '-debug' fallback for parameter name resolution. Compile the affected code with '-parameters' instead or avoid its introspection: com.garamgaebi.GaramgaebiServer.domain.ice_breaking.repository.GameRoomMemberRepository 
2023-05-15 16:32:54.304 [main] WARN  [LocalVariableTableParameterNameDiscoverer:123] : Using deprecated '-debug' fallback for parameter name resolution. Compile the affected code with '-parameters' instead or avoid its introspection: com.garamgaebi.GaramgaebiServer.domain.member.repository.MemberRepository 
2023-05-15 16:32:56.052 [main] WARN  [LocalVariableTableParameterNameDiscoverer:123] : Using deprecated '-debug' fallback for parameter name resolution. Compile the affected code with '-parameters' instead or avoid its introspection: com.garamgaebi.GaramgaebiServer.domain.apply.repository.ApplyRepository 
2023-05-15 16:32:56.344 [main] WARN  [LocalVariableTableParameterNameDiscoverer:123] : Using deprecated '-debug' fallback for parameter name resolution. Compile the affected code with '-parameters' instead or avoid its introspection: com.garamgaebi.GaramgaebiServer.domain.program.repository.ProgramRepository 
2023-05-15 16:32:57.528 [main] WARN  [LocalVariableTableParameterNameDiscoverer:123] : Using deprecated '-debug' fallback for parameter name resolution. Compile the affected code with '-parameters' instead or avoid its introspection: com.garamgaebi.GaramgaebiServer.domain.member.repository.MemberRolesRepository 
2023-05-15 16:32:57.656 [main] WARN  [LocalVariableTableParameterNameDiscoverer:123] : Using deprecated '-debug' fallback for parameter name resolution. Compile the affected code with '-parameters' instead or avoid its introspection: com.garamgaebi.GaramgaebiServer.domain.notification.repository.MemberNotificationRepository 
2023-05-15 16:32:57.700 [main] WARN  [LocalVariableTableParameterNameDiscoverer:123] : Using deprecated '-debug' fallback for parameter name resolution. Compile the affected code with '-parameters' instead or avoid its introspection: com.garamgaebi.GaramgaebiServer.domain.notification.repository.NotificationRepository 
2023-05-15 16:32:58.149 [main] WARN  [LocalVariableTableParameterNameDiscoverer:123] : Using deprecated '-debug' fallback for parameter name resolution. Compile the affected code with '-parameters' instead or avoid its introspection: com.garamgaebi.GaramgaebiServer.global.security.SecurityConfig 
2023-05-15 16:32:58.451 [main] WARN  [LocalVariableTableParameterNameDiscoverer:123] : Using deprecated '-debug' fallback for parameter name resolution. Compile the affected code with '-parameters' instead or avoid its introspection: com.garamgaebi.GaramgaebiServer.domain.ice_breaking.repository.GameRepository 
2023-05-15 16:32:59.054 [main] WARN  [JpaBaseConfiguration$JpaWebConfiguration:227] : spring.jpa.open-in-view is enabled by default. Therefore, database queries may be performed during view rendering. Explicitly configure spring.jpa.open-in-view to disable this warning 
2023-05-15 16:33:05.720 [main] WARN  [ThymeleafAutoConfiguration$DefaultTemplateResolverConfiguration:101] : Cannot find template location: classpath:/templates/ (please add some templates, check your Thymeleaf configuration, or set spring.thymeleaf.check-template-location=false) 
2023-05-15 16:33:07.452 [SpringApplicationShutdownHook] WARN  [SqlExceptionHelper:133] : SQL Error: 90121, SQLState: 90121 
2023-05-15 16:33:07.456 [SpringApplicationShutdownHook] WARN  [SqlExceptionHelper:133] : SQL Error: 90121, SQLState: 90121 
2023-05-15 16:33:07.458 [SpringApplicationShutdownHook] WARN  [DisposableBeanAdapter:208] : Invocation of destroy method failed on bean with name 'entityManagerFactory': org.hibernate.exception.JDBCConnectionException: Unable to release JDBC Connection used for DDL execution 
2023-05-15 16:35:24.711 [main] WARN  [DuplicateJsonObjectContextCustomizerFactory$DuplicateJsonObjectContextCustomizer:78] : 

Found multiple occurrences of org.json.JSONObject on the class path:

	jar:file:/C:/Users/염석천/.gradle/caches/modules-2/files-2.1/org.json/json/20220924/5aa95e7688f76c664af205c5937620f02688dfbc/json-20220924.jar!/org/json/JSONObject.class
	jar:file:/C:/Users/염석천/.gradle/caches/modules-2/files-2.1/com.vaadin.external.google/android-json/0.0.20131108.vaadin1/fa26d351fe62a6a17f5cda1287c1c6110dec413f/android-json-0.0.20131108.vaadin1.jar!/org/json/JSONObject.class

You may wish to exclude one of them to ensure predictable runtime behavior
 
2023-05-15 16:35:33.274 [main] WARN  [deprecation:626] : HHH90000021: Encountered deprecated setting [javax.persistence.sharedCache.mode], use [jakarta.persistence.sharedCache.mode] instead 
2023-05-15 16:35:36.866 [main] WARN  [LocalVariableTableParameterNameDiscoverer:123] : Using deprecated '-debug' fallback for parameter name resolution. Compile the affected code with '-parameters' instead or avoid its introspection: com.garamgaebi.GaramgaebiServer.domain.ice_breaking.repository.ProgramGameroomRepository 
2023-05-15 16:35:37.476 [main] WARN  [LocalVariableTableParameterNameDiscoverer:123] : Using deprecated '-debug' fallback for parameter name resolution. Compile the affected code with '-parameters' instead or avoid its introspection: com.garamgaebi.GaramgaebiServer.domain.ice_breaking.repository.GameRoomMemberRepository 
2023-05-15 16:35:37.527 [main] WARN  [LocalVariableTableParameterNameDiscoverer:123] : Using deprecated '-debug' fallback for parameter name resolution. Compile the affected code with '-parameters' instead or avoid its introspection: com.garamgaebi.GaramgaebiServer.domain.member.repository.MemberRepository 
2023-05-15 16:35:38.971 [main] WARN  [LocalVariableTableParameterNameDiscoverer:123] : Using deprecated '-debug' fallback for parameter name resolution. Compile the affected code with '-parameters' instead or avoid its introspection: com.garamgaebi.GaramgaebiServer.domain.apply.repository.ApplyRepository 
2023-05-15 16:35:39.196 [main] WARN  [LocalVariableTableParameterNameDiscoverer:123] : Using deprecated '-debug' fallback for parameter name resolution. Compile the affected code with '-parameters' instead or avoid its introspection: com.garamgaebi.GaramgaebiServer.domain.program.repository.ProgramRepository 
2023-05-15 16:35:40.372 [main] WARN  [LocalVariableTableParameterNameDiscoverer:123] : Using deprecated '-debug' fallback for parameter name resolution. Compile the affected code with '-parameters' instead or avoid its introspection: com.garamgaebi.GaramgaebiServer.domain.member.repository.MemberRolesRepository 
2023-05-15 16:35:40.505 [main] WARN  [LocalVariableTableParameterNameDiscoverer:123] : Using deprecated '-debug' fallback for parameter name resolution. Compile the affected code with '-parameters' instead or avoid its introspection: com.garamgaebi.GaramgaebiServer.domain.notification.repository.MemberNotificationRepository 
2023-05-15 16:35:40.542 [main] WARN  [LocalVariableTableParameterNameDiscoverer:123] : Using deprecated '-debug' fallback for parameter name resolution. Compile the affected code with '-parameters' instead or avoid its introspection: com.garamgaebi.GaramgaebiServer.domain.notification.repository.NotificationRepository 
2023-05-15 16:35:40.946 [main] WARN  [LocalVariableTableParameterNameDiscoverer:123] : Using deprecated '-debug' fallback for parameter name resolution. Compile the affected code with '-parameters' instead or avoid its introspection: com.garamgaebi.GaramgaebiServer.global.security.SecurityConfig 
2023-05-15 16:35:41.255 [main] WARN  [LocalVariableTableParameterNameDiscoverer:123] : Using deprecated '-debug' fallback for parameter name resolution. Compile the affected code with '-parameters' instead or avoid its introspection: com.garamgaebi.GaramgaebiServer.domain.ice_breaking.repository.GameRepository 
2023-05-15 16:35:41.772 [main] WARN  [JpaBaseConfiguration$JpaWebConfiguration:227] : spring.jpa.open-in-view is enabled by default. Therefore, database queries may be performed during view rendering. Explicitly configure spring.jpa.open-in-view to disable this warning 
2023-05-15 16:35:49.307 [main] WARN  [ThymeleafAutoConfiguration$DefaultTemplateResolverConfiguration:101] : Cannot find template location: classpath:/templates/ (please add some templates, check your Thymeleaf configuration, or set spring.thymeleaf.check-template-location=false) 
2023-05-15 16:35:51.424 [SpringApplicationShutdownHook] WARN  [SqlExceptionHelper:133] : SQL Error: 90121, SQLState: 90121 
2023-05-15 16:35:51.427 [SpringApplicationShutdownHook] WARN  [SqlExceptionHelper:133] : SQL Error: 90121, SQLState: 90121 
2023-05-15 16:35:51.429 [SpringApplicationShutdownHook] WARN  [DisposableBeanAdapter:208] : Invocation of destroy method failed on bean with name 'entityManagerFactory': org.hibernate.exception.JDBCConnectionException: Unable to release JDBC Connection used for DDL execution 
2023-05-15 16:43:47.574 [main] WARN  [DuplicateJsonObjectContextCustomizerFactory$DuplicateJsonObjectContextCustomizer:78] : 

Found multiple occurrences of org.json.JSONObject on the class path:

	jar:file:/C:/Users/염석천/.gradle/caches/modules-2/files-2.1/org.json/json/20220924/5aa95e7688f76c664af205c5937620f02688dfbc/json-20220924.jar!/org/json/JSONObject.class
	jar:file:/C:/Users/염석천/.gradle/caches/modules-2/files-2.1/com.vaadin.external.google/android-json/0.0.20131108.vaadin1/fa26d351fe62a6a17f5cda1287c1c6110dec413f/android-json-0.0.20131108.vaadin1.jar!/org/json/JSONObject.class

You may wish to exclude one of them to ensure predictable runtime behavior
 
2023-05-15 16:43:53.511 [main] WARN  [deprecation:626] : HHH90000021: Encountered deprecated setting [javax.persistence.sharedCache.mode], use [jakarta.persistence.sharedCache.mode] instead 
2023-05-15 16:43:56.472 [main] WARN  [LocalVariableTableParameterNameDiscoverer:123] : Using deprecated '-debug' fallback for parameter name resolution. Compile the affected code with '-parameters' instead or avoid its introspection: com.garamgaebi.GaramgaebiServer.domain.ice_breaking.repository.ProgramGameroomRepository 
2023-05-15 16:43:56.991 [main] WARN  [LocalVariableTableParameterNameDiscoverer:123] : Using deprecated '-debug' fallback for parameter name resolution. Compile the affected code with '-parameters' instead or avoid its introspection: com.garamgaebi.GaramgaebiServer.domain.ice_breaking.repository.GameRoomMemberRepository 
2023-05-15 16:43:57.042 [main] WARN  [LocalVariableTableParameterNameDiscoverer:123] : Using deprecated '-debug' fallback for parameter name resolution. Compile the affected code with '-parameters' instead or avoid its introspection: com.garamgaebi.GaramgaebiServer.domain.member.repository.MemberRepository 
2023-05-15 16:43:58.182 [main] WARN  [LocalVariableTableParameterNameDiscoverer:123] : Using deprecated '-debug' fallback for parameter name resolution. Compile the affected code with '-parameters' instead or avoid its introspection: com.garamgaebi.GaramgaebiServer.domain.apply.repository.ApplyRepository 
2023-05-15 16:43:58.405 [main] WARN  [LocalVariableTableParameterNameDiscoverer:123] : Using deprecated '-debug' fallback for parameter name resolution. Compile the affected code with '-parameters' instead or avoid its introspection: com.garamgaebi.GaramgaebiServer.domain.program.repository.ProgramRepository 
2023-05-15 16:43:59.368 [main] WARN  [LocalVariableTableParameterNameDiscoverer:123] : Using deprecated '-debug' fallback for parameter name resolution. Compile the affected code with '-parameters' instead or avoid its introspection: com.garamgaebi.GaramgaebiServer.domain.member.repository.MemberRolesRepository 
2023-05-15 16:43:59.473 [main] WARN  [LocalVariableTableParameterNameDiscoverer:123] : Using deprecated '-debug' fallback for parameter name resolution. Compile the affected code with '-parameters' instead or avoid its introspection: com.garamgaebi.GaramgaebiServer.domain.notification.repository.MemberNotificationRepository 
2023-05-15 16:43:59.503 [main] WARN  [LocalVariableTableParameterNameDiscoverer:123] : Using deprecated '-debug' fallback for parameter name resolution. Compile the affected code with '-parameters' instead or avoid its introspection: com.garamgaebi.GaramgaebiServer.domain.notification.repository.NotificationRepository 
2023-05-15 16:43:59.846 [main] WARN  [LocalVariableTableParameterNameDiscoverer:123] : Using deprecated '-debug' fallback for parameter name resolution. Compile the affected code with '-parameters' instead or avoid its introspection: com.garamgaebi.GaramgaebiServer.global.security.SecurityConfig 
2023-05-15 16:44:00.126 [main] WARN  [LocalVariableTableParameterNameDiscoverer:123] : Using deprecated '-debug' fallback for parameter name resolution. Compile the affected code with '-parameters' instead or avoid its introspection: com.garamgaebi.GaramgaebiServer.domain.ice_breaking.repository.GameRepository 
2023-05-15 16:44:00.549 [main] WARN  [JpaBaseConfiguration$JpaWebConfiguration:227] : spring.jpa.open-in-view is enabled by default. Therefore, database queries may be performed during view rendering. Explicitly configure spring.jpa.open-in-view to disable this warning 
2023-05-15 16:44:06.609 [main] WARN  [ThymeleafAutoConfiguration$DefaultTemplateResolverConfiguration:101] : Cannot find template location: classpath:/templates/ (please add some templates, check your Thymeleaf configuration, or set spring.thymeleaf.check-template-location=false) 
2023-05-15 16:44:08.460 [SpringApplicationShutdownHook] WARN  [SqlExceptionHelper:133] : SQL Error: 90121, SQLState: 90121 
2023-05-15 16:44:08.463 [SpringApplicationShutdownHook] WARN  [SqlExceptionHelper:133] : SQL Error: 90121, SQLState: 90121 
2023-05-15 16:44:08.466 [SpringApplicationShutdownHook] WARN  [DisposableBeanAdapter:208] : Invocation of destroy method failed on bean with name 'entityManagerFactory': org.hibernate.exception.JDBCConnectionException: Unable to release JDBC Connection used for DDL execution 
2023-05-15 16:47:39.987 [main] WARN  [DuplicateJsonObjectContextCustomizerFactory$DuplicateJsonObjectContextCustomizer:78] : 

Found multiple occurrences of org.json.JSONObject on the class path:

	jar:file:/C:/Users/염석천/.gradle/caches/modules-2/files-2.1/org.json/json/20220924/5aa95e7688f76c664af205c5937620f02688dfbc/json-20220924.jar!/org/json/JSONObject.class
	jar:file:/C:/Users/염석천/.gradle/caches/modules-2/files-2.1/com.vaadin.external.google/android-json/0.0.20131108.vaadin1/fa26d351fe62a6a17f5cda1287c1c6110dec413f/android-json-0.0.20131108.vaadin1.jar!/org/json/JSONObject.class

You may wish to exclude one of them to ensure predictable runtime behavior
 
2023-05-15 16:47:47.356 [main] WARN  [deprecation:626] : HHH90000021: Encountered deprecated setting [javax.persistence.sharedCache.mode], use [jakarta.persistence.sharedCache.mode] instead 
2023-05-15 16:47:50.597 [main] WARN  [LocalVariableTableParameterNameDiscoverer:123] : Using deprecated '-debug' fallback for parameter name resolution. Compile the affected code with '-parameters' instead or avoid its introspection: com.garamgaebi.GaramgaebiServer.domain.ice_breaking.repository.ProgramGameroomRepository 
2023-05-15 16:47:51.110 [main] WARN  [LocalVariableTableParameterNameDiscoverer:123] : Using deprecated '-debug' fallback for parameter name resolution. Compile the affected code with '-parameters' instead or avoid its introspection: com.garamgaebi.GaramgaebiServer.domain.ice_breaking.repository.GameRoomMemberRepository 
2023-05-15 16:47:51.158 [main] WARN  [LocalVariableTableParameterNameDiscoverer:123] : Using deprecated '-debug' fallback for parameter name resolution. Compile the affected code with '-parameters' instead or avoid its introspection: com.garamgaebi.GaramgaebiServer.domain.member.repository.MemberRepository 
2023-05-15 16:47:52.431 [main] WARN  [LocalVariableTableParameterNameDiscoverer:123] : Using deprecated '-debug' fallback for parameter name resolution. Compile the affected code with '-parameters' instead or avoid its introspection: com.garamgaebi.GaramgaebiServer.domain.apply.repository.ApplyRepository 
2023-05-15 16:47:52.645 [main] WARN  [LocalVariableTableParameterNameDiscoverer:123] : Using deprecated '-debug' fallback for parameter name resolution. Compile the affected code with '-parameters' instead or avoid its introspection: com.garamgaebi.GaramgaebiServer.domain.program.repository.ProgramRepository 
2023-05-15 16:47:53.636 [main] WARN  [LocalVariableTableParameterNameDiscoverer:123] : Using deprecated '-debug' fallback for parameter name resolution. Compile the affected code with '-parameters' instead or avoid its introspection: com.garamgaebi.GaramgaebiServer.domain.member.repository.MemberRolesRepository 
2023-05-15 16:47:53.732 [main] WARN  [LocalVariableTableParameterNameDiscoverer:123] : Using deprecated '-debug' fallback for parameter name resolution. Compile the affected code with '-parameters' instead or avoid its introspection: com.garamgaebi.GaramgaebiServer.domain.notification.repository.MemberNotificationRepository 
2023-05-15 16:47:53.763 [main] WARN  [LocalVariableTableParameterNameDiscoverer:123] : Using deprecated '-debug' fallback for parameter name resolution. Compile the affected code with '-parameters' instead or avoid its introspection: com.garamgaebi.GaramgaebiServer.domain.notification.repository.NotificationRepository 
2023-05-15 16:47:54.130 [main] WARN  [LocalVariableTableParameterNameDiscoverer:123] : Using deprecated '-debug' fallback for parameter name resolution. Compile the affected code with '-parameters' instead or avoid its introspection: com.garamgaebi.GaramgaebiServer.global.security.SecurityConfig 
2023-05-15 16:47:54.405 [main] WARN  [LocalVariableTableParameterNameDiscoverer:123] : Using deprecated '-debug' fallback for parameter name resolution. Compile the affected code with '-parameters' instead or avoid its introspection: com.garamgaebi.GaramgaebiServer.domain.ice_breaking.repository.GameRepository 
2023-05-15 16:47:54.851 [main] WARN  [JpaBaseConfiguration$JpaWebConfiguration:227] : spring.jpa.open-in-view is enabled by default. Therefore, database queries may be performed during view rendering. Explicitly configure spring.jpa.open-in-view to disable this warning 
2023-05-15 16:48:00.129 [main] WARN  [ThymeleafAutoConfiguration$DefaultTemplateResolverConfiguration:101] : Cannot find template location: classpath:/templates/ (please add some templates, check your Thymeleaf configuration, or set spring.thymeleaf.check-template-location=false) 
2023-05-15 16:48:01.949 [SpringApplicationShutdownHook] WARN  [SqlExceptionHelper:133] : SQL Error: 90121, SQLState: 90121 
2023-05-15 16:48:01.954 [SpringApplicationShutdownHook] WARN  [SqlExceptionHelper:133] : SQL Error: 90121, SQLState: 90121 
2023-05-15 16:48:01.957 [SpringApplicationShutdownHook] WARN  [DisposableBeanAdapter:208] : Invocation of destroy method failed on bean with name 'entityManagerFactory': org.hibernate.exception.JDBCConnectionException: Unable to release JDBC Connection used for DDL execution 
2023-05-15 16:51:44.712 [main] WARN  [DuplicateJsonObjectContextCustomizerFactory$DuplicateJsonObjectContextCustomizer:78] : 

Found multiple occurrences of org.json.JSONObject on the class path:

	jar:file:/C:/Users/염석천/.gradle/caches/modules-2/files-2.1/org.json/json/20220924/5aa95e7688f76c664af205c5937620f02688dfbc/json-20220924.jar!/org/json/JSONObject.class
	jar:file:/C:/Users/염석천/.gradle/caches/modules-2/files-2.1/com.vaadin.external.google/android-json/0.0.20131108.vaadin1/fa26d351fe62a6a17f5cda1287c1c6110dec413f/android-json-0.0.20131108.vaadin1.jar!/org/json/JSONObject.class

You may wish to exclude one of them to ensure predictable runtime behavior
 
2023-05-15 16:51:51.610 [main] WARN  [deprecation:626] : HHH90000021: Encountered deprecated setting [javax.persistence.sharedCache.mode], use [jakarta.persistence.sharedCache.mode] instead 
2023-05-15 16:51:55.299 [main] WARN  [LocalVariableTableParameterNameDiscoverer:123] : Using deprecated '-debug' fallback for parameter name resolution. Compile the affected code with '-parameters' instead or avoid its introspection: com.garamgaebi.GaramgaebiServer.domain.ice_breaking.repository.ProgramGameroomRepository 
2023-05-15 16:51:56.045 [main] WARN  [LocalVariableTableParameterNameDiscoverer:123] : Using deprecated '-debug' fallback for parameter name resolution. Compile the affected code with '-parameters' instead or avoid its introspection: com.garamgaebi.GaramgaebiServer.domain.ice_breaking.repository.GameRoomMemberRepository 
2023-05-15 16:51:56.129 [main] WARN  [LocalVariableTableParameterNameDiscoverer:123] : Using deprecated '-debug' fallback for parameter name resolution. Compile the affected code with '-parameters' instead or avoid its introspection: com.garamgaebi.GaramgaebiServer.domain.member.repository.MemberRepository 
2023-05-15 16:51:57.799 [main] WARN  [LocalVariableTableParameterNameDiscoverer:123] : Using deprecated '-debug' fallback for parameter name resolution. Compile the affected code with '-parameters' instead or avoid its introspection: com.garamgaebi.GaramgaebiServer.domain.apply.repository.ApplyRepository 
2023-05-15 16:51:58.071 [main] WARN  [LocalVariableTableParameterNameDiscoverer:123] : Using deprecated '-debug' fallback for parameter name resolution. Compile the affected code with '-parameters' instead or avoid its introspection: com.garamgaebi.GaramgaebiServer.domain.program.repository.ProgramRepository 
2023-05-15 16:51:59.322 [main] WARN  [LocalVariableTableParameterNameDiscoverer:123] : Using deprecated '-debug' fallback for parameter name resolution. Compile the affected code with '-parameters' instead or avoid its introspection: com.garamgaebi.GaramgaebiServer.domain.member.repository.MemberRolesRepository 
2023-05-15 16:51:59.463 [main] WARN  [LocalVariableTableParameterNameDiscoverer:123] : Using deprecated '-debug' fallback for parameter name resolution. Compile the affected code with '-parameters' instead or avoid its introspection: com.garamgaebi.GaramgaebiServer.domain.notification.repository.MemberNotificationRepository 
2023-05-15 16:51:59.503 [main] WARN  [LocalVariableTableParameterNameDiscoverer:123] : Using deprecated '-debug' fallback for parameter name resolution. Compile the affected code with '-parameters' instead or avoid its introspection: com.garamgaebi.GaramgaebiServer.domain.notification.repository.NotificationRepository 
2023-05-15 16:51:59.903 [main] WARN  [LocalVariableTableParameterNameDiscoverer:123] : Using deprecated '-debug' fallback for parameter name resolution. Compile the affected code with '-parameters' instead or avoid its introspection: com.garamgaebi.GaramgaebiServer.global.security.SecurityConfig 
2023-05-15 16:52:00.208 [main] WARN  [LocalVariableTableParameterNameDiscoverer:123] : Using deprecated '-debug' fallback for parameter name resolution. Compile the affected code with '-parameters' instead or avoid its introspection: com.garamgaebi.GaramgaebiServer.domain.ice_breaking.repository.GameRepository 
2023-05-15 16:52:00.667 [main] WARN  [JpaBaseConfiguration$JpaWebConfiguration:227] : spring.jpa.open-in-view is enabled by default. Therefore, database queries may be performed during view rendering. Explicitly configure spring.jpa.open-in-view to disable this warning 
2023-05-15 16:52:06.246 [main] WARN  [ThymeleafAutoConfiguration$DefaultTemplateResolverConfiguration:101] : Cannot find template location: classpath:/templates/ (please add some templates, check your Thymeleaf configuration, or set spring.thymeleaf.check-template-location=false) 
2023-05-15 16:52:08.080 [SpringApplicationShutdownHook] WARN  [SqlExceptionHelper:133] : SQL Error: 90121, SQLState: 90121 
2023-05-15 16:52:08.085 [SpringApplicationShutdownHook] WARN  [SqlExceptionHelper:133] : SQL Error: 90121, SQLState: 90121 
2023-05-15 16:52:08.087 [SpringApplicationShutdownHook] WARN  [DisposableBeanAdapter:208] : Invocation of destroy method failed on bean with name 'entityManagerFactory': org.hibernate.exception.JDBCConnectionException: Unable to release JDBC Connection used for DDL execution 
