2023-05-16 13:19:42.536 [main] WARN  [DuplicateJsonObjectContextCustomizerFactory$DuplicateJsonObjectContextCustomizer:78] : 

Found multiple occurrences of org.json.JSONObject on the class path:

	jar:file:/C:/Users/염석천/.gradle/caches/modules-2/files-2.1/org.json/json/20220924/5aa95e7688f76c664af205c5937620f02688dfbc/json-20220924.jar!/org/json/JSONObject.class
	jar:file:/C:/Users/염석천/.gradle/caches/modules-2/files-2.1/com.vaadin.external.google/android-json/0.0.20131108.vaadin1/fa26d351fe62a6a17f5cda1287c1c6110dec413f/android-json-0.0.20131108.vaadin1.jar!/org/json/JSONObject.class

You may wish to exclude one of them to ensure predictable runtime behavior
 
2023-05-16 13:19:48.642 [main] WARN  [deprecation:626] : HHH90000021: Encountered deprecated setting [javax.persistence.sharedCache.mode], use [jakarta.persistence.sharedCache.mode] instead 
2023-05-16 13:19:51.839 [main] WARN  [LocalVariableTableParameterNameDiscoverer:123] : Using deprecated '-debug' fallback for parameter name resolution. Compile the affected code with '-parameters' instead or avoid its introspection: com.garamgaebi.GaramgaebiServer.domain.ice_breaking.repository.ProgramGameroomRepository 
2023-05-16 13:19:52.316 [main] WARN  [LocalVariableTableParameterNameDiscoverer:123] : Using deprecated '-debug' fallback for parameter name resolution. Compile the affected code with '-parameters' instead or avoid its introspection: com.garamgaebi.GaramgaebiServer.domain.ice_breaking.repository.GameRoomMemberRepository 
2023-05-16 13:19:52.355 [main] WARN  [LocalVariableTableParameterNameDiscoverer:123] : Using deprecated '-debug' fallback for parameter name resolution. Compile the affected code with '-parameters' instead or avoid its introspection: com.garamgaebi.GaramgaebiServer.domain.member.repository.MemberRepository 
2023-05-16 13:19:53.353 [main] WARN  [LocalVariableTableParameterNameDiscoverer:123] : Using deprecated '-debug' fallback for parameter name resolution. Compile the affected code with '-parameters' instead or avoid its introspection: com.garamgaebi.GaramgaebiServer.domain.apply.repository.ApplyRepository 
2023-05-16 13:19:53.521 [main] WARN  [LocalVariableTableParameterNameDiscoverer:123] : Using deprecated '-debug' fallback for parameter name resolution. Compile the affected code with '-parameters' instead or avoid its introspection: com.garamgaebi.GaramgaebiServer.domain.program.repository.ProgramRepository 
2023-05-16 13:19:54.378 [main] WARN  [LocalVariableTableParameterNameDiscoverer:123] : Using deprecated '-debug' fallback for parameter name resolution. Compile the affected code with '-parameters' instead or avoid its introspection: com.garamgaebi.GaramgaebiServer.domain.member.repository.MemberRolesRepository 
2023-05-16 13:19:54.464 [main] WARN  [LocalVariableTableParameterNameDiscoverer:123] : Using deprecated '-debug' fallback for parameter name resolution. Compile the affected code with '-parameters' instead or avoid its introspection: com.garamgaebi.GaramgaebiServer.domain.notification.repository.MemberNotificationRepository 
2023-05-16 13:19:54.490 [main] WARN  [LocalVariableTableParameterNameDiscoverer:123] : Using deprecated '-debug' fallback for parameter name resolution. Compile the affected code with '-parameters' instead or avoid its introspection: com.garamgaebi.GaramgaebiServer.domain.notification.repository.NotificationRepository 
2023-05-16 13:19:54.855 [main] WARN  [LocalVariableTableParameterNameDiscoverer:123] : Using deprecated '-debug' fallback for parameter name resolution. Compile the affected code with '-parameters' instead or avoid its introspection: com.garamgaebi.GaramgaebiServer.global.security.SecurityConfig 
2023-05-16 13:19:55.189 [main] WARN  [LocalVariableTableParameterNameDiscoverer:123] : Using deprecated '-debug' fallback for parameter name resolution. Compile the affected code with '-parameters' instead or avoid its introspection: com.garamgaebi.GaramgaebiServer.domain.ice_breaking.repository.GameRepository 
2023-05-16 13:19:55.661 [main] WARN  [JpaBaseConfiguration$JpaWebConfiguration:227] : spring.jpa.open-in-view is enabled by default. Therefore, database queries may be performed during view rendering. Explicitly configure spring.jpa.open-in-view to disable this warning 
2023-05-16 13:20:01.490 [main] WARN  [ThymeleafAutoConfiguration$DefaultTemplateResolverConfiguration:101] : Cannot find template location: classpath:/templates/ (please add some templates, check your Thymeleaf configuration, or set spring.thymeleaf.check-template-location=false) 
2023-05-16 13:20:04.205 [SpringApplicationShutdownHook] WARN  [SqlExceptionHelper:133] : SQL Error: 90121, SQLState: 90121 
2023-05-16 13:20:04.303 [SpringApplicationShutdownHook] WARN  [SqlExceptionHelper:133] : SQL Error: 90121, SQLState: 90121 
2023-05-16 13:20:04.306 [SpringApplicationShutdownHook] WARN  [DisposableBeanAdapter:208] : Invocation of destroy method failed on bean with name 'entityManagerFactory': org.hibernate.exception.JDBCConnectionException: Unable to release JDBC Connection used for DDL execution 
2023-05-16 13:20:51.829 [main] WARN  [DuplicateJsonObjectContextCustomizerFactory$DuplicateJsonObjectContextCustomizer:78] : 

Found multiple occurrences of org.json.JSONObject on the class path:

	jar:file:/C:/Users/염석천/.gradle/caches/modules-2/files-2.1/org.json/json/20220924/5aa95e7688f76c664af205c5937620f02688dfbc/json-20220924.jar!/org/json/JSONObject.class
	jar:file:/C:/Users/염석천/.gradle/caches/modules-2/files-2.1/com.vaadin.external.google/android-json/0.0.20131108.vaadin1/fa26d351fe62a6a17f5cda1287c1c6110dec413f/android-json-0.0.20131108.vaadin1.jar!/org/json/JSONObject.class

You may wish to exclude one of them to ensure predictable runtime behavior
 
2023-05-16 13:20:57.661 [main] WARN  [deprecation:626] : HHH90000021: Encountered deprecated setting [javax.persistence.sharedCache.mode], use [jakarta.persistence.sharedCache.mode] instead 
2023-05-16 13:21:00.918 [main] WARN  [LocalVariableTableParameterNameDiscoverer:123] : Using deprecated '-debug' fallback for parameter name resolution. Compile the affected code with '-parameters' instead or avoid its introspection: com.garamgaebi.GaramgaebiServer.domain.ice_breaking.repository.ProgramGameroomRepository 
2023-05-16 13:21:01.439 [main] WARN  [LocalVariableTableParameterNameDiscoverer:123] : Using deprecated '-debug' fallback for parameter name resolution. Compile the affected code with '-parameters' instead or avoid its introspection: com.garamgaebi.GaramgaebiServer.domain.ice_breaking.repository.GameRoomMemberRepository 
2023-05-16 13:21:01.542 [main] WARN  [LocalVariableTableParameterNameDiscoverer:123] : Using deprecated '-debug' fallback for parameter name resolution. Compile the affected code with '-parameters' instead or avoid its introspection: com.garamgaebi.GaramgaebiServer.domain.member.repository.MemberRepository 
2023-05-16 13:21:02.507 [main] WARN  [LocalVariableTableParameterNameDiscoverer:123] : Using deprecated '-debug' fallback for parameter name resolution. Compile the affected code with '-parameters' instead or avoid its introspection: com.garamgaebi.GaramgaebiServer.domain.apply.repository.ApplyRepository 
2023-05-16 13:21:02.685 [main] WARN  [LocalVariableTableParameterNameDiscoverer:123] : Using deprecated '-debug' fallback for parameter name resolution. Compile the affected code with '-parameters' instead or avoid its introspection: com.garamgaebi.GaramgaebiServer.domain.program.repository.ProgramRepository 
2023-05-16 13:21:03.513 [main] WARN  [LocalVariableTableParameterNameDiscoverer:123] : Using deprecated '-debug' fallback for parameter name resolution. Compile the affected code with '-parameters' instead or avoid its introspection: com.garamgaebi.GaramgaebiServer.domain.member.repository.MemberRolesRepository 
2023-05-16 13:21:03.607 [main] WARN  [LocalVariableTableParameterNameDiscoverer:123] : Using deprecated '-debug' fallback for parameter name resolution. Compile the affected code with '-parameters' instead or avoid its introspection: com.garamgaebi.GaramgaebiServer.domain.notification.repository.MemberNotificationRepository 
2023-05-16 13:21:03.632 [main] WARN  [LocalVariableTableParameterNameDiscoverer:123] : Using deprecated '-debug' fallback for parameter name resolution. Compile the affected code with '-parameters' instead or avoid its introspection: com.garamgaebi.GaramgaebiServer.domain.notification.repository.NotificationRepository 
2023-05-16 13:21:03.954 [main] WARN  [LocalVariableTableParameterNameDiscoverer:123] : Using deprecated '-debug' fallback for parameter name resolution. Compile the affected code with '-parameters' instead or avoid its introspection: com.garamgaebi.GaramgaebiServer.global.security.SecurityConfig 
2023-05-16 13:21:04.213 [main] WARN  [LocalVariableTableParameterNameDiscoverer:123] : Using deprecated '-debug' fallback for parameter name resolution. Compile the affected code with '-parameters' instead or avoid its introspection: com.garamgaebi.GaramgaebiServer.domain.ice_breaking.repository.GameRepository 
2023-05-16 13:21:04.590 [main] WARN  [JpaBaseConfiguration$JpaWebConfiguration:227] : spring.jpa.open-in-view is enabled by default. Therefore, database queries may be performed during view rendering. Explicitly configure spring.jpa.open-in-view to disable this warning 
2023-05-16 13:21:08.334 [main] WARN  [ThymeleafAutoConfiguration$DefaultTemplateResolverConfiguration:101] : Cannot find template location: classpath:/templates/ (please add some templates, check your Thymeleaf configuration, or set spring.thymeleaf.check-template-location=false) 
2023-05-16 13:21:09.635 [SpringApplicationShutdownHook] WARN  [SqlExceptionHelper:133] : SQL Error: 90121, SQLState: 90121 
2023-05-16 13:21:09.638 [SpringApplicationShutdownHook] WARN  [SqlExceptionHelper:133] : SQL Error: 90121, SQLState: 90121 
2023-05-16 13:21:09.640 [SpringApplicationShutdownHook] WARN  [DisposableBeanAdapter:208] : Invocation of destroy method failed on bean with name 'entityManagerFactory': org.hibernate.exception.JDBCConnectionException: Unable to release JDBC Connection used for DDL execution 
2023-05-16 13:25:53.778 [main] WARN  [DuplicateJsonObjectContextCustomizerFactory$DuplicateJsonObjectContextCustomizer:78] : 

Found multiple occurrences of org.json.JSONObject on the class path:

	jar:file:/C:/Users/염석천/.gradle/caches/modules-2/files-2.1/org.json/json/20220924/5aa95e7688f76c664af205c5937620f02688dfbc/json-20220924.jar!/org/json/JSONObject.class
	jar:file:/C:/Users/염석천/.gradle/caches/modules-2/files-2.1/com.vaadin.external.google/android-json/0.0.20131108.vaadin1/fa26d351fe62a6a17f5cda1287c1c6110dec413f/android-json-0.0.20131108.vaadin1.jar!/org/json/JSONObject.class

You may wish to exclude one of them to ensure predictable runtime behavior
 
2023-05-16 13:25:58.436 [main] WARN  [deprecation:626] : HHH90000021: Encountered deprecated setting [javax.persistence.sharedCache.mode], use [jakarta.persistence.sharedCache.mode] instead 
2023-05-16 13:26:01.070 [main] WARN  [LocalVariableTableParameterNameDiscoverer:123] : Using deprecated '-debug' fallback for parameter name resolution. Compile the affected code with '-parameters' instead or avoid its introspection: com.garamgaebi.GaramgaebiServer.domain.ice_breaking.repository.ProgramGameroomRepository 
2023-05-16 13:26:01.536 [main] WARN  [LocalVariableTableParameterNameDiscoverer:123] : Using deprecated '-debug' fallback for parameter name resolution. Compile the affected code with '-parameters' instead or avoid its introspection: com.garamgaebi.GaramgaebiServer.domain.ice_breaking.repository.GameRoomMemberRepository 
2023-05-16 13:26:01.588 [main] WARN  [LocalVariableTableParameterNameDiscoverer:123] : Using deprecated '-debug' fallback for parameter name resolution. Compile the affected code with '-parameters' instead or avoid its introspection: com.garamgaebi.GaramgaebiServer.domain.member.repository.MemberRepository 
2023-05-16 13:26:02.605 [main] WARN  [LocalVariableTableParameterNameDiscoverer:123] : Using deprecated '-debug' fallback for parameter name resolution. Compile the affected code with '-parameters' instead or avoid its introspection: com.garamgaebi.GaramgaebiServer.domain.apply.repository.ApplyRepository 
2023-05-16 13:26:02.750 [main] WARN  [LocalVariableTableParameterNameDiscoverer:123] : Using deprecated '-debug' fallback for parameter name resolution. Compile the affected code with '-parameters' instead or avoid its introspection: com.garamgaebi.GaramgaebiServer.domain.program.repository.ProgramRepository 
2023-05-16 13:26:03.602 [main] WARN  [LocalVariableTableParameterNameDiscoverer:123] : Using deprecated '-debug' fallback for parameter name resolution. Compile the affected code with '-parameters' instead or avoid its introspection: com.garamgaebi.GaramgaebiServer.domain.member.repository.MemberRolesRepository 
2023-05-16 13:26:03.688 [main] WARN  [LocalVariableTableParameterNameDiscoverer:123] : Using deprecated '-debug' fallback for parameter name resolution. Compile the affected code with '-parameters' instead or avoid its introspection: com.garamgaebi.GaramgaebiServer.domain.notification.repository.MemberNotificationRepository 
2023-05-16 13:26:03.712 [main] WARN  [LocalVariableTableParameterNameDiscoverer:123] : Using deprecated '-debug' fallback for parameter name resolution. Compile the affected code with '-parameters' instead or avoid its introspection: com.garamgaebi.GaramgaebiServer.domain.notification.repository.NotificationRepository 
2023-05-16 13:26:04.035 [main] WARN  [LocalVariableTableParameterNameDiscoverer:123] : Using deprecated '-debug' fallback for parameter name resolution. Compile the affected code with '-parameters' instead or avoid its introspection: com.garamgaebi.GaramgaebiServer.global.security.SecurityConfig 
2023-05-16 13:26:04.272 [main] WARN  [LocalVariableTableParameterNameDiscoverer:123] : Using deprecated '-debug' fallback for parameter name resolution. Compile the affected code with '-parameters' instead or avoid its introspection: com.garamgaebi.GaramgaebiServer.domain.ice_breaking.repository.GameRepository 
2023-05-16 13:26:04.680 [main] WARN  [JpaBaseConfiguration$JpaWebConfiguration:227] : spring.jpa.open-in-view is enabled by default. Therefore, database queries may be performed during view rendering. Explicitly configure spring.jpa.open-in-view to disable this warning 
2023-05-16 13:26:07.469 [main] WARN  [ThymeleafAutoConfiguration$DefaultTemplateResolverConfiguration:101] : Cannot find template location: classpath:/templates/ (please add some templates, check your Thymeleaf configuration, or set spring.thymeleaf.check-template-location=false) 
2023-05-16 13:26:08.635 [SpringApplicationShutdownHook] WARN  [SqlExceptionHelper:133] : SQL Error: 90121, SQLState: 90121 
2023-05-16 13:26:08.637 [SpringApplicationShutdownHook] WARN  [SqlExceptionHelper:133] : SQL Error: 90121, SQLState: 90121 
2023-05-16 13:26:08.639 [SpringApplicationShutdownHook] WARN  [DisposableBeanAdapter:208] : Invocation of destroy method failed on bean with name 'entityManagerFactory': org.hibernate.exception.JDBCConnectionException: Unable to release JDBC Connection used for DDL execution 
2023-05-16 13:27:35.780 [main] WARN  [DuplicateJsonObjectContextCustomizerFactory$DuplicateJsonObjectContextCustomizer:78] : 

Found multiple occurrences of org.json.JSONObject on the class path:

	jar:file:/C:/Users/염석천/.gradle/caches/modules-2/files-2.1/org.json/json/20220924/5aa95e7688f76c664af205c5937620f02688dfbc/json-20220924.jar!/org/json/JSONObject.class
	jar:file:/C:/Users/염석천/.gradle/caches/modules-2/files-2.1/com.vaadin.external.google/android-json/0.0.20131108.vaadin1/fa26d351fe62a6a17f5cda1287c1c6110dec413f/android-json-0.0.20131108.vaadin1.jar!/org/json/JSONObject.class

You may wish to exclude one of them to ensure predictable runtime behavior
 
2023-05-16 13:27:40.831 [main] WARN  [deprecation:626] : HHH90000021: Encountered deprecated setting [javax.persistence.sharedCache.mode], use [jakarta.persistence.sharedCache.mode] instead 
2023-05-16 13:27:43.418 [main] WARN  [LocalVariableTableParameterNameDiscoverer:123] : Using deprecated '-debug' fallback for parameter name resolution. Compile the affected code with '-parameters' instead or avoid its introspection: com.garamgaebi.GaramgaebiServer.domain.ice_breaking.repository.ProgramGameroomRepository 
2023-05-16 13:27:43.874 [main] WARN  [LocalVariableTableParameterNameDiscoverer:123] : Using deprecated '-debug' fallback for parameter name resolution. Compile the affected code with '-parameters' instead or avoid its introspection: com.garamgaebi.GaramgaebiServer.domain.ice_breaking.repository.GameRoomMemberRepository 
2023-05-16 13:27:43.913 [main] WARN  [LocalVariableTableParameterNameDiscoverer:123] : Using deprecated '-debug' fallback for parameter name resolution. Compile the affected code with '-parameters' instead or avoid its introspection: com.garamgaebi.GaramgaebiServer.domain.member.repository.MemberRepository 
2023-05-16 13:27:44.976 [main] WARN  [LocalVariableTableParameterNameDiscoverer:123] : Using deprecated '-debug' fallback for parameter name resolution. Compile the affected code with '-parameters' instead or avoid its introspection: com.garamgaebi.GaramgaebiServer.domain.apply.repository.ApplyRepository 
2023-05-16 13:27:45.180 [main] WARN  [LocalVariableTableParameterNameDiscoverer:123] : Using deprecated '-debug' fallback for parameter name resolution. Compile the affected code with '-parameters' instead or avoid its introspection: com.garamgaebi.GaramgaebiServer.domain.program.repository.ProgramRepository 
2023-05-16 13:27:45.920 [main] WARN  [LocalVariableTableParameterNameDiscoverer:123] : Using deprecated '-debug' fallback for parameter name resolution. Compile the affected code with '-parameters' instead or avoid its introspection: com.garamgaebi.GaramgaebiServer.domain.member.repository.MemberRolesRepository 
2023-05-16 13:27:46.002 [main] WARN  [LocalVariableTableParameterNameDiscoverer:123] : Using deprecated '-debug' fallback for parameter name resolution. Compile the affected code with '-parameters' instead or avoid its introspection: com.garamgaebi.GaramgaebiServer.domain.notification.repository.MemberNotificationRepository 
2023-05-16 13:27:46.028 [main] WARN  [LocalVariableTableParameterNameDiscoverer:123] : Using deprecated '-debug' fallback for parameter name resolution. Compile the affected code with '-parameters' instead or avoid its introspection: com.garamgaebi.GaramgaebiServer.domain.notification.repository.NotificationRepository 
2023-05-16 13:27:46.309 [main] WARN  [LocalVariableTableParameterNameDiscoverer:123] : Using deprecated '-debug' fallback for parameter name resolution. Compile the affected code with '-parameters' instead or avoid its introspection: com.garamgaebi.GaramgaebiServer.global.security.SecurityConfig 
2023-05-16 13:27:46.548 [main] WARN  [LocalVariableTableParameterNameDiscoverer:123] : Using deprecated '-debug' fallback for parameter name resolution. Compile the affected code with '-parameters' instead or avoid its introspection: com.garamgaebi.GaramgaebiServer.domain.ice_breaking.repository.GameRepository 
2023-05-16 13:27:46.909 [main] WARN  [JpaBaseConfiguration$JpaWebConfiguration:227] : spring.jpa.open-in-view is enabled by default. Therefore, database queries may be performed during view rendering. Explicitly configure spring.jpa.open-in-view to disable this warning 
2023-05-16 13:27:49.734 [main] WARN  [ThymeleafAutoConfiguration$DefaultTemplateResolverConfiguration:101] : Cannot find template location: classpath:/templates/ (please add some templates, check your Thymeleaf configuration, or set spring.thymeleaf.check-template-location=false) 
2023-05-16 13:27:50.978 [SpringApplicationShutdownHook] WARN  [SqlExceptionHelper:133] : SQL Error: 90121, SQLState: 90121 
2023-05-16 13:27:50.981 [SpringApplicationShutdownHook] WARN  [SqlExceptionHelper:133] : SQL Error: 90121, SQLState: 90121 
2023-05-16 13:27:50.983 [SpringApplicationShutdownHook] WARN  [DisposableBeanAdapter:208] : Invocation of destroy method failed on bean with name 'entityManagerFactory': org.hibernate.exception.JDBCConnectionException: Unable to release JDBC Connection used for DDL execution 
2023-05-16 13:28:21.861 [main] WARN  [DuplicateJsonObjectContextCustomizerFactory$DuplicateJsonObjectContextCustomizer:78] : 

Found multiple occurrences of org.json.JSONObject on the class path:

	jar:file:/C:/Users/염석천/.gradle/caches/modules-2/files-2.1/org.json/json/20220924/5aa95e7688f76c664af205c5937620f02688dfbc/json-20220924.jar!/org/json/JSONObject.class
	jar:file:/C:/Users/염석천/.gradle/caches/modules-2/files-2.1/com.vaadin.external.google/android-json/0.0.20131108.vaadin1/fa26d351fe62a6a17f5cda1287c1c6110dec413f/android-json-0.0.20131108.vaadin1.jar!/org/json/JSONObject.class

You may wish to exclude one of them to ensure predictable runtime behavior
 
2023-05-16 13:28:26.390 [main] WARN  [deprecation:626] : HHH90000021: Encountered deprecated setting [javax.persistence.sharedCache.mode], use [jakarta.persistence.sharedCache.mode] instead 
2023-05-16 13:28:28.779 [main] WARN  [LocalVariableTableParameterNameDiscoverer:123] : Using deprecated '-debug' fallback for parameter name resolution. Compile the affected code with '-parameters' instead or avoid its introspection: com.garamgaebi.GaramgaebiServer.domain.ice_breaking.repository.ProgramGameroomRepository 
2023-05-16 13:28:29.185 [main] WARN  [LocalVariableTableParameterNameDiscoverer:123] : Using deprecated '-debug' fallback for parameter name resolution. Compile the affected code with '-parameters' instead or avoid its introspection: com.garamgaebi.GaramgaebiServer.domain.ice_breaking.repository.GameRoomMemberRepository 
2023-05-16 13:28:29.224 [main] WARN  [LocalVariableTableParameterNameDiscoverer:123] : Using deprecated '-debug' fallback for parameter name resolution. Compile the affected code with '-parameters' instead or avoid its introspection: com.garamgaebi.GaramgaebiServer.domain.member.repository.MemberRepository 
2023-05-16 13:28:30.100 [main] WARN  [LocalVariableTableParameterNameDiscoverer:123] : Using deprecated '-debug' fallback for parameter name resolution. Compile the affected code with '-parameters' instead or avoid its introspection: com.garamgaebi.GaramgaebiServer.domain.apply.repository.ApplyRepository 
2023-05-16 13:28:30.253 [main] WARN  [LocalVariableTableParameterNameDiscoverer:123] : Using deprecated '-debug' fallback for parameter name resolution. Compile the affected code with '-parameters' instead or avoid its introspection: com.garamgaebi.GaramgaebiServer.domain.program.repository.ProgramRepository 
2023-05-16 13:28:30.917 [main] WARN  [LocalVariableTableParameterNameDiscoverer:123] : Using deprecated '-debug' fallback for parameter name resolution. Compile the affected code with '-parameters' instead or avoid its introspection: com.garamgaebi.GaramgaebiServer.domain.member.repository.MemberRolesRepository 
2023-05-16 13:28:30.991 [main] WARN  [LocalVariableTableParameterNameDiscoverer:123] : Using deprecated '-debug' fallback for parameter name resolution. Compile the affected code with '-parameters' instead or avoid its introspection: com.garamgaebi.GaramgaebiServer.domain.notification.repository.MemberNotificationRepository 
2023-05-16 13:28:31.021 [main] WARN  [LocalVariableTableParameterNameDiscoverer:123] : Using deprecated '-debug' fallback for parameter name resolution. Compile the affected code with '-parameters' instead or avoid its introspection: com.garamgaebi.GaramgaebiServer.domain.notification.repository.NotificationRepository 
2023-05-16 13:28:31.288 [main] WARN  [LocalVariableTableParameterNameDiscoverer:123] : Using deprecated '-debug' fallback for parameter name resolution. Compile the affected code with '-parameters' instead or avoid its introspection: com.garamgaebi.GaramgaebiServer.global.security.SecurityConfig 
2023-05-16 13:28:31.516 [main] WARN  [LocalVariableTableParameterNameDiscoverer:123] : Using deprecated '-debug' fallback for parameter name resolution. Compile the affected code with '-parameters' instead or avoid its introspection: com.garamgaebi.GaramgaebiServer.domain.ice_breaking.repository.GameRepository 
2023-05-16 13:28:31.862 [main] WARN  [JpaBaseConfiguration$JpaWebConfiguration:227] : spring.jpa.open-in-view is enabled by default. Therefore, database queries may be performed during view rendering. Explicitly configure spring.jpa.open-in-view to disable this warning 
2023-05-16 13:28:34.715 [main] WARN  [ThymeleafAutoConfiguration$DefaultTemplateResolverConfiguration:101] : Cannot find template location: classpath:/templates/ (please add some templates, check your Thymeleaf configuration, or set spring.thymeleaf.check-template-location=false) 
2023-05-16 13:28:35.839 [SpringApplicationShutdownHook] WARN  [SqlExceptionHelper:133] : SQL Error: 90121, SQLState: 90121 
2023-05-16 13:28:35.840 [SpringApplicationShutdownHook] WARN  [SqlExceptionHelper:133] : SQL Error: 90121, SQLState: 90121 
2023-05-16 13:28:35.842 [SpringApplicationShutdownHook] WARN  [DisposableBeanAdapter:208] : Invocation of destroy method failed on bean with name 'entityManagerFactory': org.hibernate.exception.JDBCConnectionException: Unable to release JDBC Connection used for DDL execution 
2023-05-16 13:29:25.361 [main] WARN  [DuplicateJsonObjectContextCustomizerFactory$DuplicateJsonObjectContextCustomizer:78] : 

Found multiple occurrences of org.json.JSONObject on the class path:

	jar:file:/C:/Users/염석천/.gradle/caches/modules-2/files-2.1/org.json/json/20220924/5aa95e7688f76c664af205c5937620f02688dfbc/json-20220924.jar!/org/json/JSONObject.class
	jar:file:/C:/Users/염석천/.gradle/caches/modules-2/files-2.1/com.vaadin.external.google/android-json/0.0.20131108.vaadin1/fa26d351fe62a6a17f5cda1287c1c6110dec413f/android-json-0.0.20131108.vaadin1.jar!/org/json/JSONObject.class

You may wish to exclude one of them to ensure predictable runtime behavior
 
2023-05-16 13:29:29.985 [main] WARN  [deprecation:626] : HHH90000021: Encountered deprecated setting [javax.persistence.sharedCache.mode], use [jakarta.persistence.sharedCache.mode] instead 
2023-05-16 13:29:32.409 [main] WARN  [LocalVariableTableParameterNameDiscoverer:123] : Using deprecated '-debug' fallback for parameter name resolution. Compile the affected code with '-parameters' instead or avoid its introspection: com.garamgaebi.GaramgaebiServer.domain.ice_breaking.repository.ProgramGameroomRepository 
2023-05-16 13:29:32.820 [main] WARN  [LocalVariableTableParameterNameDiscoverer:123] : Using deprecated '-debug' fallback for parameter name resolution. Compile the affected code with '-parameters' instead or avoid its introspection: com.garamgaebi.GaramgaebiServer.domain.ice_breaking.repository.GameRoomMemberRepository 
2023-05-16 13:29:32.859 [main] WARN  [LocalVariableTableParameterNameDiscoverer:123] : Using deprecated '-debug' fallback for parameter name resolution. Compile the affected code with '-parameters' instead or avoid its introspection: com.garamgaebi.GaramgaebiServer.domain.member.repository.MemberRepository 
2023-05-16 13:29:33.690 [main] WARN  [LocalVariableTableParameterNameDiscoverer:123] : Using deprecated '-debug' fallback for parameter name resolution. Compile the affected code with '-parameters' instead or avoid its introspection: com.garamgaebi.GaramgaebiServer.domain.apply.repository.ApplyRepository 
2023-05-16 13:29:33.855 [main] WARN  [LocalVariableTableParameterNameDiscoverer:123] : Using deprecated '-debug' fallback for parameter name resolution. Compile the affected code with '-parameters' instead or avoid its introspection: com.garamgaebi.GaramgaebiServer.domain.program.repository.ProgramRepository 
2023-05-16 13:29:34.571 [main] WARN  [LocalVariableTableParameterNameDiscoverer:123] : Using deprecated '-debug' fallback for parameter name resolution. Compile the affected code with '-parameters' instead or avoid its introspection: com.garamgaebi.GaramgaebiServer.domain.member.repository.MemberRolesRepository 
2023-05-16 13:29:34.653 [main] WARN  [LocalVariableTableParameterNameDiscoverer:123] : Using deprecated '-debug' fallback for parameter name resolution. Compile the affected code with '-parameters' instead or avoid its introspection: com.garamgaebi.GaramgaebiServer.domain.notification.repository.MemberNotificationRepository 
2023-05-16 13:29:34.678 [main] WARN  [LocalVariableTableParameterNameDiscoverer:123] : Using deprecated '-debug' fallback for parameter name resolution. Compile the affected code with '-parameters' instead or avoid its introspection: com.garamgaebi.GaramgaebiServer.domain.notification.repository.NotificationRepository 
2023-05-16 13:29:34.944 [main] WARN  [LocalVariableTableParameterNameDiscoverer:123] : Using deprecated '-debug' fallback for parameter name resolution. Compile the affected code with '-parameters' instead or avoid its introspection: com.garamgaebi.GaramgaebiServer.global.security.SecurityConfig 
2023-05-16 13:29:35.179 [main] WARN  [LocalVariableTableParameterNameDiscoverer:123] : Using deprecated '-debug' fallback for parameter name resolution. Compile the affected code with '-parameters' instead or avoid its introspection: com.garamgaebi.GaramgaebiServer.domain.ice_breaking.repository.GameRepository 
2023-05-16 13:29:35.544 [main] WARN  [JpaBaseConfiguration$JpaWebConfiguration:227] : spring.jpa.open-in-view is enabled by default. Therefore, database queries may be performed during view rendering. Explicitly configure spring.jpa.open-in-view to disable this warning 
2023-05-16 13:29:38.440 [main] WARN  [ThymeleafAutoConfiguration$DefaultTemplateResolverConfiguration:101] : Cannot find template location: classpath:/templates/ (please add some templates, check your Thymeleaf configuration, or set spring.thymeleaf.check-template-location=false) 
2023-05-16 13:29:39.323 [main] WARN  [SqlExceptionHelper:133] : SQL Error: 23502, SQLState: 23502 
2023-05-16 13:29:39.520 [SpringApplicationShutdownHook] WARN  [SqlExceptionHelper:133] : SQL Error: 90121, SQLState: 90121 
2023-05-16 13:29:39.521 [SpringApplicationShutdownHook] WARN  [SqlExceptionHelper:133] : SQL Error: 90121, SQLState: 90121 
2023-05-16 13:29:39.522 [SpringApplicationShutdownHook] WARN  [DisposableBeanAdapter:208] : Invocation of destroy method failed on bean with name 'entityManagerFactory': org.hibernate.exception.JDBCConnectionException: Unable to release JDBC Connection used for DDL execution 
2023-05-16 13:30:14.189 [main] WARN  [DuplicateJsonObjectContextCustomizerFactory$DuplicateJsonObjectContextCustomizer:78] : 

Found multiple occurrences of org.json.JSONObject on the class path:

	jar:file:/C:/Users/염석천/.gradle/caches/modules-2/files-2.1/org.json/json/20220924/5aa95e7688f76c664af205c5937620f02688dfbc/json-20220924.jar!/org/json/JSONObject.class
	jar:file:/C:/Users/염석천/.gradle/caches/modules-2/files-2.1/com.vaadin.external.google/android-json/0.0.20131108.vaadin1/fa26d351fe62a6a17f5cda1287c1c6110dec413f/android-json-0.0.20131108.vaadin1.jar!/org/json/JSONObject.class

You may wish to exclude one of them to ensure predictable runtime behavior
 
2023-05-16 13:30:18.669 [main] WARN  [deprecation:626] : HHH90000021: Encountered deprecated setting [javax.persistence.sharedCache.mode], use [jakarta.persistence.sharedCache.mode] instead 
2023-05-16 13:30:21.163 [main] WARN  [LocalVariableTableParameterNameDiscoverer:123] : Using deprecated '-debug' fallback for parameter name resolution. Compile the affected code with '-parameters' instead or avoid its introspection: com.garamgaebi.GaramgaebiServer.domain.ice_breaking.repository.ProgramGameroomRepository 
2023-05-16 13:30:21.589 [main] WARN  [LocalVariableTableParameterNameDiscoverer:123] : Using deprecated '-debug' fallback for parameter name resolution. Compile the affected code with '-parameters' instead or avoid its introspection: com.garamgaebi.GaramgaebiServer.domain.ice_breaking.repository.GameRoomMemberRepository 
2023-05-16 13:30:21.639 [main] WARN  [LocalVariableTableParameterNameDiscoverer:123] : Using deprecated '-debug' fallback for parameter name resolution. Compile the affected code with '-parameters' instead or avoid its introspection: com.garamgaebi.GaramgaebiServer.domain.member.repository.MemberRepository 
2023-05-16 13:30:22.468 [main] WARN  [LocalVariableTableParameterNameDiscoverer:123] : Using deprecated '-debug' fallback for parameter name resolution. Compile the affected code with '-parameters' instead or avoid its introspection: com.garamgaebi.GaramgaebiServer.domain.apply.repository.ApplyRepository 
2023-05-16 13:30:22.681 [main] WARN  [LocalVariableTableParameterNameDiscoverer:123] : Using deprecated '-debug' fallback for parameter name resolution. Compile the affected code with '-parameters' instead or avoid its introspection: com.garamgaebi.GaramgaebiServer.domain.program.repository.ProgramRepository 
2023-05-16 13:30:23.389 [main] WARN  [LocalVariableTableParameterNameDiscoverer:123] : Using deprecated '-debug' fallback for parameter name resolution. Compile the affected code with '-parameters' instead or avoid its introspection: com.garamgaebi.GaramgaebiServer.domain.member.repository.MemberRolesRepository 
2023-05-16 13:30:23.469 [main] WARN  [LocalVariableTableParameterNameDiscoverer:123] : Using deprecated '-debug' fallback for parameter name resolution. Compile the affected code with '-parameters' instead or avoid its introspection: com.garamgaebi.GaramgaebiServer.domain.notification.repository.MemberNotificationRepository 
2023-05-16 13:30:23.493 [main] WARN  [LocalVariableTableParameterNameDiscoverer:123] : Using deprecated '-debug' fallback for parameter name resolution. Compile the affected code with '-parameters' instead or avoid its introspection: com.garamgaebi.GaramgaebiServer.domain.notification.repository.NotificationRepository 
2023-05-16 13:30:23.770 [main] WARN  [LocalVariableTableParameterNameDiscoverer:123] : Using deprecated '-debug' fallback for parameter name resolution. Compile the affected code with '-parameters' instead or avoid its introspection: com.garamgaebi.GaramgaebiServer.global.security.SecurityConfig 
2023-05-16 13:30:24.008 [main] WARN  [LocalVariableTableParameterNameDiscoverer:123] : Using deprecated '-debug' fallback for parameter name resolution. Compile the affected code with '-parameters' instead or avoid its introspection: com.garamgaebi.GaramgaebiServer.domain.ice_breaking.repository.GameRepository 
2023-05-16 13:30:24.375 [main] WARN  [JpaBaseConfiguration$JpaWebConfiguration:227] : spring.jpa.open-in-view is enabled by default. Therefore, database queries may be performed during view rendering. Explicitly configure spring.jpa.open-in-view to disable this warning 
2023-05-16 13:30:27.397 [main] WARN  [ThymeleafAutoConfiguration$DefaultTemplateResolverConfiguration:101] : Cannot find template location: classpath:/templates/ (please add some templates, check your Thymeleaf configuration, or set spring.thymeleaf.check-template-location=false) 
2023-05-16 13:30:28.274 [main] WARN  [SqlExceptionHelper:133] : SQL Error: 23502, SQLState: 23502 
2023-05-16 13:30:28.454 [SpringApplicationShutdownHook] WARN  [SqlExceptionHelper:133] : SQL Error: 90121, SQLState: 90121 
2023-05-16 13:30:28.455 [SpringApplicationShutdownHook] WARN  [SqlExceptionHelper:133] : SQL Error: 90121, SQLState: 90121 
2023-05-16 13:30:28.456 [SpringApplicationShutdownHook] WARN  [DisposableBeanAdapter:208] : Invocation of destroy method failed on bean with name 'entityManagerFactory': org.hibernate.exception.JDBCConnectionException: Unable to release JDBC Connection used for DDL execution 
2023-05-16 13:34:04.612 [main] WARN  [DuplicateJsonObjectContextCustomizerFactory$DuplicateJsonObjectContextCustomizer:78] : 

Found multiple occurrences of org.json.JSONObject on the class path:

	jar:file:/C:/Users/염석천/.gradle/caches/modules-2/files-2.1/org.json/json/20220924/5aa95e7688f76c664af205c5937620f02688dfbc/json-20220924.jar!/org/json/JSONObject.class
	jar:file:/C:/Users/염석천/.gradle/caches/modules-2/files-2.1/com.vaadin.external.google/android-json/0.0.20131108.vaadin1/fa26d351fe62a6a17f5cda1287c1c6110dec413f/android-json-0.0.20131108.vaadin1.jar!/org/json/JSONObject.class

You may wish to exclude one of them to ensure predictable runtime behavior
 
2023-05-16 13:34:09.027 [main] WARN  [deprecation:626] : HHH90000021: Encountered deprecated setting [javax.persistence.sharedCache.mode], use [jakarta.persistence.sharedCache.mode] instead 
2023-05-16 13:34:11.429 [main] WARN  [LocalVariableTableParameterNameDiscoverer:123] : Using deprecated '-debug' fallback for parameter name resolution. Compile the affected code with '-parameters' instead or avoid its introspection: com.garamgaebi.GaramgaebiServer.domain.ice_breaking.repository.ProgramGameroomRepository 
2023-05-16 13:34:11.833 [main] WARN  [LocalVariableTableParameterNameDiscoverer:123] : Using deprecated '-debug' fallback for parameter name resolution. Compile the affected code with '-parameters' instead or avoid its introspection: com.garamgaebi.GaramgaebiServer.domain.ice_breaking.repository.GameRoomMemberRepository 
2023-05-16 13:34:11.871 [main] WARN  [LocalVariableTableParameterNameDiscoverer:123] : Using deprecated '-debug' fallback for parameter name resolution. Compile the affected code with '-parameters' instead or avoid its introspection: com.garamgaebi.GaramgaebiServer.domain.member.repository.MemberRepository 
2023-05-16 13:34:12.755 [main] WARN  [LocalVariableTableParameterNameDiscoverer:123] : Using deprecated '-debug' fallback for parameter name resolution. Compile the affected code with '-parameters' instead or avoid its introspection: com.garamgaebi.GaramgaebiServer.domain.apply.repository.ApplyRepository 
2023-05-16 13:34:12.917 [main] WARN  [LocalVariableTableParameterNameDiscoverer:123] : Using deprecated '-debug' fallback for parameter name resolution. Compile the affected code with '-parameters' instead or avoid its introspection: com.garamgaebi.GaramgaebiServer.domain.program.repository.ProgramRepository 
2023-05-16 13:34:13.663 [main] WARN  [LocalVariableTableParameterNameDiscoverer:123] : Using deprecated '-debug' fallback for parameter name resolution. Compile the affected code with '-parameters' instead or avoid its introspection: com.garamgaebi.GaramgaebiServer.domain.member.repository.MemberRolesRepository 
2023-05-16 13:34:13.744 [main] WARN  [LocalVariableTableParameterNameDiscoverer:123] : Using deprecated '-debug' fallback for parameter name resolution. Compile the affected code with '-parameters' instead or avoid its introspection: com.garamgaebi.GaramgaebiServer.domain.notification.repository.MemberNotificationRepository 
2023-05-16 13:34:13.771 [main] WARN  [LocalVariableTableParameterNameDiscoverer:123] : Using deprecated '-debug' fallback for parameter name resolution. Compile the affected code with '-parameters' instead or avoid its introspection: com.garamgaebi.GaramgaebiServer.domain.notification.repository.NotificationRepository 
2023-05-16 13:34:14.060 [main] WARN  [LocalVariableTableParameterNameDiscoverer:123] : Using deprecated '-debug' fallback for parameter name resolution. Compile the affected code with '-parameters' instead or avoid its introspection: com.garamgaebi.GaramgaebiServer.global.security.SecurityConfig 
2023-05-16 13:34:14.273 [main] WARN  [LocalVariableTableParameterNameDiscoverer:123] : Using deprecated '-debug' fallback for parameter name resolution. Compile the affected code with '-parameters' instead or avoid its introspection: com.garamgaebi.GaramgaebiServer.domain.ice_breaking.repository.GameRepository 
2023-05-16 13:34:14.634 [main] WARN  [JpaBaseConfiguration$JpaWebConfiguration:227] : spring.jpa.open-in-view is enabled by default. Therefore, database queries may be performed during view rendering. Explicitly configure spring.jpa.open-in-view to disable this warning 
2023-05-16 13:34:17.549 [main] WARN  [ThymeleafAutoConfiguration$DefaultTemplateResolverConfiguration:101] : Cannot find template location: classpath:/templates/ (please add some templates, check your Thymeleaf configuration, or set spring.thymeleaf.check-template-location=false) 
2023-05-16 13:34:18.753 [SpringApplicationShutdownHook] WARN  [SqlExceptionHelper:133] : SQL Error: 90121, SQLState: 90121 
2023-05-16 13:34:18.756 [SpringApplicationShutdownHook] WARN  [SqlExceptionHelper:133] : SQL Error: 90121, SQLState: 90121 
2023-05-16 13:34:18.757 [SpringApplicationShutdownHook] WARN  [DisposableBeanAdapter:208] : Invocation of destroy method failed on bean with name 'entityManagerFactory': org.hibernate.exception.JDBCConnectionException: Unable to release JDBC Connection used for DDL execution 
2023-05-16 13:40:05.779 [main] WARN  [DuplicateJsonObjectContextCustomizerFactory$DuplicateJsonObjectContextCustomizer:78] : 

Found multiple occurrences of org.json.JSONObject on the class path:

	jar:file:/C:/Users/염석천/.gradle/caches/modules-2/files-2.1/org.json/json/20220924/5aa95e7688f76c664af205c5937620f02688dfbc/json-20220924.jar!/org/json/JSONObject.class
	jar:file:/C:/Users/염석천/.gradle/caches/modules-2/files-2.1/com.vaadin.external.google/android-json/0.0.20131108.vaadin1/fa26d351fe62a6a17f5cda1287c1c6110dec413f/android-json-0.0.20131108.vaadin1.jar!/org/json/JSONObject.class

You may wish to exclude one of them to ensure predictable runtime behavior
 
2023-05-16 13:40:10.878 [main] WARN  [deprecation:626] : HHH90000021: Encountered deprecated setting [javax.persistence.sharedCache.mode], use [jakarta.persistence.sharedCache.mode] instead 
2023-05-16 13:40:13.496 [main] WARN  [LocalVariableTableParameterNameDiscoverer:123] : Using deprecated '-debug' fallback for parameter name resolution. Compile the affected code with '-parameters' instead or avoid its introspection: com.garamgaebi.GaramgaebiServer.domain.ice_breaking.repository.ProgramGameroomRepository 
2023-05-16 13:40:13.970 [main] WARN  [LocalVariableTableParameterNameDiscoverer:123] : Using deprecated '-debug' fallback for parameter name resolution. Compile the affected code with '-parameters' instead or avoid its introspection: com.garamgaebi.GaramgaebiServer.domain.ice_breaking.repository.GameRoomMemberRepository 
2023-05-16 13:40:14.019 [main] WARN  [LocalVariableTableParameterNameDiscoverer:123] : Using deprecated '-debug' fallback for parameter name resolution. Compile the affected code with '-parameters' instead or avoid its introspection: com.garamgaebi.GaramgaebiServer.domain.member.repository.MemberRepository 
2023-05-16 13:40:14.909 [main] WARN  [LocalVariableTableParameterNameDiscoverer:123] : Using deprecated '-debug' fallback for parameter name resolution. Compile the affected code with '-parameters' instead or avoid its introspection: com.garamgaebi.GaramgaebiServer.domain.apply.repository.ApplyRepository 
2023-05-16 13:40:15.067 [main] WARN  [LocalVariableTableParameterNameDiscoverer:123] : Using deprecated '-debug' fallback for parameter name resolution. Compile the affected code with '-parameters' instead or avoid its introspection: com.garamgaebi.GaramgaebiServer.domain.program.repository.ProgramRepository 
2023-05-16 13:40:15.826 [main] WARN  [LocalVariableTableParameterNameDiscoverer:123] : Using deprecated '-debug' fallback for parameter name resolution. Compile the affected code with '-parameters' instead or avoid its introspection: com.garamgaebi.GaramgaebiServer.domain.member.repository.MemberRolesRepository 
2023-05-16 13:40:15.918 [main] WARN  [LocalVariableTableParameterNameDiscoverer:123] : Using deprecated '-debug' fallback for parameter name resolution. Compile the affected code with '-parameters' instead or avoid its introspection: com.garamgaebi.GaramgaebiServer.domain.notification.repository.MemberNotificationRepository 
2023-05-16 13:40:15.945 [main] WARN  [LocalVariableTableParameterNameDiscoverer:123] : Using deprecated '-debug' fallback for parameter name resolution. Compile the affected code with '-parameters' instead or avoid its introspection: com.garamgaebi.GaramgaebiServer.domain.notification.repository.NotificationRepository 
2023-05-16 13:40:16.264 [main] WARN  [LocalVariableTableParameterNameDiscoverer:123] : Using deprecated '-debug' fallback for parameter name resolution. Compile the affected code with '-parameters' instead or avoid its introspection: com.garamgaebi.GaramgaebiServer.global.security.SecurityConfig 
2023-05-16 13:40:16.493 [main] WARN  [LocalVariableTableParameterNameDiscoverer:123] : Using deprecated '-debug' fallback for parameter name resolution. Compile the affected code with '-parameters' instead or avoid its introspection: com.garamgaebi.GaramgaebiServer.domain.ice_breaking.repository.GameRepository 
2023-05-16 13:40:16.891 [main] WARN  [JpaBaseConfiguration$JpaWebConfiguration:227] : spring.jpa.open-in-view is enabled by default. Therefore, database queries may be performed during view rendering. Explicitly configure spring.jpa.open-in-view to disable this warning 
2023-05-16 13:40:19.879 [main] WARN  [ThymeleafAutoConfiguration$DefaultTemplateResolverConfiguration:101] : Cannot find template location: classpath:/templates/ (please add some templates, check your Thymeleaf configuration, or set spring.thymeleaf.check-template-location=false) 
2023-05-16 13:40:21.187 [SpringApplicationShutdownHook] WARN  [SqlExceptionHelper:133] : SQL Error: 90121, SQLState: 90121 
2023-05-16 13:40:21.189 [SpringApplicationShutdownHook] WARN  [SqlExceptionHelper:133] : SQL Error: 90121, SQLState: 90121 
2023-05-16 13:40:21.191 [SpringApplicationShutdownHook] WARN  [DisposableBeanAdapter:208] : Invocation of destroy method failed on bean with name 'entityManagerFactory': org.hibernate.exception.JDBCConnectionException: Unable to release JDBC Connection used for DDL execution 
2023-05-16 13:44:32.807 [main] WARN  [DuplicateJsonObjectContextCustomizerFactory$DuplicateJsonObjectContextCustomizer:78] : 

Found multiple occurrences of org.json.JSONObject on the class path:

	jar:file:/C:/Users/염석천/.gradle/caches/modules-2/files-2.1/org.json/json/20220924/5aa95e7688f76c664af205c5937620f02688dfbc/json-20220924.jar!/org/json/JSONObject.class
	jar:file:/C:/Users/염석천/.gradle/caches/modules-2/files-2.1/com.vaadin.external.google/android-json/0.0.20131108.vaadin1/fa26d351fe62a6a17f5cda1287c1c6110dec413f/android-json-0.0.20131108.vaadin1.jar!/org/json/JSONObject.class

You may wish to exclude one of them to ensure predictable runtime behavior
 
2023-05-16 13:44:37.244 [main] WARN  [deprecation:626] : HHH90000021: Encountered deprecated setting [javax.persistence.sharedCache.mode], use [jakarta.persistence.sharedCache.mode] instead 
2023-05-16 13:44:39.903 [main] WARN  [LocalVariableTableParameterNameDiscoverer:123] : Using deprecated '-debug' fallback for parameter name resolution. Compile the affected code with '-parameters' instead or avoid its introspection: com.garamgaebi.GaramgaebiServer.domain.ice_breaking.repository.ProgramGameroomRepository 
2023-05-16 13:44:40.381 [main] WARN  [LocalVariableTableParameterNameDiscoverer:123] : Using deprecated '-debug' fallback for parameter name resolution. Compile the affected code with '-parameters' instead or avoid its introspection: com.garamgaebi.GaramgaebiServer.domain.ice_breaking.repository.GameRoomMemberRepository 
2023-05-16 13:44:40.440 [main] WARN  [LocalVariableTableParameterNameDiscoverer:123] : Using deprecated '-debug' fallback for parameter name resolution. Compile the affected code with '-parameters' instead or avoid its introspection: com.garamgaebi.GaramgaebiServer.domain.member.repository.MemberRepository 
2023-05-16 13:44:41.325 [main] WARN  [LocalVariableTableParameterNameDiscoverer:123] : Using deprecated '-debug' fallback for parameter name resolution. Compile the affected code with '-parameters' instead or avoid its introspection: com.garamgaebi.GaramgaebiServer.domain.apply.repository.ApplyRepository 
2023-05-16 13:44:41.544 [main] WARN  [LocalVariableTableParameterNameDiscoverer:123] : Using deprecated '-debug' fallback for parameter name resolution. Compile the affected code with '-parameters' instead or avoid its introspection: com.garamgaebi.GaramgaebiServer.domain.program.repository.ProgramRepository 
2023-05-16 13:44:42.327 [main] WARN  [LocalVariableTableParameterNameDiscoverer:123] : Using deprecated '-debug' fallback for parameter name resolution. Compile the affected code with '-parameters' instead or avoid its introspection: com.garamgaebi.GaramgaebiServer.domain.member.repository.MemberRolesRepository 
2023-05-16 13:44:42.409 [main] WARN  [LocalVariableTableParameterNameDiscoverer:123] : Using deprecated '-debug' fallback for parameter name resolution. Compile the affected code with '-parameters' instead or avoid its introspection: com.garamgaebi.GaramgaebiServer.domain.notification.repository.MemberNotificationRepository 
2023-05-16 13:44:42.441 [main] WARN  [LocalVariableTableParameterNameDiscoverer:123] : Using deprecated '-debug' fallback for parameter name resolution. Compile the affected code with '-parameters' instead or avoid its introspection: com.garamgaebi.GaramgaebiServer.domain.notification.repository.NotificationRepository 
2023-05-16 13:44:42.740 [main] WARN  [LocalVariableTableParameterNameDiscoverer:123] : Using deprecated '-debug' fallback for parameter name resolution. Compile the affected code with '-parameters' instead or avoid its introspection: com.garamgaebi.GaramgaebiServer.global.security.SecurityConfig 
2023-05-16 13:44:42.980 [main] WARN  [LocalVariableTableParameterNameDiscoverer:123] : Using deprecated '-debug' fallback for parameter name resolution. Compile the affected code with '-parameters' instead or avoid its introspection: com.garamgaebi.GaramgaebiServer.domain.ice_breaking.repository.GameRepository 
2023-05-16 13:44:43.417 [main] WARN  [JpaBaseConfiguration$JpaWebConfiguration:227] : spring.jpa.open-in-view is enabled by default. Therefore, database queries may be performed during view rendering. Explicitly configure spring.jpa.open-in-view to disable this warning 
2023-05-16 13:44:46.910 [main] WARN  [ThymeleafAutoConfiguration$DefaultTemplateResolverConfiguration:101] : Cannot find template location: classpath:/templates/ (please add some templates, check your Thymeleaf configuration, or set spring.thymeleaf.check-template-location=false) 
2023-05-16 13:44:48.260 [SpringApplicationShutdownHook] WARN  [SqlExceptionHelper:133] : SQL Error: 90121, SQLState: 90121 
2023-05-16 13:44:48.263 [SpringApplicationShutdownHook] WARN  [SqlExceptionHelper:133] : SQL Error: 90121, SQLState: 90121 
2023-05-16 13:44:48.264 [SpringApplicationShutdownHook] WARN  [DisposableBeanAdapter:208] : Invocation of destroy method failed on bean with name 'entityManagerFactory': org.hibernate.exception.JDBCConnectionException: Unable to release JDBC Connection used for DDL execution 
2023-05-16 13:48:46.296 [main] WARN  [DuplicateJsonObjectContextCustomizerFactory$DuplicateJsonObjectContextCustomizer:78] : 

Found multiple occurrences of org.json.JSONObject on the class path:

	jar:file:/C:/Users/염석천/.gradle/caches/modules-2/files-2.1/org.json/json/20220924/5aa95e7688f76c664af205c5937620f02688dfbc/json-20220924.jar!/org/json/JSONObject.class
	jar:file:/C:/Users/염석천/.gradle/caches/modules-2/files-2.1/com.vaadin.external.google/android-json/0.0.20131108.vaadin1/fa26d351fe62a6a17f5cda1287c1c6110dec413f/android-json-0.0.20131108.vaadin1.jar!/org/json/JSONObject.class

You may wish to exclude one of them to ensure predictable runtime behavior
 
2023-05-16 13:48:51.005 [main] WARN  [deprecation:626] : HHH90000021: Encountered deprecated setting [javax.persistence.sharedCache.mode], use [jakarta.persistence.sharedCache.mode] instead 
2023-05-16 13:48:54.347 [main] WARN  [LocalVariableTableParameterNameDiscoverer:123] : Using deprecated '-debug' fallback for parameter name resolution. Compile the affected code with '-parameters' instead or avoid its introspection: com.garamgaebi.GaramgaebiServer.domain.ice_breaking.repository.ProgramGameroomRepository 
2023-05-16 13:48:54.816 [main] WARN  [LocalVariableTableParameterNameDiscoverer:123] : Using deprecated '-debug' fallback for parameter name resolution. Compile the affected code with '-parameters' instead or avoid its introspection: com.garamgaebi.GaramgaebiServer.domain.ice_breaking.repository.GameRoomMemberRepository 
2023-05-16 13:48:54.859 [main] WARN  [LocalVariableTableParameterNameDiscoverer:123] : Using deprecated '-debug' fallback for parameter name resolution. Compile the affected code with '-parameters' instead or avoid its introspection: com.garamgaebi.GaramgaebiServer.domain.member.repository.MemberRepository 
2023-05-16 13:48:55.711 [main] WARN  [LocalVariableTableParameterNameDiscoverer:123] : Using deprecated '-debug' fallback for parameter name resolution. Compile the affected code with '-parameters' instead or avoid its introspection: com.garamgaebi.GaramgaebiServer.domain.apply.repository.ApplyRepository 
2023-05-16 13:48:55.915 [main] WARN  [LocalVariableTableParameterNameDiscoverer:123] : Using deprecated '-debug' fallback for parameter name resolution. Compile the affected code with '-parameters' instead or avoid its introspection: com.garamgaebi.GaramgaebiServer.domain.program.repository.ProgramRepository 
2023-05-16 13:48:56.665 [main] WARN  [LocalVariableTableParameterNameDiscoverer:123] : Using deprecated '-debug' fallback for parameter name resolution. Compile the affected code with '-parameters' instead or avoid its introspection: com.garamgaebi.GaramgaebiServer.domain.member.repository.MemberRolesRepository 
2023-05-16 13:48:56.744 [main] WARN  [LocalVariableTableParameterNameDiscoverer:123] : Using deprecated '-debug' fallback for parameter name resolution. Compile the affected code with '-parameters' instead or avoid its introspection: com.garamgaebi.GaramgaebiServer.domain.notification.repository.MemberNotificationRepository 
2023-05-16 13:48:56.769 [main] WARN  [LocalVariableTableParameterNameDiscoverer:123] : Using deprecated '-debug' fallback for parameter name resolution. Compile the affected code with '-parameters' instead or avoid its introspection: com.garamgaebi.GaramgaebiServer.domain.notification.repository.NotificationRepository 
2023-05-16 13:48:57.059 [main] WARN  [LocalVariableTableParameterNameDiscoverer:123] : Using deprecated '-debug' fallback for parameter name resolution. Compile the affected code with '-parameters' instead or avoid its introspection: com.garamgaebi.GaramgaebiServer.global.security.SecurityConfig 
2023-05-16 13:48:57.315 [main] WARN  [LocalVariableTableParameterNameDiscoverer:123] : Using deprecated '-debug' fallback for parameter name resolution. Compile the affected code with '-parameters' instead or avoid its introspection: com.garamgaebi.GaramgaebiServer.domain.ice_breaking.repository.GameRepository 
2023-05-16 13:48:57.741 [main] WARN  [JpaBaseConfiguration$JpaWebConfiguration:227] : spring.jpa.open-in-view is enabled by default. Therefore, database queries may be performed during view rendering. Explicitly configure spring.jpa.open-in-view to disable this warning 
2023-05-16 13:49:00.957 [main] WARN  [ThymeleafAutoConfiguration$DefaultTemplateResolverConfiguration:101] : Cannot find template location: classpath:/templates/ (please add some templates, check your Thymeleaf configuration, or set spring.thymeleaf.check-template-location=false) 
2023-05-16 13:49:02.238 [SpringApplicationShutdownHook] WARN  [SqlExceptionHelper:133] : SQL Error: 90121, SQLState: 90121 
2023-05-16 13:49:02.241 [SpringApplicationShutdownHook] WARN  [SqlExceptionHelper:133] : SQL Error: 90121, SQLState: 90121 
2023-05-16 13:49:02.242 [SpringApplicationShutdownHook] WARN  [DisposableBeanAdapter:208] : Invocation of destroy method failed on bean with name 'entityManagerFactory': org.hibernate.exception.JDBCConnectionException: Unable to release JDBC Connection used for DDL execution 
2023-05-16 13:50:48.748 [main] WARN  [DuplicateJsonObjectContextCustomizerFactory$DuplicateJsonObjectContextCustomizer:78] : 

Found multiple occurrences of org.json.JSONObject on the class path:

	jar:file:/C:/Users/염석천/.gradle/caches/modules-2/files-2.1/org.json/json/20220924/5aa95e7688f76c664af205c5937620f02688dfbc/json-20220924.jar!/org/json/JSONObject.class
	jar:file:/C:/Users/염석천/.gradle/caches/modules-2/files-2.1/com.vaadin.external.google/android-json/0.0.20131108.vaadin1/fa26d351fe62a6a17f5cda1287c1c6110dec413f/android-json-0.0.20131108.vaadin1.jar!/org/json/JSONObject.class

You may wish to exclude one of them to ensure predictable runtime behavior
 
2023-05-16 13:50:56.316 [main] WARN  [deprecation:626] : HHH90000021: Encountered deprecated setting [javax.persistence.sharedCache.mode], use [jakarta.persistence.sharedCache.mode] instead 
2023-05-16 13:50:58.786 [main] WARN  [LocalVariableTableParameterNameDiscoverer:123] : Using deprecated '-debug' fallback for parameter name resolution. Compile the affected code with '-parameters' instead or avoid its introspection: com.garamgaebi.GaramgaebiServer.domain.ice_breaking.repository.ProgramGameroomRepository 
2023-05-16 13:50:59.244 [main] WARN  [LocalVariableTableParameterNameDiscoverer:123] : Using deprecated '-debug' fallback for parameter name resolution. Compile the affected code with '-parameters' instead or avoid its introspection: com.garamgaebi.GaramgaebiServer.domain.ice_breaking.repository.GameRoomMemberRepository 
2023-05-16 13:50:59.289 [main] WARN  [LocalVariableTableParameterNameDiscoverer:123] : Using deprecated '-debug' fallback for parameter name resolution. Compile the affected code with '-parameters' instead or avoid its introspection: com.garamgaebi.GaramgaebiServer.domain.member.repository.MemberRepository 
2023-05-16 13:51:00.188 [main] WARN  [LocalVariableTableParameterNameDiscoverer:123] : Using deprecated '-debug' fallback for parameter name resolution. Compile the affected code with '-parameters' instead or avoid its introspection: com.garamgaebi.GaramgaebiServer.domain.apply.repository.ApplyRepository 
2023-05-16 13:51:00.373 [main] WARN  [LocalVariableTableParameterNameDiscoverer:123] : Using deprecated '-debug' fallback for parameter name resolution. Compile the affected code with '-parameters' instead or avoid its introspection: com.garamgaebi.GaramgaebiServer.domain.program.repository.ProgramRepository 
2023-05-16 13:51:01.152 [main] WARN  [LocalVariableTableParameterNameDiscoverer:123] : Using deprecated '-debug' fallback for parameter name resolution. Compile the affected code with '-parameters' instead or avoid its introspection: com.garamgaebi.GaramgaebiServer.domain.member.repository.MemberRolesRepository 
2023-05-16 13:51:01.245 [main] WARN  [LocalVariableTableParameterNameDiscoverer:123] : Using deprecated '-debug' fallback for parameter name resolution. Compile the affected code with '-parameters' instead or avoid its introspection: com.garamgaebi.GaramgaebiServer.domain.notification.repository.MemberNotificationRepository 
2023-05-16 13:51:01.269 [main] WARN  [LocalVariableTableParameterNameDiscoverer:123] : Using deprecated '-debug' fallback for parameter name resolution. Compile the affected code with '-parameters' instead or avoid its introspection: com.garamgaebi.GaramgaebiServer.domain.notification.repository.NotificationRepository 
2023-05-16 13:51:01.543 [main] WARN  [LocalVariableTableParameterNameDiscoverer:123] : Using deprecated '-debug' fallback for parameter name resolution. Compile the affected code with '-parameters' instead or avoid its introspection: com.garamgaebi.GaramgaebiServer.global.security.SecurityConfig 
2023-05-16 13:51:01.779 [main] WARN  [LocalVariableTableParameterNameDiscoverer:123] : Using deprecated '-debug' fallback for parameter name resolution. Compile the affected code with '-parameters' instead or avoid its introspection: com.garamgaebi.GaramgaebiServer.domain.ice_breaking.repository.GameRepository 
2023-05-16 13:51:02.123 [main] WARN  [JpaBaseConfiguration$JpaWebConfiguration:227] : spring.jpa.open-in-view is enabled by default. Therefore, database queries may be performed during view rendering. Explicitly configure spring.jpa.open-in-view to disable this warning 
2023-05-16 13:51:05.103 [main] WARN  [ThymeleafAutoConfiguration$DefaultTemplateResolverConfiguration:101] : Cannot find template location: classpath:/templates/ (please add some templates, check your Thymeleaf configuration, or set spring.thymeleaf.check-template-location=false) 
2023-05-16 13:51:06.305 [SpringApplicationShutdownHook] WARN  [SqlExceptionHelper:133] : SQL Error: 90121, SQLState: 90121 
2023-05-16 13:51:06.308 [SpringApplicationShutdownHook] WARN  [SqlExceptionHelper:133] : SQL Error: 90121, SQLState: 90121 
2023-05-16 13:51:06.310 [SpringApplicationShutdownHook] WARN  [DisposableBeanAdapter:208] : Invocation of destroy method failed on bean with name 'entityManagerFactory': org.hibernate.exception.JDBCConnectionException: Unable to release JDBC Connection used for DDL execution 
2023-05-16 13:52:18.302 [main] WARN  [DuplicateJsonObjectContextCustomizerFactory$DuplicateJsonObjectContextCustomizer:78] : 

Found multiple occurrences of org.json.JSONObject on the class path:

	jar:file:/C:/Users/염석천/.gradle/caches/modules-2/files-2.1/org.json/json/20220924/5aa95e7688f76c664af205c5937620f02688dfbc/json-20220924.jar!/org/json/JSONObject.class
	jar:file:/C:/Users/염석천/.gradle/caches/modules-2/files-2.1/com.vaadin.external.google/android-json/0.0.20131108.vaadin1/fa26d351fe62a6a17f5cda1287c1c6110dec413f/android-json-0.0.20131108.vaadin1.jar!/org/json/JSONObject.class

You may wish to exclude one of them to ensure predictable runtime behavior
 
2023-05-16 13:52:23.052 [main] WARN  [deprecation:626] : HHH90000021: Encountered deprecated setting [javax.persistence.sharedCache.mode], use [jakarta.persistence.sharedCache.mode] instead 
2023-05-16 13:52:25.562 [main] WARN  [LocalVariableTableParameterNameDiscoverer:123] : Using deprecated '-debug' fallback for parameter name resolution. Compile the affected code with '-parameters' instead or avoid its introspection: com.garamgaebi.GaramgaebiServer.domain.ice_breaking.repository.ProgramGameroomRepository 
2023-05-16 13:52:26.014 [main] WARN  [LocalVariableTableParameterNameDiscoverer:123] : Using deprecated '-debug' fallback for parameter name resolution. Compile the affected code with '-parameters' instead or avoid its introspection: com.garamgaebi.GaramgaebiServer.domain.ice_breaking.repository.GameRoomMemberRepository 
2023-05-16 13:52:26.060 [main] WARN  [LocalVariableTableParameterNameDiscoverer:123] : Using deprecated '-debug' fallback for parameter name resolution. Compile the affected code with '-parameters' instead or avoid its introspection: com.garamgaebi.GaramgaebiServer.domain.member.repository.MemberRepository 
2023-05-16 13:52:26.969 [main] WARN  [LocalVariableTableParameterNameDiscoverer:123] : Using deprecated '-debug' fallback for parameter name resolution. Compile the affected code with '-parameters' instead or avoid its introspection: com.garamgaebi.GaramgaebiServer.domain.apply.repository.ApplyRepository 
2023-05-16 13:52:27.142 [main] WARN  [LocalVariableTableParameterNameDiscoverer:123] : Using deprecated '-debug' fallback for parameter name resolution. Compile the affected code with '-parameters' instead or avoid its introspection: com.garamgaebi.GaramgaebiServer.domain.program.repository.ProgramRepository 
2023-05-16 13:52:27.925 [main] WARN  [LocalVariableTableParameterNameDiscoverer:123] : Using deprecated '-debug' fallback for parameter name resolution. Compile the affected code with '-parameters' instead or avoid its introspection: com.garamgaebi.GaramgaebiServer.domain.member.repository.MemberRolesRepository 
2023-05-16 13:52:28.012 [main] WARN  [LocalVariableTableParameterNameDiscoverer:123] : Using deprecated '-debug' fallback for parameter name resolution. Compile the affected code with '-parameters' instead or avoid its introspection: com.garamgaebi.GaramgaebiServer.domain.notification.repository.MemberNotificationRepository 
2023-05-16 13:52:28.056 [main] WARN  [LocalVariableTableParameterNameDiscoverer:123] : Using deprecated '-debug' fallback for parameter name resolution. Compile the affected code with '-parameters' instead or avoid its introspection: com.garamgaebi.GaramgaebiServer.domain.notification.repository.NotificationRepository 
2023-05-16 13:52:28.440 [main] WARN  [LocalVariableTableParameterNameDiscoverer:123] : Using deprecated '-debug' fallback for parameter name resolution. Compile the affected code with '-parameters' instead or avoid its introspection: com.garamgaebi.GaramgaebiServer.global.security.SecurityConfig 
2023-05-16 13:52:28.818 [main] WARN  [LocalVariableTableParameterNameDiscoverer:123] : Using deprecated '-debug' fallback for parameter name resolution. Compile the affected code with '-parameters' instead or avoid its introspection: com.garamgaebi.GaramgaebiServer.domain.ice_breaking.repository.GameRepository 
2023-05-16 13:52:29.211 [main] WARN  [JpaBaseConfiguration$JpaWebConfiguration:227] : spring.jpa.open-in-view is enabled by default. Therefore, database queries may be performed during view rendering. Explicitly configure spring.jpa.open-in-view to disable this warning 
2023-05-16 13:52:32.339 [main] WARN  [ThymeleafAutoConfiguration$DefaultTemplateResolverConfiguration:101] : Cannot find template location: classpath:/templates/ (please add some templates, check your Thymeleaf configuration, or set spring.thymeleaf.check-template-location=false) 
2023-05-16 13:52:33.653 [SpringApplicationShutdownHook] WARN  [SqlExceptionHelper:133] : SQL Error: 90121, SQLState: 90121 
2023-05-16 13:52:33.657 [SpringApplicationShutdownHook] WARN  [SqlExceptionHelper:133] : SQL Error: 90121, SQLState: 90121 
2023-05-16 13:52:33.658 [SpringApplicationShutdownHook] WARN  [DisposableBeanAdapter:208] : Invocation of destroy method failed on bean with name 'entityManagerFactory': org.hibernate.exception.JDBCConnectionException: Unable to release JDBC Connection used for DDL execution 
2023-05-16 13:53:05.214 [main] WARN  [DuplicateJsonObjectContextCustomizerFactory$DuplicateJsonObjectContextCustomizer:78] : 

Found multiple occurrences of org.json.JSONObject on the class path:

	jar:file:/C:/Users/염석천/.gradle/caches/modules-2/files-2.1/org.json/json/20220924/5aa95e7688f76c664af205c5937620f02688dfbc/json-20220924.jar!/org/json/JSONObject.class
	jar:file:/C:/Users/염석천/.gradle/caches/modules-2/files-2.1/com.vaadin.external.google/android-json/0.0.20131108.vaadin1/fa26d351fe62a6a17f5cda1287c1c6110dec413f/android-json-0.0.20131108.vaadin1.jar!/org/json/JSONObject.class

You may wish to exclude one of them to ensure predictable runtime behavior
 
2023-05-16 13:53:09.726 [main] WARN  [deprecation:626] : HHH90000021: Encountered deprecated setting [javax.persistence.sharedCache.mode], use [jakarta.persistence.sharedCache.mode] instead 
2023-05-16 13:53:12.197 [main] WARN  [LocalVariableTableParameterNameDiscoverer:123] : Using deprecated '-debug' fallback for parameter name resolution. Compile the affected code with '-parameters' instead or avoid its introspection: com.garamgaebi.GaramgaebiServer.domain.ice_breaking.repository.ProgramGameroomRepository 
2023-05-16 13:53:12.634 [main] WARN  [LocalVariableTableParameterNameDiscoverer:123] : Using deprecated '-debug' fallback for parameter name resolution. Compile the affected code with '-parameters' instead or avoid its introspection: com.garamgaebi.GaramgaebiServer.domain.ice_breaking.repository.GameRoomMemberRepository 
2023-05-16 13:53:12.673 [main] WARN  [LocalVariableTableParameterNameDiscoverer:123] : Using deprecated '-debug' fallback for parameter name resolution. Compile the affected code with '-parameters' instead or avoid its introspection: com.garamgaebi.GaramgaebiServer.domain.member.repository.MemberRepository 
2023-05-16 13:53:13.545 [main] WARN  [LocalVariableTableParameterNameDiscoverer:123] : Using deprecated '-debug' fallback for parameter name resolution. Compile the affected code with '-parameters' instead or avoid its introspection: com.garamgaebi.GaramgaebiServer.domain.apply.repository.ApplyRepository 
2023-05-16 13:53:13.698 [main] WARN  [LocalVariableTableParameterNameDiscoverer:123] : Using deprecated '-debug' fallback for parameter name resolution. Compile the affected code with '-parameters' instead or avoid its introspection: com.garamgaebi.GaramgaebiServer.domain.program.repository.ProgramRepository 
2023-05-16 13:53:14.415 [main] WARN  [LocalVariableTableParameterNameDiscoverer:123] : Using deprecated '-debug' fallback for parameter name resolution. Compile the affected code with '-parameters' instead or avoid its introspection: com.garamgaebi.GaramgaebiServer.domain.member.repository.MemberRolesRepository 
2023-05-16 13:53:14.489 [main] WARN  [LocalVariableTableParameterNameDiscoverer:123] : Using deprecated '-debug' fallback for parameter name resolution. Compile the affected code with '-parameters' instead or avoid its introspection: com.garamgaebi.GaramgaebiServer.domain.notification.repository.MemberNotificationRepository 
2023-05-16 13:53:14.511 [main] WARN  [LocalVariableTableParameterNameDiscoverer:123] : Using deprecated '-debug' fallback for parameter name resolution. Compile the affected code with '-parameters' instead or avoid its introspection: com.garamgaebi.GaramgaebiServer.domain.notification.repository.NotificationRepository 
2023-05-16 13:53:14.790 [main] WARN  [LocalVariableTableParameterNameDiscoverer:123] : Using deprecated '-debug' fallback for parameter name resolution. Compile the affected code with '-parameters' instead or avoid its introspection: com.garamgaebi.GaramgaebiServer.global.security.SecurityConfig 
2023-05-16 13:53:15.034 [main] WARN  [LocalVariableTableParameterNameDiscoverer:123] : Using deprecated '-debug' fallback for parameter name resolution. Compile the affected code with '-parameters' instead or avoid its introspection: com.garamgaebi.GaramgaebiServer.domain.ice_breaking.repository.GameRepository 
2023-05-16 13:53:15.387 [main] WARN  [JpaBaseConfiguration$JpaWebConfiguration:227] : spring.jpa.open-in-view is enabled by default. Therefore, database queries may be performed during view rendering. Explicitly configure spring.jpa.open-in-view to disable this warning 
2023-05-16 13:53:18.672 [main] WARN  [ThymeleafAutoConfiguration$DefaultTemplateResolverConfiguration:101] : Cannot find template location: classpath:/templates/ (please add some templates, check your Thymeleaf configuration, or set spring.thymeleaf.check-template-location=false) 
2023-05-16 13:53:19.968 [SpringApplicationShutdownHook] WARN  [SqlExceptionHelper:133] : SQL Error: 90121, SQLState: 90121 
2023-05-16 13:53:19.970 [SpringApplicationShutdownHook] WARN  [SqlExceptionHelper:133] : SQL Error: 90121, SQLState: 90121 
2023-05-16 13:53:19.971 [SpringApplicationShutdownHook] WARN  [DisposableBeanAdapter:208] : Invocation of destroy method failed on bean with name 'entityManagerFactory': org.hibernate.exception.JDBCConnectionException: Unable to release JDBC Connection used for DDL execution 
2023-05-16 13:56:48.277 [main] WARN  [DuplicateJsonObjectContextCustomizerFactory$DuplicateJsonObjectContextCustomizer:78] : 

Found multiple occurrences of org.json.JSONObject on the class path:

	jar:file:/C:/Users/염석천/.gradle/caches/modules-2/files-2.1/org.json/json/20220924/5aa95e7688f76c664af205c5937620f02688dfbc/json-20220924.jar!/org/json/JSONObject.class
	jar:file:/C:/Users/염석천/.gradle/caches/modules-2/files-2.1/com.vaadin.external.google/android-json/0.0.20131108.vaadin1/fa26d351fe62a6a17f5cda1287c1c6110dec413f/android-json-0.0.20131108.vaadin1.jar!/org/json/JSONObject.class

You may wish to exclude one of them to ensure predictable runtime behavior
 
2023-05-16 13:56:53.416 [main] WARN  [deprecation:626] : HHH90000021: Encountered deprecated setting [javax.persistence.sharedCache.mode], use [jakarta.persistence.sharedCache.mode] instead 
2023-05-16 13:56:55.982 [main] WARN  [LocalVariableTableParameterNameDiscoverer:123] : Using deprecated '-debug' fallback for parameter name resolution. Compile the affected code with '-parameters' instead or avoid its introspection: com.garamgaebi.GaramgaebiServer.domain.ice_breaking.repository.ProgramGameroomRepository 
2023-05-16 13:56:56.423 [main] WARN  [LocalVariableTableParameterNameDiscoverer:123] : Using deprecated '-debug' fallback for parameter name resolution. Compile the affected code with '-parameters' instead or avoid its introspection: com.garamgaebi.GaramgaebiServer.domain.ice_breaking.repository.GameRoomMemberRepository 
2023-05-16 13:56:56.467 [main] WARN  [LocalVariableTableParameterNameDiscoverer:123] : Using deprecated '-debug' fallback for parameter name resolution. Compile the affected code with '-parameters' instead or avoid its introspection: com.garamgaebi.GaramgaebiServer.domain.member.repository.MemberRepository 
2023-05-16 13:56:57.395 [main] WARN  [LocalVariableTableParameterNameDiscoverer:123] : Using deprecated '-debug' fallback for parameter name resolution. Compile the affected code with '-parameters' instead or avoid its introspection: com.garamgaebi.GaramgaebiServer.domain.apply.repository.ApplyRepository 
2023-05-16 13:56:57.535 [main] WARN  [LocalVariableTableParameterNameDiscoverer:123] : Using deprecated '-debug' fallback for parameter name resolution. Compile the affected code with '-parameters' instead or avoid its introspection: com.garamgaebi.GaramgaebiServer.domain.program.repository.ProgramRepository 
2023-05-16 13:56:58.328 [main] WARN  [LocalVariableTableParameterNameDiscoverer:123] : Using deprecated '-debug' fallback for parameter name resolution. Compile the affected code with '-parameters' instead or avoid its introspection: com.garamgaebi.GaramgaebiServer.domain.member.repository.MemberRolesRepository 
2023-05-16 13:56:58.412 [main] WARN  [LocalVariableTableParameterNameDiscoverer:123] : Using deprecated '-debug' fallback for parameter name resolution. Compile the affected code with '-parameters' instead or avoid its introspection: com.garamgaebi.GaramgaebiServer.domain.notification.repository.MemberNotificationRepository 
2023-05-16 13:56:58.444 [main] WARN  [LocalVariableTableParameterNameDiscoverer:123] : Using deprecated '-debug' fallback for parameter name resolution. Compile the affected code with '-parameters' instead or avoid its introspection: com.garamgaebi.GaramgaebiServer.domain.notification.repository.NotificationRepository 
2023-05-16 13:56:58.762 [main] WARN  [LocalVariableTableParameterNameDiscoverer:123] : Using deprecated '-debug' fallback for parameter name resolution. Compile the affected code with '-parameters' instead or avoid its introspection: com.garamgaebi.GaramgaebiServer.global.security.SecurityConfig 
2023-05-16 13:56:58.995 [main] WARN  [LocalVariableTableParameterNameDiscoverer:123] : Using deprecated '-debug' fallback for parameter name resolution. Compile the affected code with '-parameters' instead or avoid its introspection: com.garamgaebi.GaramgaebiServer.domain.ice_breaking.repository.GameRepository 
2023-05-16 13:56:59.361 [main] WARN  [JpaBaseConfiguration$JpaWebConfiguration:227] : spring.jpa.open-in-view is enabled by default. Therefore, database queries may be performed during view rendering. Explicitly configure spring.jpa.open-in-view to disable this warning 
2023-05-16 13:57:02.426 [main] WARN  [ThymeleafAutoConfiguration$DefaultTemplateResolverConfiguration:101] : Cannot find template location: classpath:/templates/ (please add some templates, check your Thymeleaf configuration, or set spring.thymeleaf.check-template-location=false) 
2023-05-16 13:57:03.553 [SpringApplicationShutdownHook] WARN  [SqlExceptionHelper:133] : SQL Error: 90121, SQLState: 90121 
2023-05-16 13:57:03.556 [SpringApplicationShutdownHook] WARN  [SqlExceptionHelper:133] : SQL Error: 90121, SQLState: 90121 
2023-05-16 13:57:03.557 [SpringApplicationShutdownHook] WARN  [DisposableBeanAdapter:208] : Invocation of destroy method failed on bean with name 'entityManagerFactory': org.hibernate.exception.JDBCConnectionException: Unable to release JDBC Connection used for DDL execution 
2023-05-16 13:58:11.141 [main] WARN  [DuplicateJsonObjectContextCustomizerFactory$DuplicateJsonObjectContextCustomizer:78] : 

Found multiple occurrences of org.json.JSONObject on the class path:

	jar:file:/C:/Users/염석천/.gradle/caches/modules-2/files-2.1/org.json/json/20220924/5aa95e7688f76c664af205c5937620f02688dfbc/json-20220924.jar!/org/json/JSONObject.class
	jar:file:/C:/Users/염석천/.gradle/caches/modules-2/files-2.1/com.vaadin.external.google/android-json/0.0.20131108.vaadin1/fa26d351fe62a6a17f5cda1287c1c6110dec413f/android-json-0.0.20131108.vaadin1.jar!/org/json/JSONObject.class

You may wish to exclude one of them to ensure predictable runtime behavior
 
2023-05-16 13:58:15.650 [main] WARN  [deprecation:626] : HHH90000021: Encountered deprecated setting [javax.persistence.sharedCache.mode], use [jakarta.persistence.sharedCache.mode] instead 
2023-05-16 13:58:18.149 [main] WARN  [LocalVariableTableParameterNameDiscoverer:123] : Using deprecated '-debug' fallback for parameter name resolution. Compile the affected code with '-parameters' instead or avoid its introspection: com.garamgaebi.GaramgaebiServer.domain.ice_breaking.repository.ProgramGameroomRepository 
2023-05-16 13:58:18.579 [main] WARN  [LocalVariableTableParameterNameDiscoverer:123] : Using deprecated '-debug' fallback for parameter name resolution. Compile the affected code with '-parameters' instead or avoid its introspection: com.garamgaebi.GaramgaebiServer.domain.ice_breaking.repository.GameRoomMemberRepository 
2023-05-16 13:58:18.619 [main] WARN  [LocalVariableTableParameterNameDiscoverer:123] : Using deprecated '-debug' fallback for parameter name resolution. Compile the affected code with '-parameters' instead or avoid its introspection: com.garamgaebi.GaramgaebiServer.domain.member.repository.MemberRepository 
2023-05-16 13:58:19.486 [main] WARN  [LocalVariableTableParameterNameDiscoverer:123] : Using deprecated '-debug' fallback for parameter name resolution. Compile the affected code with '-parameters' instead or avoid its introspection: com.garamgaebi.GaramgaebiServer.domain.apply.repository.ApplyRepository 
2023-05-16 13:58:19.658 [main] WARN  [LocalVariableTableParameterNameDiscoverer:123] : Using deprecated '-debug' fallback for parameter name resolution. Compile the affected code with '-parameters' instead or avoid its introspection: com.garamgaebi.GaramgaebiServer.domain.program.repository.ProgramRepository 
2023-05-16 13:58:20.417 [main] WARN  [LocalVariableTableParameterNameDiscoverer:123] : Using deprecated '-debug' fallback for parameter name resolution. Compile the affected code with '-parameters' instead or avoid its introspection: com.garamgaebi.GaramgaebiServer.domain.member.repository.MemberRolesRepository 
2023-05-16 13:58:20.500 [main] WARN  [LocalVariableTableParameterNameDiscoverer:123] : Using deprecated '-debug' fallback for parameter name resolution. Compile the affected code with '-parameters' instead or avoid its introspection: com.garamgaebi.GaramgaebiServer.domain.notification.repository.MemberNotificationRepository 
2023-05-16 13:58:20.526 [main] WARN  [LocalVariableTableParameterNameDiscoverer:123] : Using deprecated '-debug' fallback for parameter name resolution. Compile the affected code with '-parameters' instead or avoid its introspection: com.garamgaebi.GaramgaebiServer.domain.notification.repository.NotificationRepository 
2023-05-16 13:58:20.861 [main] WARN  [LocalVariableTableParameterNameDiscoverer:123] : Using deprecated '-debug' fallback for parameter name resolution. Compile the affected code with '-parameters' instead or avoid its introspection: com.garamgaebi.GaramgaebiServer.global.security.SecurityConfig 
2023-05-16 13:58:21.158 [main] WARN  [LocalVariableTableParameterNameDiscoverer:123] : Using deprecated '-debug' fallback for parameter name resolution. Compile the affected code with '-parameters' instead or avoid its introspection: com.garamgaebi.GaramgaebiServer.domain.ice_breaking.repository.GameRepository 
2023-05-16 13:58:21.531 [main] WARN  [JpaBaseConfiguration$JpaWebConfiguration:227] : spring.jpa.open-in-view is enabled by default. Therefore, database queries may be performed during view rendering. Explicitly configure spring.jpa.open-in-view to disable this warning 
2023-05-16 13:58:25.087 [main] WARN  [ThymeleafAutoConfiguration$DefaultTemplateResolverConfiguration:101] : Cannot find template location: classpath:/templates/ (please add some templates, check your Thymeleaf configuration, or set spring.thymeleaf.check-template-location=false) 
2023-05-16 13:58:26.409 [SpringApplicationShutdownHook] WARN  [SqlExceptionHelper:133] : SQL Error: 90121, SQLState: 90121 
2023-05-16 13:58:26.412 [SpringApplicationShutdownHook] WARN  [SqlExceptionHelper:133] : SQL Error: 90121, SQLState: 90121 
2023-05-16 13:58:26.414 [SpringApplicationShutdownHook] WARN  [DisposableBeanAdapter:208] : Invocation of destroy method failed on bean with name 'entityManagerFactory': org.hibernate.exception.JDBCConnectionException: Unable to release JDBC Connection used for DDL execution 
2023-05-16 13:58:48.104 [main] WARN  [DuplicateJsonObjectContextCustomizerFactory$DuplicateJsonObjectContextCustomizer:78] : 

Found multiple occurrences of org.json.JSONObject on the class path:

	jar:file:/C:/Users/염석천/.gradle/caches/modules-2/files-2.1/org.json/json/20220924/5aa95e7688f76c664af205c5937620f02688dfbc/json-20220924.jar!/org/json/JSONObject.class
	jar:file:/C:/Users/염석천/.gradle/caches/modules-2/files-2.1/com.vaadin.external.google/android-json/0.0.20131108.vaadin1/fa26d351fe62a6a17f5cda1287c1c6110dec413f/android-json-0.0.20131108.vaadin1.jar!/org/json/JSONObject.class

You may wish to exclude one of them to ensure predictable runtime behavior
 
2023-05-16 13:58:53.678 [main] WARN  [deprecation:626] : HHH90000021: Encountered deprecated setting [javax.persistence.sharedCache.mode], use [jakarta.persistence.sharedCache.mode] instead 
2023-05-16 13:58:56.562 [main] WARN  [LocalVariableTableParameterNameDiscoverer:123] : Using deprecated '-debug' fallback for parameter name resolution. Compile the affected code with '-parameters' instead or avoid its introspection: com.garamgaebi.GaramgaebiServer.domain.ice_breaking.repository.ProgramGameroomRepository 
2023-05-16 13:58:57.008 [main] WARN  [LocalVariableTableParameterNameDiscoverer:123] : Using deprecated '-debug' fallback for parameter name resolution. Compile the affected code with '-parameters' instead or avoid its introspection: com.garamgaebi.GaramgaebiServer.domain.ice_breaking.repository.GameRoomMemberRepository 
2023-05-16 13:58:57.051 [main] WARN  [LocalVariableTableParameterNameDiscoverer:123] : Using deprecated '-debug' fallback for parameter name resolution. Compile the affected code with '-parameters' instead or avoid its introspection: com.garamgaebi.GaramgaebiServer.domain.member.repository.MemberRepository 
2023-05-16 13:58:57.959 [main] WARN  [LocalVariableTableParameterNameDiscoverer:123] : Using deprecated '-debug' fallback for parameter name resolution. Compile the affected code with '-parameters' instead or avoid its introspection: com.garamgaebi.GaramgaebiServer.domain.apply.repository.ApplyRepository 
2023-05-16 13:58:58.131 [main] WARN  [LocalVariableTableParameterNameDiscoverer:123] : Using deprecated '-debug' fallback for parameter name resolution. Compile the affected code with '-parameters' instead or avoid its introspection: com.garamgaebi.GaramgaebiServer.domain.program.repository.ProgramRepository 
2023-05-16 13:58:58.901 [main] WARN  [LocalVariableTableParameterNameDiscoverer:123] : Using deprecated '-debug' fallback for parameter name resolution. Compile the affected code with '-parameters' instead or avoid its introspection: com.garamgaebi.GaramgaebiServer.domain.member.repository.MemberRolesRepository 
2023-05-16 13:58:58.985 [main] WARN  [LocalVariableTableParameterNameDiscoverer:123] : Using deprecated '-debug' fallback for parameter name resolution. Compile the affected code with '-parameters' instead or avoid its introspection: com.garamgaebi.GaramgaebiServer.domain.notification.repository.MemberNotificationRepository 
2023-05-16 13:58:59.011 [main] WARN  [LocalVariableTableParameterNameDiscoverer:123] : Using deprecated '-debug' fallback for parameter name resolution. Compile the affected code with '-parameters' instead or avoid its introspection: com.garamgaebi.GaramgaebiServer.domain.notification.repository.NotificationRepository 
2023-05-16 13:58:59.317 [main] WARN  [LocalVariableTableParameterNameDiscoverer:123] : Using deprecated '-debug' fallback for parameter name resolution. Compile the affected code with '-parameters' instead or avoid its introspection: com.garamgaebi.GaramgaebiServer.global.security.SecurityConfig 
2023-05-16 13:58:59.552 [main] WARN  [LocalVariableTableParameterNameDiscoverer:123] : Using deprecated '-debug' fallback for parameter name resolution. Compile the affected code with '-parameters' instead or avoid its introspection: com.garamgaebi.GaramgaebiServer.domain.ice_breaking.repository.GameRepository 
2023-05-16 13:58:59.946 [main] WARN  [JpaBaseConfiguration$JpaWebConfiguration:227] : spring.jpa.open-in-view is enabled by default. Therefore, database queries may be performed during view rendering. Explicitly configure spring.jpa.open-in-view to disable this warning 
2023-05-16 13:59:04.128 [main] WARN  [ThymeleafAutoConfiguration$DefaultTemplateResolverConfiguration:101] : Cannot find template location: classpath:/templates/ (please add some templates, check your Thymeleaf configuration, or set spring.thymeleaf.check-template-location=false) 
2023-05-16 13:59:05.424 [SpringApplicationShutdownHook] WARN  [SqlExceptionHelper:133] : SQL Error: 90121, SQLState: 90121 
2023-05-16 13:59:05.426 [SpringApplicationShutdownHook] WARN  [SqlExceptionHelper:133] : SQL Error: 90121, SQLState: 90121 
2023-05-16 13:59:05.428 [SpringApplicationShutdownHook] WARN  [DisposableBeanAdapter:208] : Invocation of destroy method failed on bean with name 'entityManagerFactory': org.hibernate.exception.JDBCConnectionException: Unable to release JDBC Connection used for DDL execution 
