2023-05-13 19:08:48.851 [main] WARN  [DuplicateJsonObjectContextCustomizerFactory$DuplicateJsonObjectContextCustomizer:78] : 

Found multiple occurrences of org.json.JSONObject on the class path:

	jar:file:/C:/Users/염석천/.gradle/caches/modules-2/files-2.1/org.json/json/20220924/5aa95e7688f76c664af205c5937620f02688dfbc/json-20220924.jar!/org/json/JSONObject.class
	jar:file:/C:/Users/염석천/.gradle/caches/modules-2/files-2.1/com.vaadin.external.google/android-json/0.0.20131108.vaadin1/fa26d351fe62a6a17f5cda1287c1c6110dec413f/android-json-0.0.20131108.vaadin1.jar!/org/json/JSONObject.class

You may wish to exclude one of them to ensure predictable runtime behavior
 
2023-05-13 19:08:53.366 [main] WARN  [deprecation:626] : HHH90000021: Encountered deprecated setting [javax.persistence.sharedCache.mode], use [jakarta.persistence.sharedCache.mode] instead 
2023-05-13 19:08:53.947 [main] WARN  [JdbcEnvironmentInitiator:239] : HHH000342: Could not obtain connection to query metadata 
org.hibernate.boot.registry.selector.spi.StrategySelectionException: Unable to resolve name [org.hibernate.dialect.MySQL5InnoDBDialect] as strategy [org.hibernate.dialect.Dialect]
	at org.hibernate.boot.registry.selector.internal.StrategySelectorImpl.selectStrategyImplementor(StrategySelectorImpl.java:155)
	at org.hibernate.boot.registry.selector.internal.StrategySelectorImpl.resolveStrategy(StrategySelectorImpl.java:237)
	at org.hibernate.boot.registry.selector.internal.StrategySelectorImpl.resolveStrategy(StrategySelectorImpl.java:190)
	at org.hibernate.engine.jdbc.dialect.internal.DialectFactoryImpl.constructDialect(DialectFactoryImpl.java:96)
	at org.hibernate.engine.jdbc.dialect.internal.DialectFactoryImpl.buildDialect(DialectFactoryImpl.java:59)
	at org.hibernate.engine.jdbc.env.internal.JdbcEnvironmentInitiator.initiateService(JdbcEnvironmentInitiator.java:206)
	at org.hibernate.engine.jdbc.env.internal.JdbcEnvironmentInitiator.initiateService(JdbcEnvironmentInitiator.java:36)
	at org.hibernate.boot.registry.internal.StandardServiceRegistryImpl.initiateService(StandardServiceRegistryImpl.java:119)
	at org.hibernate.service.internal.AbstractServiceRegistryImpl.createService(AbstractServiceRegistryImpl.java:255)
	at org.hibernate.service.internal.AbstractServiceRegistryImpl.initializeService(AbstractServiceRegistryImpl.java:230)
	at org.hibernate.service.internal.AbstractServiceRegistryImpl.getService(AbstractServiceRegistryImpl.java:207)
	at org.hibernate.boot.model.relational.Database.<init>(Database.java:44)
	at org.hibernate.boot.internal.InFlightMetadataCollectorImpl.getDatabase(InFlightMetadataCollectorImpl.java:218)
	at org.hibernate.boot.internal.InFlightMetadataCollectorImpl.<init>(InFlightMetadataCollectorImpl.java:191)
	at org.hibernate.boot.model.process.spi.MetadataBuildingProcess.complete(MetadataBuildingProcess.java:138)
	at org.hibernate.jpa.boot.internal.EntityManagerFactoryBuilderImpl.metadata(EntityManagerFactoryBuilderImpl.java:1350)
	at org.hibernate.jpa.boot.internal.EntityManagerFactoryBuilderImpl.build(EntityManagerFactoryBuilderImpl.java:1421)
	at org.springframework.orm.jpa.vendor.SpringHibernateJpaPersistenceProvider.createContainerEntityManagerFactory(SpringHibernateJpaPersistenceProvider.java:66)
	at org.springframework.orm.jpa.LocalContainerEntityManagerFactoryBean.createNativeEntityManagerFactory(LocalContainerEntityManagerFactoryBean.java:376)
	at org.springframework.orm.jpa.AbstractEntityManagerFactoryBean.buildNativeEntityManagerFactory(AbstractEntityManagerFactoryBean.java:409)
	at org.springframework.orm.jpa.AbstractEntityManagerFactoryBean.afterPropertiesSet(AbstractEntityManagerFactoryBean.java:396)
	at org.springframework.orm.jpa.LocalContainerEntityManagerFactoryBean.afterPropertiesSet(LocalContainerEntityManagerFactoryBean.java:352)
	at org.springframework.beans.factory.support.AbstractAutowireCapableBeanFactory.invokeInitMethods(AbstractAutowireCapableBeanFactory.java:1797)
	at org.springframework.beans.factory.support.AbstractAutowireCapableBeanFactory.initializeBean(AbstractAutowireCapableBeanFactory.java:1747)
	at org.springframework.beans.factory.support.AbstractAutowireCapableBeanFactory.doCreateBean(AbstractAutowireCapableBeanFactory.java:599)
	at org.springframework.beans.factory.support.AbstractAutowireCapableBeanFactory.createBean(AbstractAutowireCapableBeanFactory.java:521)
	at org.springframework.beans.factory.support.AbstractBeanFactory.lambda$doGetBean$0(AbstractBeanFactory.java:326)
	at org.springframework.beans.factory.support.DefaultSingletonBeanRegistry.getSingleton(DefaultSingletonBeanRegistry.java:234)
	at org.springframework.beans.factory.support.AbstractBeanFactory.doGetBean(AbstractBeanFactory.java:324)
	at org.springframework.beans.factory.support.AbstractBeanFactory.getBean(AbstractBeanFactory.java:200)
	at org.springframework.context.support.AbstractApplicationContext.getBean(AbstractApplicationContext.java:1130)
	at org.springframework.context.support.AbstractApplicationContext.finishBeanFactoryInitialization(AbstractApplicationContext.java:905)
	at org.springframework.context.support.AbstractApplicationContext.refresh(AbstractApplicationContext.java:584)
	at org.springframework.boot.SpringApplication.refresh(SpringApplication.java:730)
	at org.springframework.boot.SpringApplication.refreshContext(SpringApplication.java:432)
	at org.springframework.boot.SpringApplication.run(SpringApplication.java:308)
	at org.springframework.boot.test.context.SpringBootContextLoader.lambda$loadContext$3(SpringBootContextLoader.java:137)
	at org.springframework.util.function.ThrowingSupplier.get(ThrowingSupplier.java:59)
	at org.springframework.util.function.ThrowingSupplier.get(ThrowingSupplier.java:47)
	at org.springframework.boot.SpringApplication.withHook(SpringApplication.java:1386)
	at org.springframework.boot.test.context.SpringBootContextLoader$ContextLoaderHook.run(SpringBootContextLoader.java:543)
	at org.springframework.boot.test.context.SpringBootContextLoader.loadContext(SpringBootContextLoader.java:137)
	at org.springframework.boot.test.context.SpringBootContextLoader.loadContext(SpringBootContextLoader.java:108)
	at org.springframework.test.context.cache.DefaultCacheAwareContextLoaderDelegate.loadContextInternal(DefaultCacheAwareContextLoaderDelegate.java:184)
	at org.springframework.test.context.cache.DefaultCacheAwareContextLoaderDelegate.loadContext(DefaultCacheAwareContextLoaderDelegate.java:118)
	at org.springframework.test.context.support.DefaultTestContext.getApplicationContext(DefaultTestContext.java:127)
	at org.springframework.test.context.web.ServletTestExecutionListener.setUpRequestContextIfNecessary(ServletTestExecutionListener.java:191)
	at org.springframework.test.context.web.ServletTestExecutionListener.prepareTestInstance(ServletTestExecutionListener.java:130)
	at org.springframework.test.context.TestContextManager.prepareTestInstance(TestContextManager.java:241)
	at org.springframework.test.context.junit.jupiter.SpringExtension.postProcessTestInstance(SpringExtension.java:138)
	at org.junit.jupiter.engine.descriptor.ClassBasedTestDescriptor.lambda$invokeTestInstancePostProcessors$10(ClassBasedTestDescriptor.java:377)
	at org.junit.jupiter.engine.descriptor.ClassBasedTestDescriptor.executeAndMaskThrowable(ClassBasedTestDescriptor.java:382)
	at org.junit.jupiter.engine.descriptor.ClassBasedTestDescriptor.lambda$invokeTestInstancePostProcessors$11(ClassBasedTestDescriptor.java:377)
	at java.base/java.util.stream.ReferencePipeline$3$1.accept(ReferencePipeline.java:197)
	at java.base/java.util.stream.ReferencePipeline$2$1.accept(ReferencePipeline.java:179)
	at java.base/java.util.ArrayList$ArrayListSpliterator.forEachRemaining(ArrayList.java:1625)
	at java.base/java.util.stream.AbstractPipeline.copyInto(AbstractPipeline.java:509)
	at java.base/java.util.stream.AbstractPipeline.wrapAndCopyInto(AbstractPipeline.java:499)
	at java.base/java.util.stream.StreamSpliterators$WrappingSpliterator.forEachRemaining(StreamSpliterators.java:310)
	at java.base/java.util.stream.Streams$ConcatSpliterator.forEachRemaining(Streams.java:735)
	at java.base/java.util.stream.Streams$ConcatSpliterator.forEachRemaining(Streams.java:734)
	at java.base/java.util.stream.ReferencePipeline$Head.forEach(ReferencePipeline.java:762)
	at org.junit.jupiter.engine.descriptor.ClassBasedTestDescriptor.invokeTestInstancePostProcessors(ClassBasedTestDescriptor.java:376)
	at org.junit.jupiter.engine.descriptor.ClassBasedTestDescriptor.lambda$instantiateAndPostProcessTestInstance$6(ClassBasedTestDescriptor.java:289)
	at org.junit.platform.engine.support.hierarchical.ThrowableCollector.execute(ThrowableCollector.java:73)
	at org.junit.jupiter.engine.descriptor.ClassBasedTestDescriptor.instantiateAndPostProcessTestInstance(ClassBasedTestDescriptor.java:288)
	at org.junit.jupiter.engine.descriptor.ClassBasedTestDescriptor.lambda$testInstancesProvider$4(ClassBasedTestDescriptor.java:278)
	at java.base/java.util.Optional.orElseGet(Optional.java:364)
	at org.junit.jupiter.engine.descriptor.ClassBasedTestDescriptor.lambda$testInstancesProvider$5(ClassBasedTestDescriptor.java:277)
	at org.junit.jupiter.engine.execution.TestInstancesProvider.getTestInstances(TestInstancesProvider.java:31)
	at org.junit.jupiter.engine.descriptor.TestMethodTestDescriptor.lambda$prepare$0(TestMethodTestDescriptor.java:105)
	at org.junit.platform.engine.support.hierarchical.ThrowableCollector.execute(ThrowableCollector.java:73)
	at org.junit.jupiter.engine.descriptor.TestMethodTestDescriptor.prepare(TestMethodTestDescriptor.java:104)
	at org.junit.jupiter.engine.descriptor.TestMethodTestDescriptor.prepare(TestMethodTestDescriptor.java:68)
	at org.junit.platform.engine.support.hierarchical.NodeTestTask.lambda$prepare$2(NodeTestTask.java:123)
	at org.junit.platform.engine.support.hierarchical.ThrowableCollector.execute(ThrowableCollector.java:73)
	at org.junit.platform.engine.support.hierarchical.NodeTestTask.prepare(NodeTestTask.java:123)
	at org.junit.platform.engine.support.hierarchical.NodeTestTask.execute(NodeTestTask.java:90)
	at java.base/java.util.ArrayList.forEach(ArrayList.java:1511)
	at org.junit.platform.engine.support.hierarchical.SameThreadHierarchicalTestExecutorService.invokeAll(SameThreadHierarchicalTestExecutorService.java:41)
	at org.junit.platform.engine.support.hierarchical.NodeTestTask.lambda$executeRecursively$6(NodeTestTask.java:155)
	at org.junit.platform.engine.support.hierarchical.ThrowableCollector.execute(ThrowableCollector.java:73)
	at org.junit.platform.engine.support.hierarchical.NodeTestTask.lambda$executeRecursively$8(NodeTestTask.java:141)
	at org.junit.platform.engine.support.hierarchical.Node.around(Node.java:137)
	at org.junit.platform.engine.support.hierarchical.NodeTestTask.lambda$executeRecursively$9(NodeTestTask.java:139)
	at org.junit.platform.engine.support.hierarchical.ThrowableCollector.execute(ThrowableCollector.java:73)
	at org.junit.platform.engine.support.hierarchical.NodeTestTask.executeRecursively(NodeTestTask.java:138)
	at org.junit.platform.engine.support.hierarchical.NodeTestTask.execute(NodeTestTask.java:95)
	at java.base/java.util.ArrayList.forEach(ArrayList.java:1511)
	at org.junit.platform.engine.support.hierarchical.SameThreadHierarchicalTestExecutorService.invokeAll(SameThreadHierarchicalTestExecutorService.java:41)
	at org.junit.platform.engine.support.hierarchical.NodeTestTask.lambda$executeRecursively$6(NodeTestTask.java:155)
	at org.junit.platform.engine.support.hierarchical.ThrowableCollector.execute(ThrowableCollector.java:73)
	at org.junit.platform.engine.support.hierarchical.NodeTestTask.lambda$executeRecursively$8(NodeTestTask.java:141)
	at org.junit.platform.engine.support.hierarchical.Node.around(Node.java:137)
	at org.junit.platform.engine.support.hierarchical.NodeTestTask.lambda$executeRecursively$9(NodeTestTask.java:139)
	at org.junit.platform.engine.support.hierarchical.ThrowableCollector.execute(ThrowableCollector.java:73)
	at org.junit.platform.engine.support.hierarchical.NodeTestTask.executeRecursively(NodeTestTask.java:138)
	at org.junit.platform.engine.support.hierarchical.NodeTestTask.execute(NodeTestTask.java:95)
	at org.junit.platform.engine.support.hierarchical.SameThreadHierarchicalTestExecutorService.submit(SameThreadHierarchicalTestExecutorService.java:35)
	at org.junit.platform.engine.support.hierarchical.HierarchicalTestExecutor.execute(HierarchicalTestExecutor.java:57)
	at org.junit.platform.engine.support.hierarchical.HierarchicalTestEngine.execute(HierarchicalTestEngine.java:54)
	at org.junit.platform.launcher.core.EngineExecutionOrchestrator.execute(EngineExecutionOrchestrator.java:147)
	at org.junit.platform.launcher.core.EngineExecutionOrchestrator.execute(EngineExecutionOrchestrator.java:127)
	at org.junit.platform.launcher.core.EngineExecutionOrchestrator.execute(EngineExecutionOrchestrator.java:90)
	at org.junit.platform.launcher.core.EngineExecutionOrchestrator.lambda$execute$0(EngineExecutionOrchestrator.java:55)
	at org.junit.platform.launcher.core.EngineExecutionOrchestrator.withInterceptedStreams(EngineExecutionOrchestrator.java:102)
	at org.junit.platform.launcher.core.EngineExecutionOrchestrator.execute(EngineExecutionOrchestrator.java:54)
	at org.junit.platform.launcher.core.DefaultLauncher.execute(DefaultLauncher.java:114)
	at org.junit.platform.launcher.core.DefaultLauncher.execute(DefaultLauncher.java:86)
	at org.junit.platform.launcher.core.DefaultLauncherSession$DelegatingLauncher.execute(DefaultLauncherSession.java:86)
	at org.junit.platform.launcher.core.SessionPerRequestLauncher.execute(SessionPerRequestLauncher.java:53)
	at com.intellij.junit5.JUnit5IdeaTestRunner.startRunnerWithArgs(JUnit5IdeaTestRunner.java:57)
	at com.intellij.rt.junit.IdeaTestRunner$Repeater$1.execute(IdeaTestRunner.java:38)
	at com.intellij.rt.execution.junit.TestsRepeater.repeat(TestsRepeater.java:11)
	at com.intellij.rt.junit.IdeaTestRunner$Repeater.startRunnerWithArgs(IdeaTestRunner.java:35)
	at com.intellij.rt.junit.JUnitStarter.prepareStreamsAndStart(JUnitStarter.java:235)
	at com.intellij.rt.junit.JUnitStarter.main(JUnitStarter.java:54)
Caused by: org.hibernate.boot.registry.classloading.spi.ClassLoadingException: Unable to load class [org.hibernate.dialect.MySQL5InnoDBDialect]
	at org.hibernate.boot.registry.classloading.internal.ClassLoaderServiceImpl.classForName(ClassLoaderServiceImpl.java:123)
	at org.hibernate.boot.registry.selector.internal.StrategySelectorImpl.selectStrategyImplementor(StrategySelectorImpl.java:151)
	... 116 common frames omitted
Caused by: java.lang.ClassNotFoundException: Could not load requested class : org.hibernate.dialect.MySQL5InnoDBDialect
	at org.hibernate.boot.registry.classloading.internal.AggregatedClassLoader.findClass(AggregatedClassLoader.java:210)
	at java.base/java.lang.ClassLoader.loadClass(ClassLoader.java:587)
	at java.base/java.lang.ClassLoader.loadClass(ClassLoader.java:520)
	at java.base/java.lang.Class.forName0(Native Method)
	at java.base/java.lang.Class.forName(Class.java:467)
	at org.hibernate.boot.registry.classloading.internal.ClassLoaderServiceImpl.classForName(ClassLoaderServiceImpl.java:120)
	... 117 common frames omitted
2023-05-13 19:08:53.958 [main] WARN  [GenericWebApplicationContext:592] : Exception encountered during context initialization - cancelling refresh attempt: org.springframework.beans.factory.BeanCreationException: Error creating bean with name 'entityManagerFactory' defined in class path resource [org/springframework/boot/autoconfigure/orm/jpa/HibernateJpaConfiguration.class]: Unable to create requested service [org.hibernate.engine.jdbc.env.spi.JdbcEnvironment] 
2023-05-13 19:10:05.690 [main] WARN  [DuplicateJsonObjectContextCustomizerFactory$DuplicateJsonObjectContextCustomizer:78] : 

Found multiple occurrences of org.json.JSONObject on the class path:

	jar:file:/C:/Users/염석천/.gradle/caches/modules-2/files-2.1/org.json/json/20220924/5aa95e7688f76c664af205c5937620f02688dfbc/json-20220924.jar!/org/json/JSONObject.class
	jar:file:/C:/Users/염석천/.gradle/caches/modules-2/files-2.1/com.vaadin.external.google/android-json/0.0.20131108.vaadin1/fa26d351fe62a6a17f5cda1287c1c6110dec413f/android-json-0.0.20131108.vaadin1.jar!/org/json/JSONObject.class

You may wish to exclude one of them to ensure predictable runtime behavior
 
2023-05-13 19:10:09.820 [main] WARN  [deprecation:626] : HHH90000021: Encountered deprecated setting [javax.persistence.sharedCache.mode], use [jakarta.persistence.sharedCache.mode] instead 
2023-05-13 19:10:12.902 [main] WARN  [LocalVariableTableParameterNameDiscoverer:123] : Using deprecated '-debug' fallback for parameter name resolution. Compile the affected code with '-parameters' instead or avoid its introspection: com.garamgaebi.GaramgaebiServer.domain.ice_breaking.repository.ProgramGameroomRepository 
2023-05-13 19:10:13.323 [main] WARN  [LocalVariableTableParameterNameDiscoverer:123] : Using deprecated '-debug' fallback for parameter name resolution. Compile the affected code with '-parameters' instead or avoid its introspection: com.garamgaebi.GaramgaebiServer.domain.ice_breaking.repository.GameRoomMemberRepository 
2023-05-13 19:10:13.371 [main] WARN  [LocalVariableTableParameterNameDiscoverer:123] : Using deprecated '-debug' fallback for parameter name resolution. Compile the affected code with '-parameters' instead or avoid its introspection: com.garamgaebi.GaramgaebiServer.domain.member.repository.MemberRepository 
2023-05-13 19:10:13.429 [main] WARN  [GenericWebApplicationContext:592] : Exception encountered during context initialization - cancelling refresh attempt: org.springframework.beans.factory.UnsatisfiedDependencyException: Error creating bean with name 'adminProgramController' defined in file [C:\Users\염석천\Server\out\production\classes\com\garamgaebi\GaramgaebiServer\domain\admin\program\controller\AdminProgramController.class]: Unsatisfied dependency expressed through constructor parameter 0: Error creating bean with name 'adminProgramServiceImpl' defined in file [C:\Users\염석천\Server\out\production\classes\com\garamgaebi\GaramgaebiServer\domain\admin\program\service\AdminProgramServiceImpl.class]: Unsatisfied dependency expressed through constructor parameter 4: Error creating bean with name 's3Uploader' defined in file [C:\Users\염석천\Server\out\production\classes\com\garamgaebi\GaramgaebiServer\global\util\s3\S3Uploader.class]: Unsatisfied dependency expressed through constructor parameter 0: Error creating bean with name 'amazonS3Config': Injection of autowired dependencies failed 
2023-05-13 19:13:57.339 [main] WARN  [DuplicateJsonObjectContextCustomizerFactory$DuplicateJsonObjectContextCustomizer:78] : 

Found multiple occurrences of org.json.JSONObject on the class path:

	jar:file:/C:/Users/염석천/.gradle/caches/modules-2/files-2.1/org.json/json/20220924/5aa95e7688f76c664af205c5937620f02688dfbc/json-20220924.jar!/org/json/JSONObject.class
	jar:file:/C:/Users/염석천/.gradle/caches/modules-2/files-2.1/com.vaadin.external.google/android-json/0.0.20131108.vaadin1/fa26d351fe62a6a17f5cda1287c1c6110dec413f/android-json-0.0.20131108.vaadin1.jar!/org/json/JSONObject.class

You may wish to exclude one of them to ensure predictable runtime behavior
 
2023-05-13 19:14:01.553 [main] WARN  [deprecation:626] : HHH90000021: Encountered deprecated setting [javax.persistence.sharedCache.mode], use [jakarta.persistence.sharedCache.mode] instead 
2023-05-13 19:14:04.251 [main] WARN  [LocalVariableTableParameterNameDiscoverer:123] : Using deprecated '-debug' fallback for parameter name resolution. Compile the affected code with '-parameters' instead or avoid its introspection: com.garamgaebi.GaramgaebiServer.domain.ice_breaking.repository.ProgramGameroomRepository 
2023-05-13 19:14:04.676 [main] WARN  [LocalVariableTableParameterNameDiscoverer:123] : Using deprecated '-debug' fallback for parameter name resolution. Compile the affected code with '-parameters' instead or avoid its introspection: com.garamgaebi.GaramgaebiServer.domain.ice_breaking.repository.GameRoomMemberRepository 
2023-05-13 19:14:04.721 [main] WARN  [LocalVariableTableParameterNameDiscoverer:123] : Using deprecated '-debug' fallback for parameter name resolution. Compile the affected code with '-parameters' instead or avoid its introspection: com.garamgaebi.GaramgaebiServer.domain.member.repository.MemberRepository 
2023-05-13 19:14:06.035 [main] WARN  [LocalVariableTableParameterNameDiscoverer:123] : Using deprecated '-debug' fallback for parameter name resolution. Compile the affected code with '-parameters' instead or avoid its introspection: com.garamgaebi.GaramgaebiServer.domain.apply.repository.ApplyRepository 
2023-05-13 19:14:06.199 [main] WARN  [LocalVariableTableParameterNameDiscoverer:123] : Using deprecated '-debug' fallback for parameter name resolution. Compile the affected code with '-parameters' instead or avoid its introspection: com.garamgaebi.GaramgaebiServer.domain.program.repository.ProgramRepository 
2023-05-13 19:14:06.238 [main] WARN  [GenericWebApplicationContext:592] : Exception encountered during context initialization - cancelling refresh attempt: org.springframework.beans.factory.UnsatisfiedDependencyException: Error creating bean with name 'gameController' defined in file [C:\Users\염석천\Server\out\production\classes\com\garamgaebi\GaramgaebiServer\domain\ice_breaking\controller\GameController.class]: Unsatisfied dependency expressed through constructor parameter 1: Error creating bean with name 'jwtTokenProvider' defined in file [C:\Users\염석천\Server\out\production\classes\com\garamgaebi\GaramgaebiServer\global\security\JwtTokenProvider.class]: Unexpected exception during bean creation 
2023-05-13 19:19:02.438 [main] WARN  [DuplicateJsonObjectContextCustomizerFactory$DuplicateJsonObjectContextCustomizer:78] : 

Found multiple occurrences of org.json.JSONObject on the class path:

	jar:file:/C:/Users/염석천/.gradle/caches/modules-2/files-2.1/org.json/json/20220924/5aa95e7688f76c664af205c5937620f02688dfbc/json-20220924.jar!/org/json/JSONObject.class
	jar:file:/C:/Users/염석천/.gradle/caches/modules-2/files-2.1/com.vaadin.external.google/android-json/0.0.20131108.vaadin1/fa26d351fe62a6a17f5cda1287c1c6110dec413f/android-json-0.0.20131108.vaadin1.jar!/org/json/JSONObject.class

You may wish to exclude one of them to ensure predictable runtime behavior
 
2023-05-13 19:19:07.111 [main] WARN  [deprecation:626] : HHH90000021: Encountered deprecated setting [javax.persistence.sharedCache.mode], use [jakarta.persistence.sharedCache.mode] instead 
2023-05-13 19:19:09.516 [main] WARN  [LocalVariableTableParameterNameDiscoverer:123] : Using deprecated '-debug' fallback for parameter name resolution. Compile the affected code with '-parameters' instead or avoid its introspection: com.garamgaebi.GaramgaebiServer.domain.ice_breaking.repository.ProgramGameroomRepository 
2023-05-13 19:19:09.953 [main] WARN  [LocalVariableTableParameterNameDiscoverer:123] : Using deprecated '-debug' fallback for parameter name resolution. Compile the affected code with '-parameters' instead or avoid its introspection: com.garamgaebi.GaramgaebiServer.domain.ice_breaking.repository.GameRoomMemberRepository 
2023-05-13 19:19:09.997 [main] WARN  [LocalVariableTableParameterNameDiscoverer:123] : Using deprecated '-debug' fallback for parameter name resolution. Compile the affected code with '-parameters' instead or avoid its introspection: com.garamgaebi.GaramgaebiServer.domain.member.repository.MemberRepository 
2023-05-13 19:19:10.830 [main] WARN  [LocalVariableTableParameterNameDiscoverer:123] : Using deprecated '-debug' fallback for parameter name resolution. Compile the affected code with '-parameters' instead or avoid its introspection: com.garamgaebi.GaramgaebiServer.domain.apply.repository.ApplyRepository 
2023-05-13 19:19:10.993 [main] WARN  [LocalVariableTableParameterNameDiscoverer:123] : Using deprecated '-debug' fallback for parameter name resolution. Compile the affected code with '-parameters' instead or avoid its introspection: com.garamgaebi.GaramgaebiServer.domain.program.repository.ProgramRepository 
2023-05-13 19:19:11.026 [main] WARN  [GenericWebApplicationContext:592] : Exception encountered during context initialization - cancelling refresh attempt: org.springframework.beans.factory.UnsatisfiedDependencyException: Error creating bean with name 'gameController' defined in file [C:\Users\염석천\Server\out\production\classes\com\garamgaebi\GaramgaebiServer\domain\ice_breaking\controller\GameController.class]: Unsatisfied dependency expressed through constructor parameter 1: Error creating bean with name 'jwtTokenProvider' defined in file [C:\Users\염석천\Server\out\production\classes\com\garamgaebi\GaramgaebiServer\global\security\JwtTokenProvider.class]: Unexpected exception during bean creation 
2023-05-13 19:19:32.319 [main] WARN  [DuplicateJsonObjectContextCustomizerFactory$DuplicateJsonObjectContextCustomizer:78] : 

Found multiple occurrences of org.json.JSONObject on the class path:

	jar:file:/C:/Users/염석천/.gradle/caches/modules-2/files-2.1/org.json/json/20220924/5aa95e7688f76c664af205c5937620f02688dfbc/json-20220924.jar!/org/json/JSONObject.class
	jar:file:/C:/Users/염석천/.gradle/caches/modules-2/files-2.1/com.vaadin.external.google/android-json/0.0.20131108.vaadin1/fa26d351fe62a6a17f5cda1287c1c6110dec413f/android-json-0.0.20131108.vaadin1.jar!/org/json/JSONObject.class

You may wish to exclude one of them to ensure predictable runtime behavior
 
2023-05-13 19:19:36.843 [main] WARN  [deprecation:626] : HHH90000021: Encountered deprecated setting [javax.persistence.sharedCache.mode], use [jakarta.persistence.sharedCache.mode] instead 
2023-05-13 19:19:39.314 [main] WARN  [LocalVariableTableParameterNameDiscoverer:123] : Using deprecated '-debug' fallback for parameter name resolution. Compile the affected code with '-parameters' instead or avoid its introspection: com.garamgaebi.GaramgaebiServer.domain.ice_breaking.repository.ProgramGameroomRepository 
2023-05-13 19:19:39.731 [main] WARN  [LocalVariableTableParameterNameDiscoverer:123] : Using deprecated '-debug' fallback for parameter name resolution. Compile the affected code with '-parameters' instead or avoid its introspection: com.garamgaebi.GaramgaebiServer.domain.ice_breaking.repository.GameRoomMemberRepository 
2023-05-13 19:19:39.773 [main] WARN  [LocalVariableTableParameterNameDiscoverer:123] : Using deprecated '-debug' fallback for parameter name resolution. Compile the affected code with '-parameters' instead or avoid its introspection: com.garamgaebi.GaramgaebiServer.domain.member.repository.MemberRepository 
2023-05-13 19:19:39.831 [main] WARN  [GenericWebApplicationContext:592] : Exception encountered during context initialization - cancelling refresh attempt: org.springframework.beans.factory.UnsatisfiedDependencyException: Error creating bean with name 'adminProgramController' defined in file [C:\Users\염석천\Server\out\production\classes\com\garamgaebi\GaramgaebiServer\domain\admin\program\controller\AdminProgramController.class]: Unsatisfied dependency expressed through constructor parameter 0: Error creating bean with name 'adminProgramServiceImpl' defined in file [C:\Users\염석천\Server\out\production\classes\com\garamgaebi\GaramgaebiServer\domain\admin\program\service\AdminProgramServiceImpl.class]: Unsatisfied dependency expressed through constructor parameter 4: Error creating bean with name 's3Uploader' defined in file [C:\Users\염석천\Server\out\production\classes\com\garamgaebi\GaramgaebiServer\global\util\s3\S3Uploader.class]: Unsatisfied dependency expressed through constructor parameter 0: Error creating bean with name 'amazonS3Config': Injection of autowired dependencies failed 
2023-05-13 19:20:03.069 [main] WARN  [DuplicateJsonObjectContextCustomizerFactory$DuplicateJsonObjectContextCustomizer:78] : 

Found multiple occurrences of org.json.JSONObject on the class path:

	jar:file:/C:/Users/염석천/.gradle/caches/modules-2/files-2.1/org.json/json/20220924/5aa95e7688f76c664af205c5937620f02688dfbc/json-20220924.jar!/org/json/JSONObject.class
	jar:file:/C:/Users/염석천/.gradle/caches/modules-2/files-2.1/com.vaadin.external.google/android-json/0.0.20131108.vaadin1/fa26d351fe62a6a17f5cda1287c1c6110dec413f/android-json-0.0.20131108.vaadin1.jar!/org/json/JSONObject.class

You may wish to exclude one of them to ensure predictable runtime behavior
 
2023-05-13 19:20:07.944 [main] WARN  [deprecation:626] : HHH90000021: Encountered deprecated setting [javax.persistence.sharedCache.mode], use [jakarta.persistence.sharedCache.mode] instead 
2023-05-13 19:20:10.351 [main] WARN  [LocalVariableTableParameterNameDiscoverer:123] : Using deprecated '-debug' fallback for parameter name resolution. Compile the affected code with '-parameters' instead or avoid its introspection: com.garamgaebi.GaramgaebiServer.domain.ice_breaking.repository.ProgramGameroomRepository 
2023-05-13 19:20:10.758 [main] WARN  [LocalVariableTableParameterNameDiscoverer:123] : Using deprecated '-debug' fallback for parameter name resolution. Compile the affected code with '-parameters' instead or avoid its introspection: com.garamgaebi.GaramgaebiServer.domain.ice_breaking.repository.GameRoomMemberRepository 
2023-05-13 19:20:10.807 [main] WARN  [LocalVariableTableParameterNameDiscoverer:123] : Using deprecated '-debug' fallback for parameter name resolution. Compile the affected code with '-parameters' instead or avoid its introspection: com.garamgaebi.GaramgaebiServer.domain.member.repository.MemberRepository 
2023-05-13 19:20:11.679 [main] WARN  [LocalVariableTableParameterNameDiscoverer:123] : Using deprecated '-debug' fallback for parameter name resolution. Compile the affected code with '-parameters' instead or avoid its introspection: com.garamgaebi.GaramgaebiServer.domain.apply.repository.ApplyRepository 
2023-05-13 19:20:11.839 [main] WARN  [LocalVariableTableParameterNameDiscoverer:123] : Using deprecated '-debug' fallback for parameter name resolution. Compile the affected code with '-parameters' instead or avoid its introspection: com.garamgaebi.GaramgaebiServer.domain.program.repository.ProgramRepository 
2023-05-13 19:20:12.666 [main] WARN  [LocalVariableTableParameterNameDiscoverer:123] : Using deprecated '-debug' fallback for parameter name resolution. Compile the affected code with '-parameters' instead or avoid its introspection: com.garamgaebi.GaramgaebiServer.domain.member.repository.MemberRolesRepository 
2023-05-13 19:20:12.750 [main] WARN  [LocalVariableTableParameterNameDiscoverer:123] : Using deprecated '-debug' fallback for parameter name resolution. Compile the affected code with '-parameters' instead or avoid its introspection: com.garamgaebi.GaramgaebiServer.domain.notification.repository.MemberNotificationRepository 
2023-05-13 19:20:12.775 [main] WARN  [LocalVariableTableParameterNameDiscoverer:123] : Using deprecated '-debug' fallback for parameter name resolution. Compile the affected code with '-parameters' instead or avoid its introspection: com.garamgaebi.GaramgaebiServer.domain.notification.repository.NotificationRepository 
2023-05-13 19:20:13.090 [main] WARN  [LocalVariableTableParameterNameDiscoverer:123] : Using deprecated '-debug' fallback for parameter name resolution. Compile the affected code with '-parameters' instead or avoid its introspection: com.garamgaebi.GaramgaebiServer.global.security.SecurityConfig 
2023-05-13 19:20:13.351 [main] WARN  [LocalVariableTableParameterNameDiscoverer:123] : Using deprecated '-debug' fallback for parameter name resolution. Compile the affected code with '-parameters' instead or avoid its introspection: com.garamgaebi.GaramgaebiServer.domain.ice_breaking.repository.GameRepository 
2023-05-13 19:20:13.737 [main] WARN  [JpaBaseConfiguration$JpaWebConfiguration:227] : spring.jpa.open-in-view is enabled by default. Therefore, database queries may be performed during view rendering. Explicitly configure spring.jpa.open-in-view to disable this warning 
2023-05-13 19:20:16.529 [main] WARN  [ThymeleafAutoConfiguration$DefaultTemplateResolverConfiguration:101] : Cannot find template location: classpath:/templates/ (please add some templates, check your Thymeleaf configuration, or set spring.thymeleaf.check-template-location=false) 
2023-05-13 19:21:37.403 [main] WARN  [DuplicateJsonObjectContextCustomizerFactory$DuplicateJsonObjectContextCustomizer:78] : 

Found multiple occurrences of org.json.JSONObject on the class path:

	jar:file:/C:/Users/염석천/.gradle/caches/modules-2/files-2.1/org.json/json/20220924/5aa95e7688f76c664af205c5937620f02688dfbc/json-20220924.jar!/org/json/JSONObject.class
	jar:file:/C:/Users/염석천/.gradle/caches/modules-2/files-2.1/com.vaadin.external.google/android-json/0.0.20131108.vaadin1/fa26d351fe62a6a17f5cda1287c1c6110dec413f/android-json-0.0.20131108.vaadin1.jar!/org/json/JSONObject.class

You may wish to exclude one of them to ensure predictable runtime behavior
 
2023-05-13 19:21:42.396 [main] WARN  [deprecation:626] : HHH90000021: Encountered deprecated setting [javax.persistence.sharedCache.mode], use [jakarta.persistence.sharedCache.mode] instead 
2023-05-13 19:21:45.165 [main] WARN  [LocalVariableTableParameterNameDiscoverer:123] : Using deprecated '-debug' fallback for parameter name resolution. Compile the affected code with '-parameters' instead or avoid its introspection: com.garamgaebi.GaramgaebiServer.domain.ice_breaking.repository.ProgramGameroomRepository 
2023-05-13 19:21:45.603 [main] WARN  [LocalVariableTableParameterNameDiscoverer:123] : Using deprecated '-debug' fallback for parameter name resolution. Compile the affected code with '-parameters' instead or avoid its introspection: com.garamgaebi.GaramgaebiServer.domain.ice_breaking.repository.GameRoomMemberRepository 
2023-05-13 19:21:45.650 [main] WARN  [LocalVariableTableParameterNameDiscoverer:123] : Using deprecated '-debug' fallback for parameter name resolution. Compile the affected code with '-parameters' instead or avoid its introspection: com.garamgaebi.GaramgaebiServer.domain.member.repository.MemberRepository 
2023-05-13 19:21:46.667 [main] WARN  [LocalVariableTableParameterNameDiscoverer:123] : Using deprecated '-debug' fallback for parameter name resolution. Compile the affected code with '-parameters' instead or avoid its introspection: com.garamgaebi.GaramgaebiServer.domain.apply.repository.ApplyRepository 
2023-05-13 19:21:46.831 [main] WARN  [LocalVariableTableParameterNameDiscoverer:123] : Using deprecated '-debug' fallback for parameter name resolution. Compile the affected code with '-parameters' instead or avoid its introspection: com.garamgaebi.GaramgaebiServer.domain.program.repository.ProgramRepository 
2023-05-13 19:21:47.716 [main] WARN  [LocalVariableTableParameterNameDiscoverer:123] : Using deprecated '-debug' fallback for parameter name resolution. Compile the affected code with '-parameters' instead or avoid its introspection: com.garamgaebi.GaramgaebiServer.domain.member.repository.MemberRolesRepository 
2023-05-13 19:21:47.794 [main] WARN  [LocalVariableTableParameterNameDiscoverer:123] : Using deprecated '-debug' fallback for parameter name resolution. Compile the affected code with '-parameters' instead or avoid its introspection: com.garamgaebi.GaramgaebiServer.domain.notification.repository.MemberNotificationRepository 
2023-05-13 19:21:47.818 [main] WARN  [LocalVariableTableParameterNameDiscoverer:123] : Using deprecated '-debug' fallback for parameter name resolution. Compile the affected code with '-parameters' instead or avoid its introspection: com.garamgaebi.GaramgaebiServer.domain.notification.repository.NotificationRepository 
2023-05-13 19:21:48.136 [main] WARN  [LocalVariableTableParameterNameDiscoverer:123] : Using deprecated '-debug' fallback for parameter name resolution. Compile the affected code with '-parameters' instead or avoid its introspection: com.garamgaebi.GaramgaebiServer.global.security.SecurityConfig 
2023-05-13 19:21:48.373 [main] WARN  [LocalVariableTableParameterNameDiscoverer:123] : Using deprecated '-debug' fallback for parameter name resolution. Compile the affected code with '-parameters' instead or avoid its introspection: com.garamgaebi.GaramgaebiServer.domain.ice_breaking.repository.GameRepository 
2023-05-13 19:21:48.789 [main] WARN  [JpaBaseConfiguration$JpaWebConfiguration:227] : spring.jpa.open-in-view is enabled by default. Therefore, database queries may be performed during view rendering. Explicitly configure spring.jpa.open-in-view to disable this warning 
2023-05-13 19:21:52.279 [main] WARN  [ThymeleafAutoConfiguration$DefaultTemplateResolverConfiguration:101] : Cannot find template location: classpath:/templates/ (please add some templates, check your Thymeleaf configuration, or set spring.thymeleaf.check-template-location=false) 
2023-05-13 19:21:53.307 [SpringApplicationShutdownHook] WARN  [SqlExceptionHelper:133] : SQL Error: 90121, SQLState: 90121 
2023-05-13 19:21:53.321 [SpringApplicationShutdownHook] WARN  [SqlExceptionHelper:133] : SQL Error: 90121, SQLState: 90121 
2023-05-13 19:21:53.322 [SpringApplicationShutdownHook] WARN  [DisposableBeanAdapter:208] : Invocation of destroy method failed on bean with name 'entityManagerFactory': org.hibernate.exception.JDBCConnectionException: Unable to release JDBC Connection used for DDL execution 
2023-05-13 19:22:37.868 [main] WARN  [DuplicateJsonObjectContextCustomizerFactory$DuplicateJsonObjectContextCustomizer:78] : 

Found multiple occurrences of org.json.JSONObject on the class path:

	jar:file:/C:/Users/염석천/.gradle/caches/modules-2/files-2.1/org.json/json/20220924/5aa95e7688f76c664af205c5937620f02688dfbc/json-20220924.jar!/org/json/JSONObject.class
	jar:file:/C:/Users/염석천/.gradle/caches/modules-2/files-2.1/com.vaadin.external.google/android-json/0.0.20131108.vaadin1/fa26d351fe62a6a17f5cda1287c1c6110dec413f/android-json-0.0.20131108.vaadin1.jar!/org/json/JSONObject.class

You may wish to exclude one of them to ensure predictable runtime behavior
 
2023-05-13 19:22:43.127 [main] WARN  [deprecation:626] : HHH90000021: Encountered deprecated setting [javax.persistence.sharedCache.mode], use [jakarta.persistence.sharedCache.mode] instead 
2023-05-13 19:22:45.694 [main] WARN  [LocalVariableTableParameterNameDiscoverer:123] : Using deprecated '-debug' fallback for parameter name resolution. Compile the affected code with '-parameters' instead or avoid its introspection: com.garamgaebi.GaramgaebiServer.domain.ice_breaking.repository.ProgramGameroomRepository 
2023-05-13 19:22:46.130 [main] WARN  [LocalVariableTableParameterNameDiscoverer:123] : Using deprecated '-debug' fallback for parameter name resolution. Compile the affected code with '-parameters' instead or avoid its introspection: com.garamgaebi.GaramgaebiServer.domain.ice_breaking.repository.GameRoomMemberRepository 
2023-05-13 19:22:46.177 [main] WARN  [LocalVariableTableParameterNameDiscoverer:123] : Using deprecated '-debug' fallback for parameter name resolution. Compile the affected code with '-parameters' instead or avoid its introspection: com.garamgaebi.GaramgaebiServer.domain.member.repository.MemberRepository 
2023-05-13 19:22:47.159 [main] WARN  [LocalVariableTableParameterNameDiscoverer:123] : Using deprecated '-debug' fallback for parameter name resolution. Compile the affected code with '-parameters' instead or avoid its introspection: com.garamgaebi.GaramgaebiServer.domain.apply.repository.ApplyRepository 
2023-05-13 19:22:47.311 [main] WARN  [LocalVariableTableParameterNameDiscoverer:123] : Using deprecated '-debug' fallback for parameter name resolution. Compile the affected code with '-parameters' instead or avoid its introspection: com.garamgaebi.GaramgaebiServer.domain.program.repository.ProgramRepository 
2023-05-13 19:22:48.116 [main] WARN  [LocalVariableTableParameterNameDiscoverer:123] : Using deprecated '-debug' fallback for parameter name resolution. Compile the affected code with '-parameters' instead or avoid its introspection: com.garamgaebi.GaramgaebiServer.domain.member.repository.MemberRolesRepository 
2023-05-13 19:22:48.217 [main] WARN  [LocalVariableTableParameterNameDiscoverer:123] : Using deprecated '-debug' fallback for parameter name resolution. Compile the affected code with '-parameters' instead or avoid its introspection: com.garamgaebi.GaramgaebiServer.domain.notification.repository.MemberNotificationRepository 
2023-05-13 19:22:48.244 [main] WARN  [LocalVariableTableParameterNameDiscoverer:123] : Using deprecated '-debug' fallback for parameter name resolution. Compile the affected code with '-parameters' instead or avoid its introspection: com.garamgaebi.GaramgaebiServer.domain.notification.repository.NotificationRepository 
2023-05-13 19:22:48.573 [main] WARN  [LocalVariableTableParameterNameDiscoverer:123] : Using deprecated '-debug' fallback for parameter name resolution. Compile the affected code with '-parameters' instead or avoid its introspection: com.garamgaebi.GaramgaebiServer.global.security.SecurityConfig 
2023-05-13 19:22:48.827 [main] WARN  [LocalVariableTableParameterNameDiscoverer:123] : Using deprecated '-debug' fallback for parameter name resolution. Compile the affected code with '-parameters' instead or avoid its introspection: com.garamgaebi.GaramgaebiServer.domain.ice_breaking.repository.GameRepository 
2023-05-13 19:22:49.215 [main] WARN  [JpaBaseConfiguration$JpaWebConfiguration:227] : spring.jpa.open-in-view is enabled by default. Therefore, database queries may be performed during view rendering. Explicitly configure spring.jpa.open-in-view to disable this warning 
2023-05-13 19:22:52.715 [main] WARN  [ThymeleafAutoConfiguration$DefaultTemplateResolverConfiguration:101] : Cannot find template location: classpath:/templates/ (please add some templates, check your Thymeleaf configuration, or set spring.thymeleaf.check-template-location=false) 
2023-05-13 19:22:53.921 [SpringApplicationShutdownHook] WARN  [SqlExceptionHelper:133] : SQL Error: 90121, SQLState: 90121 
2023-05-13 19:22:53.923 [SpringApplicationShutdownHook] WARN  [SqlExceptionHelper:133] : SQL Error: 90121, SQLState: 90121 
2023-05-13 19:22:53.925 [SpringApplicationShutdownHook] WARN  [DisposableBeanAdapter:208] : Invocation of destroy method failed on bean with name 'entityManagerFactory': org.hibernate.exception.JDBCConnectionException: Unable to release JDBC Connection used for DDL execution 
2023-05-13 19:23:32.610 [main] WARN  [DuplicateJsonObjectContextCustomizerFactory$DuplicateJsonObjectContextCustomizer:78] : 

Found multiple occurrences of org.json.JSONObject on the class path:

	jar:file:/C:/Users/염석천/.gradle/caches/modules-2/files-2.1/org.json/json/20220924/5aa95e7688f76c664af205c5937620f02688dfbc/json-20220924.jar!/org/json/JSONObject.class
	jar:file:/C:/Users/염석천/.gradle/caches/modules-2/files-2.1/com.vaadin.external.google/android-json/0.0.20131108.vaadin1/fa26d351fe62a6a17f5cda1287c1c6110dec413f/android-json-0.0.20131108.vaadin1.jar!/org/json/JSONObject.class

You may wish to exclude one of them to ensure predictable runtime behavior
 
2023-05-13 19:23:37.632 [main] WARN  [deprecation:626] : HHH90000021: Encountered deprecated setting [javax.persistence.sharedCache.mode], use [jakarta.persistence.sharedCache.mode] instead 
2023-05-13 19:23:40.176 [main] WARN  [LocalVariableTableParameterNameDiscoverer:123] : Using deprecated '-debug' fallback for parameter name resolution. Compile the affected code with '-parameters' instead or avoid its introspection: com.garamgaebi.GaramgaebiServer.domain.ice_breaking.repository.ProgramGameroomRepository 
2023-05-13 19:23:40.612 [main] WARN  [LocalVariableTableParameterNameDiscoverer:123] : Using deprecated '-debug' fallback for parameter name resolution. Compile the affected code with '-parameters' instead or avoid its introspection: com.garamgaebi.GaramgaebiServer.domain.ice_breaking.repository.GameRoomMemberRepository 
2023-05-13 19:23:40.658 [main] WARN  [LocalVariableTableParameterNameDiscoverer:123] : Using deprecated '-debug' fallback for parameter name resolution. Compile the affected code with '-parameters' instead or avoid its introspection: com.garamgaebi.GaramgaebiServer.domain.member.repository.MemberRepository 
2023-05-13 19:23:41.745 [main] WARN  [LocalVariableTableParameterNameDiscoverer:123] : Using deprecated '-debug' fallback for parameter name resolution. Compile the affected code with '-parameters' instead or avoid its introspection: com.garamgaebi.GaramgaebiServer.domain.apply.repository.ApplyRepository 
2023-05-13 19:23:41.907 [main] WARN  [LocalVariableTableParameterNameDiscoverer:123] : Using deprecated '-debug' fallback for parameter name resolution. Compile the affected code with '-parameters' instead or avoid its introspection: com.garamgaebi.GaramgaebiServer.domain.program.repository.ProgramRepository 
2023-05-13 19:23:42.740 [main] WARN  [LocalVariableTableParameterNameDiscoverer:123] : Using deprecated '-debug' fallback for parameter name resolution. Compile the affected code with '-parameters' instead or avoid its introspection: com.garamgaebi.GaramgaebiServer.domain.member.repository.MemberRolesRepository 
2023-05-13 19:23:42.824 [main] WARN  [LocalVariableTableParameterNameDiscoverer:123] : Using deprecated '-debug' fallback for parameter name resolution. Compile the affected code with '-parameters' instead or avoid its introspection: com.garamgaebi.GaramgaebiServer.domain.notification.repository.MemberNotificationRepository 
2023-05-13 19:23:42.850 [main] WARN  [LocalVariableTableParameterNameDiscoverer:123] : Using deprecated '-debug' fallback for parameter name resolution. Compile the affected code with '-parameters' instead or avoid its introspection: com.garamgaebi.GaramgaebiServer.domain.notification.repository.NotificationRepository 
2023-05-13 19:23:43.167 [main] WARN  [LocalVariableTableParameterNameDiscoverer:123] : Using deprecated '-debug' fallback for parameter name resolution. Compile the affected code with '-parameters' instead or avoid its introspection: com.garamgaebi.GaramgaebiServer.global.security.SecurityConfig 
2023-05-13 19:23:43.408 [main] WARN  [LocalVariableTableParameterNameDiscoverer:123] : Using deprecated '-debug' fallback for parameter name resolution. Compile the affected code with '-parameters' instead or avoid its introspection: com.garamgaebi.GaramgaebiServer.domain.ice_breaking.repository.GameRepository 
2023-05-13 19:23:43.833 [main] WARN  [JpaBaseConfiguration$JpaWebConfiguration:227] : spring.jpa.open-in-view is enabled by default. Therefore, database queries may be performed during view rendering. Explicitly configure spring.jpa.open-in-view to disable this warning 
2023-05-13 19:23:46.632 [main] WARN  [ThymeleafAutoConfiguration$DefaultTemplateResolverConfiguration:101] : Cannot find template location: classpath:/templates/ (please add some templates, check your Thymeleaf configuration, or set spring.thymeleaf.check-template-location=false) 
2023-05-13 19:23:47.704 [SpringApplicationShutdownHook] WARN  [SqlExceptionHelper:133] : SQL Error: 90121, SQLState: 90121 
2023-05-13 19:23:47.707 [SpringApplicationShutdownHook] WARN  [SqlExceptionHelper:133] : SQL Error: 90121, SQLState: 90121 
2023-05-13 19:23:47.708 [SpringApplicationShutdownHook] WARN  [DisposableBeanAdapter:208] : Invocation of destroy method failed on bean with name 'entityManagerFactory': org.hibernate.exception.JDBCConnectionException: Unable to release JDBC Connection used for DDL execution 
2023-05-13 19:24:52.283 [main] WARN  [DuplicateJsonObjectContextCustomizerFactory$DuplicateJsonObjectContextCustomizer:78] : 

Found multiple occurrences of org.json.JSONObject on the class path:

	jar:file:/C:/Users/염석천/.gradle/caches/modules-2/files-2.1/org.json/json/20220924/5aa95e7688f76c664af205c5937620f02688dfbc/json-20220924.jar!/org/json/JSONObject.class
	jar:file:/C:/Users/염석천/.gradle/caches/modules-2/files-2.1/com.vaadin.external.google/android-json/0.0.20131108.vaadin1/fa26d351fe62a6a17f5cda1287c1c6110dec413f/android-json-0.0.20131108.vaadin1.jar!/org/json/JSONObject.class

You may wish to exclude one of them to ensure predictable runtime behavior
 
2023-05-13 19:24:56.815 [main] WARN  [deprecation:626] : HHH90000021: Encountered deprecated setting [javax.persistence.sharedCache.mode], use [jakarta.persistence.sharedCache.mode] instead 
2023-05-13 19:24:59.311 [main] WARN  [LocalVariableTableParameterNameDiscoverer:123] : Using deprecated '-debug' fallback for parameter name resolution. Compile the affected code with '-parameters' instead or avoid its introspection: com.garamgaebi.GaramgaebiServer.domain.ice_breaking.repository.ProgramGameroomRepository 
2023-05-13 19:24:59.745 [main] WARN  [LocalVariableTableParameterNameDiscoverer:123] : Using deprecated '-debug' fallback for parameter name resolution. Compile the affected code with '-parameters' instead or avoid its introspection: com.garamgaebi.GaramgaebiServer.domain.ice_breaking.repository.GameRoomMemberRepository 
2023-05-13 19:24:59.785 [main] WARN  [LocalVariableTableParameterNameDiscoverer:123] : Using deprecated '-debug' fallback for parameter name resolution. Compile the affected code with '-parameters' instead or avoid its introspection: com.garamgaebi.GaramgaebiServer.domain.member.repository.MemberRepository 
2023-05-13 19:25:00.696 [main] WARN  [LocalVariableTableParameterNameDiscoverer:123] : Using deprecated '-debug' fallback for parameter name resolution. Compile the affected code with '-parameters' instead or avoid its introspection: com.garamgaebi.GaramgaebiServer.domain.apply.repository.ApplyRepository 
2023-05-13 19:25:00.907 [main] WARN  [LocalVariableTableParameterNameDiscoverer:123] : Using deprecated '-debug' fallback for parameter name resolution. Compile the affected code with '-parameters' instead or avoid its introspection: com.garamgaebi.GaramgaebiServer.domain.program.repository.ProgramRepository 
2023-05-13 19:25:01.661 [main] WARN  [LocalVariableTableParameterNameDiscoverer:123] : Using deprecated '-debug' fallback for parameter name resolution. Compile the affected code with '-parameters' instead or avoid its introspection: com.garamgaebi.GaramgaebiServer.domain.member.repository.MemberRolesRepository 
2023-05-13 19:25:01.740 [main] WARN  [LocalVariableTableParameterNameDiscoverer:123] : Using deprecated '-debug' fallback for parameter name resolution. Compile the affected code with '-parameters' instead or avoid its introspection: com.garamgaebi.GaramgaebiServer.domain.notification.repository.MemberNotificationRepository 
2023-05-13 19:25:01.766 [main] WARN  [LocalVariableTableParameterNameDiscoverer:123] : Using deprecated '-debug' fallback for parameter name resolution. Compile the affected code with '-parameters' instead or avoid its introspection: com.garamgaebi.GaramgaebiServer.domain.notification.repository.NotificationRepository 
2023-05-13 19:25:02.025 [main] WARN  [LocalVariableTableParameterNameDiscoverer:123] : Using deprecated '-debug' fallback for parameter name resolution. Compile the affected code with '-parameters' instead or avoid its introspection: com.garamgaebi.GaramgaebiServer.global.security.SecurityConfig 
2023-05-13 19:25:02.276 [main] WARN  [LocalVariableTableParameterNameDiscoverer:123] : Using deprecated '-debug' fallback for parameter name resolution. Compile the affected code with '-parameters' instead or avoid its introspection: com.garamgaebi.GaramgaebiServer.domain.ice_breaking.repository.GameRepository 
2023-05-13 19:25:02.641 [main] WARN  [JpaBaseConfiguration$JpaWebConfiguration:227] : spring.jpa.open-in-view is enabled by default. Therefore, database queries may be performed during view rendering. Explicitly configure spring.jpa.open-in-view to disable this warning 
2023-05-13 19:25:05.558 [main] WARN  [ThymeleafAutoConfiguration$DefaultTemplateResolverConfiguration:101] : Cannot find template location: classpath:/templates/ (please add some templates, check your Thymeleaf configuration, or set spring.thymeleaf.check-template-location=false) 
2023-05-13 19:25:06.723 [SpringApplicationShutdownHook] WARN  [SqlExceptionHelper:133] : SQL Error: 90121, SQLState: 90121 
2023-05-13 19:25:06.725 [SpringApplicationShutdownHook] WARN  [SqlExceptionHelper:133] : SQL Error: 90121, SQLState: 90121 
2023-05-13 19:25:06.727 [SpringApplicationShutdownHook] WARN  [DisposableBeanAdapter:208] : Invocation of destroy method failed on bean with name 'entityManagerFactory': org.hibernate.exception.JDBCConnectionException: Unable to release JDBC Connection used for DDL execution 
